
*** Running vivado
    with args -log mb_design_DistanciaEuclidianaV3_0_0.vds -m64 -product Vivado -mode batch -messageDb vivado.pb -notrace -source mb_design_DistanciaEuclidianaV3_0_0.tcl


****** Vivado v2019.2 (64-bit)
  **** SW Build 2708876 on Wed Nov  6 21:40:23 MST 2019
  **** IP Build 2700528 on Thu Nov  7 00:09:20 MST 2019
    ** Copyright 1986-2019 Xilinx, Inc. All Rights Reserved.

source mb_design_DistanciaEuclidianaV3_0_0.tcl -notrace
INFO: [IP_Flow 19-234] Refreshing IP repositories
INFO: [IP_Flow 19-1700] Loaded user IP repository 'c:/Users/jcoel/Desktop/CR/ProjetoFinalV3/ip_repo'.
INFO: [IP_Flow 19-2313] Loaded Vivado IP repository 'C:/Xilinx/Vivado/2019.2/data/ip'.
Command: synth_design -top mb_design_DistanciaEuclidianaV3_0_0 -part xc7a100tcsg324-1 -mode out_of_context
Starting synth_design
Attempting to get a license for feature 'Synthesis' and/or device 'xc7a100t'
INFO: [Common 17-349] Got license for feature 'Synthesis' and/or device 'xc7a100t'
INFO: [Device 21-403] Loading part xc7a100tcsg324-1
INFO: Launching helper process for spawning children vivado processes
INFO: Helper process launched with PID 11616 
---------------------------------------------------------------------------------
Starting RTL Elaboration : Time (s): cpu = 00:00:05 ; elapsed = 00:00:06 . Memory (MB): peak = 839.969 ; gain = 234.965
---------------------------------------------------------------------------------
INFO: [Synth 8-638] synthesizing module 'mb_design_DistanciaEuclidianaV3_0_0' [c:/Users/jcoel/Desktop/CR/ProjetoFinalV3/ProjetoFinalV3.srcs/sources_1/bd/mb_design/ip/mb_design_DistanciaEuclidianaV3_0_0/synth/mb_design_DistanciaEuclidianaV3_0_0.vhd:82]
	Parameter C_S00_AXI_DATA_WIDTH bound to: 32 - type: integer 
	Parameter C_S00_AXI_ADDR_WIDTH bound to: 5 - type: integer 
INFO: [Synth 8-3491] module 'DistanciaEuclidianaV3_v1_0' declared at 'c:/Users/jcoel/Desktop/CR/ProjetoFinalV3/ProjetoFinalV3.srcs/sources_1/bd/mb_design/ipshared/242f/hdl/DistanciaEuclidianaV3_v1_0.vhd:5' bound to instance 'U0' of component 'DistanciaEuclidianaV3_v1_0' [c:/Users/jcoel/Desktop/CR/ProjetoFinalV3/ProjetoFinalV3.srcs/sources_1/bd/mb_design/ip/mb_design_DistanciaEuclidianaV3_0_0/synth/mb_design_DistanciaEuclidianaV3_0_0.vhd:148]
INFO: [Synth 8-638] synthesizing module 'DistanciaEuclidianaV3_v1_0' [c:/Users/jcoel/Desktop/CR/ProjetoFinalV3/ProjetoFinalV3.srcs/sources_1/bd/mb_design/ipshared/242f/hdl/DistanciaEuclidianaV3_v1_0.vhd:49]
	Parameter C_S00_AXI_DATA_WIDTH bound to: 32 - type: integer 
	Parameter C_S00_AXI_ADDR_WIDTH bound to: 5 - type: integer 
	Parameter C_S_AXI_DATA_WIDTH bound to: 32 - type: integer 
	Parameter C_S_AXI_ADDR_WIDTH bound to: 5 - type: integer 
INFO: [Synth 8-3491] module 'DistanciaEuclidianaV3_v1_0_S00_AXI' declared at 'c:/Users/jcoel/Desktop/CR/ProjetoFinalV3/ProjetoFinalV3.srcs/sources_1/bd/mb_design/ipshared/242f/hdl/DistanciaEuclidianaV3_v1_0_S00_AXI.vhd:5' bound to instance 'DistanciaEuclidianaV3_v1_0_S00_AXI_inst' of component 'DistanciaEuclidianaV3_v1_0_S00_AXI' [c:/Users/jcoel/Desktop/CR/ProjetoFinalV3/ProjetoFinalV3.srcs/sources_1/bd/mb_design/ipshared/242f/hdl/DistanciaEuclidianaV3_v1_0.vhd:85]
INFO: [Synth 8-638] synthesizing module 'DistanciaEuclidianaV3_v1_0_S00_AXI' [c:/Users/jcoel/Desktop/CR/ProjetoFinalV3/ProjetoFinalV3.srcs/sources_1/bd/mb_design/ipshared/242f/hdl/DistanciaEuclidianaV3_v1_0_S00_AXI.vhd:86]
	Parameter C_S_AXI_DATA_WIDTH bound to: 32 - type: integer 
	Parameter C_S_AXI_ADDR_WIDTH bound to: 5 - type: integer 
INFO: [Synth 8-3491] module 'DistanciaEuclidiana' declared at 'c:/Users/jcoel/Desktop/CR/ProjetoFinalV3/ProjetoFinalV3.srcs/sources_1/bd/mb_design/ipshared/242f/src/DistanciaEuclidiana.vhd:26' bound to instance 'distancia_euclidiana' of component 'DistanciaEuclidiana' [c:/Users/jcoel/Desktop/CR/ProjetoFinalV3/ProjetoFinalV3.srcs/sources_1/bd/mb_design/ipshared/242f/hdl/DistanciaEuclidianaV3_v1_0_S00_AXI.vhd:428]
INFO: [Synth 8-638] synthesizing module 'DistanciaEuclidiana' [c:/Users/jcoel/Desktop/CR/ProjetoFinalV3/ProjetoFinalV3.srcs/sources_1/bd/mb_design/ipshared/242f/src/DistanciaEuclidiana.vhd:36]
INFO: [Synth 8-256] done synthesizing module 'DistanciaEuclidiana' (1#1) [c:/Users/jcoel/Desktop/CR/ProjetoFinalV3/ProjetoFinalV3.srcs/sources_1/bd/mb_design/ipshared/242f/src/DistanciaEuclidiana.vhd:36]
WARNING: [Synth 8-6014] Unused sequential element loc_addr_reg was removed.  [c:/Users/jcoel/Desktop/CR/ProjetoFinalV3/ProjetoFinalV3.srcs/sources_1/bd/mb_design/ipshared/242f/hdl/DistanciaEuclidianaV3_v1_0_S00_AXI.vhd:238]
INFO: [Synth 8-256] done synthesizing module 'DistanciaEuclidianaV3_v1_0_S00_AXI' (2#1) [c:/Users/jcoel/Desktop/CR/ProjetoFinalV3/ProjetoFinalV3.srcs/sources_1/bd/mb_design/ipshared/242f/hdl/DistanciaEuclidianaV3_v1_0_S00_AXI.vhd:86]
INFO: [Synth 8-256] done synthesizing module 'DistanciaEuclidianaV3_v1_0' (3#1) [c:/Users/jcoel/Desktop/CR/ProjetoFinalV3/ProjetoFinalV3.srcs/sources_1/bd/mb_design/ipshared/242f/hdl/DistanciaEuclidianaV3_v1_0.vhd:49]
INFO: [Synth 8-256] done synthesizing module 'mb_design_DistanciaEuclidianaV3_0_0' (4#1) [c:/Users/jcoel/Desktop/CR/ProjetoFinalV3/ProjetoFinalV3.srcs/sources_1/bd/mb_design/ip/mb_design_DistanciaEuclidianaV3_0_0/synth/mb_design_DistanciaEuclidianaV3_0_0.vhd:82]
WARNING: [Synth 8-3331] design DistanciaEuclidianaV3_v1_0_S00_AXI has unconnected port S_AXI_AWPROT[2]
WARNING: [Synth 8-3331] design DistanciaEuclidianaV3_v1_0_S00_AXI has unconnected port S_AXI_AWPROT[1]
WARNING: [Synth 8-3331] design DistanciaEuclidianaV3_v1_0_S00_AXI has unconnected port S_AXI_AWPROT[0]
WARNING: [Synth 8-3331] design DistanciaEuclidianaV3_v1_0_S00_AXI has unconnected port S_AXI_ARPROT[2]
WARNING: [Synth 8-3331] design DistanciaEuclidianaV3_v1_0_S00_AXI has unconnected port S_AXI_ARPROT[1]
WARNING: [Synth 8-3331] design DistanciaEuclidianaV3_v1_0_S00_AXI has unconnected port S_AXI_ARPROT[0]
---------------------------------------------------------------------------------
Finished RTL Elaboration : Time (s): cpu = 00:00:07 ; elapsed = 00:00:07 . Memory (MB): peak = 915.602 ; gain = 310.598
---------------------------------------------------------------------------------

Report Check Netlist: 
+------+------------------+-------+---------+-------+------------------+
|      |Item              |Errors |Warnings |Status |Description       |
+------+------------------+-------+---------+-------+------------------+
|1     |multi_driven_nets |      0|        0|Passed |Multi driven nets |
+------+------------------+-------+---------+-------+------------------+
---------------------------------------------------------------------------------
Start Handling Custom Attributes
---------------------------------------------------------------------------------
---------------------------------------------------------------------------------
Finished Handling Custom Attributes : Time (s): cpu = 00:00:08 ; elapsed = 00:00:08 . Memory (MB): peak = 915.602 ; gain = 310.598
---------------------------------------------------------------------------------
---------------------------------------------------------------------------------
Finished RTL Optimization Phase 1 : Time (s): cpu = 00:00:08 ; elapsed = 00:00:08 . Memory (MB): peak = 915.602 ; gain = 310.598
---------------------------------------------------------------------------------
Netlist sorting complete. Time (s): cpu = 00:00:00 ; elapsed = 00:00:00.060 . Memory (MB): peak = 915.602 ; gain = 0.000
INFO: [Project 1-570] Preparing netlist for logic optimization

Processing XDC Constraints
Initializing timing engine
Completed Processing XDC Constraints

Netlist sorting complete. Time (s): cpu = 00:00:00 ; elapsed = 00:00:00 . Memory (MB): peak = 1007.402 ; gain = 0.000
INFO: [Project 1-111] Unisim Transformation Summary:
No Unisim elements were transformed.

WARNING: [Constraints 18-5210] No constraints selected for write.
Resolution: This message can indicate that there are no constraints for the design, or it can indicate that the used_in flags are set such that the constraints are ignored. This later case is used when running synth_design to not write synthesis constraints to the resulting checkpoint. Instead, project constraints are read when the synthesized design is opened.
Constraint Validation Runtime : Time (s): cpu = 00:00:00 ; elapsed = 00:00:00.079 . Memory (MB): peak = 1010.379 ; gain = 2.977
---------------------------------------------------------------------------------
Finished Constraint Validation : Time (s): cpu = 00:00:16 ; elapsed = 00:00:17 . Memory (MB): peak = 1010.379 ; gain = 405.375
---------------------------------------------------------------------------------
---------------------------------------------------------------------------------
Start Loading Part and Timing Information
---------------------------------------------------------------------------------
Loading part: xc7a100tcsg324-1
---------------------------------------------------------------------------------
Finished Loading Part and Timing Information : Time (s): cpu = 00:00:16 ; elapsed = 00:00:17 . Memory (MB): peak = 1010.379 ; gain = 405.375
---------------------------------------------------------------------------------
---------------------------------------------------------------------------------
Start Applying 'set_property' XDC Constraints
---------------------------------------------------------------------------------
---------------------------------------------------------------------------------
Finished applying 'set_property' XDC Constraints : Time (s): cpu = 00:00:16 ; elapsed = 00:00:17 . Memory (MB): peak = 1010.379 ; gain = 405.375
---------------------------------------------------------------------------------
---------------------------------------------------------------------------------
Finished RTL Optimization Phase 2 : Time (s): cpu = 00:00:17 ; elapsed = 00:00:18 . Memory (MB): peak = 1010.379 ; gain = 405.375
---------------------------------------------------------------------------------

Report RTL Partitions: 
+-+--------------+------------+----------+
| |RTL Partition |Replication |Instances |
+-+--------------+------------+----------+
+-+--------------+------------+----------+
---------------------------------------------------------------------------------
Start RTL Component Statistics 
---------------------------------------------------------------------------------
Detailed RTL Component Info : 
+---Adders : 
	   3 Input     48 Bit       Adders := 24    
	   2 Input     48 Bit       Adders := 1     
	   3 Input     32 Bit       Adders := 3     
+---Registers : 
	               32 Bit    Registers := 7     
	                5 Bit    Registers := 2     
	                2 Bit    Registers := 2     
	                1 Bit    Registers := 6     
+---Multipliers : 
	                32x32  Multipliers := 3     
+---Muxes : 
	   2 Input     46 Bit        Muxes := 45    
	   2 Input     32 Bit        Muxes := 7     
	   7 Input     32 Bit        Muxes := 6     
	   2 Input      1 Bit        Muxes := 5     
---------------------------------------------------------------------------------
Finished RTL Component Statistics 
---------------------------------------------------------------------------------
---------------------------------------------------------------------------------
Start RTL Hierarchical Component Statistics 
---------------------------------------------------------------------------------
Hierarchical RTL Component report 
Module DistanciaEuclidiana 
Detailed RTL Component Info : 
+---Adders : 
	   3 Input     48 Bit       Adders := 24    
	   2 Input     48 Bit       Adders := 1     
	   3 Input     32 Bit       Adders := 3     
+---Multipliers : 
	                32x32  Multipliers := 3     
+---Muxes : 
	   2 Input     46 Bit        Muxes := 45    
	   2 Input     32 Bit        Muxes := 1     
Module DistanciaEuclidianaV3_v1_0_S00_AXI 
Detailed RTL Component Info : 
+---Registers : 
	               32 Bit    Registers := 7     
	                5 Bit    Registers := 2     
	                2 Bit    Registers := 2     
	                1 Bit    Registers := 6     
+---Muxes : 
	   2 Input     32 Bit        Muxes := 6     
	   7 Input     32 Bit        Muxes := 6     
	   2 Input      1 Bit        Muxes := 5     
---------------------------------------------------------------------------------
Finished RTL Hierarchical Component Statistics
---------------------------------------------------------------------------------
---------------------------------------------------------------------------------
Start Part Resource Summary
---------------------------------------------------------------------------------
Part Resources:
DSPs: 240 (col length:80)
BRAMs: 270 (col length: RAMB18 80 RAMB36 40)
---------------------------------------------------------------------------------
Finished Part Resource Summary
---------------------------------------------------------------------------------
---------------------------------------------------------------------------------
Start Cross Boundary and Area Optimization
---------------------------------------------------------------------------------
Warning: Parallel synthesis criteria is not met 
INFO: [Synth 8-5845] Not enough pipeline registers after wide multiplier. Recommended levels of pipeline registers is 4 [c:/Users/jcoel/Desktop/CR/ProjetoFinalV3/ProjetoFinalV3.srcs/sources_1/bd/mb_design/ipshared/242f/src/DistanciaEuclidiana.vhd:74]
INFO: [Synth 8-5845] Not enough pipeline registers after wide multiplier. Recommended levels of pipeline registers is 4 [c:/Users/jcoel/Desktop/CR/ProjetoFinalV3/ProjetoFinalV3.srcs/sources_1/bd/mb_design/ipshared/242f/src/DistanciaEuclidiana.vhd:75]
INFO: [Synth 8-5845] Not enough pipeline registers after wide multiplier. Recommended levels of pipeline registers is 4 [c:/Users/jcoel/Desktop/CR/ProjetoFinalV3/ProjetoFinalV3.srcs/sources_1/bd/mb_design/ipshared/242f/src/DistanciaEuclidiana.vhd:73]
DSP Report: Generating DSP dy2, operation Mode is: A*B.
DSP Report: operator dy2 is absorbed into DSP dy2.
DSP Report: operator dy2 is absorbed into DSP dy2.
DSP Report: Generating DSP dy2, operation Mode is: (PCIN>>17)+A*B.
DSP Report: operator dy2 is absorbed into DSP dy2.
DSP Report: operator dy2 is absorbed into DSP dy2.
DSP Report: Generating DSP dy2, operation Mode is: A*B.
DSP Report: operator dy2 is absorbed into DSP dy2.
DSP Report: operator dy2 is absorbed into DSP dy2.
DSP Report: Generating DSP dy2, operation Mode is: (PCIN>>17)+A*B.
DSP Report: operator dy2 is absorbed into DSP dy2.
DSP Report: operator dy2 is absorbed into DSP dy2.
DSP Report: Generating DSP dz2, operation Mode is: A*B.
DSP Report: operator dz2 is absorbed into DSP dz2.
DSP Report: operator dz2 is absorbed into DSP dz2.
DSP Report: Generating DSP dz2, operation Mode is: (PCIN>>17)+A*B.
DSP Report: operator dz2 is absorbed into DSP dz2.
DSP Report: operator dz2 is absorbed into DSP dz2.
DSP Report: Generating DSP dz2, operation Mode is: A*B.
DSP Report: operator dz2 is absorbed into DSP dz2.
DSP Report: operator dz2 is absorbed into DSP dz2.
DSP Report: Generating DSP dz2, operation Mode is: (PCIN>>17)+A*B.
DSP Report: operator dz2 is absorbed into DSP dz2.
DSP Report: operator dz2 is absorbed into DSP dz2.
DSP Report: Generating DSP dx2, operation Mode is: A*B.
DSP Report: operator dx2 is absorbed into DSP dx2.
DSP Report: operator dx2 is absorbed into DSP dx2.
DSP Report: Generating DSP dx2, operation Mode is: (PCIN>>17)+A*B.
DSP Report: operator dx2 is absorbed into DSP dx2.
DSP Report: operator dx2 is absorbed into DSP dx2.
DSP Report: Generating DSP dx2, operation Mode is: A*B.
DSP Report: operator dx2 is absorbed into DSP dx2.
DSP Report: operator dx2 is absorbed into DSP dx2.
DSP Report: Generating DSP dx2, operation Mode is: (PCIN>>17)+A*B.
DSP Report: operator dx2 is absorbed into DSP dx2.
DSP Report: operator dx2 is absorbed into DSP dx2.
WARNING: [Synth 8-3331] design mb_design_DistanciaEuclidianaV3_0_0 has unconnected port s00_axi_awprot[2]
WARNING: [Synth 8-3331] design mb_design_DistanciaEuclidianaV3_0_0 has unconnected port s00_axi_awprot[1]
WARNING: [Synth 8-3331] design mb_design_DistanciaEuclidianaV3_0_0 has unconnected port s00_axi_awprot[0]
WARNING: [Synth 8-3331] design mb_design_DistanciaEuclidianaV3_0_0 has unconnected port s00_axi_arprot[2]
WARNING: [Synth 8-3331] design mb_design_DistanciaEuclidianaV3_0_0 has unconnected port s00_axi_arprot[1]
WARNING: [Synth 8-3331] design mb_design_DistanciaEuclidianaV3_0_0 has unconnected port s00_axi_arprot[0]
INFO: [Synth 8-3886] merging instance 'U0/DistanciaEuclidianaV3_v1_0_S00_AXI_inst/axi_rresp_reg[0]' (FDRE) to 'U0/DistanciaEuclidianaV3_v1_0_S00_AXI_inst/axi_rresp_reg[1]'
INFO: [Synth 8-3333] propagating constant 0 across sequential element (\U0/DistanciaEuclidianaV3_v1_0_S00_AXI_inst/axi_rresp_reg[1] )
INFO: [Synth 8-3886] merging instance 'U0/DistanciaEuclidianaV3_v1_0_S00_AXI_inst/axi_bresp_reg[0]' (FDRE) to 'U0/DistanciaEuclidianaV3_v1_0_S00_AXI_inst/axi_bresp_reg[1]'
INFO: [Synth 8-3333] propagating constant 0 across sequential element (\U0/DistanciaEuclidianaV3_v1_0_S00_AXI_inst/axi_bresp_reg[1] )
---------------------------------------------------------------------------------
Finished Cross Boundary and Area Optimization : Time (s): cpu = 00:00:26 ; elapsed = 00:00:27 . Memory (MB): peak = 1010.379 ; gain = 405.375
---------------------------------------------------------------------------------
---------------------------------------------------------------------------------
Start ROM, RAM, DSP and Shift Register Reporting
---------------------------------------------------------------------------------

DSP: Preliminary Mapping	Report (see note below)
+--------------------+----------------+--------+--------+--------+--------+--------+------+------+------+------+-------+------+------+
|Module Name         | DSP Mapping    | A Size | B Size | C Size | D Size | P Size | AREG | BREG | CREG | DREG | ADREG | MREG | PREG | 
+--------------------+----------------+--------+--------+--------+--------+--------+------+------+------+------+-------+------+------+
|DistanciaEuclidiana | A*B            | 18     | 15     | -      | -      | 48     | 0    | 0    | -    | -    | -     | 0    | 0    | 
|DistanciaEuclidiana | (PCIN>>17)+A*B | 15     | 15     | -      | -      | 48     | 0    | 0    | -    | -    | -     | 0    | 0    | 
|DistanciaEuclidiana | A*B            | 18     | 18     | -      | -      | 48     | 0    | 0    | -    | -    | -     | 0    | 0    | 
|DistanciaEuclidiana | (PCIN>>17)+A*B | 18     | 15     | -      | -      | 48     | 0    | 0    | -    | -    | -     | 0    | 0    | 
|DistanciaEuclidiana | A*B            | 18     | 15     | -      | -      | 48     | 0    | 0    | -    | -    | -     | 0    | 0    | 
|DistanciaEuclidiana | (PCIN>>17)+A*B | 15     | 15     | -      | -      | 48     | 0    | 0    | -    | -    | -     | 0    | 0    | 
|DistanciaEuclidiana | A*B            | 18     | 18     | -      | -      | 48     | 0    | 0    | -    | -    | -     | 0    | 0    | 
|DistanciaEuclidiana | (PCIN>>17)+A*B | 18     | 15     | -      | -      | 48     | 0    | 0    | -    | -    | -     | 0    | 0    | 
|DistanciaEuclidiana | A*B            | 18     | 15     | -      | -      | 48     | 0    | 0    | -    | -    | -     | 0    | 0    | 
|DistanciaEuclidiana | (PCIN>>17)+A*B | 15     | 15     | -      | -      | 48     | 0    | 0    | -    | -    | -     | 0    | 0    | 
|DistanciaEuclidiana | A*B            | 18     | 18     | -      | -      | 48     | 0    | 0    | -    | -    | -     | 0    | 0    | 
|DistanciaEuclidiana | (PCIN>>17)+A*B | 18     | 15     | -      | -      | 48     | 0    | 0    | -    | -    | -     | 0    | 0    | 
+--------------------+----------------+--------+--------+--------+--------+--------+------+------+------+------+-------+------+------+

Note: The table above is a preliminary report that shows the DSPs inferred at the current stage of the synthesis flow. Some DSP may be reimplemented as non DSP primitives later in the synthesis flow. Multiple instantiated DSPs are reported only once.
---------------------------------------------------------------------------------
Finished ROM, RAM, DSP and Shift Register Reporting
---------------------------------------------------------------------------------

Report RTL Partitions: 
+-+--------------+------------+----------+
| |RTL Partition |Replication |Instances |
+-+--------------+------------+----------+
+-+--------------+------------+----------+
---------------------------------------------------------------------------------
Start Applying XDC Timing Constraints
---------------------------------------------------------------------------------
---------------------------------------------------------------------------------
Finished Applying XDC Timing Constraints : Time (s): cpu = 00:00:42 ; elapsed = 00:00:43 . Memory (MB): peak = 1038.629 ; gain = 433.625
---------------------------------------------------------------------------------
---------------------------------------------------------------------------------
Start Timing Optimization
---------------------------------------------------------------------------------
---------------------------------------------------------------------------------
Finished Timing Optimization : Time (s): cpu = 00:00:42 ; elapsed = 00:00:43 . Memory (MB): peak = 1040.145 ; gain = 435.141
---------------------------------------------------------------------------------

Report RTL Partitions: 
+-+--------------+------------+----------+
| |RTL Partition |Replication |Instances |
+-+--------------+------------+----------+
+-+--------------+------------+----------+
---------------------------------------------------------------------------------
Start Technology Mapping
---------------------------------------------------------------------------------
---------------------------------------------------------------------------------
Finished Technology Mapping : Time (s): cpu = 00:00:43 ; elapsed = 00:00:44 . Memory (MB): peak = 1068.000 ; gain = 462.996
---------------------------------------------------------------------------------

Report RTL Partitions: 
+-+--------------+------------+----------+
| |RTL Partition |Replication |Instances |
+-+--------------+------------+----------+
+-+--------------+------------+----------+
---------------------------------------------------------------------------------
Start IO Insertion
---------------------------------------------------------------------------------
---------------------------------------------------------------------------------
Start Flattening Before IO Insertion
---------------------------------------------------------------------------------
---------------------------------------------------------------------------------
Finished Flattening Before IO Insertion
---------------------------------------------------------------------------------
---------------------------------------------------------------------------------
Start Final Netlist Cleanup
---------------------------------------------------------------------------------
---------------------------------------------------------------------------------
Finished Final Netlist Cleanup
---------------------------------------------------------------------------------
---------------------------------------------------------------------------------
Finished IO Insertion : Time (s): cpu = 00:00:49 ; elapsed = 00:00:50 . Memory (MB): peak = 1082.711 ; gain = 477.707
---------------------------------------------------------------------------------
---------------------------------------------------------------------------------
Start Renaming Generated Instances
---------------------------------------------------------------------------------
---------------------------------------------------------------------------------
Finished Renaming Generated Instances : Time (s): cpu = 00:00:49 ; elapsed = 00:00:50 . Memory (MB): peak = 1082.711 ; gain = 477.707
---------------------------------------------------------------------------------

Report RTL Partitions: 
+-+--------------+------------+----------+
| |RTL Partition |Replication |Instances |
+-+--------------+------------+----------+
+-+--------------+------------+----------+

Report Check Netlist: 
+------+------------------+-------+---------+-------+------------------+
|      |Item              |Errors |Warnings |Status |Description       |
+------+------------------+-------+---------+-------+------------------+
|1     |multi_driven_nets |      0|        0|Passed |Multi driven nets |
+------+------------------+-------+---------+-------+------------------+
---------------------------------------------------------------------------------
Start Rebuilding User Hierarchy
---------------------------------------------------------------------------------
---------------------------------------------------------------------------------
Finished Rebuilding User Hierarchy : Time (s): cpu = 00:00:49 ; elapsed = 00:00:50 . Memory (MB): peak = 1082.711 ; gain = 477.707
---------------------------------------------------------------------------------
---------------------------------------------------------------------------------
Start Renaming Generated Ports
---------------------------------------------------------------------------------
---------------------------------------------------------------------------------
Finished Renaming Generated Ports : Time (s): cpu = 00:00:49 ; elapsed = 00:00:50 . Memory (MB): peak = 1082.711 ; gain = 477.707
---------------------------------------------------------------------------------
---------------------------------------------------------------------------------
Start Handling Custom Attributes
---------------------------------------------------------------------------------
---------------------------------------------------------------------------------
Finished Handling Custom Attributes : Time (s): cpu = 00:00:49 ; elapsed = 00:00:50 . Memory (MB): peak = 1082.711 ; gain = 477.707
---------------------------------------------------------------------------------
---------------------------------------------------------------------------------
Start Renaming Generated Nets
---------------------------------------------------------------------------------
---------------------------------------------------------------------------------
Finished Renaming Generated Nets : Time (s): cpu = 00:00:49 ; elapsed = 00:00:50 . Memory (MB): peak = 1082.711 ; gain = 477.707
---------------------------------------------------------------------------------
---------------------------------------------------------------------------------
Start Writing Synthesis Report
---------------------------------------------------------------------------------

Report BlackBoxes: 
+-+--------------+----------+
| |BlackBox name |Instances |
+-+--------------+----------+
+-+--------------+----------+

Report Cell Usage: 
+------+--------+------+
|      |Cell    |Count |
+------+--------+------+
|1     |CARRY4  |   215|
|2     |DSP48E1 |    12|
|3     |LUT1    |    80|
|4     |LUT2    |   299|
|5     |LUT3    |   470|
|6     |LUT4    |   138|
|7     |LUT5    |   457|
|8     |LUT6    |   311|
|9     |FDRE    |   232|
|10    |FDSE    |     4|
+------+--------+------+

Report Instance Areas: 
+------+--------------------------------------------+-----------------------------------+------+
|      |Instance                                    |Module                             |Cells |
+------+--------------------------------------------+-----------------------------------+------+
|1     |top                                         |                                   |  2218|
|2     |  U0                                        |DistanciaEuclidianaV3_v1_0         |  2218|
|3     |    DistanciaEuclidianaV3_v1_0_S00_AXI_inst |DistanciaEuclidianaV3_v1_0_S00_AXI |  2218|
|4     |      distancia_euclidiana                  |DistanciaEuclidiana                |  1893|
+------+--------------------------------------------+-----------------------------------+------+
---------------------------------------------------------------------------------
Finished Writing Synthesis Report : Time (s): cpu = 00:00:49 ; elapsed = 00:00:50 . Memory (MB): peak = 1082.711 ; gain = 477.707
---------------------------------------------------------------------------------
Synthesis finished with 0 errors, 0 critical warnings and 6 warnings.
Synthesis Optimization Runtime : Time (s): cpu = 00:00:38 ; elapsed = 00:00:47 . Memory (MB): peak = 1082.711 ; gain = 382.930
Synthesis Optimization Complete : Time (s): cpu = 00:00:49 ; elapsed = 00:00:50 . Memory (MB): peak = 1082.711 ; gain = 477.707
INFO: [Project 1-571] Translating synthesized netlist
Netlist sorting complete. Time (s): cpu = 00:00:00 ; elapsed = 00:00:00.050 . Memory (MB): peak = 1094.773 ; gain = 0.000
INFO: [Netlist 29-17] Analyzing 227 Unisim elements for replacement
INFO: [Netlist 29-28] Unisim Transformation completed in 0 CPU seconds
WARNING: [Netlist 29-101] Netlist 'mb_design_DistanciaEuclidianaV3_0_0' is not ideal for floorplanning, since the cellview 'DistanciaEuclidiana' contains a large number of primitives.  Please consider enabling hierarchy in synthesis if you want to do floorplanning.
INFO: [Project 1-570] Preparing netlist for logic optimization
INFO: [Opt 31-138] Pushed 0 inverter(s) to 0 load pin(s).
Netlist sorting complete. Time (s): cpu = 00:00:00 ; elapsed = 00:00:00.001 . Memory (MB): peak = 1094.773 ; gain = 0.000
INFO: [Project 1-111] Unisim Transformation Summary:
No Unisim elements were transformed.

INFO: [Common 17-83] Releasing license: Synthesis
32 Infos, 15 Warnings, 0 Critical Warnings and 0 Errors encountered.
synth_design completed successfully
synth_design: Time (s): cpu = 00:00:56 ; elapsed = 00:00:58 . Memory (MB): peak = 1094.773 ; gain = 781.531
Netlist sorting complete. Time (s): cpu = 00:00:00 ; elapsed = 00:00:00.001 . Memory (MB): peak = 1094.773 ; gain = 0.000
WARNING: [Constraints 18-5210] No constraints selected for write.
Resolution: This message can indicate that there are no constraints for the design, or it can indicate that the used_in flags are set such that the constraints are ignored. This later case is used when running synth_design to not write synthesis constraints to the resulting checkpoint. Instead, project constraints are read when the synthesized design is opened.
INFO: [Common 17-1381] The checkpoint 'C:/Users/jcoel/Desktop/CR/ProjetoFinalV3/ProjetoFinalV3.runs/mb_design_DistanciaEuclidianaV3_0_0_synth_1/mb_design_DistanciaEuclidianaV3_0_0.dcp' has been generated.
WARNING: [Common 17-576] 'use_project_ipc' is deprecated. This option is deprecated and no longer used.
INFO: [Coretcl 2-1648] Added synthesis output to IP cache for IP mb_design_DistanciaEuclidianaV3_0_0, cache-ID = fbc1a72bf7e67b37
INFO: [Coretcl 2-1174] Renamed 3 cell refs.
Netlist sorting complete. Time (s): cpu = 00:00:00 ; elapsed = 00:00:00.001 . Memory (MB): peak = 1094.773 ; gain = 0.000
WARNING: [Constraints 18-5210] No constraints selected for write.
Resolution: This message can indicate that there are no constraints for the design, or it can indicate that the used_in flags are set such that the constraints are ignored. This later case is used when running synth_design to not write synthesis constraints to the resulting checkpoint. Instead, project constraints are read when the synthesized design is opened.
INFO: [Common 17-1381] The checkpoint 'C:/Users/jcoel/Desktop/CR/ProjetoFinalV3/ProjetoFinalV3.runs/mb_design_DistanciaEuclidianaV3_0_0_synth_1/mb_design_DistanciaEuclidianaV3_0_0.dcp' has been generated.
INFO: [runtcl-4] Executing : report_utilization -file mb_design_DistanciaEuclidianaV3_0_0_utilization_synth.rpt -pb mb_design_DistanciaEuclidianaV3_0_0_utilization_synth.pb
INFO: [Common 17-206] Exiting Vivado at Sat Jul 11 19:26:33 2020...
