
*** Running vivado
    with args -log mb_design_wrapper.vds -m64 -product Vivado -mode batch -messageDb vivado.pb -notrace -source mb_design_wrapper.tcl


****** Vivado v2019.2 (64-bit)
  **** SW Build 2708876 on Wed Nov  6 21:40:23 MST 2019
  **** IP Build 2700528 on Thu Nov  7 00:09:20 MST 2019
    ** Copyright 1986-2019 Xilinx, Inc. All Rights Reserved.

source mb_design_wrapper.tcl -notrace
INFO: [IP_Flow 19-234] Refreshing IP repositories
INFO: [IP_Flow 19-1700] Loaded user IP repository 'c:/Users/jcoel/Desktop/CR/ProjetoFinal/ip_repo/DistanciaEuclidiana_1.1'.
INFO: [IP_Flow 19-2313] Loaded Vivado IP repository 'C:/Xilinx/Vivado/2019.2/data/ip'.
WARNING: [IP_Flow 19-4995] The host OS only allows 260 characters in a normal path. The IP cache path is more than 80 characters. If you experience issues with IP caching, please consider changing the IP cache to a location with a shorter path. Alternately consider using the OS subst command to map part of the path to a drive letter. 
Current IP cache path is c:/Users/jcoel/Desktop/CR/ProjetoFinal/DistanciaEuclidiana/DistanciaEuclidiana.cache/ip 
Command: synth_design -top mb_design_wrapper -part xc7a100tcsg324-1
Starting synth_design
Attempting to get a license for feature 'Synthesis' and/or device 'xc7a100t'
INFO: [Common 17-349] Got license for feature 'Synthesis' and/or device 'xc7a100t'
INFO: [Device 21-403] Loading part xc7a100tcsg324-1
INFO: Launching helper process for spawning children vivado processes
INFO: Helper process launched with PID 16140 
---------------------------------------------------------------------------------
Starting RTL Elaboration : Time (s): cpu = 00:00:06 ; elapsed = 00:00:07 . Memory (MB): peak = 863.402 ; gain = 234.367
---------------------------------------------------------------------------------
INFO: [Synth 8-638] synthesizing module 'mb_design_wrapper' [C:/Users/jcoel/Desktop/CR/ProjetoFinal/DistanciaEuclidiana/DistanciaEuclidiana.srcs/sources_1/bd/mb_design/hdl/mb_design_wrapper.vhd:28]
INFO: [Synth 8-3491] module 'IOBUF' declared at 'C:/Xilinx/Vivado/2019.2/scripts/rt/data/unisim_comp.v:36196' bound to instance 'dual_seven_seg_led_disp_tri_iobuf_0' of component 'IOBUF' [C:/Users/jcoel/Desktop/CR/ProjetoFinal/DistanciaEuclidiana/DistanciaEuclidiana.srcs/sources_1/bd/mb_design/hdl/mb_design_wrapper.vhd:185]
INFO: [Synth 8-6157] synthesizing module 'IOBUF' [C:/Xilinx/Vivado/2019.2/scripts/rt/data/unisim_comp.v:36196]
	Parameter DRIVE bound to: 12 - type: integer 
	Parameter IBUF_LOW_PWR bound to: TRUE - type: string 
	Parameter IOSTANDARD bound to: DEFAULT - type: string 
	Parameter SLEW bound to: SLOW - type: string 
INFO: [Synth 8-6155] done synthesizing module 'IOBUF' (1#1) [C:/Xilinx/Vivado/2019.2/scripts/rt/data/unisim_comp.v:36196]
INFO: [Synth 8-3491] module 'IOBUF' declared at 'C:/Xilinx/Vivado/2019.2/scripts/rt/data/unisim_comp.v:36196' bound to instance 'dual_seven_seg_led_disp_tri_iobuf_1' of component 'IOBUF' [C:/Users/jcoel/Desktop/CR/ProjetoFinal/DistanciaEuclidiana/DistanciaEuclidiana.srcs/sources_1/bd/mb_design/hdl/mb_design_wrapper.vhd:192]
INFO: [Synth 8-3491] module 'IOBUF' declared at 'C:/Xilinx/Vivado/2019.2/scripts/rt/data/unisim_comp.v:36196' bound to instance 'dual_seven_seg_led_disp_tri_iobuf_2' of component 'IOBUF' [C:/Users/jcoel/Desktop/CR/ProjetoFinal/DistanciaEuclidiana/DistanciaEuclidiana.srcs/sources_1/bd/mb_design/hdl/mb_design_wrapper.vhd:199]
INFO: [Synth 8-3491] module 'IOBUF' declared at 'C:/Xilinx/Vivado/2019.2/scripts/rt/data/unisim_comp.v:36196' bound to instance 'dual_seven_seg_led_disp_tri_iobuf_3' of component 'IOBUF' [C:/Users/jcoel/Desktop/CR/ProjetoFinal/DistanciaEuclidiana/DistanciaEuclidiana.srcs/sources_1/bd/mb_design/hdl/mb_design_wrapper.vhd:206]
INFO: [Synth 8-3491] module 'IOBUF' declared at 'C:/Xilinx/Vivado/2019.2/scripts/rt/data/unisim_comp.v:36196' bound to instance 'dual_seven_seg_led_disp_tri_iobuf_4' of component 'IOBUF' [C:/Users/jcoel/Desktop/CR/ProjetoFinal/DistanciaEuclidiana/DistanciaEuclidiana.srcs/sources_1/bd/mb_design/hdl/mb_design_wrapper.vhd:213]
INFO: [Synth 8-3491] module 'IOBUF' declared at 'C:/Xilinx/Vivado/2019.2/scripts/rt/data/unisim_comp.v:36196' bound to instance 'dual_seven_seg_led_disp_tri_iobuf_5' of component 'IOBUF' [C:/Users/jcoel/Desktop/CR/ProjetoFinal/DistanciaEuclidiana/DistanciaEuclidiana.srcs/sources_1/bd/mb_design/hdl/mb_design_wrapper.vhd:220]
INFO: [Synth 8-3491] module 'IOBUF' declared at 'C:/Xilinx/Vivado/2019.2/scripts/rt/data/unisim_comp.v:36196' bound to instance 'dual_seven_seg_led_disp_tri_iobuf_6' of component 'IOBUF' [C:/Users/jcoel/Desktop/CR/ProjetoFinal/DistanciaEuclidiana/DistanciaEuclidiana.srcs/sources_1/bd/mb_design/hdl/mb_design_wrapper.vhd:227]
INFO: [Synth 8-3491] module 'IOBUF' declared at 'C:/Xilinx/Vivado/2019.2/scripts/rt/data/unisim_comp.v:36196' bound to instance 'dual_seven_seg_led_disp_tri_iobuf_7' of component 'IOBUF' [C:/Users/jcoel/Desktop/CR/ProjetoFinal/DistanciaEuclidiana/DistanciaEuclidiana.srcs/sources_1/bd/mb_design/hdl/mb_design_wrapper.vhd:234]
INFO: [Synth 8-3491] module 'IOBUF' declared at 'C:/Xilinx/Vivado/2019.2/scripts/rt/data/unisim_comp.v:36196' bound to instance 'led_16bits_tri_iobuf_0' of component 'IOBUF' [C:/Users/jcoel/Desktop/CR/ProjetoFinal/DistanciaEuclidiana/DistanciaEuclidiana.srcs/sources_1/bd/mb_design/hdl/mb_design_wrapper.vhd:241]
INFO: [Synth 8-3491] module 'IOBUF' declared at 'C:/Xilinx/Vivado/2019.2/scripts/rt/data/unisim_comp.v:36196' bound to instance 'led_16bits_tri_iobuf_1' of component 'IOBUF' [C:/Users/jcoel/Desktop/CR/ProjetoFinal/DistanciaEuclidiana/DistanciaEuclidiana.srcs/sources_1/bd/mb_design/hdl/mb_design_wrapper.vhd:248]
INFO: [Synth 8-3491] module 'IOBUF' declared at 'C:/Xilinx/Vivado/2019.2/scripts/rt/data/unisim_comp.v:36196' bound to instance 'led_16bits_tri_iobuf_10' of component 'IOBUF' [C:/Users/jcoel/Desktop/CR/ProjetoFinal/DistanciaEuclidiana/DistanciaEuclidiana.srcs/sources_1/bd/mb_design/hdl/mb_design_wrapper.vhd:255]
INFO: [Synth 8-3491] module 'IOBUF' declared at 'C:/Xilinx/Vivado/2019.2/scripts/rt/data/unisim_comp.v:36196' bound to instance 'led_16bits_tri_iobuf_11' of component 'IOBUF' [C:/Users/jcoel/Desktop/CR/ProjetoFinal/DistanciaEuclidiana/DistanciaEuclidiana.srcs/sources_1/bd/mb_design/hdl/mb_design_wrapper.vhd:262]
INFO: [Synth 8-3491] module 'IOBUF' declared at 'C:/Xilinx/Vivado/2019.2/scripts/rt/data/unisim_comp.v:36196' bound to instance 'led_16bits_tri_iobuf_12' of component 'IOBUF' [C:/Users/jcoel/Desktop/CR/ProjetoFinal/DistanciaEuclidiana/DistanciaEuclidiana.srcs/sources_1/bd/mb_design/hdl/mb_design_wrapper.vhd:269]
INFO: [Synth 8-3491] module 'IOBUF' declared at 'C:/Xilinx/Vivado/2019.2/scripts/rt/data/unisim_comp.v:36196' bound to instance 'led_16bits_tri_iobuf_13' of component 'IOBUF' [C:/Users/jcoel/Desktop/CR/ProjetoFinal/DistanciaEuclidiana/DistanciaEuclidiana.srcs/sources_1/bd/mb_design/hdl/mb_design_wrapper.vhd:276]
INFO: [Synth 8-3491] module 'IOBUF' declared at 'C:/Xilinx/Vivado/2019.2/scripts/rt/data/unisim_comp.v:36196' bound to instance 'led_16bits_tri_iobuf_14' of component 'IOBUF' [C:/Users/jcoel/Desktop/CR/ProjetoFinal/DistanciaEuclidiana/DistanciaEuclidiana.srcs/sources_1/bd/mb_design/hdl/mb_design_wrapper.vhd:283]
INFO: [Synth 8-3491] module 'IOBUF' declared at 'C:/Xilinx/Vivado/2019.2/scripts/rt/data/unisim_comp.v:36196' bound to instance 'led_16bits_tri_iobuf_15' of component 'IOBUF' [C:/Users/jcoel/Desktop/CR/ProjetoFinal/DistanciaEuclidiana/DistanciaEuclidiana.srcs/sources_1/bd/mb_design/hdl/mb_design_wrapper.vhd:290]
INFO: [Synth 8-3491] module 'IOBUF' declared at 'C:/Xilinx/Vivado/2019.2/scripts/rt/data/unisim_comp.v:36196' bound to instance 'led_16bits_tri_iobuf_2' of component 'IOBUF' [C:/Users/jcoel/Desktop/CR/ProjetoFinal/DistanciaEuclidiana/DistanciaEuclidiana.srcs/sources_1/bd/mb_design/hdl/mb_design_wrapper.vhd:297]
INFO: [Synth 8-3491] module 'IOBUF' declared at 'C:/Xilinx/Vivado/2019.2/scripts/rt/data/unisim_comp.v:36196' bound to instance 'led_16bits_tri_iobuf_3' of component 'IOBUF' [C:/Users/jcoel/Desktop/CR/ProjetoFinal/DistanciaEuclidiana/DistanciaEuclidiana.srcs/sources_1/bd/mb_design/hdl/mb_design_wrapper.vhd:304]
INFO: [Synth 8-3491] module 'IOBUF' declared at 'C:/Xilinx/Vivado/2019.2/scripts/rt/data/unisim_comp.v:36196' bound to instance 'led_16bits_tri_iobuf_4' of component 'IOBUF' [C:/Users/jcoel/Desktop/CR/ProjetoFinal/DistanciaEuclidiana/DistanciaEuclidiana.srcs/sources_1/bd/mb_design/hdl/mb_design_wrapper.vhd:311]
INFO: [Synth 8-3491] module 'IOBUF' declared at 'C:/Xilinx/Vivado/2019.2/scripts/rt/data/unisim_comp.v:36196' bound to instance 'led_16bits_tri_iobuf_5' of component 'IOBUF' [C:/Users/jcoel/Desktop/CR/ProjetoFinal/DistanciaEuclidiana/DistanciaEuclidiana.srcs/sources_1/bd/mb_design/hdl/mb_design_wrapper.vhd:318]
INFO: [Synth 8-3491] module 'IOBUF' declared at 'C:/Xilinx/Vivado/2019.2/scripts/rt/data/unisim_comp.v:36196' bound to instance 'led_16bits_tri_iobuf_6' of component 'IOBUF' [C:/Users/jcoel/Desktop/CR/ProjetoFinal/DistanciaEuclidiana/DistanciaEuclidiana.srcs/sources_1/bd/mb_design/hdl/mb_design_wrapper.vhd:325]
INFO: [Synth 8-3491] module 'IOBUF' declared at 'C:/Xilinx/Vivado/2019.2/scripts/rt/data/unisim_comp.v:36196' bound to instance 'led_16bits_tri_iobuf_7' of component 'IOBUF' [C:/Users/jcoel/Desktop/CR/ProjetoFinal/DistanciaEuclidiana/DistanciaEuclidiana.srcs/sources_1/bd/mb_design/hdl/mb_design_wrapper.vhd:332]
INFO: [Synth 8-3491] module 'IOBUF' declared at 'C:/Xilinx/Vivado/2019.2/scripts/rt/data/unisim_comp.v:36196' bound to instance 'led_16bits_tri_iobuf_8' of component 'IOBUF' [C:/Users/jcoel/Desktop/CR/ProjetoFinal/DistanciaEuclidiana/DistanciaEuclidiana.srcs/sources_1/bd/mb_design/hdl/mb_design_wrapper.vhd:339]
INFO: [Synth 8-3491] module 'IOBUF' declared at 'C:/Xilinx/Vivado/2019.2/scripts/rt/data/unisim_comp.v:36196' bound to instance 'led_16bits_tri_iobuf_9' of component 'IOBUF' [C:/Users/jcoel/Desktop/CR/ProjetoFinal/DistanciaEuclidiana/DistanciaEuclidiana.srcs/sources_1/bd/mb_design/hdl/mb_design_wrapper.vhd:346]
INFO: [Synth 8-3491] module 'mb_design' declared at 'C:/Users/jcoel/Desktop/CR/ProjetoFinal/DistanciaEuclidiana/DistanciaEuclidiana.srcs/sources_1/bd/mb_design/synth/mb_design.vhd:3105' bound to instance 'mb_design_i' of component 'mb_design' [C:/Users/jcoel/Desktop/CR/ProjetoFinal/DistanciaEuclidiana/DistanciaEuclidiana.srcs/sources_1/bd/mb_design/hdl/mb_design_wrapper.vhd:353]
INFO: [Synth 8-638] synthesizing module 'mb_design' [C:/Users/jcoel/Desktop/CR/ProjetoFinal/DistanciaEuclidiana/DistanciaEuclidiana.srcs/sources_1/bd/mb_design/synth/mb_design.vhd:3129]
INFO: [Synth 8-3491] module 'mb_design_DistanciaEuclidiana_0_1' declared at 'C:/Users/jcoel/Desktop/CR/ProjetoFinal/DistanciaEuclidiana/DistanciaEuclidiana.runs/synth_1/.Xil/Vivado-8360-DESKTOP-T839HQ8/realtime/mb_design_DistanciaEuclidiana_0_1_stub.vhdl:5' bound to instance 'DistanciaEuclidiana_0' of component 'mb_design_DistanciaEuclidiana_0_1' [C:/Users/jcoel/Desktop/CR/ProjetoFinal/DistanciaEuclidiana/DistanciaEuclidiana.srcs/sources_1/bd/mb_design/synth/mb_design.vhd:3799]
INFO: [Synth 8-638] synthesizing module 'mb_design_DistanciaEuclidiana_0_1' [C:/Users/jcoel/Desktop/CR/ProjetoFinal/DistanciaEuclidiana/DistanciaEuclidiana.runs/synth_1/.Xil/Vivado-8360-DESKTOP-T839HQ8/realtime/mb_design_DistanciaEuclidiana_0_1_stub.vhdl:32]
INFO: [Synth 8-3491] module 'mb_design_axi_gpio_0_0' declared at 'C:/Users/jcoel/Desktop/CR/ProjetoFinal/DistanciaEuclidiana/DistanciaEuclidiana.runs/synth_1/.Xil/Vivado-8360-DESKTOP-T839HQ8/realtime/mb_design_axi_gpio_0_0_stub.vhdl:5' bound to instance 'axi_gpio_buttons' of component 'mb_design_axi_gpio_0_0' [C:/Users/jcoel/Desktop/CR/ProjetoFinal/DistanciaEuclidiana/DistanciaEuclidiana.srcs/sources_1/bd/mb_design/synth/mb_design.vhd:3823]
INFO: [Synth 8-638] synthesizing module 'mb_design_axi_gpio_0_0' [C:/Users/jcoel/Desktop/CR/ProjetoFinal/DistanciaEuclidiana/DistanciaEuclidiana.runs/synth_1/.Xil/Vivado-8360-DESKTOP-T839HQ8/realtime/mb_design_axi_gpio_0_0_stub.vhdl:32]
INFO: [Synth 8-3491] module 'mb_design_axi_gpio_3_0' declared at 'C:/Users/jcoel/Desktop/CR/ProjetoFinal/DistanciaEuclidiana/DistanciaEuclidiana.runs/synth_1/.Xil/Vivado-8360-DESKTOP-T839HQ8/realtime/mb_design_axi_gpio_3_0_stub.vhdl:5' bound to instance 'axi_gpio_display' of component 'mb_design_axi_gpio_3_0' [C:/Users/jcoel/Desktop/CR/ProjetoFinal/DistanciaEuclidiana/DistanciaEuclidiana.srcs/sources_1/bd/mb_design/synth/mb_design.vhd:3847]
INFO: [Synth 8-638] synthesizing module 'mb_design_axi_gpio_3_0' [C:/Users/jcoel/Desktop/CR/ProjetoFinal/DistanciaEuclidiana/DistanciaEuclidiana.runs/synth_1/.Xil/Vivado-8360-DESKTOP-T839HQ8/realtime/mb_design_axi_gpio_3_0_stub.vhdl:36]
INFO: [Synth 8-3491] module 'mb_design_axi_gpio_2_0' declared at 'C:/Users/jcoel/Desktop/CR/ProjetoFinal/DistanciaEuclidiana/DistanciaEuclidiana.runs/synth_1/.Xil/Vivado-8360-DESKTOP-T839HQ8/realtime/mb_design_axi_gpio_2_0_stub.vhdl:5' bound to instance 'axi_gpio_leds' of component 'mb_design_axi_gpio_2_0' [C:/Users/jcoel/Desktop/CR/ProjetoFinal/DistanciaEuclidiana/DistanciaEuclidiana.srcs/sources_1/bd/mb_design/synth/mb_design.vhd:3875]
INFO: [Synth 8-638] synthesizing module 'mb_design_axi_gpio_2_0' [C:/Users/jcoel/Desktop/CR/ProjetoFinal/DistanciaEuclidiana/DistanciaEuclidiana.runs/synth_1/.Xil/Vivado-8360-DESKTOP-T839HQ8/realtime/mb_design_axi_gpio_2_0_stub.vhdl:33]
INFO: [Synth 8-3491] module 'mb_design_axi_gpio_1_0' declared at 'C:/Users/jcoel/Desktop/CR/ProjetoFinal/DistanciaEuclidiana/DistanciaEuclidiana.runs/synth_1/.Xil/Vivado-8360-DESKTOP-T839HQ8/realtime/mb_design_axi_gpio_1_0_stub.vhdl:5' bound to instance 'axi_gpio_switches' of component 'mb_design_axi_gpio_1_0' [C:/Users/jcoel/Desktop/CR/ProjetoFinal/DistanciaEuclidiana/DistanciaEuclidiana.srcs/sources_1/bd/mb_design/synth/mb_design.vhd:3900]
INFO: [Synth 8-638] synthesizing module 'mb_design_axi_gpio_1_0' [C:/Users/jcoel/Desktop/CR/ProjetoFinal/DistanciaEuclidiana/DistanciaEuclidiana.runs/synth_1/.Xil/Vivado-8360-DESKTOP-T839HQ8/realtime/mb_design_axi_gpio_1_0_stub.vhdl:32]
INFO: [Synth 8-3491] module 'mb_design_axi_timer_0_0' declared at 'C:/Users/jcoel/Desktop/CR/ProjetoFinal/DistanciaEuclidiana/DistanciaEuclidiana.runs/synth_1/.Xil/Vivado-8360-DESKTOP-T839HQ8/realtime/mb_design_axi_timer_0_0_stub.vhdl:5' bound to instance 'axi_timer_0' of component 'mb_design_axi_timer_0_0' [C:/Users/jcoel/Desktop/CR/ProjetoFinal/DistanciaEuclidiana/DistanciaEuclidiana.srcs/sources_1/bd/mb_design/synth/mb_design.vhd:3924]
INFO: [Synth 8-638] synthesizing module 'mb_design_axi_timer_0_0' [C:/Users/jcoel/Desktop/CR/ProjetoFinal/DistanciaEuclidiana/DistanciaEuclidiana.runs/synth_1/.Xil/Vivado-8360-DESKTOP-T839HQ8/realtime/mb_design_axi_timer_0_0_stub.vhdl:37]
INFO: [Synth 8-3491] module 'mb_design_axi_uartlite_0_0' declared at 'C:/Users/jcoel/Desktop/CR/ProjetoFinal/DistanciaEuclidiana/DistanciaEuclidiana.runs/synth_1/.Xil/Vivado-8360-DESKTOP-T839HQ8/realtime/mb_design_axi_uartlite_0_0_stub.vhdl:5' bound to instance 'axi_uartlite_0' of component 'mb_design_axi_uartlite_0_0' [C:/Users/jcoel/Desktop/CR/ProjetoFinal/DistanciaEuclidiana/DistanciaEuclidiana.srcs/sources_1/bd/mb_design/synth/mb_design.vhd:3953]
INFO: [Synth 8-638] synthesizing module 'mb_design_axi_uartlite_0_0' [C:/Users/jcoel/Desktop/CR/ProjetoFinal/DistanciaEuclidiana/DistanciaEuclidiana.runs/synth_1/.Xil/Vivado-8360-DESKTOP-T839HQ8/realtime/mb_design_axi_uartlite_0_0_stub.vhdl:33]
INFO: [Synth 8-3491] module 'mb_design_clk_wiz_1_0' declared at 'C:/Users/jcoel/Desktop/CR/ProjetoFinal/DistanciaEuclidiana/DistanciaEuclidiana.runs/synth_1/.Xil/Vivado-8360-DESKTOP-T839HQ8/realtime/mb_design_clk_wiz_1_0_stub.vhdl:5' bound to instance 'clk_wiz_1' of component 'mb_design_clk_wiz_1_0' [C:/Users/jcoel/Desktop/CR/ProjetoFinal/DistanciaEuclidiana/DistanciaEuclidiana.srcs/sources_1/bd/mb_design/synth/mb_design.vhd:3978]
INFO: [Synth 8-638] synthesizing module 'mb_design_clk_wiz_1_0' [C:/Users/jcoel/Desktop/CR/ProjetoFinal/DistanciaEuclidiana/DistanciaEuclidiana.runs/synth_1/.Xil/Vivado-8360-DESKTOP-T839HQ8/realtime/mb_design_clk_wiz_1_0_stub.vhdl:15]
INFO: [Synth 8-3491] module 'mb_design_fit_timer_0_0' declared at 'C:/Users/jcoel/Desktop/CR/ProjetoFinal/DistanciaEuclidiana/DistanciaEuclidiana.runs/synth_1/.Xil/Vivado-8360-DESKTOP-T839HQ8/realtime/mb_design_fit_timer_0_0_stub.vhdl:5' bound to instance 'fit_timer_0' of component 'mb_design_fit_timer_0_0' [C:/Users/jcoel/Desktop/CR/ProjetoFinal/DistanciaEuclidiana/DistanciaEuclidiana.srcs/sources_1/bd/mb_design/synth/mb_design.vhd:3985]
INFO: [Synth 8-638] synthesizing module 'mb_design_fit_timer_0_0' [C:/Users/jcoel/Desktop/CR/ProjetoFinal/DistanciaEuclidiana/DistanciaEuclidiana.runs/synth_1/.Xil/Vivado-8360-DESKTOP-T839HQ8/realtime/mb_design_fit_timer_0_0_stub.vhdl:14]
INFO: [Synth 8-3491] module 'mb_design_mdm_1_0' declared at 'C:/Users/jcoel/Desktop/CR/ProjetoFinal/DistanciaEuclidiana/DistanciaEuclidiana.runs/synth_1/.Xil/Vivado-8360-DESKTOP-T839HQ8/realtime/mb_design_mdm_1_0_stub.vhdl:5' bound to instance 'mdm_1' of component 'mb_design_mdm_1_0' [C:/Users/jcoel/Desktop/CR/ProjetoFinal/DistanciaEuclidiana/DistanciaEuclidiana.srcs/sources_1/bd/mb_design/synth/mb_design.vhd:3991]
INFO: [Synth 8-638] synthesizing module 'mb_design_mdm_1_0' [C:/Users/jcoel/Desktop/CR/ProjetoFinal/DistanciaEuclidiana/DistanciaEuclidiana.runs/synth_1/.Xil/Vivado-8360-DESKTOP-T839HQ8/realtime/mb_design_mdm_1_0_stub.vhdl:21]
INFO: [Synth 8-3491] module 'mb_design_microblaze_0_0' declared at 'C:/Users/jcoel/Desktop/CR/ProjetoFinal/DistanciaEuclidiana/DistanciaEuclidiana.runs/synth_1/.Xil/Vivado-8360-DESKTOP-T839HQ8/realtime/mb_design_microblaze_0_0_stub.vhdl:5' bound to instance 'microblaze_0' of component 'mb_design_microblaze_0_0' [C:/Users/jcoel/Desktop/CR/ProjetoFinal/DistanciaEuclidiana/DistanciaEuclidiana.srcs/sources_1/bd/mb_design/synth/mb_design.vhd:4004]
INFO: [Synth 8-638] synthesizing module 'mb_design_microblaze_0_0' [C:/Users/jcoel/Desktop/CR/ProjetoFinal/DistanciaEuclidiana/DistanciaEuclidiana.runs/synth_1/.Xil/Vivado-8360-DESKTOP-T839HQ8/realtime/mb_design_microblaze_0_0_stub.vhdl:115]
INFO: [Synth 8-3491] module 'mb_design_microblaze_0_axi_intc_0' declared at 'C:/Users/jcoel/Desktop/CR/ProjetoFinal/DistanciaEuclidiana/DistanciaEuclidiana.runs/synth_1/.Xil/Vivado-8360-DESKTOP-T839HQ8/realtime/mb_design_microblaze_0_axi_intc_0_stub.vhdl:5' bound to instance 'microblaze_0_axi_intc' of component 'mb_design_microblaze_0_axi_intc_0' [C:/Users/jcoel/Desktop/CR/ProjetoFinal/DistanciaEuclidiana/DistanciaEuclidiana.srcs/sources_1/bd/mb_design/synth/mb_design.vhd:4142]
INFO: [Synth 8-638] synthesizing module 'mb_design_microblaze_0_axi_intc_0' [C:/Users/jcoel/Desktop/CR/ProjetoFinal/DistanciaEuclidiana/DistanciaEuclidiana.runs/synth_1/.Xil/Vivado-8360-DESKTOP-T839HQ8/realtime/mb_design_microblaze_0_axi_intc_0_stub.vhdl:36]
INFO: [Synth 8-638] synthesizing module 'mb_design_microblaze_0_axi_periph_0' [C:/Users/jcoel/Desktop/CR/ProjetoFinal/DistanciaEuclidiana/DistanciaEuclidiana.srcs/sources_1/bd/mb_design/synth/mb_design.vhd:1815]
INFO: [Synth 8-638] synthesizing module 'm00_couplers_imp_7XQVZK' [C:/Users/jcoel/Desktop/CR/ProjetoFinal/DistanciaEuclidiana/DistanciaEuclidiana.srcs/sources_1/bd/mb_design/synth/mb_design.vhd:57]
INFO: [Synth 8-256] done synthesizing module 'm00_couplers_imp_7XQVZK' (2#1) [C:/Users/jcoel/Desktop/CR/ProjetoFinal/DistanciaEuclidiana/DistanciaEuclidiana.srcs/sources_1/bd/mb_design/synth/mb_design.vhd:57]
INFO: [Synth 8-638] synthesizing module 'm01_couplers_imp_1KGGRVS' [C:/Users/jcoel/Desktop/CR/ProjetoFinal/DistanciaEuclidiana/DistanciaEuclidiana.srcs/sources_1/bd/mb_design/synth/mb_design.vhd:158]
INFO: [Synth 8-256] done synthesizing module 'm01_couplers_imp_1KGGRVS' (3#1) [C:/Users/jcoel/Desktop/CR/ProjetoFinal/DistanciaEuclidiana/DistanciaEuclidiana.srcs/sources_1/bd/mb_design/synth/mb_design.vhd:158]
INFO: [Synth 8-638] synthesizing module 'm02_couplers_imp_SWOCXT' [C:/Users/jcoel/Desktop/CR/ProjetoFinal/DistanciaEuclidiana/DistanciaEuclidiana.srcs/sources_1/bd/mb_design/synth/mb_design.vhd:259]
INFO: [Synth 8-256] done synthesizing module 'm02_couplers_imp_SWOCXT' (4#1) [C:/Users/jcoel/Desktop/CR/ProjetoFinal/DistanciaEuclidiana/DistanciaEuclidiana.srcs/sources_1/bd/mb_design/synth/mb_design.vhd:259]
INFO: [Synth 8-638] synthesizing module 'm03_couplers_imp_1H7VOBD' [C:/Users/jcoel/Desktop/CR/ProjetoFinal/DistanciaEuclidiana/DistanciaEuclidiana.srcs/sources_1/bd/mb_design/synth/mb_design.vhd:360]
INFO: [Synth 8-256] done synthesizing module 'm03_couplers_imp_1H7VOBD' (5#1) [C:/Users/jcoel/Desktop/CR/ProjetoFinal/DistanciaEuclidiana/DistanciaEuclidiana.srcs/sources_1/bd/mb_design/synth/mb_design.vhd:360]
INFO: [Synth 8-638] synthesizing module 'm04_couplers_imp_1W8QG7M' [C:/Users/jcoel/Desktop/CR/ProjetoFinal/DistanciaEuclidiana/DistanciaEuclidiana.srcs/sources_1/bd/mb_design/synth/mb_design.vhd:461]
INFO: [Synth 8-256] done synthesizing module 'm04_couplers_imp_1W8QG7M' (6#1) [C:/Users/jcoel/Desktop/CR/ProjetoFinal/DistanciaEuclidiana/DistanciaEuclidiana.srcs/sources_1/bd/mb_design/synth/mb_design.vhd:461]
INFO: [Synth 8-638] synthesizing module 'm05_couplers_imp_9GBDFU' [C:/Users/jcoel/Desktop/CR/ProjetoFinal/DistanciaEuclidiana/DistanciaEuclidiana.srcs/sources_1/bd/mb_design/synth/mb_design.vhd:562]
INFO: [Synth 8-256] done synthesizing module 'm05_couplers_imp_9GBDFU' (7#1) [C:/Users/jcoel/Desktop/CR/ProjetoFinal/DistanciaEuclidiana/DistanciaEuclidiana.srcs/sources_1/bd/mb_design/synth/mb_design.vhd:562]
INFO: [Synth 8-638] synthesizing module 'm06_couplers_imp_ZVBXPF' [C:/Users/jcoel/Desktop/CR/ProjetoFinal/DistanciaEuclidiana/DistanciaEuclidiana.srcs/sources_1/bd/mb_design/synth/mb_design.vhd:663]
INFO: [Synth 8-256] done synthesizing module 'm06_couplers_imp_ZVBXPF' (8#1) [C:/Users/jcoel/Desktop/CR/ProjetoFinal/DistanciaEuclidiana/DistanciaEuclidiana.srcs/sources_1/bd/mb_design/synth/mb_design.vhd:663]
INFO: [Synth 8-638] synthesizing module 'm07_couplers_imp_O1I4VV' [C:/Users/jcoel/Desktop/CR/ProjetoFinal/DistanciaEuclidiana/DistanciaEuclidiana.srcs/sources_1/bd/mb_design/synth/mb_design.vhd:768]
INFO: [Synth 8-256] done synthesizing module 'm07_couplers_imp_O1I4VV' (9#1) [C:/Users/jcoel/Desktop/CR/ProjetoFinal/DistanciaEuclidiana/DistanciaEuclidiana.srcs/sources_1/bd/mb_design/synth/mb_design.vhd:768]
INFO: [Synth 8-638] synthesizing module 's00_couplers_imp_10TEBL8' [C:/Users/jcoel/Desktop/CR/ProjetoFinal/DistanciaEuclidiana/DistanciaEuclidiana.srcs/sources_1/bd/mb_design/synth/mb_design.vhd:1437]
INFO: [Synth 8-256] done synthesizing module 's00_couplers_imp_10TEBL8' (10#1) [C:/Users/jcoel/Desktop/CR/ProjetoFinal/DistanciaEuclidiana/DistanciaEuclidiana.srcs/sources_1/bd/mb_design/synth/mb_design.vhd:1437]
INFO: [Synth 8-638] synthesizing module 's01_couplers_imp_N4AVSK' [C:/Users/jcoel/Desktop/CR/ProjetoFinal/DistanciaEuclidiana/DistanciaEuclidiana.srcs/sources_1/bd/mb_design/synth/mb_design.vhd:1548]
INFO: [Synth 8-256] done synthesizing module 's01_couplers_imp_N4AVSK' (11#1) [C:/Users/jcoel/Desktop/CR/ProjetoFinal/DistanciaEuclidiana/DistanciaEuclidiana.srcs/sources_1/bd/mb_design/synth/mb_design.vhd:1548]
INFO: [Synth 8-3491] module 'mb_design_xbar_0' declared at 'C:/Users/jcoel/Desktop/CR/ProjetoFinal/DistanciaEuclidiana/DistanciaEuclidiana.runs/synth_1/.Xil/Vivado-8360-DESKTOP-T839HQ8/realtime/mb_design_xbar_0_stub.vhdl:5' bound to instance 'xbar' of component 'mb_design_xbar_0' [C:/Users/jcoel/Desktop/CR/ProjetoFinal/DistanciaEuclidiana/DistanciaEuclidiana.srcs/sources_1/bd/mb_design/synth/mb_design.vhd:2817]
INFO: [Synth 8-638] synthesizing module 'mb_design_xbar_0' [C:/Users/jcoel/Desktop/CR/ProjetoFinal/DistanciaEuclidiana/DistanciaEuclidiana.runs/synth_1/.Xil/Vivado-8360-DESKTOP-T839HQ8/realtime/mb_design_xbar_0_stub.vhdl:51]
INFO: [Synth 8-256] done synthesizing module 'mb_design_microblaze_0_axi_periph_0' (12#1) [C:/Users/jcoel/Desktop/CR/ProjetoFinal/DistanciaEuclidiana/DistanciaEuclidiana.srcs/sources_1/bd/mb_design/synth/mb_design.vhd:1815]
INFO: [Synth 8-638] synthesizing module 'microblaze_0_local_memory_imp_UIMIJC' [C:/Users/jcoel/Desktop/CR/ProjetoFinal/DistanciaEuclidiana/DistanciaEuclidiana.srcs/sources_1/bd/mb_design/synth/mb_design.vhd:858]
INFO: [Synth 8-3491] module 'mb_design_dlmb_bram_if_cntlr_0' declared at 'C:/Users/jcoel/Desktop/CR/ProjetoFinal/DistanciaEuclidiana/DistanciaEuclidiana.runs/synth_1/.Xil/Vivado-8360-DESKTOP-T839HQ8/realtime/mb_design_dlmb_bram_if_cntlr_0_stub.vhdl:5' bound to instance 'dlmb_bram_if_cntlr' of component 'mb_design_dlmb_bram_if_cntlr_0' [C:/Users/jcoel/Desktop/CR/ProjetoFinal/DistanciaEuclidiana/DistanciaEuclidiana.srcs/sources_1/bd/mb_design/synth/mb_design.vhd:1072]
INFO: [Synth 8-638] synthesizing module 'mb_design_dlmb_bram_if_cntlr_0' [C:/Users/jcoel/Desktop/CR/ProjetoFinal/DistanciaEuclidiana/DistanciaEuclidiana.runs/synth_1/.Xil/Vivado-8360-DESKTOP-T839HQ8/realtime/mb_design_dlmb_bram_if_cntlr_0_stub.vhdl:31]
INFO: [Synth 8-3491] module 'mb_design_dlmb_v10_0' declared at 'C:/Users/jcoel/Desktop/CR/ProjetoFinal/DistanciaEuclidiana/DistanciaEuclidiana.runs/synth_1/.Xil/Vivado-8360-DESKTOP-T839HQ8/realtime/mb_design_dlmb_v10_0_stub.vhdl:5' bound to instance 'dlmb_v10' of component 'mb_design_dlmb_v10_0' [C:/Users/jcoel/Desktop/CR/ProjetoFinal/DistanciaEuclidiana/DistanciaEuclidiana.srcs/sources_1/bd/mb_design/synth/mb_design.vhd:1126]
INFO: [Synth 8-638] synthesizing module 'mb_design_dlmb_v10_0' [C:/Users/jcoel/Desktop/CR/ProjetoFinal/DistanciaEuclidiana/DistanciaEuclidiana.runs/synth_1/.Xil/Vivado-8360-DESKTOP-T839HQ8/realtime/mb_design_dlmb_v10_0_stub.vhdl:36]
INFO: [Synth 8-3491] module 'mb_design_ilmb_bram_if_cntlr_0' declared at 'C:/Users/jcoel/Desktop/CR/ProjetoFinal/DistanciaEuclidiana/DistanciaEuclidiana.runs/synth_1/.Xil/Vivado-8360-DESKTOP-T839HQ8/realtime/mb_design_ilmb_bram_if_cntlr_0_stub.vhdl:5' bound to instance 'ilmb_bram_if_cntlr' of component 'mb_design_ilmb_bram_if_cntlr_0' [C:/Users/jcoel/Desktop/CR/ProjetoFinal/DistanciaEuclidiana/DistanciaEuclidiana.srcs/sources_1/bd/mb_design/synth/mb_design.vhd:1154]
INFO: [Synth 8-638] synthesizing module 'mb_design_ilmb_bram_if_cntlr_0' [C:/Users/jcoel/Desktop/CR/ProjetoFinal/DistanciaEuclidiana/DistanciaEuclidiana.runs/synth_1/.Xil/Vivado-8360-DESKTOP-T839HQ8/realtime/mb_design_ilmb_bram_if_cntlr_0_stub.vhdl:31]
INFO: [Synth 8-3491] module 'mb_design_ilmb_v10_0' declared at 'C:/Users/jcoel/Desktop/CR/ProjetoFinal/DistanciaEuclidiana/DistanciaEuclidiana.runs/synth_1/.Xil/Vivado-8360-DESKTOP-T839HQ8/realtime/mb_design_ilmb_v10_0_stub.vhdl:5' bound to instance 'ilmb_v10' of component 'mb_design_ilmb_v10_0' [C:/Users/jcoel/Desktop/CR/ProjetoFinal/DistanciaEuclidiana/DistanciaEuclidiana.srcs/sources_1/bd/mb_design/synth/mb_design.vhd:1208]
INFO: [Synth 8-638] synthesizing module 'mb_design_ilmb_v10_0' [C:/Users/jcoel/Desktop/CR/ProjetoFinal/DistanciaEuclidiana/DistanciaEuclidiana.runs/synth_1/.Xil/Vivado-8360-DESKTOP-T839HQ8/realtime/mb_design_ilmb_v10_0_stub.vhdl:36]
INFO: [Synth 8-3491] module 'mb_design_lmb_bram_0' declared at 'C:/Users/jcoel/Desktop/CR/ProjetoFinal/DistanciaEuclidiana/DistanciaEuclidiana.runs/synth_1/.Xil/Vivado-8360-DESKTOP-T839HQ8/realtime/mb_design_lmb_bram_0_stub.vhdl:5' bound to instance 'lmb_bram' of component 'mb_design_lmb_bram_0' [C:/Users/jcoel/Desktop/CR/ProjetoFinal/DistanciaEuclidiana/DistanciaEuclidiana.srcs/sources_1/bd/mb_design/synth/mb_design.vhd:1236]
INFO: [Synth 8-638] synthesizing module 'mb_design_lmb_bram_0' [C:/Users/jcoel/Desktop/CR/ProjetoFinal/DistanciaEuclidiana/DistanciaEuclidiana.runs/synth_1/.Xil/Vivado-8360-DESKTOP-T839HQ8/realtime/mb_design_lmb_bram_0_stub.vhdl:27]
INFO: [Synth 8-256] done synthesizing module 'microblaze_0_local_memory_imp_UIMIJC' (13#1) [C:/Users/jcoel/Desktop/CR/ProjetoFinal/DistanciaEuclidiana/DistanciaEuclidiana.srcs/sources_1/bd/mb_design/synth/mb_design.vhd:858]
INFO: [Synth 8-3491] module 'mb_design_microblaze_0_xlconcat_0' declared at 'c:/Users/jcoel/Desktop/CR/ProjetoFinal/DistanciaEuclidiana/DistanciaEuclidiana.srcs/sources_1/bd/mb_design/ip/mb_design_microblaze_0_xlconcat_0/synth/mb_design_microblaze_0_xlconcat_0.v:58' bound to instance 'microblaze_0_xlconcat' of component 'mb_design_microblaze_0_xlconcat_0' [C:/Users/jcoel/Desktop/CR/ProjetoFinal/DistanciaEuclidiana/DistanciaEuclidiana.srcs/sources_1/bd/mb_design/synth/mb_design.vhd:4396]
INFO: [Synth 8-6157] synthesizing module 'mb_design_microblaze_0_xlconcat_0' [c:/Users/jcoel/Desktop/CR/ProjetoFinal/DistanciaEuclidiana/DistanciaEuclidiana.srcs/sources_1/bd/mb_design/ip/mb_design_microblaze_0_xlconcat_0/synth/mb_design_microblaze_0_xlconcat_0.v:58]
INFO: [Synth 8-6157] synthesizing module 'xlconcat_v2_1_3_xlconcat' [c:/Users/jcoel/Desktop/CR/ProjetoFinal/DistanciaEuclidiana/DistanciaEuclidiana.srcs/sources_1/bd/mb_design/ipshared/442e/hdl/xlconcat_v2_1_vl_rfs.v:14]
	Parameter IN0_WIDTH bound to: 1 - type: integer 
	Parameter IN1_WIDTH bound to: 1 - type: integer 
	Parameter IN2_WIDTH bound to: 1 - type: integer 
	Parameter IN3_WIDTH bound to: 1 - type: integer 
	Parameter IN4_WIDTH bound to: 1 - type: integer 
	Parameter IN5_WIDTH bound to: 1 - type: integer 
	Parameter IN6_WIDTH bound to: 1 - type: integer 
	Parameter IN7_WIDTH bound to: 1 - type: integer 
	Parameter IN8_WIDTH bound to: 1 - type: integer 
	Parameter IN9_WIDTH bound to: 1 - type: integer 
	Parameter IN10_WIDTH bound to: 1 - type: integer 
	Parameter IN11_WIDTH bound to: 1 - type: integer 
	Parameter IN12_WIDTH bound to: 1 - type: integer 
	Parameter IN13_WIDTH bound to: 1 - type: integer 
	Parameter IN14_WIDTH bound to: 1 - type: integer 
	Parameter IN15_WIDTH bound to: 1 - type: integer 
	Parameter IN16_WIDTH bound to: 1 - type: integer 
	Parameter IN17_WIDTH bound to: 1 - type: integer 
	Parameter IN18_WIDTH bound to: 1 - type: integer 
	Parameter IN19_WIDTH bound to: 1 - type: integer 
	Parameter IN20_WIDTH bound to: 1 - type: integer 
	Parameter IN21_WIDTH bound to: 1 - type: integer 
	Parameter IN22_WIDTH bound to: 1 - type: integer 
	Parameter IN23_WIDTH bound to: 1 - type: integer 
	Parameter IN24_WIDTH bound to: 1 - type: integer 
	Parameter IN25_WIDTH bound to: 1 - type: integer 
	Parameter IN26_WIDTH bound to: 1 - type: integer 
	Parameter IN27_WIDTH bound to: 1 - type: integer 
	Parameter IN28_WIDTH bound to: 1 - type: integer 
	Parameter IN29_WIDTH bound to: 1 - type: integer 
	Parameter IN30_WIDTH bound to: 1 - type: integer 
	Parameter IN31_WIDTH bound to: 1 - type: integer 
	Parameter dout_width bound to: 5 - type: integer 
	Parameter NUM_PORTS bound to: 5 - type: integer 
INFO: [Synth 8-6155] done synthesizing module 'xlconcat_v2_1_3_xlconcat' (14#1) [c:/Users/jcoel/Desktop/CR/ProjetoFinal/DistanciaEuclidiana/DistanciaEuclidiana.srcs/sources_1/bd/mb_design/ipshared/442e/hdl/xlconcat_v2_1_vl_rfs.v:14]
INFO: [Synth 8-6155] done synthesizing module 'mb_design_microblaze_0_xlconcat_0' (15#1) [c:/Users/jcoel/Desktop/CR/ProjetoFinal/DistanciaEuclidiana/DistanciaEuclidiana.srcs/sources_1/bd/mb_design/ip/mb_design_microblaze_0_xlconcat_0/synth/mb_design_microblaze_0_xlconcat_0.v:58]
INFO: [Synth 8-3491] module 'mb_design_rst_clk_wiz_1_100M_0' declared at 'C:/Users/jcoel/Desktop/CR/ProjetoFinal/DistanciaEuclidiana/DistanciaEuclidiana.runs/synth_1/.Xil/Vivado-8360-DESKTOP-T839HQ8/realtime/mb_design_rst_clk_wiz_1_100M_0_stub.vhdl:5' bound to instance 'rst_clk_wiz_1_100M' of component 'mb_design_rst_clk_wiz_1_100M_0' [C:/Users/jcoel/Desktop/CR/ProjetoFinal/DistanciaEuclidiana/DistanciaEuclidiana.srcs/sources_1/bd/mb_design/synth/mb_design.vhd:4405]
INFO: [Synth 8-638] synthesizing module 'mb_design_rst_clk_wiz_1_100M_0' [C:/Users/jcoel/Desktop/CR/ProjetoFinal/DistanciaEuclidiana/DistanciaEuclidiana.runs/synth_1/.Xil/Vivado-8360-DESKTOP-T839HQ8/realtime/mb_design_rst_clk_wiz_1_100M_0_stub.vhdl:21]
INFO: [Synth 8-256] done synthesizing module 'mb_design' (16#1) [C:/Users/jcoel/Desktop/CR/ProjetoFinal/DistanciaEuclidiana/DistanciaEuclidiana.srcs/sources_1/bd/mb_design/synth/mb_design.vhd:3129]
INFO: [Synth 8-3491] module 'IOBUF' declared at 'C:/Xilinx/Vivado/2019.2/scripts/rt/data/unisim_comp.v:36196' bound to instance 'seven_seg_led_an_tri_iobuf_0' of component 'IOBUF' [C:/Users/jcoel/Desktop/CR/ProjetoFinal/DistanciaEuclidiana/DistanciaEuclidiana.srcs/sources_1/bd/mb_design/hdl/mb_design_wrapper.vhd:458]
INFO: [Synth 8-3491] module 'IOBUF' declared at 'C:/Xilinx/Vivado/2019.2/scripts/rt/data/unisim_comp.v:36196' bound to instance 'seven_seg_led_an_tri_iobuf_1' of component 'IOBUF' [C:/Users/jcoel/Desktop/CR/ProjetoFinal/DistanciaEuclidiana/DistanciaEuclidiana.srcs/sources_1/bd/mb_design/hdl/mb_design_wrapper.vhd:465]
INFO: [Synth 8-3491] module 'IOBUF' declared at 'C:/Xilinx/Vivado/2019.2/scripts/rt/data/unisim_comp.v:36196' bound to instance 'seven_seg_led_an_tri_iobuf_2' of component 'IOBUF' [C:/Users/jcoel/Desktop/CR/ProjetoFinal/DistanciaEuclidiana/DistanciaEuclidiana.srcs/sources_1/bd/mb_design/hdl/mb_design_wrapper.vhd:472]
INFO: [Synth 8-3491] module 'IOBUF' declared at 'C:/Xilinx/Vivado/2019.2/scripts/rt/data/unisim_comp.v:36196' bound to instance 'seven_seg_led_an_tri_iobuf_3' of component 'IOBUF' [C:/Users/jcoel/Desktop/CR/ProjetoFinal/DistanciaEuclidiana/DistanciaEuclidiana.srcs/sources_1/bd/mb_design/hdl/mb_design_wrapper.vhd:479]
INFO: [Synth 8-3491] module 'IOBUF' declared at 'C:/Xilinx/Vivado/2019.2/scripts/rt/data/unisim_comp.v:36196' bound to instance 'seven_seg_led_an_tri_iobuf_4' of component 'IOBUF' [C:/Users/jcoel/Desktop/CR/ProjetoFinal/DistanciaEuclidiana/DistanciaEuclidiana.srcs/sources_1/bd/mb_design/hdl/mb_design_wrapper.vhd:486]
INFO: [Synth 8-3491] module 'IOBUF' declared at 'C:/Xilinx/Vivado/2019.2/scripts/rt/data/unisim_comp.v:36196' bound to instance 'seven_seg_led_an_tri_iobuf_5' of component 'IOBUF' [C:/Users/jcoel/Desktop/CR/ProjetoFinal/DistanciaEuclidiana/DistanciaEuclidiana.srcs/sources_1/bd/mb_design/hdl/mb_design_wrapper.vhd:493]
INFO: [Synth 8-3491] module 'IOBUF' declared at 'C:/Xilinx/Vivado/2019.2/scripts/rt/data/unisim_comp.v:36196' bound to instance 'seven_seg_led_an_tri_iobuf_6' of component 'IOBUF' [C:/Users/jcoel/Desktop/CR/ProjetoFinal/DistanciaEuclidiana/DistanciaEuclidiana.srcs/sources_1/bd/mb_design/hdl/mb_design_wrapper.vhd:500]
INFO: [Synth 8-3491] module 'IOBUF' declared at 'C:/Xilinx/Vivado/2019.2/scripts/rt/data/unisim_comp.v:36196' bound to instance 'seven_seg_led_an_tri_iobuf_7' of component 'IOBUF' [C:/Users/jcoel/Desktop/CR/ProjetoFinal/DistanciaEuclidiana/DistanciaEuclidiana.srcs/sources_1/bd/mb_design/hdl/mb_design_wrapper.vhd:507]
INFO: [Synth 8-256] done synthesizing module 'mb_design_wrapper' (17#1) [C:/Users/jcoel/Desktop/CR/ProjetoFinal/DistanciaEuclidiana/DistanciaEuclidiana.srcs/sources_1/bd/mb_design/hdl/mb_design_wrapper.vhd:28]
WARNING: [Synth 8-3331] design xlconcat_v2_1_3_xlconcat has unconnected port In5[0]
WARNING: [Synth 8-3331] design xlconcat_v2_1_3_xlconcat has unconnected port In6[0]
WARNING: [Synth 8-3331] design xlconcat_v2_1_3_xlconcat has unconnected port In7[0]
WARNING: [Synth 8-3331] design xlconcat_v2_1_3_xlconcat has unconnected port In8[0]
WARNING: [Synth 8-3331] design xlconcat_v2_1_3_xlconcat has unconnected port In9[0]
WARNING: [Synth 8-3331] design xlconcat_v2_1_3_xlconcat has unconnected port In10[0]
WARNING: [Synth 8-3331] design xlconcat_v2_1_3_xlconcat has unconnected port In11[0]
WARNING: [Synth 8-3331] design xlconcat_v2_1_3_xlconcat has unconnected port In12[0]
WARNING: [Synth 8-3331] design xlconcat_v2_1_3_xlconcat has unconnected port In13[0]
WARNING: [Synth 8-3331] design xlconcat_v2_1_3_xlconcat has unconnected port In14[0]
WARNING: [Synth 8-3331] design xlconcat_v2_1_3_xlconcat has unconnected port In15[0]
WARNING: [Synth 8-3331] design xlconcat_v2_1_3_xlconcat has unconnected port In16[0]
WARNING: [Synth 8-3331] design xlconcat_v2_1_3_xlconcat has unconnected port In17[0]
WARNING: [Synth 8-3331] design xlconcat_v2_1_3_xlconcat has unconnected port In18[0]
WARNING: [Synth 8-3331] design xlconcat_v2_1_3_xlconcat has unconnected port In19[0]
WARNING: [Synth 8-3331] design xlconcat_v2_1_3_xlconcat has unconnected port In20[0]
WARNING: [Synth 8-3331] design xlconcat_v2_1_3_xlconcat has unconnected port In21[0]
WARNING: [Synth 8-3331] design xlconcat_v2_1_3_xlconcat has unconnected port In22[0]
WARNING: [Synth 8-3331] design xlconcat_v2_1_3_xlconcat has unconnected port In23[0]
WARNING: [Synth 8-3331] design xlconcat_v2_1_3_xlconcat has unconnected port In24[0]
WARNING: [Synth 8-3331] design xlconcat_v2_1_3_xlconcat has unconnected port In25[0]
WARNING: [Synth 8-3331] design xlconcat_v2_1_3_xlconcat has unconnected port In26[0]
WARNING: [Synth 8-3331] design xlconcat_v2_1_3_xlconcat has unconnected port In27[0]
WARNING: [Synth 8-3331] design xlconcat_v2_1_3_xlconcat has unconnected port In28[0]
WARNING: [Synth 8-3331] design xlconcat_v2_1_3_xlconcat has unconnected port In29[0]
WARNING: [Synth 8-3331] design xlconcat_v2_1_3_xlconcat has unconnected port In30[0]
WARNING: [Synth 8-3331] design xlconcat_v2_1_3_xlconcat has unconnected port In31[0]
WARNING: [Synth 8-3331] design s01_couplers_imp_N4AVSK has unconnected port M_ACLK
WARNING: [Synth 8-3331] design s01_couplers_imp_N4AVSK has unconnected port M_ARESETN
WARNING: [Synth 8-3331] design s01_couplers_imp_N4AVSK has unconnected port S_ACLK
WARNING: [Synth 8-3331] design s01_couplers_imp_N4AVSK has unconnected port S_ARESETN
WARNING: [Synth 8-3331] design s00_couplers_imp_10TEBL8 has unconnected port M_ACLK
WARNING: [Synth 8-3331] design s00_couplers_imp_10TEBL8 has unconnected port M_ARESETN
WARNING: [Synth 8-3331] design s00_couplers_imp_10TEBL8 has unconnected port S_ACLK
WARNING: [Synth 8-3331] design s00_couplers_imp_10TEBL8 has unconnected port S_ARESETN
WARNING: [Synth 8-3331] design m07_couplers_imp_O1I4VV has unconnected port M_ACLK
WARNING: [Synth 8-3331] design m07_couplers_imp_O1I4VV has unconnected port M_ARESETN
WARNING: [Synth 8-3331] design m07_couplers_imp_O1I4VV has unconnected port S_ACLK
WARNING: [Synth 8-3331] design m07_couplers_imp_O1I4VV has unconnected port S_ARESETN
WARNING: [Synth 8-3331] design m06_couplers_imp_ZVBXPF has unconnected port M_ACLK
WARNING: [Synth 8-3331] design m06_couplers_imp_ZVBXPF has unconnected port M_ARESETN
WARNING: [Synth 8-3331] design m06_couplers_imp_ZVBXPF has unconnected port S_ACLK
WARNING: [Synth 8-3331] design m06_couplers_imp_ZVBXPF has unconnected port S_ARESETN
WARNING: [Synth 8-3331] design m05_couplers_imp_9GBDFU has unconnected port M_ACLK
WARNING: [Synth 8-3331] design m05_couplers_imp_9GBDFU has unconnected port M_ARESETN
WARNING: [Synth 8-3331] design m05_couplers_imp_9GBDFU has unconnected port S_ACLK
WARNING: [Synth 8-3331] design m05_couplers_imp_9GBDFU has unconnected port S_ARESETN
WARNING: [Synth 8-3331] design m04_couplers_imp_1W8QG7M has unconnected port M_ACLK
WARNING: [Synth 8-3331] design m04_couplers_imp_1W8QG7M has unconnected port M_ARESETN
WARNING: [Synth 8-3331] design m04_couplers_imp_1W8QG7M has unconnected port S_ACLK
WARNING: [Synth 8-3331] design m04_couplers_imp_1W8QG7M has unconnected port S_ARESETN
WARNING: [Synth 8-3331] design m03_couplers_imp_1H7VOBD has unconnected port M_ACLK
WARNING: [Synth 8-3331] design m03_couplers_imp_1H7VOBD has unconnected port M_ARESETN
WARNING: [Synth 8-3331] design m03_couplers_imp_1H7VOBD has unconnected port S_ACLK
WARNING: [Synth 8-3331] design m03_couplers_imp_1H7VOBD has unconnected port S_ARESETN
WARNING: [Synth 8-3331] design m02_couplers_imp_SWOCXT has unconnected port M_ACLK
WARNING: [Synth 8-3331] design m02_couplers_imp_SWOCXT has unconnected port M_ARESETN
WARNING: [Synth 8-3331] design m02_couplers_imp_SWOCXT has unconnected port S_ACLK
WARNING: [Synth 8-3331] design m02_couplers_imp_SWOCXT has unconnected port S_ARESETN
WARNING: [Synth 8-3331] design m01_couplers_imp_1KGGRVS has unconnected port M_ACLK
WARNING: [Synth 8-3331] design m01_couplers_imp_1KGGRVS has unconnected port M_ARESETN
WARNING: [Synth 8-3331] design m01_couplers_imp_1KGGRVS has unconnected port S_ACLK
WARNING: [Synth 8-3331] design m01_couplers_imp_1KGGRVS has unconnected port S_ARESETN
WARNING: [Synth 8-3331] design m00_couplers_imp_7XQVZK has unconnected port M_ACLK
WARNING: [Synth 8-3331] design m00_couplers_imp_7XQVZK has unconnected port M_ARESETN
WARNING: [Synth 8-3331] design m00_couplers_imp_7XQVZK has unconnected port S_ACLK
WARNING: [Synth 8-3331] design m00_couplers_imp_7XQVZK has unconnected port S_ARESETN
WARNING: [Synth 8-3331] design mb_design_microblaze_0_axi_periph_0 has unconnected port M00_ACLK
WARNING: [Synth 8-3331] design mb_design_microblaze_0_axi_periph_0 has unconnected port M00_ARESETN
WARNING: [Synth 8-3331] design mb_design_microblaze_0_axi_periph_0 has unconnected port M01_ACLK
WARNING: [Synth 8-3331] design mb_design_microblaze_0_axi_periph_0 has unconnected port M01_ARESETN
WARNING: [Synth 8-3331] design mb_design_microblaze_0_axi_periph_0 has unconnected port M02_ACLK
WARNING: [Synth 8-3331] design mb_design_microblaze_0_axi_periph_0 has unconnected port M02_ARESETN
WARNING: [Synth 8-3331] design mb_design_microblaze_0_axi_periph_0 has unconnected port M03_ACLK
WARNING: [Synth 8-3331] design mb_design_microblaze_0_axi_periph_0 has unconnected port M03_ARESETN
WARNING: [Synth 8-3331] design mb_design_microblaze_0_axi_periph_0 has unconnected port M04_ACLK
WARNING: [Synth 8-3331] design mb_design_microblaze_0_axi_periph_0 has unconnected port M04_ARESETN
WARNING: [Synth 8-3331] design mb_design_microblaze_0_axi_periph_0 has unconnected port M05_ACLK
WARNING: [Synth 8-3331] design mb_design_microblaze_0_axi_periph_0 has unconnected port M05_ARESETN
WARNING: [Synth 8-3331] design mb_design_microblaze_0_axi_periph_0 has unconnected port M06_ACLK
WARNING: [Synth 8-3331] design mb_design_microblaze_0_axi_periph_0 has unconnected port M06_ARESETN
WARNING: [Synth 8-3331] design mb_design_microblaze_0_axi_periph_0 has unconnected port M07_ACLK
WARNING: [Synth 8-3331] design mb_design_microblaze_0_axi_periph_0 has unconnected port M07_ARESETN
WARNING: [Synth 8-3331] design mb_design_microblaze_0_axi_periph_0 has unconnected port S00_ACLK
WARNING: [Synth 8-3331] design mb_design_microblaze_0_axi_periph_0 has unconnected port S00_ARESETN
WARNING: [Synth 8-3331] design mb_design_microblaze_0_axi_periph_0 has unconnected port S01_ACLK
WARNING: [Synth 8-3331] design mb_design_microblaze_0_axi_periph_0 has unconnected port S01_ARESETN
---------------------------------------------------------------------------------
Finished RTL Elaboration : Time (s): cpu = 00:00:08 ; elapsed = 00:00:09 . Memory (MB): peak = 944.625 ; gain = 315.590
---------------------------------------------------------------------------------

Report Check Netlist: 
+------+------------------+-------+---------+-------+------------------+
|      |Item              |Errors |Warnings |Status |Description       |
+------+------------------+-------+---------+-------+------------------+
|1     |multi_driven_nets |      0|        0|Passed |Multi driven nets |
+------+------------------+-------+---------+-------+------------------+
---------------------------------------------------------------------------------
Start Handling Custom Attributes
---------------------------------------------------------------------------------
---------------------------------------------------------------------------------
Finished Handling Custom Attributes : Time (s): cpu = 00:00:09 ; elapsed = 00:00:16 . Memory (MB): peak = 944.625 ; gain = 315.590
---------------------------------------------------------------------------------
---------------------------------------------------------------------------------
Finished RTL Optimization Phase 1 : Time (s): cpu = 00:00:09 ; elapsed = 00:00:16 . Memory (MB): peak = 944.625 ; gain = 315.590
---------------------------------------------------------------------------------
Netlist sorting complete. Time (s): cpu = 00:00:00 ; elapsed = 00:00:00.086 . Memory (MB): peak = 944.625 ; gain = 0.000
INFO: [Netlist 29-17] Analyzing 32 Unisim elements for replacement
INFO: [Netlist 29-28] Unisim Transformation completed in 0 CPU seconds
INFO: [Project 1-570] Preparing netlist for logic optimization

Processing XDC Constraints
Initializing timing engine
Parsing XDC File [c:/Users/jcoel/Desktop/CR/ProjetoFinal/DistanciaEuclidiana/DistanciaEuclidiana.srcs/sources_1/bd/mb_design/ip/mb_design_microblaze_0_0/mb_design_microblaze_0_0/mb_design_microblaze_0_0_in_context.xdc] for cell 'mb_design_i/microblaze_0'
Finished Parsing XDC File [c:/Users/jcoel/Desktop/CR/ProjetoFinal/DistanciaEuclidiana/DistanciaEuclidiana.srcs/sources_1/bd/mb_design/ip/mb_design_microblaze_0_0/mb_design_microblaze_0_0/mb_design_microblaze_0_0_in_context.xdc] for cell 'mb_design_i/microblaze_0'
Parsing XDC File [c:/Users/jcoel/Desktop/CR/ProjetoFinal/DistanciaEuclidiana/DistanciaEuclidiana.srcs/sources_1/bd/mb_design/ip/mb_design_dlmb_v10_0/mb_design_dlmb_v10_0/mb_design_dlmb_v10_0_in_context.xdc] for cell 'mb_design_i/microblaze_0_local_memory/dlmb_v10'
Finished Parsing XDC File [c:/Users/jcoel/Desktop/CR/ProjetoFinal/DistanciaEuclidiana/DistanciaEuclidiana.srcs/sources_1/bd/mb_design/ip/mb_design_dlmb_v10_0/mb_design_dlmb_v10_0/mb_design_dlmb_v10_0_in_context.xdc] for cell 'mb_design_i/microblaze_0_local_memory/dlmb_v10'
Parsing XDC File [c:/Users/jcoel/Desktop/CR/ProjetoFinal/DistanciaEuclidiana/DistanciaEuclidiana.srcs/sources_1/bd/mb_design/ip/mb_design_ilmb_v10_0/mb_design_ilmb_v10_0/mb_design_dlmb_v10_0_in_context.xdc] for cell 'mb_design_i/microblaze_0_local_memory/ilmb_v10'
Finished Parsing XDC File [c:/Users/jcoel/Desktop/CR/ProjetoFinal/DistanciaEuclidiana/DistanciaEuclidiana.srcs/sources_1/bd/mb_design/ip/mb_design_ilmb_v10_0/mb_design_ilmb_v10_0/mb_design_dlmb_v10_0_in_context.xdc] for cell 'mb_design_i/microblaze_0_local_memory/ilmb_v10'
Parsing XDC File [c:/Users/jcoel/Desktop/CR/ProjetoFinal/DistanciaEuclidiana/DistanciaEuclidiana.srcs/sources_1/bd/mb_design/ip/mb_design_dlmb_bram_if_cntlr_0/mb_design_dlmb_bram_if_cntlr_0/mb_design_dlmb_bram_if_cntlr_0_in_context.xdc] for cell 'mb_design_i/microblaze_0_local_memory/dlmb_bram_if_cntlr'
Finished Parsing XDC File [c:/Users/jcoel/Desktop/CR/ProjetoFinal/DistanciaEuclidiana/DistanciaEuclidiana.srcs/sources_1/bd/mb_design/ip/mb_design_dlmb_bram_if_cntlr_0/mb_design_dlmb_bram_if_cntlr_0/mb_design_dlmb_bram_if_cntlr_0_in_context.xdc] for cell 'mb_design_i/microblaze_0_local_memory/dlmb_bram_if_cntlr'
Parsing XDC File [c:/Users/jcoel/Desktop/CR/ProjetoFinal/DistanciaEuclidiana/DistanciaEuclidiana.srcs/sources_1/bd/mb_design/ip/mb_design_ilmb_bram_if_cntlr_0/mb_design_ilmb_bram_if_cntlr_0/mb_design_ilmb_bram_if_cntlr_0_in_context.xdc] for cell 'mb_design_i/microblaze_0_local_memory/ilmb_bram_if_cntlr'
Finished Parsing XDC File [c:/Users/jcoel/Desktop/CR/ProjetoFinal/DistanciaEuclidiana/DistanciaEuclidiana.srcs/sources_1/bd/mb_design/ip/mb_design_ilmb_bram_if_cntlr_0/mb_design_ilmb_bram_if_cntlr_0/mb_design_ilmb_bram_if_cntlr_0_in_context.xdc] for cell 'mb_design_i/microblaze_0_local_memory/ilmb_bram_if_cntlr'
Parsing XDC File [c:/Users/jcoel/Desktop/CR/ProjetoFinal/DistanciaEuclidiana/DistanciaEuclidiana.srcs/sources_1/bd/mb_design/ip/mb_design_lmb_bram_0/mb_design_lmb_bram_0/mb_design_lmb_bram_0_in_context.xdc] for cell 'mb_design_i/microblaze_0_local_memory/lmb_bram'
Finished Parsing XDC File [c:/Users/jcoel/Desktop/CR/ProjetoFinal/DistanciaEuclidiana/DistanciaEuclidiana.srcs/sources_1/bd/mb_design/ip/mb_design_lmb_bram_0/mb_design_lmb_bram_0/mb_design_lmb_bram_0_in_context.xdc] for cell 'mb_design_i/microblaze_0_local_memory/lmb_bram'
Parsing XDC File [c:/Users/jcoel/Desktop/CR/ProjetoFinal/DistanciaEuclidiana/DistanciaEuclidiana.srcs/sources_1/bd/mb_design/ip/mb_design_xbar_0/mb_design_xbar_0/mb_design_xbar_0_in_context.xdc] for cell 'mb_design_i/microblaze_0_axi_periph/xbar'
Finished Parsing XDC File [c:/Users/jcoel/Desktop/CR/ProjetoFinal/DistanciaEuclidiana/DistanciaEuclidiana.srcs/sources_1/bd/mb_design/ip/mb_design_xbar_0/mb_design_xbar_0/mb_design_xbar_0_in_context.xdc] for cell 'mb_design_i/microblaze_0_axi_periph/xbar'
Parsing XDC File [c:/Users/jcoel/Desktop/CR/ProjetoFinal/DistanciaEuclidiana/DistanciaEuclidiana.srcs/sources_1/bd/mb_design/ip/mb_design_microblaze_0_axi_intc_0/mb_design_microblaze_0_axi_intc_0/mb_design_microblaze_0_axi_intc_0_in_context.xdc] for cell 'mb_design_i/microblaze_0_axi_intc'
Finished Parsing XDC File [c:/Users/jcoel/Desktop/CR/ProjetoFinal/DistanciaEuclidiana/DistanciaEuclidiana.srcs/sources_1/bd/mb_design/ip/mb_design_microblaze_0_axi_intc_0/mb_design_microblaze_0_axi_intc_0/mb_design_microblaze_0_axi_intc_0_in_context.xdc] for cell 'mb_design_i/microblaze_0_axi_intc'
Parsing XDC File [c:/Users/jcoel/Desktop/CR/ProjetoFinal/DistanciaEuclidiana/DistanciaEuclidiana.srcs/sources_1/bd/mb_design/ip/mb_design_mdm_1_0/mb_design_mdm_1_0/mb_design_mdm_1_0_in_context.xdc] for cell 'mb_design_i/mdm_1'
Finished Parsing XDC File [c:/Users/jcoel/Desktop/CR/ProjetoFinal/DistanciaEuclidiana/DistanciaEuclidiana.srcs/sources_1/bd/mb_design/ip/mb_design_mdm_1_0/mb_design_mdm_1_0/mb_design_mdm_1_0_in_context.xdc] for cell 'mb_design_i/mdm_1'
Parsing XDC File [c:/Users/jcoel/Desktop/CR/ProjetoFinal/DistanciaEuclidiana/DistanciaEuclidiana.srcs/sources_1/bd/mb_design/ip/mb_design_clk_wiz_1_0/mb_design_clk_wiz_1_0/mb_design_clk_wiz_1_0_in_context.xdc] for cell 'mb_design_i/clk_wiz_1'
Finished Parsing XDC File [c:/Users/jcoel/Desktop/CR/ProjetoFinal/DistanciaEuclidiana/DistanciaEuclidiana.srcs/sources_1/bd/mb_design/ip/mb_design_clk_wiz_1_0/mb_design_clk_wiz_1_0/mb_design_clk_wiz_1_0_in_context.xdc] for cell 'mb_design_i/clk_wiz_1'
Parsing XDC File [c:/Users/jcoel/Desktop/CR/ProjetoFinal/DistanciaEuclidiana/DistanciaEuclidiana.srcs/sources_1/bd/mb_design/ip/mb_design_rst_clk_wiz_1_100M_0/mb_design_rst_clk_wiz_1_100M_0/mb_design_rst_clk_wiz_1_100M_0_in_context.xdc] for cell 'mb_design_i/rst_clk_wiz_1_100M'
Finished Parsing XDC File [c:/Users/jcoel/Desktop/CR/ProjetoFinal/DistanciaEuclidiana/DistanciaEuclidiana.srcs/sources_1/bd/mb_design/ip/mb_design_rst_clk_wiz_1_100M_0/mb_design_rst_clk_wiz_1_100M_0/mb_design_rst_clk_wiz_1_100M_0_in_context.xdc] for cell 'mb_design_i/rst_clk_wiz_1_100M'
Parsing XDC File [c:/Users/jcoel/Desktop/CR/ProjetoFinal/DistanciaEuclidiana/DistanciaEuclidiana.srcs/sources_1/bd/mb_design/ip/mb_design_axi_gpio_0_0/mb_design_axi_gpio_0_0/mb_design_axi_gpio_0_0_in_context.xdc] for cell 'mb_design_i/axi_gpio_buttons'
Finished Parsing XDC File [c:/Users/jcoel/Desktop/CR/ProjetoFinal/DistanciaEuclidiana/DistanciaEuclidiana.srcs/sources_1/bd/mb_design/ip/mb_design_axi_gpio_0_0/mb_design_axi_gpio_0_0/mb_design_axi_gpio_0_0_in_context.xdc] for cell 'mb_design_i/axi_gpio_buttons'
Parsing XDC File [c:/Users/jcoel/Desktop/CR/ProjetoFinal/DistanciaEuclidiana/DistanciaEuclidiana.srcs/sources_1/bd/mb_design/ip/mb_design_axi_gpio_1_0/mb_design_axi_gpio_1_0/mb_design_axi_gpio_1_0_in_context.xdc] for cell 'mb_design_i/axi_gpio_switches'
Finished Parsing XDC File [c:/Users/jcoel/Desktop/CR/ProjetoFinal/DistanciaEuclidiana/DistanciaEuclidiana.srcs/sources_1/bd/mb_design/ip/mb_design_axi_gpio_1_0/mb_design_axi_gpio_1_0/mb_design_axi_gpio_1_0_in_context.xdc] for cell 'mb_design_i/axi_gpio_switches'
Parsing XDC File [c:/Users/jcoel/Desktop/CR/ProjetoFinal/DistanciaEuclidiana/DistanciaEuclidiana.srcs/sources_1/bd/mb_design/ip/mb_design_axi_gpio_2_0/mb_design_axi_gpio_2_0/mb_design_axi_gpio_2_0_in_context.xdc] for cell 'mb_design_i/axi_gpio_leds'
Finished Parsing XDC File [c:/Users/jcoel/Desktop/CR/ProjetoFinal/DistanciaEuclidiana/DistanciaEuclidiana.srcs/sources_1/bd/mb_design/ip/mb_design_axi_gpio_2_0/mb_design_axi_gpio_2_0/mb_design_axi_gpio_2_0_in_context.xdc] for cell 'mb_design_i/axi_gpio_leds'
Parsing XDC File [c:/Users/jcoel/Desktop/CR/ProjetoFinal/DistanciaEuclidiana/DistanciaEuclidiana.srcs/sources_1/bd/mb_design/ip/mb_design_axi_gpio_3_0/mb_design_axi_gpio_3_0/mb_design_axi_gpio_3_0_in_context.xdc] for cell 'mb_design_i/axi_gpio_display'
Finished Parsing XDC File [c:/Users/jcoel/Desktop/CR/ProjetoFinal/DistanciaEuclidiana/DistanciaEuclidiana.srcs/sources_1/bd/mb_design/ip/mb_design_axi_gpio_3_0/mb_design_axi_gpio_3_0/mb_design_axi_gpio_3_0_in_context.xdc] for cell 'mb_design_i/axi_gpio_display'
Parsing XDC File [c:/Users/jcoel/Desktop/CR/ProjetoFinal/DistanciaEuclidiana/DistanciaEuclidiana.srcs/sources_1/bd/mb_design/ip/mb_design_axi_uartlite_0_0/mb_design_axi_uartlite_0_0/mb_design_axi_uartlite_0_0_in_context.xdc] for cell 'mb_design_i/axi_uartlite_0'
Finished Parsing XDC File [c:/Users/jcoel/Desktop/CR/ProjetoFinal/DistanciaEuclidiana/DistanciaEuclidiana.srcs/sources_1/bd/mb_design/ip/mb_design_axi_uartlite_0_0/mb_design_axi_uartlite_0_0/mb_design_axi_uartlite_0_0_in_context.xdc] for cell 'mb_design_i/axi_uartlite_0'
Parsing XDC File [c:/Users/jcoel/Desktop/CR/ProjetoFinal/DistanciaEuclidiana/DistanciaEuclidiana.srcs/sources_1/bd/mb_design/ip/mb_design_axi_timer_0_0/mb_design_axi_timer_0_0/mb_design_axi_timer_0_0_in_context.xdc] for cell 'mb_design_i/axi_timer_0'
Finished Parsing XDC File [c:/Users/jcoel/Desktop/CR/ProjetoFinal/DistanciaEuclidiana/DistanciaEuclidiana.srcs/sources_1/bd/mb_design/ip/mb_design_axi_timer_0_0/mb_design_axi_timer_0_0/mb_design_axi_timer_0_0_in_context.xdc] for cell 'mb_design_i/axi_timer_0'
Parsing XDC File [c:/Users/jcoel/Desktop/CR/ProjetoFinal/DistanciaEuclidiana/DistanciaEuclidiana.srcs/sources_1/bd/mb_design/ip/mb_design_fit_timer_0_0/mb_design_fit_timer_0_0/mb_design_fit_timer_0_0_in_context.xdc] for cell 'mb_design_i/fit_timer_0'
Finished Parsing XDC File [c:/Users/jcoel/Desktop/CR/ProjetoFinal/DistanciaEuclidiana/DistanciaEuclidiana.srcs/sources_1/bd/mb_design/ip/mb_design_fit_timer_0_0/mb_design_fit_timer_0_0/mb_design_fit_timer_0_0_in_context.xdc] for cell 'mb_design_i/fit_timer_0'
Parsing XDC File [c:/Users/jcoel/Desktop/CR/ProjetoFinal/DistanciaEuclidiana/DistanciaEuclidiana.srcs/sources_1/bd/mb_design/ip/mb_design_DistanciaEuclidiana_0_1/mb_design_DistanciaEuclidiana_0_1/mb_design_DistanciaEuclidiana_0_1_in_context.xdc] for cell 'mb_design_i/DistanciaEuclidiana_0'
Finished Parsing XDC File [c:/Users/jcoel/Desktop/CR/ProjetoFinal/DistanciaEuclidiana/DistanciaEuclidiana.srcs/sources_1/bd/mb_design/ip/mb_design_DistanciaEuclidiana_0_1/mb_design_DistanciaEuclidiana_0_1/mb_design_DistanciaEuclidiana_0_1_in_context.xdc] for cell 'mb_design_i/DistanciaEuclidiana_0'
Parsing XDC File [C:/Users/jcoel/Desktop/CR/ProjetoFinal/DistanciaEuclidiana/DistanciaEuclidiana.runs/synth_1/dont_touch.xdc]
Finished Parsing XDC File [C:/Users/jcoel/Desktop/CR/ProjetoFinal/DistanciaEuclidiana/DistanciaEuclidiana.runs/synth_1/dont_touch.xdc]
Completed Processing XDC Constraints

Netlist sorting complete. Time (s): cpu = 00:00:00 ; elapsed = 00:00:00 . Memory (MB): peak = 997.281 ; gain = 0.000
INFO: [Project 1-111] Unisim Transformation Summary:
  A total of 32 instances were transformed.
  IOBUF => IOBUF (IBUF, OBUFT): 32 instances

Constraint Validation Runtime : Time (s): cpu = 00:00:00 ; elapsed = 00:00:00.092 . Memory (MB): peak = 997.281 ; gain = 0.000
WARNING: [Timing 38-316] Clock period '20.000' specified during out-of-context synthesis of instance 'mb_design_i/microblaze_0_local_memory/lmb_bram' at clock pin 'clka' is different from the actual clock period '10.000', this can lead to different synthesis results.
---------------------------------------------------------------------------------
Finished Constraint Validation : Time (s): cpu = 00:00:18 ; elapsed = 00:00:28 . Memory (MB): peak = 1008.934 ; gain = 379.898
---------------------------------------------------------------------------------
---------------------------------------------------------------------------------
Start Loading Part and Timing Information
---------------------------------------------------------------------------------
Loading part: xc7a100tcsg324-1
---------------------------------------------------------------------------------
Finished Loading Part and Timing Information : Time (s): cpu = 00:00:18 ; elapsed = 00:00:28 . Memory (MB): peak = 1008.934 ; gain = 379.898
---------------------------------------------------------------------------------
---------------------------------------------------------------------------------
Start Applying 'set_property' XDC Constraints
---------------------------------------------------------------------------------
Applied set_property IO_BUFFER_TYPE = NONE for sys_clock. (constraint file  c:/Users/jcoel/Desktop/CR/ProjetoFinal/DistanciaEuclidiana/DistanciaEuclidiana.srcs/sources_1/bd/mb_design/ip/mb_design_clk_wiz_1_0/mb_design_clk_wiz_1_0/mb_design_clk_wiz_1_0_in_context.xdc, line 3).
Applied set_property CLOCK_BUFFER_TYPE = NONE for sys_clock. (constraint file  c:/Users/jcoel/Desktop/CR/ProjetoFinal/DistanciaEuclidiana/DistanciaEuclidiana.srcs/sources_1/bd/mb_design/ip/mb_design_clk_wiz_1_0/mb_design_clk_wiz_1_0/mb_design_clk_wiz_1_0_in_context.xdc, line 4).
Applied set_property DONT_TOUCH = true for mb_design_i. (constraint file  auto generated constraint, line ).
Applied set_property DONT_TOUCH = true for mb_design_i/microblaze_0. (constraint file  auto generated constraint, line ).
Applied set_property DONT_TOUCH = true for mb_design_i/microblaze_0_local_memory/dlmb_v10. (constraint file  auto generated constraint, line ).
Applied set_property DONT_TOUCH = true for mb_design_i/microblaze_0_local_memory/ilmb_v10. (constraint file  auto generated constraint, line ).
Applied set_property DONT_TOUCH = true for mb_design_i/microblaze_0_local_memory/dlmb_bram_if_cntlr. (constraint file  auto generated constraint, line ).
Applied set_property DONT_TOUCH = true for mb_design_i/microblaze_0_local_memory/ilmb_bram_if_cntlr. (constraint file  auto generated constraint, line ).
Applied set_property DONT_TOUCH = true for mb_design_i/microblaze_0_local_memory/lmb_bram. (constraint file  auto generated constraint, line ).
Applied set_property DONT_TOUCH = true for mb_design_i/microblaze_0_axi_periph/xbar. (constraint file  auto generated constraint, line ).
Applied set_property DONT_TOUCH = true for mb_design_i/microblaze_0_axi_periph. (constraint file  auto generated constraint, line ).
Applied set_property DONT_TOUCH = true for mb_design_i/microblaze_0_axi_intc. (constraint file  auto generated constraint, line ).
Applied set_property DONT_TOUCH = true for mb_design_i/microblaze_0_xlconcat. (constraint file  auto generated constraint, line ).
Applied set_property DONT_TOUCH = true for mb_design_i/mdm_1. (constraint file  auto generated constraint, line ).
Applied set_property DONT_TOUCH = true for mb_design_i/clk_wiz_1. (constraint file  auto generated constraint, line ).
Applied set_property DONT_TOUCH = true for mb_design_i/rst_clk_wiz_1_100M. (constraint file  auto generated constraint, line ).
Applied set_property DONT_TOUCH = true for mb_design_i/axi_gpio_buttons. (constraint file  auto generated constraint, line ).
Applied set_property DONT_TOUCH = true for mb_design_i/axi_gpio_switches. (constraint file  auto generated constraint, line ).
Applied set_property DONT_TOUCH = true for mb_design_i/axi_gpio_leds. (constraint file  auto generated constraint, line ).
Applied set_property DONT_TOUCH = true for mb_design_i/axi_gpio_display. (constraint file  auto generated constraint, line ).
Applied set_property DONT_TOUCH = true for mb_design_i/axi_uartlite_0. (constraint file  auto generated constraint, line ).
Applied set_property DONT_TOUCH = true for mb_design_i/axi_timer_0. (constraint file  auto generated constraint, line ).
Applied set_property DONT_TOUCH = true for mb_design_i/fit_timer_0. (constraint file  auto generated constraint, line ).
Applied set_property DONT_TOUCH = true for mb_design_i/DistanciaEuclidiana_0. (constraint file  auto generated constraint, line ).
---------------------------------------------------------------------------------
Finished applying 'set_property' XDC Constraints : Time (s): cpu = 00:00:18 ; elapsed = 00:00:28 . Memory (MB): peak = 1008.934 ; gain = 379.898
---------------------------------------------------------------------------------
---------------------------------------------------------------------------------
Finished RTL Optimization Phase 2 : Time (s): cpu = 00:00:19 ; elapsed = 00:00:28 . Memory (MB): peak = 1008.934 ; gain = 379.898
---------------------------------------------------------------------------------

Report RTL Partitions: 
+-+--------------+------------+----------+
| |RTL Partition |Replication |Instances |
+-+--------------+------------+----------+
+-+--------------+------------+----------+
---------------------------------------------------------------------------------
Start RTL Component Statistics 
---------------------------------------------------------------------------------
Detailed RTL Component Info : 
---------------------------------------------------------------------------------
Finished RTL Component Statistics 
---------------------------------------------------------------------------------
---------------------------------------------------------------------------------
Start RTL Hierarchical Component Statistics 
---------------------------------------------------------------------------------
Hierarchical RTL Component report 
---------------------------------------------------------------------------------
Finished RTL Hierarchical Component Statistics
---------------------------------------------------------------------------------
---------------------------------------------------------------------------------
Start Part Resource Summary
---------------------------------------------------------------------------------
Part Resources:
DSPs: 240 (col length:80)
BRAMs: 270 (col length: RAMB18 80 RAMB36 40)
---------------------------------------------------------------------------------
Finished Part Resource Summary
---------------------------------------------------------------------------------
---------------------------------------------------------------------------------
Start Cross Boundary and Area Optimization
---------------------------------------------------------------------------------
Warning: Parallel synthesis criteria is not met 
WARNING: [Synth 8-3331] design mb_design_microblaze_0_axi_periph_0 has unconnected port M00_ACLK
WARNING: [Synth 8-3331] design mb_design_microblaze_0_axi_periph_0 has unconnected port M00_ARESETN
WARNING: [Synth 8-3331] design mb_design_microblaze_0_axi_periph_0 has unconnected port M01_ACLK
WARNING: [Synth 8-3331] design mb_design_microblaze_0_axi_periph_0 has unconnected port M01_ARESETN
WARNING: [Synth 8-3331] design mb_design_microblaze_0_axi_periph_0 has unconnected port M02_ACLK
WARNING: [Synth 8-3331] design mb_design_microblaze_0_axi_periph_0 has unconnected port M02_ARESETN
WARNING: [Synth 8-3331] design mb_design_microblaze_0_axi_periph_0 has unconnected port M03_ACLK
WARNING: [Synth 8-3331] design mb_design_microblaze_0_axi_periph_0 has unconnected port M03_ARESETN
WARNING: [Synth 8-3331] design mb_design_microblaze_0_axi_periph_0 has unconnected port M04_ACLK
WARNING: [Synth 8-3331] design mb_design_microblaze_0_axi_periph_0 has unconnected port M04_ARESETN
WARNING: [Synth 8-3331] design mb_design_microblaze_0_axi_periph_0 has unconnected port M05_ACLK
WARNING: [Synth 8-3331] design mb_design_microblaze_0_axi_periph_0 has unconnected port M05_ARESETN
WARNING: [Synth 8-3331] design mb_design_microblaze_0_axi_periph_0 has unconnected port M06_ACLK
INFO: [Common 17-14] Message 'Synth 8-3331' appears 100 times and further instances of the messages will be disabled. Use the Tcl command set_msg_config to change the current settings.
---------------------------------------------------------------------------------
Finished Cross Boundary and Area Optimization : Time (s): cpu = 00:00:21 ; elapsed = 00:00:31 . Memory (MB): peak = 1008.934 ; gain = 379.898
---------------------------------------------------------------------------------

Report RTL Partitions: 
+-+--------------+------------+----------+
| |RTL Partition |Replication |Instances |
+-+--------------+------------+----------+
+-+--------------+------------+----------+
---------------------------------------------------------------------------------
Start Applying XDC Timing Constraints
---------------------------------------------------------------------------------
---------------------------------------------------------------------------------
Finished Applying XDC Timing Constraints : Time (s): cpu = 00:00:31 ; elapsed = 00:00:41 . Memory (MB): peak = 1008.934 ; gain = 379.898
---------------------------------------------------------------------------------
---------------------------------------------------------------------------------
Start Timing Optimization
---------------------------------------------------------------------------------
---------------------------------------------------------------------------------
Finished Timing Optimization : Time (s): cpu = 00:00:31 ; elapsed = 00:00:41 . Memory (MB): peak = 1008.934 ; gain = 379.898
---------------------------------------------------------------------------------

Report RTL Partitions: 
+-+--------------+------------+----------+
| |RTL Partition |Replication |Instances |
+-+--------------+------------+----------+
+-+--------------+------------+----------+
---------------------------------------------------------------------------------
Start Technology Mapping
---------------------------------------------------------------------------------
---------------------------------------------------------------------------------
Finished Technology Mapping : Time (s): cpu = 00:00:32 ; elapsed = 00:00:42 . Memory (MB): peak = 1008.934 ; gain = 379.898
---------------------------------------------------------------------------------

Report RTL Partitions: 
+-+--------------+------------+----------+
| |RTL Partition |Replication |Instances |
+-+--------------+------------+----------+
+-+--------------+------------+----------+
---------------------------------------------------------------------------------
Start IO Insertion
---------------------------------------------------------------------------------
---------------------------------------------------------------------------------
Start Flattening Before IO Insertion
---------------------------------------------------------------------------------
---------------------------------------------------------------------------------
Finished Flattening Before IO Insertion
---------------------------------------------------------------------------------
---------------------------------------------------------------------------------
Start Final Netlist Cleanup
---------------------------------------------------------------------------------
---------------------------------------------------------------------------------
Finished Final Netlist Cleanup
---------------------------------------------------------------------------------
---------------------------------------------------------------------------------
Finished IO Insertion : Time (s): cpu = 00:00:38 ; elapsed = 00:00:48 . Memory (MB): peak = 1019.340 ; gain = 390.305
---------------------------------------------------------------------------------
---------------------------------------------------------------------------------
Start Renaming Generated Instances
---------------------------------------------------------------------------------
---------------------------------------------------------------------------------
Finished Renaming Generated Instances : Time (s): cpu = 00:00:38 ; elapsed = 00:00:48 . Memory (MB): peak = 1019.340 ; gain = 390.305
---------------------------------------------------------------------------------

Report RTL Partitions: 
+-+--------------+------------+----------+
| |RTL Partition |Replication |Instances |
+-+--------------+------------+----------+
+-+--------------+------------+----------+

Report Check Netlist: 
+------+------------------+-------+---------+-------+------------------+
|      |Item              |Errors |Warnings |Status |Description       |
+------+------------------+-------+---------+-------+------------------+
|1     |multi_driven_nets |      0|        0|Passed |Multi driven nets |
+------+------------------+-------+---------+-------+------------------+
---------------------------------------------------------------------------------
Start Rebuilding User Hierarchy
---------------------------------------------------------------------------------
---------------------------------------------------------------------------------
Finished Rebuilding User Hierarchy : Time (s): cpu = 00:00:38 ; elapsed = 00:00:48 . Memory (MB): peak = 1019.340 ; gain = 390.305
---------------------------------------------------------------------------------
---------------------------------------------------------------------------------
Start Renaming Generated Ports
---------------------------------------------------------------------------------
---------------------------------------------------------------------------------
Finished Renaming Generated Ports : Time (s): cpu = 00:00:38 ; elapsed = 00:00:48 . Memory (MB): peak = 1019.340 ; gain = 390.305
---------------------------------------------------------------------------------
---------------------------------------------------------------------------------
Start Handling Custom Attributes
---------------------------------------------------------------------------------
---------------------------------------------------------------------------------
Finished Handling Custom Attributes : Time (s): cpu = 00:00:38 ; elapsed = 00:00:48 . Memory (MB): peak = 1019.340 ; gain = 390.305
---------------------------------------------------------------------------------
---------------------------------------------------------------------------------
Start Renaming Generated Nets
---------------------------------------------------------------------------------
---------------------------------------------------------------------------------
Finished Renaming Generated Nets : Time (s): cpu = 00:00:38 ; elapsed = 00:00:48 . Memory (MB): peak = 1019.340 ; gain = 390.305
---------------------------------------------------------------------------------
---------------------------------------------------------------------------------
Start Writing Synthesis Report
---------------------------------------------------------------------------------

Report BlackBoxes: 
+------+----------------------------------+----------+
|      |BlackBox name                     |Instances |
+------+----------------------------------+----------+
|1     |mb_design_xbar_0                  |         1|
|2     |mb_design_DistanciaEuclidiana_0_1 |         1|
|3     |mb_design_axi_gpio_0_0            |         1|
|4     |mb_design_axi_gpio_3_0            |         1|
|5     |mb_design_axi_gpio_2_0            |         1|
|6     |mb_design_axi_gpio_1_0            |         1|
|7     |mb_design_axi_timer_0_0           |         1|
|8     |mb_design_axi_uartlite_0_0        |         1|
|9     |mb_design_clk_wiz_1_0             |         1|
|10    |mb_design_fit_timer_0_0           |         1|
|11    |mb_design_mdm_1_0                 |         1|
|12    |mb_design_microblaze_0_0          |         1|
|13    |mb_design_microblaze_0_axi_intc_0 |         1|
|14    |mb_design_rst_clk_wiz_1_100M_0    |         1|
|15    |mb_design_dlmb_bram_if_cntlr_0    |         1|
|16    |mb_design_dlmb_v10_0              |         1|
|17    |mb_design_ilmb_bram_if_cntlr_0    |         1|
|18    |mb_design_ilmb_v10_0              |         1|
|19    |mb_design_lmb_bram_0              |         1|
+------+----------------------------------+----------+

Report Cell Usage: 
+------+------------------------------------------+------+
|      |Cell                                      |Count |
+------+------------------------------------------+------+
|1     |mb_design_DistanciaEuclidiana_0_1_bbox_0  |     1|
|2     |mb_design_axi_gpio_0_0_bbox_1             |     1|
|3     |mb_design_axi_gpio_1_0_bbox_4             |     1|
|4     |mb_design_axi_gpio_2_0_bbox_3             |     1|
|5     |mb_design_axi_gpio_3_0_bbox_2             |     1|
|6     |mb_design_axi_timer_0_0_bbox_5            |     1|
|7     |mb_design_axi_uartlite_0_0_bbox_6         |     1|
|8     |mb_design_clk_wiz_1_0_bbox_7              |     1|
|9     |mb_design_dlmb_bram_if_cntlr_0_bbox_13    |     1|
|10    |mb_design_dlmb_v10_0_bbox_14              |     1|
|11    |mb_design_fit_timer_0_0_bbox_8            |     1|
|12    |mb_design_ilmb_bram_if_cntlr_0_bbox_15    |     1|
|13    |mb_design_ilmb_v10_0_bbox_16              |     1|
|14    |mb_design_lmb_bram_0_bbox_17              |     1|
|15    |mb_design_mdm_1_0_bbox_9                  |     1|
|16    |mb_design_microblaze_0_0_bbox_10          |     1|
|17    |mb_design_microblaze_0_axi_intc_0_bbox_11 |     1|
|18    |mb_design_rst_clk_wiz_1_100M_0_bbox_18    |     1|
|19    |mb_design_xbar_0_bbox_12                  |     1|
|20    |IBUF                                      |    23|
|21    |IOBUF                                     |    32|
|22    |OBUF                                      |     1|
+------+------------------------------------------+------+

Report Instance Areas: 
+------+------------------------------+-------------------------------------+------+
|      |Instance                      |Module                               |Cells |
+------+------------------------------+-------------------------------------+------+
|1     |top                           |                                     |  2424|
|2     |  mb_design_i                 |mb_design                            |  2368|
|3     |    microblaze_0_axi_periph   |mb_design_microblaze_0_axi_periph_0  |   970|
|4     |    microblaze_0_xlconcat     |mb_design_microblaze_0_xlconcat_0    |     0|
|5     |    microblaze_0_local_memory |microblaze_0_local_memory_imp_UIMIJC |   496|
+------+------------------------------+-------------------------------------+------+
---------------------------------------------------------------------------------
Finished Writing Synthesis Report : Time (s): cpu = 00:00:38 ; elapsed = 00:00:48 . Memory (MB): peak = 1019.340 ; gain = 390.305
---------------------------------------------------------------------------------
Synthesis finished with 0 errors, 0 critical warnings and 20 warnings.
Synthesis Optimization Runtime : Time (s): cpu = 00:00:26 ; elapsed = 00:00:42 . Memory (MB): peak = 1019.340 ; gain = 325.996
Synthesis Optimization Complete : Time (s): cpu = 00:00:38 ; elapsed = 00:00:48 . Memory (MB): peak = 1019.340 ; gain = 390.305
INFO: [Project 1-571] Translating synthesized netlist
Netlist sorting complete. Time (s): cpu = 00:00:00 ; elapsed = 00:00:00.055 . Memory (MB): peak = 1019.340 ; gain = 0.000
INFO: [Netlist 29-17] Analyzing 32 Unisim elements for replacement
INFO: [Netlist 29-28] Unisim Transformation completed in 0 CPU seconds
INFO: [Project 1-570] Preparing netlist for logic optimization
INFO: [Opt 31-138] Pushed 0 inverter(s) to 0 load pin(s).
Netlist sorting complete. Time (s): cpu = 00:00:00 ; elapsed = 00:00:00.001 . Memory (MB): peak = 1037.688 ; gain = 0.000
INFO: [Project 1-111] Unisim Transformation Summary:
  A total of 32 instances were transformed.
  IOBUF => IOBUF (IBUF, OBUFT): 32 instances

INFO: [Common 17-83] Releasing license: Synthesis
123 Infos, 102 Warnings, 0 Critical Warnings and 0 Errors encountered.
synth_design completed successfully
synth_design: Time (s): cpu = 00:00:46 ; elapsed = 00:00:57 . Memory (MB): peak = 1037.688 ; gain = 713.695
Netlist sorting complete. Time (s): cpu = 00:00:00 ; elapsed = 00:00:00 . Memory (MB): peak = 1037.688 ; gain = 0.000
WARNING: [Constraints 18-5210] No constraints selected for write.
Resolution: This message can indicate that there are no constraints for the design, or it can indicate that the used_in flags are set such that the constraints are ignored. This later case is used when running synth_design to not write synthesis constraints to the resulting checkpoint. Instead, project constraints are read when the synthesized design is opened.
INFO: [Common 17-1381] The checkpoint 'C:/Users/jcoel/Desktop/CR/ProjetoFinal/DistanciaEuclidiana/DistanciaEuclidiana.runs/synth_1/mb_design_wrapper.dcp' has been generated.
INFO: [runtcl-4] Executing : report_utilization -file mb_design_wrapper_utilization_synth.rpt -pb mb_design_wrapper_utilization_synth.pb
INFO: [Common 17-206] Exiting Vivado at Sat Jun 20 18:04:44 2020...
