Vivado Simulator 2019.2
Copyright 1986-1999, 2001-2019 Xilinx, Inc. All Rights Reserved.
Running: C:/Xilinx/Vivado/2019.2/bin/unwrapped/win64.o/xelab.exe -wto aff5df3926b04d33946e6e80faf506d6 --incr --debug typical --relax --mt 2 --maxdelay -L xil_defaultlib -L simprims_ver -L secureip --snapshot DisplayDemo_time_impl -transport_int_delays -pulse_r 0 -pulse_int_r 0 -pulse_e 0 -pulse_int_e 0 xil_defaultlib.DisplayDemo xil_defaultlib.glbl -log elaborate.log 
Using 2 slave threads.
Starting static elaboration
Pass Through NonSizing Optimizer
Completed static elaboration
Starting simulation data flow analysis
Completed simulation data flow analysis
INFO: [XSIM 43-3451] SDF backannotation process started with SDF file "DisplayDemo_time_impl.sdf", for root module "DisplayDemo".
INFO: [XSIM 43-3452] SDF backannotation was successful for SDF file "DisplayDemo_time_impl.sdf", for root module "DisplayDemo".
Time Resolution for simulation is 1ps
Compiling module simprims_ver.OBUFT
Compiling module simprims_ver.BUFG
Compiling module simprims_ver.IBUF
Compiling module simprims_ver.LUT5
Compiling module simprims_ver.LUT4
Compiling module simprims_ver.LUT6
Compiling module simprims_ver.FDRE_default
Compiling module simprims_ver.x_lut1_mux2
Compiling module simprims_ver.LUT1
Compiling module simprims_ver.CARRY4
Compiling module xil_defaultlib.ClkDividerN
Compiling module simprims_ver.MUXF7
Compiling module simprims_ver.x_lut2_mux4
Compiling module simprims_ver.LUT2
Compiling module simprims_ver.x_lut3_mux8
Compiling module simprims_ver.LUT3
Compiling module xil_defaultlib.Nexys4DispDriver
Compiling module simprims_ver.OBUF
Compiling module xil_defaultlib.DisplayDemo
Compiling module xil_defaultlib.glbl
Built simulation snapshot DisplayDemo_time_impl
