TRACE::2020-05-16.18:19:06::SCWPlatform::Trying to open the hw design at C:/Users/jcoel/Desktop/CR/pratico7/mb_design_wrapper/hw/mb_design_wrapper.xsa
TRACE::2020-05-16.18:19:06::SCWPlatform::DSA given C:/Users/jcoel/Desktop/CR/pratico7/mb_design_wrapper/hw/mb_design_wrapper.xsa
TRACE::2020-05-16.18:19:06::SCWPlatform::DSA absoulate path C:/Users/jcoel/Desktop/CR/pratico7/mb_design_wrapper/hw/mb_design_wrapper.xsa
TRACE::2020-05-16.18:19:09::SCWPlatform::DSA directory C:/Users/jcoel/Desktop/CR/pratico7/mb_design_wrapper/hw
TRACE::2020-05-16.18:19:09::SCWPlatform:: Platform Path C:/Users/jcoel/Desktop/CR/pratico7/mb_design_wrapper/hw/mb_design_wrapper.xsa
TRACE::2020-05-16.18:19:09::SCWPlatform:: Unique name xilinx:nexys4::0.0
TRACE::2020-05-16.18:19:09::SCWPlatform::Do not have an existing db opened. 
TRACE::2020-05-16.18:19:10::SCWPlatform::Opened new HwDB with name mb_design_wrapper_0
TRACE::2020-05-16.18:19:10::SCWWriter::formatted JSON is {
	"platformName":	"mb_design_wrapper",
	"sprVersion":	"2.0",
	"mode":	"gui",
	"dsaType":	"Fixed",
	"platformDesc":	"mb_design_wrapper",
	"platHandOff":	"C:/Users/jcoel/Desktop/CR/pratico7/StreamCopDemo/mb_design_wrapper.xsa",
	"platIntHandOff":	"<platformDir>/hw/mb_design_wrapper.xsa",
	"deviceType":	"FPGA",
	"platIsPrebuiltAutogen":	"false",
	"platIsNoBootBsp":	"false",
	"hasFsblMakeHasChanges":	"false",
	"hasPmufwMakeHasChanges":	"false",
	"platPreBuiltFlag":	false,
	"platformSamplesDir":	""
}
TRACE::2020-05-16.18:19:10::SCWWriter::formatted JSON is {
	"platformName":	"mb_design_wrapper",
	"sprVersion":	"2.0",
	"mode":	"gui",
	"dsaType":	"Fixed",
	"platformDesc":	"mb_design_wrapper",
	"platHandOff":	"C:/Users/jcoel/Desktop/CR/pratico7/StreamCopDemo/mb_design_wrapper.xsa",
	"platIntHandOff":	"<platformDir>/hw/mb_design_wrapper.xsa",
	"deviceType":	"FPGA",
	"platIsPrebuiltAutogen":	"false",
	"platIsNoBootBsp":	"false",
	"hasFsblMakeHasChanges":	"false",
	"hasPmufwMakeHasChanges":	"false",
	"platPreBuiltFlag":	false,
	"platformSamplesDir":	"",
	"platActiveSys":	"mb_design_wrapper",
	"systems":	[{
			"systemName":	"mb_design_wrapper",
			"systemDesc":	"mb_design_wrapper",
			"sysIsBootAutoGen":	"true",
			"systemDispName":	"mb_design_wrapper"
		}]
}
TRACE::2020-05-16.18:19:10::SCWPlatform::Boot application domains not present, creating them
TRACE::2020-05-16.18:19:10::SCWPlatform::Pure FPGA device, no boot application will be created.
TRACE::2020-05-16.18:19:10::SCWWriter::formatted JSON is {
	"platformName":	"mb_design_wrapper",
	"sprVersion":	"2.0",
	"mode":	"gui",
	"dsaType":	"Fixed",
	"platformDesc":	"mb_design_wrapper",
	"platHandOff":	"C:/Users/jcoel/Desktop/CR/pratico7/StreamCopDemo/mb_design_wrapper.xsa",
	"platIntHandOff":	"<platformDir>/hw/mb_design_wrapper.xsa",
	"deviceType":	"FPGA",
	"platIsPrebuiltAutogen":	"false",
	"platIsNoBootBsp":	"false",
	"hasFsblMakeHasChanges":	"false",
	"hasPmufwMakeHasChanges":	"false",
	"platPreBuiltFlag":	false,
	"platformSamplesDir":	"",
	"platActiveSys":	"mb_design_wrapper",
	"systems":	[{
			"systemName":	"mb_design_wrapper",
			"systemDesc":	"mb_design_wrapper",
			"sysIsBootAutoGen":	"true",
			"systemDispName":	"mb_design_wrapper"
		}]
}
TRACE::2020-05-16.18:19:10::SCWWriter::formatted JSON is {
	"platformName":	"mb_design_wrapper",
	"sprVersion":	"2.0",
	"mode":	"gui",
	"dsaType":	"Fixed",
	"platformDesc":	"mb_design_wrapper",
	"platHandOff":	"C:/Users/jcoel/Desktop/CR/pratico7/StreamCopDemo/mb_design_wrapper.xsa",
	"platIntHandOff":	"<platformDir>/hw/mb_design_wrapper.xsa",
	"deviceType":	"FPGA",
	"platIsPrebuiltAutogen":	"false",
	"platIsNoBootBsp":	"false",
	"hasFsblMakeHasChanges":	"false",
	"hasPmufwMakeHasChanges":	"false",
	"platPreBuiltFlag":	false,
	"platformSamplesDir":	"",
	"platActiveSys":	"mb_design_wrapper",
	"systems":	[{
			"systemName":	"mb_design_wrapper",
			"systemDesc":	"mb_design_wrapper",
			"sysIsBootAutoGen":	"true",
			"systemDispName":	"mb_design_wrapper"
		}]
}
TRACE::2020-05-16.18:19:10::SCWPlatform::Trying to open the hw design at C:/Users/jcoel/Desktop/CR/pratico7/mb_design_wrapper/hw/mb_design_wrapper.xsa
TRACE::2020-05-16.18:19:10::SCWPlatform::DSA given C:/Users/jcoel/Desktop/CR/pratico7/mb_design_wrapper/hw/mb_design_wrapper.xsa
TRACE::2020-05-16.18:19:10::SCWPlatform::DSA absoulate path C:/Users/jcoel/Desktop/CR/pratico7/mb_design_wrapper/hw/mb_design_wrapper.xsa
TRACE::2020-05-16.18:19:10::SCWPlatform::DSA directory C:/Users/jcoel/Desktop/CR/pratico7/mb_design_wrapper/hw
TRACE::2020-05-16.18:19:10::SCWPlatform:: Platform Path C:/Users/jcoel/Desktop/CR/pratico7/mb_design_wrapper/hw/mb_design_wrapper.xsa
TRACE::2020-05-16.18:19:10::SCWPlatform:: Unique name xilinx:nexys4::0.0
TRACE::2020-05-16.18:19:10::SCWPlatform::Trying to set the existing hwdb with name mb_design_wrapper_0
TRACE::2020-05-16.18:19:10::SCWPlatform::Opened existing hwdb mb_design_wrapper_0
TRACE::2020-05-16.18:19:10::SCWPlatform::Found the Hw Db part of the input DSA
TRACE::2020-05-16.18:19:10::SCWDomain::checking for install qemu data   : 
TRACE::2020-05-16.18:19:10::SCWPlatform::Trying to open the hw design at C:/Users/jcoel/Desktop/CR/pratico7/mb_design_wrapper/hw/mb_design_wrapper.xsa
TRACE::2020-05-16.18:19:10::SCWPlatform::DSA given C:/Users/jcoel/Desktop/CR/pratico7/mb_design_wrapper/hw/mb_design_wrapper.xsa
TRACE::2020-05-16.18:19:10::SCWPlatform::DSA absoulate path C:/Users/jcoel/Desktop/CR/pratico7/mb_design_wrapper/hw/mb_design_wrapper.xsa
TRACE::2020-05-16.18:19:10::SCWPlatform::DSA directory C:/Users/jcoel/Desktop/CR/pratico7/mb_design_wrapper/hw
TRACE::2020-05-16.18:19:10::SCWPlatform:: Platform Path C:/Users/jcoel/Desktop/CR/pratico7/mb_design_wrapper/hw/mb_design_wrapper.xsa
TRACE::2020-05-16.18:19:10::SCWPlatform:: Unique name xilinx:nexys4::0.0
TRACE::2020-05-16.18:19:10::SCWPlatform::Trying to set the existing hwdb with name mb_design_wrapper_0
TRACE::2020-05-16.18:19:10::SCWPlatform::Opened existing hwdb mb_design_wrapper_0
TRACE::2020-05-16.18:19:10::SCWPlatform::Found the Hw Db part of the input DSA
TRACE::2020-05-16.18:19:10::SCWPlatform::Trying to open the hw design at C:/Users/jcoel/Desktop/CR/pratico7/mb_design_wrapper/hw/mb_design_wrapper.xsa
TRACE::2020-05-16.18:19:10::SCWPlatform::DSA given C:/Users/jcoel/Desktop/CR/pratico7/mb_design_wrapper/hw/mb_design_wrapper.xsa
TRACE::2020-05-16.18:19:10::SCWPlatform::DSA absoulate path C:/Users/jcoel/Desktop/CR/pratico7/mb_design_wrapper/hw/mb_design_wrapper.xsa
TRACE::2020-05-16.18:19:10::SCWPlatform::DSA directory C:/Users/jcoel/Desktop/CR/pratico7/mb_design_wrapper/hw
TRACE::2020-05-16.18:19:10::SCWPlatform:: Platform Path C:/Users/jcoel/Desktop/CR/pratico7/mb_design_wrapper/hw/mb_design_wrapper.xsa
TRACE::2020-05-16.18:19:10::SCWPlatform:: Unique name xilinx:nexys4::0.0
TRACE::2020-05-16.18:19:10::SCWPlatform::Trying to set the existing hwdb with name mb_design_wrapper_0
TRACE::2020-05-16.18:19:10::SCWPlatform::Opened existing hwdb mb_design_wrapper_0
TRACE::2020-05-16.18:19:10::SCWPlatform::Found the Hw Db part of the input DSA
TRACE::2020-05-16.18:19:10::SCWMssOS::Checking the sw design at  C:/Users/jcoel/Desktop/CR/pratico7/mb_design_wrapper/microblaze_0/standalone_domain/bsp/system.mss
TRACE::2020-05-16.18:19:10::SCWMssOS::DEBUG:  swdes dump  
TRACE::2020-05-16.18:19:10::SCWMssOS::No sw design opened at  C:/Users/jcoel/Desktop/CR/pratico7/mb_design_wrapper/microblaze_0/standalone_domain/bsp/system.mss
TRACE::2020-05-16.18:19:10::SCWMssOS::mss does not exists at C:/Users/jcoel/Desktop/CR/pratico7/mb_design_wrapper/microblaze_0/standalone_domain/bsp/system.mss
TRACE::2020-05-16.18:19:10::SCWMssOS::Creating sw design at  C:/Users/jcoel/Desktop/CR/pratico7/mb_design_wrapper/microblaze_0/standalone_domain/bsp/system.mss
TRACE::2020-05-16.18:19:10::SCWMssOS::Adding the swdes entry, created swdb C:/Users/jcoel/Desktop/CR/pratico7/mb_design_wrapper/microblaze_0/standalone_domain/bsp/system.mss with des name C:/Users/jcoel/Desktop/CR/pratico7/mb_design_wrapper/microblaze_0/standalone_domain/bsp/system.mss
TRACE::2020-05-16.18:19:10::SCWMssOS::updating the scw layer changes to swdes at   C:/Users/jcoel/Desktop/CR/pratico7/mb_design_wrapper/microblaze_0/standalone_domain/bsp/system.mss
TRACE::2020-05-16.18:19:10::SCWMssOS::Writing mss at C:/Users/jcoel/Desktop/CR/pratico7/mb_design_wrapper/microblaze_0/standalone_domain/bsp/system.mss
TRACE::2020-05-16.18:19:10::SCWMssOS::Completed writing the mss file at C:/Users/jcoel/Desktop/CR/pratico7/mb_design_wrapper/microblaze_0/standalone_domain/bsp
TRACE::2020-05-16.18:19:10::SCWMssOS::Picking up changes from newly written mss file into SCW Layer. 
TRACE::2020-05-16.18:19:10::SCWMssOS::Updated the changes from newly written mss file into SCW Layer. 
TRACE::2020-05-16.18:19:10::SCWPlatform::Trying to open the hw design at C:/Users/jcoel/Desktop/CR/pratico7/mb_design_wrapper/hw/mb_design_wrapper.xsa
TRACE::2020-05-16.18:19:10::SCWPlatform::DSA given C:/Users/jcoel/Desktop/CR/pratico7/mb_design_wrapper/hw/mb_design_wrapper.xsa
TRACE::2020-05-16.18:19:10::SCWPlatform::DSA absoulate path C:/Users/jcoel/Desktop/CR/pratico7/mb_design_wrapper/hw/mb_design_wrapper.xsa
TRACE::2020-05-16.18:19:10::SCWPlatform::DSA directory C:/Users/jcoel/Desktop/CR/pratico7/mb_design_wrapper/hw
TRACE::2020-05-16.18:19:10::SCWPlatform:: Platform Path C:/Users/jcoel/Desktop/CR/pratico7/mb_design_wrapper/hw/mb_design_wrapper.xsa
TRACE::2020-05-16.18:19:10::SCWPlatform:: Unique name xilinx:nexys4::0.0
TRACE::2020-05-16.18:19:10::SCWPlatform::Trying to set the existing hwdb with name mb_design_wrapper_0
TRACE::2020-05-16.18:19:10::SCWPlatform::Opened existing hwdb mb_design_wrapper_0
TRACE::2020-05-16.18:19:10::SCWPlatform::Found the Hw Db part of the input DSA
TRACE::2020-05-16.18:19:10::SCWMssOS::Checking the sw design at  C:/Users/jcoel/Desktop/CR/pratico7/mb_design_wrapper/microblaze_0/standalone_domain/bsp/system.mss
TRACE::2020-05-16.18:19:10::SCWMssOS::DEBUG:  swdes dump  C:/Users/jcoel/Desktop/CR/pratico7/mb_design_wrapper/microblaze_0/standalone_domain/bsp/system.mss|C:/Users/jcoel/Desktop/CR/pratico7/mb_design_wrapper/microblaze_0/standalone_domain/bsp/system.mss||

TRACE::2020-05-16.18:19:10::SCWMssOS::Sw design exists and opened at  C:/Users/jcoel/Desktop/CR/pratico7/mb_design_wrapper/microblaze_0/standalone_domain/bsp/system.mss
TRACE::2020-05-16.18:19:10::SCWPlatform::Trying to open the hw design at C:/Users/jcoel/Desktop/CR/pratico7/mb_design_wrapper/hw/mb_design_wrapper.xsa
TRACE::2020-05-16.18:19:10::SCWPlatform::DSA given C:/Users/jcoel/Desktop/CR/pratico7/mb_design_wrapper/hw/mb_design_wrapper.xsa
TRACE::2020-05-16.18:19:10::SCWPlatform::DSA absoulate path C:/Users/jcoel/Desktop/CR/pratico7/mb_design_wrapper/hw/mb_design_wrapper.xsa
TRACE::2020-05-16.18:19:10::SCWPlatform::DSA directory C:/Users/jcoel/Desktop/CR/pratico7/mb_design_wrapper/hw
TRACE::2020-05-16.18:19:10::SCWPlatform:: Platform Path C:/Users/jcoel/Desktop/CR/pratico7/mb_design_wrapper/hw/mb_design_wrapper.xsa
TRACE::2020-05-16.18:19:10::SCWPlatform:: Unique name xilinx:nexys4::0.0
TRACE::2020-05-16.18:19:10::SCWPlatform::Trying to set the existing hwdb with name mb_design_wrapper_0
TRACE::2020-05-16.18:19:10::SCWPlatform::Opened existing hwdb mb_design_wrapper_0
TRACE::2020-05-16.18:19:10::SCWPlatform::Found the Hw Db part of the input DSA
TRACE::2020-05-16.18:19:10::SCWMssOS::Checking the sw design at  C:/Users/jcoel/Desktop/CR/pratico7/mb_design_wrapper/microblaze_0/standalone_domain/bsp/system.mss
TRACE::2020-05-16.18:19:10::SCWMssOS::DEBUG:  swdes dump  C:/Users/jcoel/Desktop/CR/pratico7/mb_design_wrapper/microblaze_0/standalone_domain/bsp/system.mss|C:/Users/jcoel/Desktop/CR/pratico7/mb_design_wrapper/microblaze_0/standalone_domain/bsp/system.mss||

TRACE::2020-05-16.18:19:10::SCWMssOS::Sw design exists and opened at  C:/Users/jcoel/Desktop/CR/pratico7/mb_design_wrapper/microblaze_0/standalone_domain/bsp/system.mss
TRACE::2020-05-16.18:19:10::SCWPlatform::Trying to open the hw design at C:/Users/jcoel/Desktop/CR/pratico7/mb_design_wrapper/hw/mb_design_wrapper.xsa
TRACE::2020-05-16.18:19:10::SCWPlatform::DSA given C:/Users/jcoel/Desktop/CR/pratico7/mb_design_wrapper/hw/mb_design_wrapper.xsa
TRACE::2020-05-16.18:19:10::SCWPlatform::DSA absoulate path C:/Users/jcoel/Desktop/CR/pratico7/mb_design_wrapper/hw/mb_design_wrapper.xsa
TRACE::2020-05-16.18:19:10::SCWPlatform::DSA directory C:/Users/jcoel/Desktop/CR/pratico7/mb_design_wrapper/hw
TRACE::2020-05-16.18:19:10::SCWPlatform:: Platform Path C:/Users/jcoel/Desktop/CR/pratico7/mb_design_wrapper/hw/mb_design_wrapper.xsa
TRACE::2020-05-16.18:19:10::SCWPlatform:: Unique name xilinx:nexys4::0.0
TRACE::2020-05-16.18:19:10::SCWPlatform::Trying to set the existing hwdb with name mb_design_wrapper_0
TRACE::2020-05-16.18:19:10::SCWPlatform::Opened existing hwdb mb_design_wrapper_0
TRACE::2020-05-16.18:19:10::SCWPlatform::Found the Hw Db part of the input DSA
TRACE::2020-05-16.18:19:10::SCWMssOS::Checking the sw design at  C:/Users/jcoel/Desktop/CR/pratico7/mb_design_wrapper/microblaze_0/standalone_domain/bsp/system.mss
TRACE::2020-05-16.18:19:10::SCWMssOS::DEBUG:  swdes dump  C:/Users/jcoel/Desktop/CR/pratico7/mb_design_wrapper/microblaze_0/standalone_domain/bsp/system.mss|C:/Users/jcoel/Desktop/CR/pratico7/mb_design_wrapper/microblaze_0/standalone_domain/bsp/system.mss||

TRACE::2020-05-16.18:19:10::SCWMssOS::Sw design exists and opened at  C:/Users/jcoel/Desktop/CR/pratico7/mb_design_wrapper/microblaze_0/standalone_domain/bsp/system.mss
TRACE::2020-05-16.18:19:10::SCWWriter::formatted JSON is {
	"platformName":	"mb_design_wrapper",
	"sprVersion":	"2.0",
	"mode":	"gui",
	"dsaType":	"Fixed",
	"platformDesc":	"mb_design_wrapper",
	"platHandOff":	"C:/Users/jcoel/Desktop/CR/pratico7/StreamCopDemo/mb_design_wrapper.xsa",
	"platIntHandOff":	"<platformDir>/hw/mb_design_wrapper.xsa",
	"deviceType":	"FPGA",
	"platIsPrebuiltAutogen":	"false",
	"platIsNoBootBsp":	"false",
	"hasFsblMakeHasChanges":	"false",
	"hasPmufwMakeHasChanges":	"false",
	"platPreBuiltFlag":	false,
	"platformSamplesDir":	"",
	"platActiveSys":	"mb_design_wrapper",
	"systems":	[{
			"systemName":	"mb_design_wrapper",
			"systemDesc":	"mb_design_wrapper",
			"sysIsBootAutoGen":	"true",
			"systemDispName":	"mb_design_wrapper",
			"sysActiveDom":	"standalone_domain",
			"sysDefaultDom":	"standalone_domain",
			"domains":	[{
					"domainName":	"standalone_domain",
					"domainDispName":	"standalone on microblaze_0",
					"domainDesc":	"standalone_domain",
					"processors":	"microblaze_0",
					"os":	"standalone",
					"sdxOs":	"standalone",
					"debugEnable":	"False",
					"domRuntimes":	["cpp"],
					"swRepo":	"",
					"mssOsVer":	"7.1",
					"mssFile":	"",
					"md5Digest":	"",
					"compatibleApp":	"hello_world",
					"domType":	"mssDomain",
					"arch":	"32-bit",
					"appSettings":	{
						"appCompilerFlags":	"",
						"appLinkerFlags":	""
					},
					"addedLibs":	[],
					"libOptions":	{
						"libsContainingOptions":	[]
					},
					"prebuiltLibs":	{
						"prebuiltIncPath":	[],
						"prebuiltLibPath":	[]
					},
					"isolation":	{
					}
				}]
		}]
}
TRACE::2020-05-16.18:19:10::SCWPlatform::Trying to open the hw design at C:/Users/jcoel/Desktop/CR/pratico7/mb_design_wrapper/hw/mb_design_wrapper.xsa
TRACE::2020-05-16.18:19:10::SCWPlatform::DSA given C:/Users/jcoel/Desktop/CR/pratico7/mb_design_wrapper/hw/mb_design_wrapper.xsa
TRACE::2020-05-16.18:19:10::SCWPlatform::DSA absoulate path C:/Users/jcoel/Desktop/CR/pratico7/mb_design_wrapper/hw/mb_design_wrapper.xsa
TRACE::2020-05-16.18:19:10::SCWPlatform::DSA directory C:/Users/jcoel/Desktop/CR/pratico7/mb_design_wrapper/hw
TRACE::2020-05-16.18:19:10::SCWPlatform:: Platform Path C:/Users/jcoel/Desktop/CR/pratico7/mb_design_wrapper/hw/mb_design_wrapper.xsa
TRACE::2020-05-16.18:19:10::SCWPlatform:: Unique name xilinx:nexys4::0.0
TRACE::2020-05-16.18:19:10::SCWPlatform::Trying to set the existing hwdb with name mb_design_wrapper_0
TRACE::2020-05-16.18:19:10::SCWPlatform::Opened existing hwdb mb_design_wrapper_0
TRACE::2020-05-16.18:19:10::SCWPlatform::Found the Hw Db part of the input DSA
TRACE::2020-05-16.18:19:10::SCWMssOS::Checking the sw design at  C:/Users/jcoel/Desktop/CR/pratico7/mb_design_wrapper/microblaze_0/standalone_domain/bsp/system.mss
TRACE::2020-05-16.18:19:10::SCWMssOS::DEBUG:  swdes dump  C:/Users/jcoel/Desktop/CR/pratico7/mb_design_wrapper/microblaze_0/standalone_domain/bsp/system.mss|C:/Users/jcoel/Desktop/CR/pratico7/mb_design_wrapper/microblaze_0/standalone_domain/bsp/system.mss||

TRACE::2020-05-16.18:19:10::SCWMssOS::Sw design exists and opened at  C:/Users/jcoel/Desktop/CR/pratico7/mb_design_wrapper/microblaze_0/standalone_domain/bsp/system.mss
TRACE::2020-05-16.18:19:10::SCWMssOS::Completed writing the mss file at C:/Users/jcoel/Desktop/CR/pratico7/mb_design_wrapper/microblaze_0/standalone_domain/bsp
TRACE::2020-05-16.18:19:10::SCWMssOS::Forcing BSP Sources regeneration.
LOG::2020-05-16.18:19:15::SCWPlatform::Started generating the artifacts platform mb_design_wrapper
TRACE::2020-05-16.18:19:15::SCWPlatform::Sanity checking of platform is completed
LOG::2020-05-16.18:19:15::SCWPlatform::Started generating the artifacts for system configuration mb_design_wrapper
LOG::2020-05-16.18:19:15::SCWSystem::Checking the domain standalone_domain
LOG::2020-05-16.18:19:15::SCWSystem::Not a boot domain 
LOG::2020-05-16.18:19:15::SCWSystem::Started Processing the domain standalone_domain
TRACE::2020-05-16.18:19:15::SCWDomain::Generating domain artifcats
TRACE::2020-05-16.18:19:15::SCWMssOS::Generating standalone artifcats
TRACE::2020-05-16.18:19:15::SCWMssOS:: Copying the user libraries. 
TRACE::2020-05-16.18:19:15::SCWPlatform::Trying to open the hw design at C:/Users/jcoel/Desktop/CR/pratico7/mb_design_wrapper/hw/mb_design_wrapper.xsa
TRACE::2020-05-16.18:19:15::SCWPlatform::DSA given C:/Users/jcoel/Desktop/CR/pratico7/mb_design_wrapper/hw/mb_design_wrapper.xsa
TRACE::2020-05-16.18:19:15::SCWPlatform::DSA absoulate path C:/Users/jcoel/Desktop/CR/pratico7/mb_design_wrapper/hw/mb_design_wrapper.xsa
TRACE::2020-05-16.18:19:15::SCWPlatform::DSA directory C:/Users/jcoel/Desktop/CR/pratico7/mb_design_wrapper/hw
TRACE::2020-05-16.18:19:15::SCWPlatform:: Platform Path C:/Users/jcoel/Desktop/CR/pratico7/mb_design_wrapper/hw/mb_design_wrapper.xsa
TRACE::2020-05-16.18:19:15::SCWPlatform:: Unique name xilinx:nexys4::0.0
TRACE::2020-05-16.18:19:15::SCWPlatform::Trying to set the existing hwdb with name mb_design_wrapper_0
TRACE::2020-05-16.18:19:15::SCWPlatform::Opened existing hwdb mb_design_wrapper_0
TRACE::2020-05-16.18:19:15::SCWPlatform::Found the Hw Db part of the input DSA
TRACE::2020-05-16.18:19:15::SCWMssOS::Checking the sw design at  C:/Users/jcoel/Desktop/CR/pratico7/mb_design_wrapper/microblaze_0/standalone_domain/bsp/system.mss
TRACE::2020-05-16.18:19:15::SCWMssOS::DEBUG:  swdes dump  C:/Users/jcoel/Desktop/CR/pratico7/mb_design_wrapper/microblaze_0/standalone_domain/bsp/system.mss|C:/Users/jcoel/Desktop/CR/pratico7/mb_design_wrapper/microblaze_0/standalone_domain/bsp/system.mss||

KEYINFO::2020-05-16.18:19:15::SCWMssOS::Could not open the swdb for C:/Users/jcoel/Desktop/CR/pratico7/mb_design_wrapper/microblaze_0/standalone_domain/bsp/system.mss
KEYINFO::2020-05-16.18:19:15::SCWMssOS::Could not open the sw design at  C:/Users/jcoel/Desktop/CR/pratico7/mb_design_wrapper/microblaze_0/standalone_domain/bsp/system.mss
ERROR: [Hsi 55-1558] Software Design C:/Users/jcoel/Desktop/CR/pratico7/mb_design_wrapper/microblaze_0/standalone_domain/bsp/system.mss is not found

TRACE::2020-05-16.18:19:15::SCWMssOS::Cleared the swdb table entry
TRACE::2020-05-16.18:19:15::SCWMssOS::No sw design opened at  C:/Users/jcoel/Desktop/CR/pratico7/mb_design_wrapper/microblaze_0/standalone_domain/bsp/system.mss
TRACE::2020-05-16.18:19:15::SCWMssOS::mss exists loading the mss file  C:/Users/jcoel/Desktop/CR/pratico7/mb_design_wrapper/microblaze_0/standalone_domain/bsp/system.mss
TRACE::2020-05-16.18:19:15::SCWMssOS::Opened the sw design from mss  C:/Users/jcoel/Desktop/CR/pratico7/mb_design_wrapper/microblaze_0/standalone_domain/bsp/system.mss
TRACE::2020-05-16.18:19:15::SCWMssOS::Adding the swdes entry C:/Users/jcoel/Desktop/CR/pratico7/mb_design_wrapper/microblaze_0/standalone_domain/bsp/system.mss with des name system
TRACE::2020-05-16.18:19:15::SCWMssOS::updating the scw layer about changes
TRACE::2020-05-16.18:19:15::SCWMssOS::Opened the sw design.  C:/Users/jcoel/Desktop/CR/pratico7/mb_design_wrapper/microblaze_0/standalone_domain/bsp/system.mss
TRACE::2020-05-16.18:19:15::SCWMssOS::Completed writing the mss file at C:/Users/jcoel/Desktop/CR/pratico7/mb_design_wrapper/microblaze_0/standalone_domain/bsp
TRACE::2020-05-16.18:19:15::SCWMssOS::Mss edits present, copying mssfile into export location C:/Users/jcoel/Desktop/CR/pratico7/mb_design_wrapper/microblaze_0/standalone_domain/bsp/system.mss
TRACE::2020-05-16.18:19:15::SCWMssOS::bsp generated is upto date with the mss file. Skipping bsp generation.
TRACE::2020-05-16.18:19:15::SCWMssOS::BSP is already built. skipping the bsp build ... 
TRACE::2020-05-16.18:19:15::SCWDomain::Skipping the build for domain :  standalone_domain
TRACE::2020-05-16.18:19:15::SCWMssOS::skipping the bsp build ... 
TRACE::2020-05-16.18:19:15::SCWMssOS::Copying to export directory.
TRACE::2020-05-16.18:19:15::SCWMssOS:: Checking if to create the Supporting Applications
TRACE::2020-05-16.18:19:15::SCWMssOS:: No Linux domain exists, trying to generate FSBL 
LOG::2020-05-16.18:19:15::SCWSystem::Completed Processing the domain standalone_domain
LOG::2020-05-16.18:19:15::SCWSystem::Completed Processing the sysconfig mb_design_wrapper
LOG::2020-05-16.18:19:15::SCWPlatform::Completed generating the artifacts for system configuration mb_design_wrapper
TRACE::2020-05-16.18:19:15::SCWPlatform::Started preparing the platform 
TRACE::2020-05-16.18:19:15::SCWSystem::Writing the bif file for system config mb_design_wrapper
TRACE::2020-05-16.18:19:15::SCWSystem::dir created 
TRACE::2020-05-16.18:19:15::SCWSystem::Writing the bif 
TRACE::2020-05-16.18:19:15::SCWPlatform::Started writing the spfm file 
TRACE::2020-05-16.18:19:15::SCWPlatform::Started writing the xpfm file 
TRACE::2020-05-16.18:19:15::SCWPlatform::Completed generating the platform
TRACE::2020-05-16.18:19:15::SCWPlatform::Trying to open the hw design at C:/Users/jcoel/Desktop/CR/pratico7/mb_design_wrapper/hw/mb_design_wrapper.xsa
TRACE::2020-05-16.18:19:15::SCWPlatform::DSA given C:/Users/jcoel/Desktop/CR/pratico7/mb_design_wrapper/hw/mb_design_wrapper.xsa
TRACE::2020-05-16.18:19:15::SCWPlatform::DSA absoulate path C:/Users/jcoel/Desktop/CR/pratico7/mb_design_wrapper/hw/mb_design_wrapper.xsa
TRACE::2020-05-16.18:19:15::SCWPlatform::DSA directory C:/Users/jcoel/Desktop/CR/pratico7/mb_design_wrapper/hw
TRACE::2020-05-16.18:19:15::SCWPlatform:: Platform Path C:/Users/jcoel/Desktop/CR/pratico7/mb_design_wrapper/hw/mb_design_wrapper.xsa
TRACE::2020-05-16.18:19:15::SCWPlatform:: Unique name xilinx:nexys4::0.0
TRACE::2020-05-16.18:19:15::SCWPlatform::Trying to set the existing hwdb with name mb_design_wrapper_0
TRACE::2020-05-16.18:19:15::SCWPlatform::Opened existing hwdb mb_design_wrapper_0
TRACE::2020-05-16.18:19:15::SCWPlatform::Found the Hw Db part of the input DSA
TRACE::2020-05-16.18:19:15::SCWMssOS::Checking the sw design at  C:/Users/jcoel/Desktop/CR/pratico7/mb_design_wrapper/microblaze_0/standalone_domain/bsp/system.mss
TRACE::2020-05-16.18:19:15::SCWMssOS::DEBUG:  swdes dump  C:/Users/jcoel/Desktop/CR/pratico7/mb_design_wrapper/microblaze_0/standalone_domain/bsp/system.mss|system||

TRACE::2020-05-16.18:19:15::SCWMssOS::Sw design exists and opened at  C:/Users/jcoel/Desktop/CR/pratico7/mb_design_wrapper/microblaze_0/standalone_domain/bsp/system.mss
TRACE::2020-05-16.18:19:15::SCWPlatform::Trying to open the hw design at C:/Users/jcoel/Desktop/CR/pratico7/mb_design_wrapper/hw/mb_design_wrapper.xsa
TRACE::2020-05-16.18:19:15::SCWPlatform::DSA given C:/Users/jcoel/Desktop/CR/pratico7/mb_design_wrapper/hw/mb_design_wrapper.xsa
TRACE::2020-05-16.18:19:15::SCWPlatform::DSA absoulate path C:/Users/jcoel/Desktop/CR/pratico7/mb_design_wrapper/hw/mb_design_wrapper.xsa
TRACE::2020-05-16.18:19:15::SCWPlatform::DSA directory C:/Users/jcoel/Desktop/CR/pratico7/mb_design_wrapper/hw
TRACE::2020-05-16.18:19:15::SCWPlatform:: Platform Path C:/Users/jcoel/Desktop/CR/pratico7/mb_design_wrapper/hw/mb_design_wrapper.xsa
TRACE::2020-05-16.18:19:15::SCWPlatform:: Unique name xilinx:nexys4::0.0
TRACE::2020-05-16.18:19:15::SCWPlatform::Trying to set the existing hwdb with name mb_design_wrapper_0
TRACE::2020-05-16.18:19:15::SCWPlatform::Opened existing hwdb mb_design_wrapper_0
TRACE::2020-05-16.18:19:15::SCWPlatform::Found the Hw Db part of the input DSA
TRACE::2020-05-16.18:19:15::SCWMssOS::Checking the sw design at  C:/Users/jcoel/Desktop/CR/pratico7/mb_design_wrapper/microblaze_0/standalone_domain/bsp/system.mss
TRACE::2020-05-16.18:19:15::SCWMssOS::DEBUG:  swdes dump  C:/Users/jcoel/Desktop/CR/pratico7/mb_design_wrapper/microblaze_0/standalone_domain/bsp/system.mss|system||

TRACE::2020-05-16.18:19:15::SCWMssOS::Sw design exists and opened at  C:/Users/jcoel/Desktop/CR/pratico7/mb_design_wrapper/microblaze_0/standalone_domain/bsp/system.mss
TRACE::2020-05-16.18:19:15::SCWPlatform::Trying to open the hw design at C:/Users/jcoel/Desktop/CR/pratico7/mb_design_wrapper/hw/mb_design_wrapper.xsa
TRACE::2020-05-16.18:19:15::SCWPlatform::DSA given C:/Users/jcoel/Desktop/CR/pratico7/mb_design_wrapper/hw/mb_design_wrapper.xsa
TRACE::2020-05-16.18:19:15::SCWPlatform::DSA absoulate path C:/Users/jcoel/Desktop/CR/pratico7/mb_design_wrapper/hw/mb_design_wrapper.xsa
TRACE::2020-05-16.18:19:15::SCWPlatform::DSA directory C:/Users/jcoel/Desktop/CR/pratico7/mb_design_wrapper/hw
TRACE::2020-05-16.18:19:15::SCWPlatform:: Platform Path C:/Users/jcoel/Desktop/CR/pratico7/mb_design_wrapper/hw/mb_design_wrapper.xsa
TRACE::2020-05-16.18:19:15::SCWPlatform:: Unique name xilinx:nexys4::0.0
TRACE::2020-05-16.18:19:15::SCWPlatform::Trying to set the existing hwdb with name mb_design_wrapper_0
TRACE::2020-05-16.18:19:15::SCWPlatform::Opened existing hwdb mb_design_wrapper_0
TRACE::2020-05-16.18:19:15::SCWPlatform::Found the Hw Db part of the input DSA
TRACE::2020-05-16.18:19:15::SCWMssOS::Checking the sw design at  C:/Users/jcoel/Desktop/CR/pratico7/mb_design_wrapper/microblaze_0/standalone_domain/bsp/system.mss
TRACE::2020-05-16.18:19:15::SCWMssOS::DEBUG:  swdes dump  C:/Users/jcoel/Desktop/CR/pratico7/mb_design_wrapper/microblaze_0/standalone_domain/bsp/system.mss|system||

TRACE::2020-05-16.18:19:15::SCWMssOS::Sw design exists and opened at  C:/Users/jcoel/Desktop/CR/pratico7/mb_design_wrapper/microblaze_0/standalone_domain/bsp/system.mss
TRACE::2020-05-16.18:19:15::SCWWriter::formatted JSON is {
	"platformName":	"mb_design_wrapper",
	"sprVersion":	"2.0",
	"mode":	"gui",
	"dsaType":	"Fixed",
	"platformDesc":	"mb_design_wrapper",
	"platHandOff":	"C:/Users/jcoel/Desktop/CR/pratico7/StreamCopDemo/mb_design_wrapper.xsa",
	"platIntHandOff":	"<platformDir>/hw/mb_design_wrapper.xsa",
	"deviceType":	"FPGA",
	"platIsPrebuiltAutogen":	"false",
	"platIsNoBootBsp":	"false",
	"hasFsblMakeHasChanges":	"false",
	"hasPmufwMakeHasChanges":	"false",
	"platPreBuiltFlag":	false,
	"platformSamplesDir":	"",
	"platActiveSys":	"mb_design_wrapper",
	"systems":	[{
			"systemName":	"mb_design_wrapper",
			"systemDesc":	"mb_design_wrapper",
			"sysIsBootAutoGen":	"true",
			"systemDispName":	"mb_design_wrapper",
			"sysActiveDom":	"standalone_domain",
			"sysDefaultDom":	"standalone_domain",
			"domains":	[{
					"domainName":	"standalone_domain",
					"domainDispName":	"standalone on microblaze_0",
					"domainDesc":	"standalone_domain",
					"processors":	"microblaze_0",
					"os":	"standalone",
					"sdxOs":	"standalone",
					"debugEnable":	"False",
					"domRuntimes":	["cpp"],
					"swRepo":	"",
					"mssOsVer":	"7.1",
					"mssFile":	"",
					"md5Digest":	"7113f232e3cc3394a86b30dc9cc0d771",
					"compatibleApp":	"hello_world",
					"domType":	"mssDomain",
					"arch":	"32-bit",
					"appSettings":	{
						"appCompilerFlags":	"",
						"appLinkerFlags":	""
					},
					"addedLibs":	[],
					"libOptions":	{
						"libsContainingOptions":	[]
					},
					"prebuiltLibs":	{
						"prebuiltIncPath":	[],
						"prebuiltLibPath":	[]
					},
					"isolation":	{
					}
				}]
		}]
}
KEYINFO::2020-05-16.18:19:15::SCWPlatform::updated the xpfm file.
TRACE::2020-05-16.18:19:15::SCWPlatform::Trying to open the hw design at C:/Users/jcoel/Desktop/CR/pratico7/mb_design_wrapper/hw/mb_design_wrapper.xsa
TRACE::2020-05-16.18:19:15::SCWPlatform::DSA given C:/Users/jcoel/Desktop/CR/pratico7/mb_design_wrapper/hw/mb_design_wrapper.xsa
TRACE::2020-05-16.18:19:15::SCWPlatform::DSA absoulate path C:/Users/jcoel/Desktop/CR/pratico7/mb_design_wrapper/hw/mb_design_wrapper.xsa
TRACE::2020-05-16.18:19:15::SCWPlatform::DSA directory C:/Users/jcoel/Desktop/CR/pratico7/mb_design_wrapper/hw
TRACE::2020-05-16.18:19:15::SCWPlatform:: Platform Path C:/Users/jcoel/Desktop/CR/pratico7/mb_design_wrapper/hw/mb_design_wrapper.xsa
TRACE::2020-05-16.18:19:15::SCWPlatform:: Unique name xilinx:nexys4::0.0
TRACE::2020-05-16.18:19:15::SCWPlatform::Trying to set the existing hwdb with name mb_design_wrapper_0
TRACE::2020-05-16.18:19:15::SCWPlatform::Opened existing hwdb mb_design_wrapper_0
TRACE::2020-05-16.18:19:15::SCWPlatform::Found the Hw Db part of the input DSA
TRACE::2020-05-16.18:19:15::SCWMssOS::Checking the sw design at  C:/Users/jcoel/Desktop/CR/pratico7/mb_design_wrapper/microblaze_0/standalone_domain/bsp/system.mss
TRACE::2020-05-16.18:19:15::SCWMssOS::DEBUG:  swdes dump  C:/Users/jcoel/Desktop/CR/pratico7/mb_design_wrapper/microblaze_0/standalone_domain/bsp/system.mss|system||

TRACE::2020-05-16.18:19:15::SCWMssOS::Sw design exists and opened at  C:/Users/jcoel/Desktop/CR/pratico7/mb_design_wrapper/microblaze_0/standalone_domain/bsp/system.mss
TRACE::2020-05-16.18:19:15::SCWPlatform::Trying to open the hw design at C:/Users/jcoel/Desktop/CR/pratico7/mb_design_wrapper/hw/mb_design_wrapper.xsa
TRACE::2020-05-16.18:19:15::SCWPlatform::DSA given C:/Users/jcoel/Desktop/CR/pratico7/mb_design_wrapper/hw/mb_design_wrapper.xsa
TRACE::2020-05-16.18:19:15::SCWPlatform::DSA absoulate path C:/Users/jcoel/Desktop/CR/pratico7/mb_design_wrapper/hw/mb_design_wrapper.xsa
TRACE::2020-05-16.18:19:16::SCWPlatform::DSA directory C:/Users/jcoel/Desktop/CR/pratico7/mb_design_wrapper/hw
TRACE::2020-05-16.18:19:16::SCWPlatform:: Platform Path C:/Users/jcoel/Desktop/CR/pratico7/mb_design_wrapper/hw/mb_design_wrapper.xsa
TRACE::2020-05-16.18:19:16::SCWPlatform:: Unique name xilinx:nexys4::0.0
TRACE::2020-05-16.18:19:16::SCWPlatform::Trying to set the existing hwdb with name mb_design_wrapper_0
TRACE::2020-05-16.18:19:16::SCWPlatform::Opened existing hwdb mb_design_wrapper_0
TRACE::2020-05-16.18:19:16::SCWPlatform::Found the Hw Db part of the input DSA
TRACE::2020-05-16.18:19:16::SCWMssOS::Checking the sw design at  C:/Users/jcoel/Desktop/CR/pratico7/mb_design_wrapper/microblaze_0/standalone_domain/bsp/system.mss
TRACE::2020-05-16.18:19:16::SCWMssOS::DEBUG:  swdes dump  C:/Users/jcoel/Desktop/CR/pratico7/mb_design_wrapper/microblaze_0/standalone_domain/bsp/system.mss|system||

TRACE::2020-05-16.18:19:16::SCWMssOS::Sw design exists and opened at  C:/Users/jcoel/Desktop/CR/pratico7/mb_design_wrapper/microblaze_0/standalone_domain/bsp/system.mss
TRACE::2020-05-16.18:19:16::SCWPlatform::Trying to open the hw design at C:/Users/jcoel/Desktop/CR/pratico7/mb_design_wrapper/hw/mb_design_wrapper.xsa
TRACE::2020-05-16.18:19:16::SCWPlatform::DSA given C:/Users/jcoel/Desktop/CR/pratico7/mb_design_wrapper/hw/mb_design_wrapper.xsa
TRACE::2020-05-16.18:19:16::SCWPlatform::DSA absoulate path C:/Users/jcoel/Desktop/CR/pratico7/mb_design_wrapper/hw/mb_design_wrapper.xsa
TRACE::2020-05-16.18:19:16::SCWPlatform::DSA directory C:/Users/jcoel/Desktop/CR/pratico7/mb_design_wrapper/hw
TRACE::2020-05-16.18:19:16::SCWPlatform:: Platform Path C:/Users/jcoel/Desktop/CR/pratico7/mb_design_wrapper/hw/mb_design_wrapper.xsa
TRACE::2020-05-16.18:19:16::SCWPlatform:: Unique name xilinx:nexys4::0.0
TRACE::2020-05-16.18:19:16::SCWPlatform::Trying to set the existing hwdb with name mb_design_wrapper_0
TRACE::2020-05-16.18:19:16::SCWPlatform::Opened existing hwdb mb_design_wrapper_0
TRACE::2020-05-16.18:19:16::SCWPlatform::Found the Hw Db part of the input DSA
TRACE::2020-05-16.18:19:16::SCWMssOS::Checking the sw design at  C:/Users/jcoel/Desktop/CR/pratico7/mb_design_wrapper/microblaze_0/standalone_domain/bsp/system.mss
TRACE::2020-05-16.18:19:16::SCWMssOS::DEBUG:  swdes dump  C:/Users/jcoel/Desktop/CR/pratico7/mb_design_wrapper/microblaze_0/standalone_domain/bsp/system.mss|system||

TRACE::2020-05-16.18:19:16::SCWMssOS::Sw design exists and opened at  C:/Users/jcoel/Desktop/CR/pratico7/mb_design_wrapper/microblaze_0/standalone_domain/bsp/system.mss
TRACE::2020-05-16.18:19:16::SCWPlatform::Trying to open the hw design at C:/Users/jcoel/Desktop/CR/pratico7/mb_design_wrapper/hw/mb_design_wrapper.xsa
TRACE::2020-05-16.18:19:16::SCWPlatform::DSA given C:/Users/jcoel/Desktop/CR/pratico7/mb_design_wrapper/hw/mb_design_wrapper.xsa
TRACE::2020-05-16.18:19:16::SCWPlatform::DSA absoulate path C:/Users/jcoel/Desktop/CR/pratico7/mb_design_wrapper/hw/mb_design_wrapper.xsa
TRACE::2020-05-16.18:19:16::SCWPlatform::DSA directory C:/Users/jcoel/Desktop/CR/pratico7/mb_design_wrapper/hw
TRACE::2020-05-16.18:19:16::SCWPlatform:: Platform Path C:/Users/jcoel/Desktop/CR/pratico7/mb_design_wrapper/hw/mb_design_wrapper.xsa
TRACE::2020-05-16.18:19:16::SCWPlatform:: Unique name xilinx:nexys4::0.0
TRACE::2020-05-16.18:19:16::SCWPlatform::Trying to set the existing hwdb with name mb_design_wrapper_0
TRACE::2020-05-16.18:19:16::SCWPlatform::Opened existing hwdb mb_design_wrapper_0
TRACE::2020-05-16.18:19:16::SCWPlatform::Found the Hw Db part of the input DSA
TRACE::2020-05-16.18:19:16::SCWMssOS::Checking the sw design at  C:/Users/jcoel/Desktop/CR/pratico7/mb_design_wrapper/microblaze_0/standalone_domain/bsp/system.mss
TRACE::2020-05-16.18:19:16::SCWMssOS::DEBUG:  swdes dump  C:/Users/jcoel/Desktop/CR/pratico7/mb_design_wrapper/microblaze_0/standalone_domain/bsp/system.mss|system||

TRACE::2020-05-16.18:19:16::SCWMssOS::Sw design exists and opened at  C:/Users/jcoel/Desktop/CR/pratico7/mb_design_wrapper/microblaze_0/standalone_domain/bsp/system.mss
TRACE::2020-05-16.18:19:16::SCWWriter::formatted JSON is {
	"platformName":	"mb_design_wrapper",
	"sprVersion":	"2.0",
	"mode":	"gui",
	"dsaType":	"Fixed",
	"platformDesc":	"mb_design_wrapper",
	"platHandOff":	"C:/Users/jcoel/Desktop/CR/pratico7/StreamCopDemo/mb_design_wrapper.xsa",
	"platIntHandOff":	"<platformDir>/hw/mb_design_wrapper.xsa",
	"deviceType":	"FPGA",
	"platIsPrebuiltAutogen":	"false",
	"platIsNoBootBsp":	"false",
	"hasFsblMakeHasChanges":	"false",
	"hasPmufwMakeHasChanges":	"false",
	"platPreBuiltFlag":	false,
	"platformSamplesDir":	"",
	"platActiveSys":	"mb_design_wrapper",
	"systems":	[{
			"systemName":	"mb_design_wrapper",
			"systemDesc":	"mb_design_wrapper",
			"sysIsBootAutoGen":	"true",
			"systemDispName":	"mb_design_wrapper",
			"sysActiveDom":	"standalone_domain",
			"sysDefaultDom":	"standalone_domain",
			"domains":	[{
					"domainName":	"standalone_domain",
					"domainDispName":	"standalone on microblaze_0",
					"domainDesc":	"standalone_domain",
					"processors":	"microblaze_0",
					"os":	"standalone",
					"sdxOs":	"standalone",
					"debugEnable":	"False",
					"domRuntimes":	["cpp"],
					"swRepo":	"",
					"mssOsVer":	"7.1",
					"mssFile":	"",
					"md5Digest":	"7113f232e3cc3394a86b30dc9cc0d771",
					"compatibleApp":	"hello_world",
					"domType":	"mssDomain",
					"arch":	"32-bit",
					"appSettings":	{
						"appCompilerFlags":	"",
						"appLinkerFlags":	""
					},
					"addedLibs":	[],
					"libOptions":	{
						"libsContainingOptions":	[]
					},
					"prebuiltLibs":	{
						"prebuiltIncPath":	[],
						"prebuiltLibPath":	[]
					},
					"isolation":	{
					}
				}]
		}]
}
TRACE::2020-05-16.18:19:16::SCWPlatform::Trying to open the hw design at C:/Users/jcoel/Desktop/CR/pratico7/mb_design_wrapper/hw/mb_design_wrapper.xsa
TRACE::2020-05-16.18:19:16::SCWPlatform::DSA given C:/Users/jcoel/Desktop/CR/pratico7/mb_design_wrapper/hw/mb_design_wrapper.xsa
TRACE::2020-05-16.18:19:16::SCWPlatform::DSA absoulate path C:/Users/jcoel/Desktop/CR/pratico7/mb_design_wrapper/hw/mb_design_wrapper.xsa
TRACE::2020-05-16.18:19:16::SCWPlatform::DSA directory C:/Users/jcoel/Desktop/CR/pratico7/mb_design_wrapper/hw
TRACE::2020-05-16.18:19:16::SCWPlatform:: Platform Path C:/Users/jcoel/Desktop/CR/pratico7/mb_design_wrapper/hw/mb_design_wrapper.xsa
TRACE::2020-05-16.18:19:16::SCWPlatform:: Unique name xilinx:nexys4::0.0
TRACE::2020-05-16.18:19:16::SCWPlatform::Trying to set the existing hwdb with name mb_design_wrapper_0
TRACE::2020-05-16.18:19:16::SCWPlatform::Opened existing hwdb mb_design_wrapper_0
TRACE::2020-05-16.18:19:16::SCWPlatform::Found the Hw Db part of the input DSA
TRACE::2020-05-16.18:19:16::SCWMssOS::Checking the sw design at  C:/Users/jcoel/Desktop/CR/pratico7/mb_design_wrapper/microblaze_0/standalone_domain/bsp/system.mss
TRACE::2020-05-16.18:19:16::SCWMssOS::DEBUG:  swdes dump  C:/Users/jcoel/Desktop/CR/pratico7/mb_design_wrapper/microblaze_0/standalone_domain/bsp/system.mss|system||

TRACE::2020-05-16.18:19:16::SCWMssOS::Sw design exists and opened at  C:/Users/jcoel/Desktop/CR/pratico7/mb_design_wrapper/microblaze_0/standalone_domain/bsp/system.mss
TRACE::2020-05-16.18:19:16::SCWPlatform::Trying to open the hw design at C:/Users/jcoel/Desktop/CR/pratico7/mb_design_wrapper/hw/mb_design_wrapper.xsa
TRACE::2020-05-16.18:19:16::SCWPlatform::DSA given C:/Users/jcoel/Desktop/CR/pratico7/mb_design_wrapper/hw/mb_design_wrapper.xsa
TRACE::2020-05-16.18:19:16::SCWPlatform::DSA absoulate path C:/Users/jcoel/Desktop/CR/pratico7/mb_design_wrapper/hw/mb_design_wrapper.xsa
TRACE::2020-05-16.18:19:16::SCWPlatform::DSA directory C:/Users/jcoel/Desktop/CR/pratico7/mb_design_wrapper/hw
TRACE::2020-05-16.18:19:16::SCWPlatform:: Platform Path C:/Users/jcoel/Desktop/CR/pratico7/mb_design_wrapper/hw/mb_design_wrapper.xsa
TRACE::2020-05-16.18:19:16::SCWPlatform:: Unique name xilinx:nexys4::0.0
TRACE::2020-05-16.18:19:16::SCWPlatform::Trying to set the existing hwdb with name mb_design_wrapper_0
TRACE::2020-05-16.18:19:16::SCWPlatform::Opened existing hwdb mb_design_wrapper_0
TRACE::2020-05-16.18:19:16::SCWPlatform::Found the Hw Db part of the input DSA
TRACE::2020-05-16.18:19:16::SCWMssOS::Checking the sw design at  C:/Users/jcoel/Desktop/CR/pratico7/mb_design_wrapper/microblaze_0/standalone_domain/bsp/system.mss
TRACE::2020-05-16.18:19:16::SCWMssOS::DEBUG:  swdes dump  C:/Users/jcoel/Desktop/CR/pratico7/mb_design_wrapper/microblaze_0/standalone_domain/bsp/system.mss|system||

TRACE::2020-05-16.18:19:16::SCWMssOS::Sw design exists and opened at  C:/Users/jcoel/Desktop/CR/pratico7/mb_design_wrapper/microblaze_0/standalone_domain/bsp/system.mss
TRACE::2020-05-16.18:19:16::SCWPlatform::Trying to open the hw design at C:/Users/jcoel/Desktop/CR/pratico7/mb_design_wrapper/hw/mb_design_wrapper.xsa
TRACE::2020-05-16.18:19:16::SCWPlatform::DSA given C:/Users/jcoel/Desktop/CR/pratico7/mb_design_wrapper/hw/mb_design_wrapper.xsa
TRACE::2020-05-16.18:19:16::SCWPlatform::DSA absoulate path C:/Users/jcoel/Desktop/CR/pratico7/mb_design_wrapper/hw/mb_design_wrapper.xsa
TRACE::2020-05-16.18:19:16::SCWPlatform::DSA directory C:/Users/jcoel/Desktop/CR/pratico7/mb_design_wrapper/hw
TRACE::2020-05-16.18:19:16::SCWPlatform:: Platform Path C:/Users/jcoel/Desktop/CR/pratico7/mb_design_wrapper/hw/mb_design_wrapper.xsa
TRACE::2020-05-16.18:19:16::SCWPlatform:: Unique name xilinx:nexys4::0.0
TRACE::2020-05-16.18:19:16::SCWPlatform::Trying to set the existing hwdb with name mb_design_wrapper_0
TRACE::2020-05-16.18:19:16::SCWPlatform::Opened existing hwdb mb_design_wrapper_0
TRACE::2020-05-16.18:19:16::SCWPlatform::Found the Hw Db part of the input DSA
TRACE::2020-05-16.18:19:16::SCWMssOS::Checking the sw design at  C:/Users/jcoel/Desktop/CR/pratico7/mb_design_wrapper/microblaze_0/standalone_domain/bsp/system.mss
TRACE::2020-05-16.18:19:16::SCWMssOS::DEBUG:  swdes dump  C:/Users/jcoel/Desktop/CR/pratico7/mb_design_wrapper/microblaze_0/standalone_domain/bsp/system.mss|system||

TRACE::2020-05-16.18:19:16::SCWMssOS::Sw design exists and opened at  C:/Users/jcoel/Desktop/CR/pratico7/mb_design_wrapper/microblaze_0/standalone_domain/bsp/system.mss
TRACE::2020-05-16.18:19:16::SCWPlatform::Trying to open the hw design at C:/Users/jcoel/Desktop/CR/pratico7/mb_design_wrapper/hw/mb_design_wrapper.xsa
TRACE::2020-05-16.18:19:16::SCWPlatform::DSA given C:/Users/jcoel/Desktop/CR/pratico7/mb_design_wrapper/hw/mb_design_wrapper.xsa
TRACE::2020-05-16.18:19:16::SCWPlatform::DSA absoulate path C:/Users/jcoel/Desktop/CR/pratico7/mb_design_wrapper/hw/mb_design_wrapper.xsa
TRACE::2020-05-16.18:19:16::SCWPlatform::DSA directory C:/Users/jcoel/Desktop/CR/pratico7/mb_design_wrapper/hw
TRACE::2020-05-16.18:19:16::SCWPlatform:: Platform Path C:/Users/jcoel/Desktop/CR/pratico7/mb_design_wrapper/hw/mb_design_wrapper.xsa
TRACE::2020-05-16.18:19:16::SCWPlatform:: Unique name xilinx:nexys4::0.0
TRACE::2020-05-16.18:19:16::SCWPlatform::Trying to set the existing hwdb with name mb_design_wrapper_0
TRACE::2020-05-16.18:19:16::SCWPlatform::Opened existing hwdb mb_design_wrapper_0
TRACE::2020-05-16.18:19:16::SCWPlatform::Found the Hw Db part of the input DSA
TRACE::2020-05-16.18:19:16::SCWMssOS::Checking the sw design at  C:/Users/jcoel/Desktop/CR/pratico7/mb_design_wrapper/microblaze_0/standalone_domain/bsp/system.mss
TRACE::2020-05-16.18:19:16::SCWMssOS::DEBUG:  swdes dump  C:/Users/jcoel/Desktop/CR/pratico7/mb_design_wrapper/microblaze_0/standalone_domain/bsp/system.mss|system||

TRACE::2020-05-16.18:19:16::SCWMssOS::Sw design exists and opened at  C:/Users/jcoel/Desktop/CR/pratico7/mb_design_wrapper/microblaze_0/standalone_domain/bsp/system.mss
TRACE::2020-05-16.18:19:16::SCWPlatform::Trying to open the hw design at C:/Users/jcoel/Desktop/CR/pratico7/mb_design_wrapper/hw/mb_design_wrapper.xsa
TRACE::2020-05-16.18:19:16::SCWPlatform::DSA given C:/Users/jcoel/Desktop/CR/pratico7/mb_design_wrapper/hw/mb_design_wrapper.xsa
TRACE::2020-05-16.18:19:16::SCWPlatform::DSA absoulate path C:/Users/jcoel/Desktop/CR/pratico7/mb_design_wrapper/hw/mb_design_wrapper.xsa
TRACE::2020-05-16.18:19:16::SCWPlatform::DSA directory C:/Users/jcoel/Desktop/CR/pratico7/mb_design_wrapper/hw
TRACE::2020-05-16.18:19:16::SCWPlatform:: Platform Path C:/Users/jcoel/Desktop/CR/pratico7/mb_design_wrapper/hw/mb_design_wrapper.xsa
TRACE::2020-05-16.18:19:16::SCWPlatform:: Unique name xilinx:nexys4::0.0
TRACE::2020-05-16.18:19:16::SCWPlatform::Trying to set the existing hwdb with name mb_design_wrapper_0
TRACE::2020-05-16.18:19:16::SCWPlatform::Opened existing hwdb mb_design_wrapper_0
TRACE::2020-05-16.18:19:16::SCWPlatform::Found the Hw Db part of the input DSA
TRACE::2020-05-16.18:19:16::SCWMssOS::Checking the sw design at  C:/Users/jcoel/Desktop/CR/pratico7/mb_design_wrapper/microblaze_0/standalone_domain/bsp/system.mss
TRACE::2020-05-16.18:19:16::SCWMssOS::DEBUG:  swdes dump  C:/Users/jcoel/Desktop/CR/pratico7/mb_design_wrapper/microblaze_0/standalone_domain/bsp/system.mss|system||

TRACE::2020-05-16.18:19:16::SCWMssOS::Sw design exists and opened at  C:/Users/jcoel/Desktop/CR/pratico7/mb_design_wrapper/microblaze_0/standalone_domain/bsp/system.mss
TRACE::2020-05-16.18:19:16::SCWWriter::formatted JSON is {
	"platformName":	"mb_design_wrapper",
	"sprVersion":	"2.0",
	"mode":	"gui",
	"dsaType":	"Fixed",
	"platformDesc":	"mb_design_wrapper",
	"platHandOff":	"C:/Users/jcoel/Desktop/CR/pratico7/StreamCopDemo/mb_design_wrapper.xsa",
	"platIntHandOff":	"<platformDir>/hw/mb_design_wrapper.xsa",
	"deviceType":	"FPGA",
	"platIsPrebuiltAutogen":	"false",
	"platIsNoBootBsp":	"false",
	"hasFsblMakeHasChanges":	"false",
	"hasPmufwMakeHasChanges":	"false",
	"platPreBuiltFlag":	false,
	"platformSamplesDir":	"",
	"platActiveSys":	"mb_design_wrapper",
	"systems":	[{
			"systemName":	"mb_design_wrapper",
			"systemDesc":	"mb_design_wrapper",
			"sysIsBootAutoGen":	"true",
			"systemDispName":	"mb_design_wrapper",
			"sysActiveDom":	"standalone_domain",
			"sysDefaultDom":	"standalone_domain",
			"domains":	[{
					"domainName":	"standalone_domain",
					"domainDispName":	"standalone on microblaze_0",
					"domainDesc":	"standalone_domain",
					"processors":	"microblaze_0",
					"os":	"standalone",
					"sdxOs":	"standalone",
					"debugEnable":	"False",
					"domRuntimes":	["cpp"],
					"swRepo":	"",
					"mssOsVer":	"7.1",
					"mssFile":	"",
					"md5Digest":	"7113f232e3cc3394a86b30dc9cc0d771",
					"compatibleApp":	"hello_world",
					"domType":	"mssDomain",
					"arch":	"32-bit",
					"appSettings":	{
						"appCompilerFlags":	"",
						"appLinkerFlags":	""
					},
					"addedLibs":	[],
					"libOptions":	{
						"libsContainingOptions":	[]
					},
					"prebuiltLibs":	{
						"prebuiltIncPath":	[],
						"prebuiltLibPath":	[]
					},
					"isolation":	{
					}
				}]
		}]
}
LOG::2020-05-16.18:19:16::SCWPlatform::Started generating the artifacts platform mb_design_wrapper
TRACE::2020-05-16.18:19:16::SCWPlatform::Sanity checking of platform is completed
LOG::2020-05-16.18:19:16::SCWPlatform::Started generating the artifacts for system configuration mb_design_wrapper
LOG::2020-05-16.18:19:16::SCWSystem::Started Processing the domain standalone_domain
TRACE::2020-05-16.18:19:16::SCWDomain::Generating domain artifcats
TRACE::2020-05-16.18:19:16::SCWMssOS::Generating standalone artifcats
TRACE::2020-05-16.18:19:16::SCWMssOS:: Copying the user libraries. 
TRACE::2020-05-16.18:19:16::SCWPlatform::Trying to open the hw design at C:/Users/jcoel/Desktop/CR/pratico7/mb_design_wrapper/hw/mb_design_wrapper.xsa
TRACE::2020-05-16.18:19:16::SCWPlatform::DSA given C:/Users/jcoel/Desktop/CR/pratico7/mb_design_wrapper/hw/mb_design_wrapper.xsa
TRACE::2020-05-16.18:19:16::SCWPlatform::DSA absoulate path C:/Users/jcoel/Desktop/CR/pratico7/mb_design_wrapper/hw/mb_design_wrapper.xsa
TRACE::2020-05-16.18:19:16::SCWPlatform::DSA directory C:/Users/jcoel/Desktop/CR/pratico7/mb_design_wrapper/hw
TRACE::2020-05-16.18:19:16::SCWPlatform:: Platform Path C:/Users/jcoel/Desktop/CR/pratico7/mb_design_wrapper/hw/mb_design_wrapper.xsa
TRACE::2020-05-16.18:19:16::SCWPlatform:: Unique name xilinx:nexys4::0.0
TRACE::2020-05-16.18:19:16::SCWPlatform::Trying to set the existing hwdb with name mb_design_wrapper_0
TRACE::2020-05-16.18:19:16::SCWPlatform::Opened existing hwdb mb_design_wrapper_0
TRACE::2020-05-16.18:19:16::SCWPlatform::Found the Hw Db part of the input DSA
TRACE::2020-05-16.18:19:16::SCWMssOS::Checking the sw design at  C:/Users/jcoel/Desktop/CR/pratico7/mb_design_wrapper/microblaze_0/standalone_domain/bsp/system.mss
TRACE::2020-05-16.18:19:16::SCWMssOS::DEBUG:  swdes dump  C:/Users/jcoel/Desktop/CR/pratico7/mb_design_wrapper/microblaze_0/standalone_domain/bsp/system.mss|system||

TRACE::2020-05-16.18:19:16::SCWMssOS::Sw design exists and opened at  C:/Users/jcoel/Desktop/CR/pratico7/mb_design_wrapper/microblaze_0/standalone_domain/bsp/system.mss
TRACE::2020-05-16.18:19:16::SCWMssOS::Completed writing the mss file at C:/Users/jcoel/Desktop/CR/pratico7/mb_design_wrapper/microblaze_0/standalone_domain/bsp
TRACE::2020-05-16.18:19:16::SCWMssOS::Mss edits present, copying mssfile into export location C:/Users/jcoel/Desktop/CR/pratico7/mb_design_wrapper/microblaze_0/standalone_domain/bsp/system.mss
TRACE::2020-05-16.18:19:16::SCWMssOS::bsp generated is upto date with the mss file. Skipping bsp generation.
TRACE::2020-05-16.18:19:16::SCWMssOS::BSP is already built. skipping the bsp build ... 
TRACE::2020-05-16.18:19:16::SCWDomain::Building the domain as part of full build :  standalone_domain
TRACE::2020-05-16.18:19:16::SCWMssOS::skipping the bsp build ... 
TRACE::2020-05-16.18:19:16::SCWMssOS::Copying to export directory.
TRACE::2020-05-16.18:19:16::SCWMssOS:: Checking if to create the Supporting Applications
TRACE::2020-05-16.18:19:16::SCWMssOS:: No Linux domain exists, trying to generate FSBL 
LOG::2020-05-16.18:19:16::SCWSystem::Completed Processing the domain standalone_domain
LOG::2020-05-16.18:19:16::SCWSystem::Completed Processing the sysconfig mb_design_wrapper
LOG::2020-05-16.18:19:16::SCWPlatform::Completed generating the artifacts for system configuration mb_design_wrapper
TRACE::2020-05-16.18:19:16::SCWPlatform::Started preparing the platform 
TRACE::2020-05-16.18:19:16::SCWSystem::Writing the bif file for system config mb_design_wrapper
TRACE::2020-05-16.18:19:16::SCWSystem::dir created 
TRACE::2020-05-16.18:19:16::SCWSystem::Writing the bif 
TRACE::2020-05-16.18:19:17::SCWPlatform::Started writing the spfm file 
TRACE::2020-05-16.18:19:17::SCWPlatform::Started writing the xpfm file 
TRACE::2020-05-16.18:19:17::SCWPlatform::Completed generating the platform
TRACE::2020-05-16.18:19:17::SCWPlatform::Trying to open the hw design at C:/Users/jcoel/Desktop/CR/pratico7/mb_design_wrapper/hw/mb_design_wrapper.xsa
TRACE::2020-05-16.18:19:17::SCWPlatform::DSA given C:/Users/jcoel/Desktop/CR/pratico7/mb_design_wrapper/hw/mb_design_wrapper.xsa
TRACE::2020-05-16.18:19:17::SCWPlatform::DSA absoulate path C:/Users/jcoel/Desktop/CR/pratico7/mb_design_wrapper/hw/mb_design_wrapper.xsa
TRACE::2020-05-16.18:19:17::SCWPlatform::DSA directory C:/Users/jcoel/Desktop/CR/pratico7/mb_design_wrapper/hw
TRACE::2020-05-16.18:19:17::SCWPlatform:: Platform Path C:/Users/jcoel/Desktop/CR/pratico7/mb_design_wrapper/hw/mb_design_wrapper.xsa
TRACE::2020-05-16.18:19:17::SCWPlatform:: Unique name xilinx:nexys4::0.0
TRACE::2020-05-16.18:19:17::SCWPlatform::Trying to set the existing hwdb with name mb_design_wrapper_0
TRACE::2020-05-16.18:19:17::SCWPlatform::Opened existing hwdb mb_design_wrapper_0
TRACE::2020-05-16.18:19:17::SCWPlatform::Found the Hw Db part of the input DSA
TRACE::2020-05-16.18:19:17::SCWMssOS::Checking the sw design at  C:/Users/jcoel/Desktop/CR/pratico7/mb_design_wrapper/microblaze_0/standalone_domain/bsp/system.mss
TRACE::2020-05-16.18:19:17::SCWMssOS::DEBUG:  swdes dump  C:/Users/jcoel/Desktop/CR/pratico7/mb_design_wrapper/microblaze_0/standalone_domain/bsp/system.mss|system||

TRACE::2020-05-16.18:19:17::SCWMssOS::Sw design exists and opened at  C:/Users/jcoel/Desktop/CR/pratico7/mb_design_wrapper/microblaze_0/standalone_domain/bsp/system.mss
TRACE::2020-05-16.18:19:17::SCWPlatform::Trying to open the hw design at C:/Users/jcoel/Desktop/CR/pratico7/mb_design_wrapper/hw/mb_design_wrapper.xsa
TRACE::2020-05-16.18:19:17::SCWPlatform::DSA given C:/Users/jcoel/Desktop/CR/pratico7/mb_design_wrapper/hw/mb_design_wrapper.xsa
TRACE::2020-05-16.18:19:17::SCWPlatform::DSA absoulate path C:/Users/jcoel/Desktop/CR/pratico7/mb_design_wrapper/hw/mb_design_wrapper.xsa
TRACE::2020-05-16.18:19:17::SCWPlatform::DSA directory C:/Users/jcoel/Desktop/CR/pratico7/mb_design_wrapper/hw
TRACE::2020-05-16.18:19:17::SCWPlatform:: Platform Path C:/Users/jcoel/Desktop/CR/pratico7/mb_design_wrapper/hw/mb_design_wrapper.xsa
TRACE::2020-05-16.18:19:17::SCWPlatform:: Unique name xilinx:nexys4::0.0
TRACE::2020-05-16.18:19:17::SCWPlatform::Trying to set the existing hwdb with name mb_design_wrapper_0
TRACE::2020-05-16.18:19:17::SCWPlatform::Opened existing hwdb mb_design_wrapper_0
TRACE::2020-05-16.18:19:17::SCWPlatform::Found the Hw Db part of the input DSA
TRACE::2020-05-16.18:19:17::SCWMssOS::Checking the sw design at  C:/Users/jcoel/Desktop/CR/pratico7/mb_design_wrapper/microblaze_0/standalone_domain/bsp/system.mss
TRACE::2020-05-16.18:19:17::SCWMssOS::DEBUG:  swdes dump  C:/Users/jcoel/Desktop/CR/pratico7/mb_design_wrapper/microblaze_0/standalone_domain/bsp/system.mss|system||

TRACE::2020-05-16.18:19:17::SCWMssOS::Sw design exists and opened at  C:/Users/jcoel/Desktop/CR/pratico7/mb_design_wrapper/microblaze_0/standalone_domain/bsp/system.mss
TRACE::2020-05-16.18:19:17::SCWPlatform::Trying to open the hw design at C:/Users/jcoel/Desktop/CR/pratico7/mb_design_wrapper/hw/mb_design_wrapper.xsa
TRACE::2020-05-16.18:19:17::SCWPlatform::DSA given C:/Users/jcoel/Desktop/CR/pratico7/mb_design_wrapper/hw/mb_design_wrapper.xsa
TRACE::2020-05-16.18:19:17::SCWPlatform::DSA absoulate path C:/Users/jcoel/Desktop/CR/pratico7/mb_design_wrapper/hw/mb_design_wrapper.xsa
TRACE::2020-05-16.18:19:17::SCWPlatform::DSA directory C:/Users/jcoel/Desktop/CR/pratico7/mb_design_wrapper/hw
TRACE::2020-05-16.18:19:17::SCWPlatform:: Platform Path C:/Users/jcoel/Desktop/CR/pratico7/mb_design_wrapper/hw/mb_design_wrapper.xsa
TRACE::2020-05-16.18:19:17::SCWPlatform:: Unique name xilinx:nexys4::0.0
TRACE::2020-05-16.18:19:17::SCWPlatform::Trying to set the existing hwdb with name mb_design_wrapper_0
TRACE::2020-05-16.18:19:17::SCWPlatform::Opened existing hwdb mb_design_wrapper_0
TRACE::2020-05-16.18:19:17::SCWPlatform::Found the Hw Db part of the input DSA
TRACE::2020-05-16.18:19:17::SCWMssOS::Checking the sw design at  C:/Users/jcoel/Desktop/CR/pratico7/mb_design_wrapper/microblaze_0/standalone_domain/bsp/system.mss
TRACE::2020-05-16.18:19:17::SCWMssOS::DEBUG:  swdes dump  C:/Users/jcoel/Desktop/CR/pratico7/mb_design_wrapper/microblaze_0/standalone_domain/bsp/system.mss|system||

TRACE::2020-05-16.18:19:17::SCWMssOS::Sw design exists and opened at  C:/Users/jcoel/Desktop/CR/pratico7/mb_design_wrapper/microblaze_0/standalone_domain/bsp/system.mss
TRACE::2020-05-16.18:19:17::SCWWriter::formatted JSON is {
	"platformName":	"mb_design_wrapper",
	"sprVersion":	"2.0",
	"mode":	"gui",
	"dsaType":	"Fixed",
	"platformDesc":	"mb_design_wrapper",
	"platHandOff":	"C:/Users/jcoel/Desktop/CR/pratico7/StreamCopDemo/mb_design_wrapper.xsa",
	"platIntHandOff":	"<platformDir>/hw/mb_design_wrapper.xsa",
	"deviceType":	"FPGA",
	"platIsPrebuiltAutogen":	"false",
	"platIsNoBootBsp":	"false",
	"hasFsblMakeHasChanges":	"false",
	"hasPmufwMakeHasChanges":	"false",
	"platPreBuiltFlag":	false,
	"platformSamplesDir":	"",
	"platActiveSys":	"mb_design_wrapper",
	"systems":	[{
			"systemName":	"mb_design_wrapper",
			"systemDesc":	"mb_design_wrapper",
			"sysIsBootAutoGen":	"true",
			"systemDispName":	"mb_design_wrapper",
			"sysActiveDom":	"standalone_domain",
			"sysDefaultDom":	"standalone_domain",
			"domains":	[{
					"domainName":	"standalone_domain",
					"domainDispName":	"standalone on microblaze_0",
					"domainDesc":	"standalone_domain",
					"processors":	"microblaze_0",
					"os":	"standalone",
					"sdxOs":	"standalone",
					"debugEnable":	"False",
					"domRuntimes":	["cpp"],
					"swRepo":	"",
					"mssOsVer":	"7.1",
					"mssFile":	"",
					"md5Digest":	"7113f232e3cc3394a86b30dc9cc0d771",
					"compatibleApp":	"hello_world",
					"domType":	"mssDomain",
					"arch":	"32-bit",
					"appSettings":	{
						"appCompilerFlags":	"",
						"appLinkerFlags":	""
					},
					"addedLibs":	[],
					"libOptions":	{
						"libsContainingOptions":	[]
					},
					"prebuiltLibs":	{
						"prebuiltIncPath":	[],
						"prebuiltLibPath":	[]
					},
					"isolation":	{
					}
				}]
		}]
}
KEYINFO::2020-05-16.18:19:17::SCWPlatform::updated the xpfm file.
LOG::2020-05-16.18:19:37::SCWPlatform::Started generating the artifacts platform mb_design_wrapper
TRACE::2020-05-16.18:19:37::SCWPlatform::Sanity checking of platform is completed
LOG::2020-05-16.18:19:37::SCWPlatform::Started generating the artifacts for system configuration mb_design_wrapper
LOG::2020-05-16.18:19:37::SCWSystem::Checking the domain standalone_domain
LOG::2020-05-16.18:19:37::SCWSystem::Not a boot domain 
LOG::2020-05-16.18:19:37::SCWSystem::Started Processing the domain standalone_domain
TRACE::2020-05-16.18:19:37::SCWDomain::Generating domain artifcats
TRACE::2020-05-16.18:19:37::SCWMssOS::Generating standalone artifcats
TRACE::2020-05-16.18:19:37::SCWMssOS:: Copying the user libraries. 
TRACE::2020-05-16.18:19:37::SCWPlatform::Trying to open the hw design at C:/Users/jcoel/Desktop/CR/pratico7/mb_design_wrapper/hw/mb_design_wrapper.xsa
TRACE::2020-05-16.18:19:37::SCWPlatform::DSA given C:/Users/jcoel/Desktop/CR/pratico7/mb_design_wrapper/hw/mb_design_wrapper.xsa
TRACE::2020-05-16.18:19:37::SCWPlatform::DSA absoulate path C:/Users/jcoel/Desktop/CR/pratico7/mb_design_wrapper/hw/mb_design_wrapper.xsa
TRACE::2020-05-16.18:19:37::SCWPlatform::DSA directory C:/Users/jcoel/Desktop/CR/pratico7/mb_design_wrapper/hw
TRACE::2020-05-16.18:19:37::SCWPlatform:: Platform Path C:/Users/jcoel/Desktop/CR/pratico7/mb_design_wrapper/hw/mb_design_wrapper.xsa
TRACE::2020-05-16.18:19:37::SCWPlatform:: Unique name xilinx:nexys4::0.0
TRACE::2020-05-16.18:19:37::SCWPlatform::Trying to set the existing hwdb with name mb_design_wrapper_0
TRACE::2020-05-16.18:19:37::SCWPlatform::Opened existing hwdb mb_design_wrapper_0
TRACE::2020-05-16.18:19:37::SCWPlatform::Found the Hw Db part of the input DSA
TRACE::2020-05-16.18:19:37::SCWMssOS::Checking the sw design at  C:/Users/jcoel/Desktop/CR/pratico7/mb_design_wrapper/microblaze_0/standalone_domain/bsp/system.mss
TRACE::2020-05-16.18:19:37::SCWMssOS::DEBUG:  swdes dump  C:/Users/jcoel/Desktop/CR/pratico7/mb_design_wrapper/microblaze_0/standalone_domain/bsp/system.mss|system||

TRACE::2020-05-16.18:19:37::SCWMssOS::Sw design exists and opened at  C:/Users/jcoel/Desktop/CR/pratico7/mb_design_wrapper/microblaze_0/standalone_domain/bsp/system.mss
TRACE::2020-05-16.18:19:37::SCWMssOS::Completed writing the mss file at C:/Users/jcoel/Desktop/CR/pratico7/mb_design_wrapper/microblaze_0/standalone_domain/bsp
TRACE::2020-05-16.18:19:37::SCWMssOS::Mss edits present, copying mssfile into export location C:/Users/jcoel/Desktop/CR/pratico7/mb_design_wrapper/microblaze_0/standalone_domain/bsp/system.mss
TRACE::2020-05-16.18:19:37::SCWMssOS::bsp generated is upto date with the mss file. Skipping bsp generation.
TRACE::2020-05-16.18:19:37::SCWMssOS::BSP is already built. skipping the bsp build ... 
TRACE::2020-05-16.18:19:37::SCWDomain::Building the domain as part of full build :  standalone_domain
TRACE::2020-05-16.18:19:37::SCWMssOS::doing bsp build ... 
TRACE::2020-05-16.18:19:37::SCWMssOS::System Command Ran  C: & cd  C:/Users/jcoel/Desktop/CR/pratico7/mb_design_wrapper/microblaze_0/standalone_domain/bsp & make 
TRACE::2020-05-16.18:19:38::SCWMssOS::"Running Make include in microblaze_0/libsrc/bram_v4_3/src"

TRACE::2020-05-16.18:19:38::SCWMssOS::make -C microblaze_0/libsrc/bram_v4_3/src -s include  "SHELL=CMD" "COMPILER=mb-gcc" "ASSEMBLER=mb-as" "ARCHIVER=mb-ar" "COMPILE
TRACE::2020-05-16.18:19:38::SCWMssOS::R_FLAGS=  -O2 -c -mcpu=v11.0 -mlittle-endian -mno-xl-soft-div -mno-xl-soft-mul -mxl-barrel-shift" "EXTRA_COMPILER_FLAGS=-g -ffu
TRACE::2020-05-16.18:19:38::SCWMssOS::nction-sections -fdata-sections -Wall -Wextra"

TRACE::2020-05-16.18:19:38::SCWMssOS::"Running Make include in microblaze_0/libsrc/cpu_v2_10/src"

TRACE::2020-05-16.18:19:38::SCWMssOS::make -C microblaze_0/libsrc/cpu_v2_10/src -s include  "SHELL=CMD" "COMPILER=mb-gcc" "ASSEMBLER=mb-as" "ARCHIVER=mb-ar" "COMPILE
TRACE::2020-05-16.18:19:38::SCWMssOS::R_FLAGS=  -O2 -c -mcpu=v11.0 -mlittle-endian -mno-xl-soft-div -mno-xl-soft-mul -mxl-barrel-shift" "EXTRA_COMPILER_FLAGS=-g -ffu
TRACE::2020-05-16.18:19:38::SCWMssOS::nction-sections -fdata-sections -Wall -Wextra"

TRACE::2020-05-16.18:19:38::SCWMssOS::"Running Make include in microblaze_0/libsrc/gpio_v4_5/src"

TRACE::2020-05-16.18:19:38::SCWMssOS::make -C microblaze_0/libsrc/gpio_v4_5/src -s include  "SHELL=CMD" "COMPILER=mb-gcc" "ASSEMBLER=mb-as" "ARCHIVER=mb-ar" "COMPILE
TRACE::2020-05-16.18:19:38::SCWMssOS::R_FLAGS=  -O2 -c -mcpu=v11.0 -mlittle-endian -mno-xl-soft-div -mno-xl-soft-mul -mxl-barrel-shift" "EXTRA_COMPILER_FLAGS=-g -ffu
TRACE::2020-05-16.18:19:38::SCWMssOS::nction-sections -fdata-sections -Wall -Wextra"

TRACE::2020-05-16.18:19:38::SCWMssOS::"Running Make include in microblaze_0/libsrc/intc_v3_10/src"

TRACE::2020-05-16.18:19:38::SCWMssOS::make -C microblaze_0/libsrc/intc_v3_10/src -s include  "SHELL=CMD" "COMPILER=mb-gcc" "ASSEMBLER=mb-as" "ARCHIVER=mb-ar" "COMPIL
TRACE::2020-05-16.18:19:38::SCWMssOS::ER_FLAGS=  -O2 -c -mcpu=v11.0 -mlittle-endian -mno-xl-soft-div -mno-xl-soft-mul -mxl-barrel-shift" "EXTRA_COMPILER_FLAGS=-g -ff
TRACE::2020-05-16.18:19:38::SCWMssOS::unction-sections -fdata-sections -Wall -Wextra"

TRACE::2020-05-16.18:19:38::SCWMssOS::"Running Make include in microblaze_0/libsrc/standalone_v7_1/src"

TRACE::2020-05-16.18:19:38::SCWMssOS::make -C microblaze_0/libsrc/standalone_v7_1/src -s include  "SHELL=CMD" "COMPILER=mb-gcc" "ASSEMBLER=mb-as" "ARCHIVER=mb-ar" "C
TRACE::2020-05-16.18:19:38::SCWMssOS::OMPILER_FLAGS=  -O2 -c -mcpu=v11.0 -mlittle-endian -mno-xl-soft-div -mno-xl-soft-mul -mxl-barrel-shift" "EXTRA_COMPILER_FLAGS=-
TRACE::2020-05-16.18:19:38::SCWMssOS::g -ffunction-sections -fdata-sections -Wall -Wextra"

TRACE::2020-05-16.18:19:38::SCWMssOS::"Running Make include in microblaze_0/libsrc/tmrctr_v4_5/src"

TRACE::2020-05-16.18:19:38::SCWMssOS::make -C microblaze_0/libsrc/tmrctr_v4_5/src -s include  "SHELL=CMD" "COMPILER=mb-gcc" "ASSEMBLER=mb-as" "ARCHIVER=mb-ar" "COMPI
TRACE::2020-05-16.18:19:38::SCWMssOS::LER_FLAGS=  -O2 -c -mcpu=v11.0 -mlittle-endian -mno-xl-soft-div -mno-xl-soft-mul -mxl-barrel-shift" "EXTRA_COMPILER_FLAGS=-g -f
TRACE::2020-05-16.18:19:38::SCWMssOS::function-sections -fdata-sections -Wall -Wextra"

TRACE::2020-05-16.18:19:38::SCWMssOS::"Running Make include in microblaze_0/libsrc/uartlite_v3_3/src"

TRACE::2020-05-16.18:19:38::SCWMssOS::make -C microblaze_0/libsrc/uartlite_v3_3/src -s include  "SHELL=CMD" "COMPILER=mb-gcc" "ASSEMBLER=mb-as" "ARCHIVER=mb-ar" "COM
TRACE::2020-05-16.18:19:38::SCWMssOS::PILER_FLAGS=  -O2 -c -mcpu=v11.0 -mlittle-endian -mno-xl-soft-div -mno-xl-soft-mul -mxl-barrel-shift" "EXTRA_COMPILER_FLAGS=-g 
TRACE::2020-05-16.18:19:39::SCWMssOS::-ffunction-sections -fdata-sections -Wall -Wextra"

TRACE::2020-05-16.18:19:39::SCWMssOS::"Running Make libs in microblaze_0/libsrc/bram_v4_3/src"

TRACE::2020-05-16.18:19:39::SCWMssOS::make -C microblaze_0/libsrc/bram_v4_3/src -s libs  "SHELL=CMD" "COMPILER=mb-gcc" "ASSEMBLER=mb-as" "ARCHIVER=mb-ar" "COMPILER_F
TRACE::2020-05-16.18:19:39::SCWMssOS::LAGS=  -O2 -c -mcpu=v11.0 -mlittle-endian -mno-xl-soft-div -mno-xl-soft-mul -mxl-barrel-shift" "EXTRA_COMPILER_FLAGS=-g -ffunct
TRACE::2020-05-16.18:19:39::SCWMssOS::ion-sections -fdata-sections -Wall -Wextra"

TRACE::2020-05-16.18:19:39::SCWMssOS::"Compiling bram"

TRACE::2020-05-16.18:19:40::SCWMssOS::"Running Make libs in microblaze_0/libsrc/cpu_v2_10/src"

TRACE::2020-05-16.18:19:40::SCWMssOS::make -C microblaze_0/libsrc/cpu_v2_10/src -s libs  "SHELL=CMD" "COMPILER=mb-gcc" "ASSEMBLER=mb-as" "ARCHIVER=mb-ar" "COMPILER_F
TRACE::2020-05-16.18:19:40::SCWMssOS::LAGS=  -O2 -c -mcpu=v11.0 -mlittle-endian -mno-xl-soft-div -mno-xl-soft-mul -mxl-barrel-shift" "EXTRA_COMPILER_FLAGS=-g -ffunct
TRACE::2020-05-16.18:19:40::SCWMssOS::ion-sections -fdata-sections -Wall -Wextra"

TRACE::2020-05-16.18:19:40::SCWMssOS::"Compiling cpu"

TRACE::2020-05-16.18:19:40::SCWMssOS::"Running Make libs in microblaze_0/libsrc/gpio_v4_5/src"

TRACE::2020-05-16.18:19:40::SCWMssOS::make -C microblaze_0/libsrc/gpio_v4_5/src -s libs  "SHELL=CMD" "COMPILER=mb-gcc" "ASSEMBLER=mb-as" "ARCHIVER=mb-ar" "COMPILER_F
TRACE::2020-05-16.18:19:40::SCWMssOS::LAGS=  -O2 -c -mcpu=v11.0 -mlittle-endian -mno-xl-soft-div -mno-xl-soft-mul -mxl-barrel-shift" "EXTRA_COMPILER_FLAGS=-g -ffunct
TRACE::2020-05-16.18:19:40::SCWMssOS::ion-sections -fdata-sections -Wall -Wextra"

TRACE::2020-05-16.18:19:40::SCWMssOS::"Compiling gpio"

TRACE::2020-05-16.18:19:41::SCWMssOS::"Running Make libs in microblaze_0/libsrc/intc_v3_10/src"

TRACE::2020-05-16.18:19:41::SCWMssOS::make -C microblaze_0/libsrc/intc_v3_10/src -s libs  "SHELL=CMD" "COMPILER=mb-gcc" "ASSEMBLER=mb-as" "ARCHIVER=mb-ar" "COMPILER_
TRACE::2020-05-16.18:19:41::SCWMssOS::FLAGS=  -O2 -c -mcpu=v11.0 -mlittle-endian -mno-xl-soft-div -mno-xl-soft-mul -mxl-barrel-shift" "EXTRA_COMPILER_FLAGS=-g -ffunc
TRACE::2020-05-16.18:19:41::SCWMssOS::tion-sections -fdata-sections -Wall -Wextra"

TRACE::2020-05-16.18:19:41::SCWMssOS::"Compiling intc"

TRACE::2020-05-16.18:19:41::SCWMssOS::"Running Make libs in microblaze_0/libsrc/standalone_v7_1/src"

TRACE::2020-05-16.18:19:41::SCWMssOS::make -C microblaze_0/libsrc/standalone_v7_1/src -s libs  "SHELL=CMD" "COMPILER=mb-gcc" "ASSEMBLER=mb-as" "ARCHIVER=mb-ar" "COMP
TRACE::2020-05-16.18:19:41::SCWMssOS::ILER_FLAGS=  -O2 -c -mcpu=v11.0 -mlittle-endian -mno-xl-soft-div -mno-xl-soft-mul -mxl-barrel-shift" "EXTRA_COMPILER_FLAGS=-g -
TRACE::2020-05-16.18:19:41::SCWMssOS::ffunction-sections -fdata-sections -Wall -Wextra"

TRACE::2020-05-16.18:19:41::SCWMssOS::"Compiling standalone";

TRACE::2020-05-16.18:19:45::SCWMssOS::"Running Make libs in microblaze_0/libsrc/tmrctr_v4_5/src"

TRACE::2020-05-16.18:19:45::SCWMssOS::make -C microblaze_0/libsrc/tmrctr_v4_5/src -s libs  "SHELL=CMD" "COMPILER=mb-gcc" "ASSEMBLER=mb-as" "ARCHIVER=mb-ar" "COMPILER
TRACE::2020-05-16.18:19:45::SCWMssOS::_FLAGS=  -O2 -c -mcpu=v11.0 -mlittle-endian -mno-xl-soft-div -mno-xl-soft-mul -mxl-barrel-shift" "EXTRA_COMPILER_FLAGS=-g -ffun
TRACE::2020-05-16.18:19:45::SCWMssOS::ction-sections -fdata-sections -Wall -Wextra"

TRACE::2020-05-16.18:19:45::SCWMssOS::"Compiling tmrctr"

TRACE::2020-05-16.18:19:46::SCWMssOS::"Running Make libs in microblaze_0/libsrc/uartlite_v3_3/src"

TRACE::2020-05-16.18:19:46::SCWMssOS::make -C microblaze_0/libsrc/uartlite_v3_3/src -s libs  "SHELL=CMD" "COMPILER=mb-gcc" "ASSEMBLER=mb-as" "ARCHIVER=mb-ar" "COMPIL
TRACE::2020-05-16.18:19:46::SCWMssOS::ER_FLAGS=  -O2 -c -mcpu=v11.0 -mlittle-endian -mno-xl-soft-div -mno-xl-soft-mul -mxl-barrel-shift" "EXTRA_COMPILER_FLAGS=-g -ff
TRACE::2020-05-16.18:19:46::SCWMssOS::unction-sections -fdata-sections -Wall -Wextra"

TRACE::2020-05-16.18:19:46::SCWMssOS::"Compiling uartlite"

TRACE::2020-05-16.18:19:46::SCWMssOS::'Finished building libraries'

TRACE::2020-05-16.18:19:47::SCWMssOS::Copying to export directory.
TRACE::2020-05-16.18:19:47::SCWMssOS:: Checking if to create the Supporting Applications
TRACE::2020-05-16.18:19:47::SCWMssOS:: No Linux domain exists, trying to generate FSBL 
LOG::2020-05-16.18:19:47::SCWSystem::Completed Processing the domain standalone_domain
LOG::2020-05-16.18:19:47::SCWSystem::Completed Processing the sysconfig mb_design_wrapper
LOG::2020-05-16.18:19:47::SCWPlatform::Completed generating the artifacts for system configuration mb_design_wrapper
TRACE::2020-05-16.18:19:47::SCWPlatform::Started preparing the platform 
TRACE::2020-05-16.18:19:47::SCWSystem::Writing the bif file for system config mb_design_wrapper
TRACE::2020-05-16.18:19:47::SCWSystem::dir created 
TRACE::2020-05-16.18:19:47::SCWSystem::Writing the bif 
TRACE::2020-05-16.18:19:47::SCWPlatform::Started writing the spfm file 
TRACE::2020-05-16.18:19:47::SCWPlatform::Started writing the xpfm file 
TRACE::2020-05-16.18:19:47::SCWPlatform::Completed generating the platform
TRACE::2020-05-16.18:19:47::SCWPlatform::Trying to open the hw design at C:/Users/jcoel/Desktop/CR/pratico7/mb_design_wrapper/hw/mb_design_wrapper.xsa
TRACE::2020-05-16.18:19:47::SCWPlatform::DSA given C:/Users/jcoel/Desktop/CR/pratico7/mb_design_wrapper/hw/mb_design_wrapper.xsa
TRACE::2020-05-16.18:19:47::SCWPlatform::DSA absoulate path C:/Users/jcoel/Desktop/CR/pratico7/mb_design_wrapper/hw/mb_design_wrapper.xsa
TRACE::2020-05-16.18:19:47::SCWPlatform::DSA directory C:/Users/jcoel/Desktop/CR/pratico7/mb_design_wrapper/hw
TRACE::2020-05-16.18:19:47::SCWPlatform:: Platform Path C:/Users/jcoel/Desktop/CR/pratico7/mb_design_wrapper/hw/mb_design_wrapper.xsa
TRACE::2020-05-16.18:19:47::SCWPlatform:: Unique name xilinx:nexys4::0.0
TRACE::2020-05-16.18:19:47::SCWPlatform::Trying to set the existing hwdb with name mb_design_wrapper_0
TRACE::2020-05-16.18:19:47::SCWPlatform::Opened existing hwdb mb_design_wrapper_0
TRACE::2020-05-16.18:19:47::SCWPlatform::Found the Hw Db part of the input DSA
TRACE::2020-05-16.18:19:47::SCWMssOS::Checking the sw design at  C:/Users/jcoel/Desktop/CR/pratico7/mb_design_wrapper/microblaze_0/standalone_domain/bsp/system.mss
TRACE::2020-05-16.18:19:47::SCWMssOS::DEBUG:  swdes dump  C:/Users/jcoel/Desktop/CR/pratico7/mb_design_wrapper/microblaze_0/standalone_domain/bsp/system.mss|system||

TRACE::2020-05-16.18:19:47::SCWMssOS::Sw design exists and opened at  C:/Users/jcoel/Desktop/CR/pratico7/mb_design_wrapper/microblaze_0/standalone_domain/bsp/system.mss
TRACE::2020-05-16.18:19:47::SCWPlatform::Trying to open the hw design at C:/Users/jcoel/Desktop/CR/pratico7/mb_design_wrapper/hw/mb_design_wrapper.xsa
TRACE::2020-05-16.18:19:47::SCWPlatform::DSA given C:/Users/jcoel/Desktop/CR/pratico7/mb_design_wrapper/hw/mb_design_wrapper.xsa
TRACE::2020-05-16.18:19:47::SCWPlatform::DSA absoulate path C:/Users/jcoel/Desktop/CR/pratico7/mb_design_wrapper/hw/mb_design_wrapper.xsa
TRACE::2020-05-16.18:19:47::SCWPlatform::DSA directory C:/Users/jcoel/Desktop/CR/pratico7/mb_design_wrapper/hw
TRACE::2020-05-16.18:19:47::SCWPlatform:: Platform Path C:/Users/jcoel/Desktop/CR/pratico7/mb_design_wrapper/hw/mb_design_wrapper.xsa
TRACE::2020-05-16.18:19:47::SCWPlatform:: Unique name xilinx:nexys4::0.0
TRACE::2020-05-16.18:19:47::SCWPlatform::Trying to set the existing hwdb with name mb_design_wrapper_0
TRACE::2020-05-16.18:19:47::SCWPlatform::Opened existing hwdb mb_design_wrapper_0
TRACE::2020-05-16.18:19:47::SCWPlatform::Found the Hw Db part of the input DSA
TRACE::2020-05-16.18:19:47::SCWMssOS::Checking the sw design at  C:/Users/jcoel/Desktop/CR/pratico7/mb_design_wrapper/microblaze_0/standalone_domain/bsp/system.mss
TRACE::2020-05-16.18:19:47::SCWMssOS::DEBUG:  swdes dump  C:/Users/jcoel/Desktop/CR/pratico7/mb_design_wrapper/microblaze_0/standalone_domain/bsp/system.mss|system||

TRACE::2020-05-16.18:19:47::SCWMssOS::Sw design exists and opened at  C:/Users/jcoel/Desktop/CR/pratico7/mb_design_wrapper/microblaze_0/standalone_domain/bsp/system.mss
TRACE::2020-05-16.18:19:47::SCWPlatform::Trying to open the hw design at C:/Users/jcoel/Desktop/CR/pratico7/mb_design_wrapper/hw/mb_design_wrapper.xsa
TRACE::2020-05-16.18:19:47::SCWPlatform::DSA given C:/Users/jcoel/Desktop/CR/pratico7/mb_design_wrapper/hw/mb_design_wrapper.xsa
TRACE::2020-05-16.18:19:47::SCWPlatform::DSA absoulate path C:/Users/jcoel/Desktop/CR/pratico7/mb_design_wrapper/hw/mb_design_wrapper.xsa
TRACE::2020-05-16.18:19:47::SCWPlatform::DSA directory C:/Users/jcoel/Desktop/CR/pratico7/mb_design_wrapper/hw
TRACE::2020-05-16.18:19:47::SCWPlatform:: Platform Path C:/Users/jcoel/Desktop/CR/pratico7/mb_design_wrapper/hw/mb_design_wrapper.xsa
TRACE::2020-05-16.18:19:47::SCWPlatform:: Unique name xilinx:nexys4::0.0
TRACE::2020-05-16.18:19:47::SCWPlatform::Trying to set the existing hwdb with name mb_design_wrapper_0
TRACE::2020-05-16.18:19:47::SCWPlatform::Opened existing hwdb mb_design_wrapper_0
TRACE::2020-05-16.18:19:47::SCWPlatform::Found the Hw Db part of the input DSA
TRACE::2020-05-16.18:19:47::SCWMssOS::Checking the sw design at  C:/Users/jcoel/Desktop/CR/pratico7/mb_design_wrapper/microblaze_0/standalone_domain/bsp/system.mss
TRACE::2020-05-16.18:19:47::SCWMssOS::DEBUG:  swdes dump  C:/Users/jcoel/Desktop/CR/pratico7/mb_design_wrapper/microblaze_0/standalone_domain/bsp/system.mss|system||

TRACE::2020-05-16.18:19:47::SCWMssOS::Sw design exists and opened at  C:/Users/jcoel/Desktop/CR/pratico7/mb_design_wrapper/microblaze_0/standalone_domain/bsp/system.mss
TRACE::2020-05-16.18:19:47::SCWWriter::formatted JSON is {
	"platformName":	"mb_design_wrapper",
	"sprVersion":	"2.0",
	"mode":	"gui",
	"dsaType":	"Fixed",
	"platformDesc":	"mb_design_wrapper",
	"platHandOff":	"C:/Users/jcoel/Desktop/CR/pratico7/StreamCopDemo/mb_design_wrapper.xsa",
	"platIntHandOff":	"<platformDir>/hw/mb_design_wrapper.xsa",
	"deviceType":	"FPGA",
	"platIsPrebuiltAutogen":	"false",
	"platIsNoBootBsp":	"false",
	"hasFsblMakeHasChanges":	"false",
	"hasPmufwMakeHasChanges":	"false",
	"platPreBuiltFlag":	false,
	"platformSamplesDir":	"",
	"platActiveSys":	"mb_design_wrapper",
	"systems":	[{
			"systemName":	"mb_design_wrapper",
			"systemDesc":	"mb_design_wrapper",
			"sysIsBootAutoGen":	"true",
			"systemDispName":	"mb_design_wrapper",
			"sysActiveDom":	"standalone_domain",
			"sysDefaultDom":	"standalone_domain",
			"domains":	[{
					"domainName":	"standalone_domain",
					"domainDispName":	"standalone on microblaze_0",
					"domainDesc":	"standalone_domain",
					"processors":	"microblaze_0",
					"os":	"standalone",
					"sdxOs":	"standalone",
					"debugEnable":	"False",
					"domRuntimes":	["cpp"],
					"swRepo":	"",
					"mssOsVer":	"7.1",
					"mssFile":	"",
					"md5Digest":	"7113f232e3cc3394a86b30dc9cc0d771",
					"compatibleApp":	"hello_world",
					"domType":	"mssDomain",
					"arch":	"32-bit",
					"appSettings":	{
						"appCompilerFlags":	"",
						"appLinkerFlags":	""
					},
					"addedLibs":	[],
					"libOptions":	{
						"libsContainingOptions":	[]
					},
					"prebuiltLibs":	{
						"prebuiltIncPath":	[],
						"prebuiltLibPath":	[]
					},
					"isolation":	{
					}
				}]
		}]
}
KEYINFO::2020-05-16.18:19:47::SCWPlatform::updated the xpfm file.
TRACE::2020-05-16.18:19:47::SCWPlatform::Trying to open the hw design at C:/Users/jcoel/Desktop/CR/pratico7/mb_design_wrapper/hw/mb_design_wrapper.xsa
TRACE::2020-05-16.18:19:47::SCWPlatform::DSA given C:/Users/jcoel/Desktop/CR/pratico7/mb_design_wrapper/hw/mb_design_wrapper.xsa
TRACE::2020-05-16.18:19:47::SCWPlatform::DSA absoulate path C:/Users/jcoel/Desktop/CR/pratico7/mb_design_wrapper/hw/mb_design_wrapper.xsa
TRACE::2020-05-16.18:19:47::SCWPlatform::DSA directory C:/Users/jcoel/Desktop/CR/pratico7/mb_design_wrapper/hw
TRACE::2020-05-16.18:19:47::SCWPlatform:: Platform Path C:/Users/jcoel/Desktop/CR/pratico7/mb_design_wrapper/hw/mb_design_wrapper.xsa
TRACE::2020-05-16.18:19:47::SCWPlatform:: Unique name xilinx:nexys4::0.0
TRACE::2020-05-16.18:19:47::SCWPlatform::Trying to set the existing hwdb with name mb_design_wrapper_0
TRACE::2020-05-16.18:19:47::SCWPlatform::Opened existing hwdb mb_design_wrapper_0
TRACE::2020-05-16.18:19:47::SCWPlatform::Found the Hw Db part of the input DSA
TRACE::2020-05-16.18:19:47::SCWMssOS::Checking the sw design at  C:/Users/jcoel/Desktop/CR/pratico7/mb_design_wrapper/microblaze_0/standalone_domain/bsp/system.mss
TRACE::2020-05-16.18:19:47::SCWMssOS::DEBUG:  swdes dump  C:/Users/jcoel/Desktop/CR/pratico7/mb_design_wrapper/microblaze_0/standalone_domain/bsp/system.mss|system||

TRACE::2020-05-16.18:19:47::SCWMssOS::Sw design exists and opened at  C:/Users/jcoel/Desktop/CR/pratico7/mb_design_wrapper/microblaze_0/standalone_domain/bsp/system.mss
TRACE::2020-05-16.18:32:26::SCWPlatform::Trying to open the hw design at C:/Users/jcoel/Desktop/CR/pratico7/mb_design_wrapper/hw/mb_design_wrapper.xsa
TRACE::2020-05-16.18:32:26::SCWPlatform::DSA given C:/Users/jcoel/Desktop/CR/pratico7/mb_design_wrapper/hw/mb_design_wrapper.xsa
TRACE::2020-05-16.18:32:26::SCWPlatform::DSA absoulate path C:/Users/jcoel/Desktop/CR/pratico7/mb_design_wrapper/hw/mb_design_wrapper.xsa
TRACE::2020-05-16.18:32:30::SCWPlatform::DSA directory C:/Users/jcoel/Desktop/CR/pratico7/mb_design_wrapper/hw
TRACE::2020-05-16.18:32:30::SCWPlatform:: Platform Path C:/Users/jcoel/Desktop/CR/pratico7/mb_design_wrapper/hw/mb_design_wrapper.xsa
TRACE::2020-05-16.18:32:30::SCWPlatform:: Unique name xilinx:nexys4::0.0
TRACE::2020-05-16.18:32:30::SCWPlatform::Do not have an existing db opened. 
TRACE::2020-05-16.18:32:30::SCWPlatform::Opened new HwDB with name mb_design_wrapper
TRACE::2020-05-16.18:32:30::SCWReader::Active system found as  mb_design_wrapper
TRACE::2020-05-16.18:32:30::SCWReader::Handling sysconfig mb_design_wrapper
TRACE::2020-05-16.18:32:30::SCWDomain::checking for install qemu data   : 
TRACE::2020-05-16.18:32:30::SCWPlatform::Trying to open the hw design at C:/Users/jcoel/Desktop/CR/pratico7/mb_design_wrapper/hw/mb_design_wrapper.xsa
TRACE::2020-05-16.18:32:30::SCWPlatform::DSA given C:/Users/jcoel/Desktop/CR/pratico7/mb_design_wrapper/hw/mb_design_wrapper.xsa
TRACE::2020-05-16.18:32:30::SCWPlatform::DSA absoulate path C:/Users/jcoel/Desktop/CR/pratico7/mb_design_wrapper/hw/mb_design_wrapper.xsa
TRACE::2020-05-16.18:32:30::SCWPlatform::DSA directory C:/Users/jcoel/Desktop/CR/pratico7/mb_design_wrapper/hw
TRACE::2020-05-16.18:32:30::SCWPlatform:: Platform Path C:/Users/jcoel/Desktop/CR/pratico7/mb_design_wrapper/hw/mb_design_wrapper.xsa
TRACE::2020-05-16.18:32:30::SCWPlatform:: Unique name xilinx:nexys4::0.0
TRACE::2020-05-16.18:32:30::SCWPlatform::Trying to set the existing hwdb with name mb_design_wrapper
TRACE::2020-05-16.18:32:30::SCWPlatform::Opened existing hwdb mb_design_wrapper
TRACE::2020-05-16.18:32:30::SCWPlatform::Found the Hw Db part of the input DSA
TRACE::2020-05-16.18:32:30::SCWPlatform::Trying to open the hw design at C:/Users/jcoel/Desktop/CR/pratico7/mb_design_wrapper/hw/mb_design_wrapper.xsa
TRACE::2020-05-16.18:32:30::SCWPlatform::DSA given C:/Users/jcoel/Desktop/CR/pratico7/mb_design_wrapper/hw/mb_design_wrapper.xsa
TRACE::2020-05-16.18:32:30::SCWPlatform::DSA absoulate path C:/Users/jcoel/Desktop/CR/pratico7/mb_design_wrapper/hw/mb_design_wrapper.xsa
TRACE::2020-05-16.18:32:30::SCWPlatform::DSA directory C:/Users/jcoel/Desktop/CR/pratico7/mb_design_wrapper/hw
TRACE::2020-05-16.18:32:30::SCWPlatform:: Platform Path C:/Users/jcoel/Desktop/CR/pratico7/mb_design_wrapper/hw/mb_design_wrapper.xsa
TRACE::2020-05-16.18:32:30::SCWPlatform:: Unique name xilinx:nexys4::0.0
TRACE::2020-05-16.18:32:30::SCWPlatform::Trying to set the existing hwdb with name mb_design_wrapper
TRACE::2020-05-16.18:32:30::SCWPlatform::Opened existing hwdb mb_design_wrapper
TRACE::2020-05-16.18:32:30::SCWPlatform::Found the Hw Db part of the input DSA
TRACE::2020-05-16.18:32:30::SCWPlatform::Trying to open the hw design at C:/Users/jcoel/Desktop/CR/pratico7/mb_design_wrapper/hw/mb_design_wrapper.xsa
TRACE::2020-05-16.18:32:30::SCWPlatform::DSA given C:/Users/jcoel/Desktop/CR/pratico7/mb_design_wrapper/hw/mb_design_wrapper.xsa
TRACE::2020-05-16.18:32:30::SCWPlatform::DSA absoulate path C:/Users/jcoel/Desktop/CR/pratico7/mb_design_wrapper/hw/mb_design_wrapper.xsa
TRACE::2020-05-16.18:32:30::SCWPlatform::DSA directory C:/Users/jcoel/Desktop/CR/pratico7/mb_design_wrapper/hw
TRACE::2020-05-16.18:32:30::SCWPlatform:: Platform Path C:/Users/jcoel/Desktop/CR/pratico7/mb_design_wrapper/hw/mb_design_wrapper.xsa
TRACE::2020-05-16.18:32:30::SCWPlatform:: Unique name xilinx:nexys4::0.0
TRACE::2020-05-16.18:32:30::SCWPlatform::Trying to set the existing hwdb with name mb_design_wrapper
TRACE::2020-05-16.18:32:30::SCWPlatform::Opened existing hwdb mb_design_wrapper
TRACE::2020-05-16.18:32:30::SCWPlatform::Found the Hw Db part of the input DSA
TRACE::2020-05-16.18:32:30::SCWMssOS::Checking the sw design at  C:/Users/jcoel/Desktop/CR/pratico7/mb_design_wrapper/microblaze_0/standalone_domain/bsp/system.mss
TRACE::2020-05-16.18:32:30::SCWMssOS::DEBUG:  swdes dump  
TRACE::2020-05-16.18:32:30::SCWMssOS::No sw design opened at  C:/Users/jcoel/Desktop/CR/pratico7/mb_design_wrapper/microblaze_0/standalone_domain/bsp/system.mss
TRACE::2020-05-16.18:32:30::SCWMssOS::mss exists loading the mss file  C:/Users/jcoel/Desktop/CR/pratico7/mb_design_wrapper/microblaze_0/standalone_domain/bsp/system.mss
TRACE::2020-05-16.18:32:30::SCWMssOS::Opened the sw design from mss  C:/Users/jcoel/Desktop/CR/pratico7/mb_design_wrapper/microblaze_0/standalone_domain/bsp/system.mss
TRACE::2020-05-16.18:32:30::SCWMssOS::Adding the swdes entry C:/Users/jcoel/Desktop/CR/pratico7/mb_design_wrapper/microblaze_0/standalone_domain/bsp/system.mss with des name system
TRACE::2020-05-16.18:32:30::SCWMssOS::updating the scw layer about changes
TRACE::2020-05-16.18:32:30::SCWMssOS::Opened the sw design.  C:/Users/jcoel/Desktop/CR/pratico7/mb_design_wrapper/microblaze_0/standalone_domain/bsp/system.mss
TRACE::2020-05-16.18:32:30::SCWReader::Adding prebuilt librarypaths as   
TRACE::2020-05-16.18:32:30::SCWReader::Adding prebuilt incpaths  as   
TRACE::2020-05-16.18:32:30::SCWPlatform::Trying to open the hw design at C:/Users/jcoel/Desktop/CR/pratico7/mb_design_wrapper/hw/mb_design_wrapper.xsa
TRACE::2020-05-16.18:32:30::SCWPlatform::DSA given C:/Users/jcoel/Desktop/CR/pratico7/mb_design_wrapper/hw/mb_design_wrapper.xsa
TRACE::2020-05-16.18:32:30::SCWPlatform::DSA absoulate path C:/Users/jcoel/Desktop/CR/pratico7/mb_design_wrapper/hw/mb_design_wrapper.xsa
TRACE::2020-05-16.18:32:30::SCWPlatform::DSA directory C:/Users/jcoel/Desktop/CR/pratico7/mb_design_wrapper/hw
TRACE::2020-05-16.18:32:30::SCWPlatform:: Platform Path C:/Users/jcoel/Desktop/CR/pratico7/mb_design_wrapper/hw/mb_design_wrapper.xsa
TRACE::2020-05-16.18:32:30::SCWPlatform:: Unique name xilinx:nexys4::0.0
TRACE::2020-05-16.18:32:30::SCWPlatform::Trying to set the existing hwdb with name mb_design_wrapper
TRACE::2020-05-16.18:32:30::SCWPlatform::Opened existing hwdb mb_design_wrapper
TRACE::2020-05-16.18:32:30::SCWPlatform::Found the Hw Db part of the input DSA
TRACE::2020-05-16.18:32:30::SCWMssOS::Checking the sw design at  C:/Users/jcoel/Desktop/CR/pratico7/mb_design_wrapper/microblaze_0/standalone_domain/bsp/system.mss
TRACE::2020-05-16.18:32:30::SCWMssOS::DEBUG:  swdes dump  C:/Users/jcoel/Desktop/CR/pratico7/mb_design_wrapper/microblaze_0/standalone_domain/bsp/system.mss|system||

TRACE::2020-05-16.18:32:30::SCWMssOS::Sw design exists and opened at  C:/Users/jcoel/Desktop/CR/pratico7/mb_design_wrapper/microblaze_0/standalone_domain/bsp/system.mss
TRACE::2020-05-16.18:32:30::SCWReader::No isolation master present  
LOG::2020-05-16.18:32:30::SCWPlatform::Started generating the artifacts platform mb_design_wrapper
TRACE::2020-05-16.18:32:30::SCWPlatform::Sanity checking of platform is completed
LOG::2020-05-16.18:32:30::SCWPlatform::Started generating the artifacts for system configuration mb_design_wrapper
LOG::2020-05-16.18:32:30::SCWSystem::Checking the domain standalone_domain
LOG::2020-05-16.18:32:30::SCWSystem::Not a boot domain 
LOG::2020-05-16.18:32:30::SCWSystem::Started Processing the domain standalone_domain
TRACE::2020-05-16.18:32:30::SCWDomain::Generating domain artifcats
TRACE::2020-05-16.18:32:30::SCWMssOS::Generating standalone artifcats
TRACE::2020-05-16.18:32:30::SCWMssOS:: Copying the user libraries. 
TRACE::2020-05-16.18:32:30::SCWPlatform::Trying to open the hw design at C:/Users/jcoel/Desktop/CR/pratico7/mb_design_wrapper/hw/mb_design_wrapper.xsa
TRACE::2020-05-16.18:32:30::SCWPlatform::DSA given C:/Users/jcoel/Desktop/CR/pratico7/mb_design_wrapper/hw/mb_design_wrapper.xsa
TRACE::2020-05-16.18:32:30::SCWPlatform::DSA absoulate path C:/Users/jcoel/Desktop/CR/pratico7/mb_design_wrapper/hw/mb_design_wrapper.xsa
TRACE::2020-05-16.18:32:30::SCWPlatform::DSA directory C:/Users/jcoel/Desktop/CR/pratico7/mb_design_wrapper/hw
TRACE::2020-05-16.18:32:30::SCWPlatform:: Platform Path C:/Users/jcoel/Desktop/CR/pratico7/mb_design_wrapper/hw/mb_design_wrapper.xsa
TRACE::2020-05-16.18:32:30::SCWPlatform:: Unique name xilinx:nexys4::0.0
TRACE::2020-05-16.18:32:30::SCWPlatform::Trying to set the existing hwdb with name mb_design_wrapper
TRACE::2020-05-16.18:32:30::SCWPlatform::Opened existing hwdb mb_design_wrapper
TRACE::2020-05-16.18:32:30::SCWPlatform::Found the Hw Db part of the input DSA
TRACE::2020-05-16.18:32:30::SCWMssOS::Checking the sw design at  C:/Users/jcoel/Desktop/CR/pratico7/mb_design_wrapper/microblaze_0/standalone_domain/bsp/system.mss
TRACE::2020-05-16.18:32:30::SCWMssOS::DEBUG:  swdes dump  C:/Users/jcoel/Desktop/CR/pratico7/mb_design_wrapper/microblaze_0/standalone_domain/bsp/system.mss|system||

TRACE::2020-05-16.18:32:30::SCWMssOS::Sw design exists and opened at  C:/Users/jcoel/Desktop/CR/pratico7/mb_design_wrapper/microblaze_0/standalone_domain/bsp/system.mss
TRACE::2020-05-16.18:32:30::SCWMssOS::Completed writing the mss file at C:/Users/jcoel/Desktop/CR/pratico7/mb_design_wrapper/microblaze_0/standalone_domain/bsp
TRACE::2020-05-16.18:32:30::SCWMssOS::Mss edits present, copying mssfile into export location C:/Users/jcoel/Desktop/CR/pratico7/mb_design_wrapper/microblaze_0/standalone_domain/bsp/system.mss
TRACE::2020-05-16.18:32:30::SCWMssOS::bsp generated is upto date with the mss file. Skipping bsp generation.
TRACE::2020-05-16.18:32:30::SCWMssOS::BSP is already built. skipping the bsp build ... 
TRACE::2020-05-16.18:32:30::SCWDomain::Building the domain as part of full build :  standalone_domain
TRACE::2020-05-16.18:32:30::SCWMssOS::doing bsp build ... 
TRACE::2020-05-16.18:32:30::SCWMssOS::System Command Ran  C: & cd  C:/Users/jcoel/Desktop/CR/pratico7/mb_design_wrapper/microblaze_0/standalone_domain/bsp & make 
TRACE::2020-05-16.18:32:30::SCWMssOS::"Running Make include in microblaze_0/libsrc/bram_v4_3/src"

TRACE::2020-05-16.18:32:30::SCWMssOS::make -C microblaze_0/libsrc/bram_v4_3/src -s include  "SHELL=CMD" "COMPILER=mb-gcc" "ASSEMBLER=mb-as" "ARCHIVER=mb-ar" "COMPILE
TRACE::2020-05-16.18:32:30::SCWMssOS::R_FLAGS=  -O2 -c -mcpu=v11.0 -mlittle-endian -mno-xl-soft-div -mno-xl-soft-mul -mxl-barrel-shift" "EXTRA_COMPILER_FLAGS=-g -ffu
TRACE::2020-05-16.18:32:30::SCWMssOS::nction-sections -fdata-sections -Wall -Wextra"

TRACE::2020-05-16.18:32:30::SCWMssOS::"Running Make include in microblaze_0/libsrc/cpu_v2_10/src"

TRACE::2020-05-16.18:32:30::SCWMssOS::make -C microblaze_0/libsrc/cpu_v2_10/src -s include  "SHELL=CMD" "COMPILER=mb-gcc" "ASSEMBLER=mb-as" "ARCHIVER=mb-ar" "COMPILE
TRACE::2020-05-16.18:32:30::SCWMssOS::R_FLAGS=  -O2 -c -mcpu=v11.0 -mlittle-endian -mno-xl-soft-div -mno-xl-soft-mul -mxl-barrel-shift" "EXTRA_COMPILER_FLAGS=-g -ffu
TRACE::2020-05-16.18:32:30::SCWMssOS::nction-sections -fdata-sections -Wall -Wextra"

TRACE::2020-05-16.18:32:30::SCWMssOS::"Running Make include in microblaze_0/libsrc/gpio_v4_5/src"

TRACE::2020-05-16.18:32:30::SCWMssOS::make -C microblaze_0/libsrc/gpio_v4_5/src -s include  "SHELL=CMD" "COMPILER=mb-gcc" "ASSEMBLER=mb-as" "ARCHIVER=mb-ar" "COMPILE
TRACE::2020-05-16.18:32:30::SCWMssOS::R_FLAGS=  -O2 -c -mcpu=v11.0 -mlittle-endian -mno-xl-soft-div -mno-xl-soft-mul -mxl-barrel-shift" "EXTRA_COMPILER_FLAGS=-g -ffu
TRACE::2020-05-16.18:32:30::SCWMssOS::nction-sections -fdata-sections -Wall -Wextra"

TRACE::2020-05-16.18:32:31::SCWMssOS::"Running Make include in microblaze_0/libsrc/intc_v3_10/src"

TRACE::2020-05-16.18:32:31::SCWMssOS::make -C microblaze_0/libsrc/intc_v3_10/src -s include  "SHELL=CMD" "COMPILER=mb-gcc" "ASSEMBLER=mb-as" "ARCHIVER=mb-ar" "COMPIL
TRACE::2020-05-16.18:32:31::SCWMssOS::ER_FLAGS=  -O2 -c -mcpu=v11.0 -mlittle-endian -mno-xl-soft-div -mno-xl-soft-mul -mxl-barrel-shift" "EXTRA_COMPILER_FLAGS=-g -ff
TRACE::2020-05-16.18:32:31::SCWMssOS::unction-sections -fdata-sections -Wall -Wextra"

TRACE::2020-05-16.18:32:31::SCWMssOS::"Running Make include in microblaze_0/libsrc/standalone_v7_1/src"

TRACE::2020-05-16.18:32:31::SCWMssOS::make -C microblaze_0/libsrc/standalone_v7_1/src -s include  "SHELL=CMD" "COMPILER=mb-gcc" "ASSEMBLER=mb-as" "ARCHIVER=mb-ar" "C
TRACE::2020-05-16.18:32:31::SCWMssOS::OMPILER_FLAGS=  -O2 -c -mcpu=v11.0 -mlittle-endian -mno-xl-soft-div -mno-xl-soft-mul -mxl-barrel-shift" "EXTRA_COMPILER_FLAGS=-
TRACE::2020-05-16.18:32:31::SCWMssOS::g -ffunction-sections -fdata-sections -Wall -Wextra"

TRACE::2020-05-16.18:32:31::SCWMssOS::"Running Make include in microblaze_0/libsrc/tmrctr_v4_5/src"

TRACE::2020-05-16.18:32:31::SCWMssOS::make -C microblaze_0/libsrc/tmrctr_v4_5/src -s include  "SHELL=CMD" "COMPILER=mb-gcc" "ASSEMBLER=mb-as" "ARCHIVER=mb-ar" "COMPI
TRACE::2020-05-16.18:32:31::SCWMssOS::LER_FLAGS=  -O2 -c -mcpu=v11.0 -mlittle-endian -mno-xl-soft-div -mno-xl-soft-mul -mxl-barrel-shift" "EXTRA_COMPILER_FLAGS=-g -f
TRACE::2020-05-16.18:32:31::SCWMssOS::function-sections -fdata-sections -Wall -Wextra"

TRACE::2020-05-16.18:32:31::SCWMssOS::"Running Make include in microblaze_0/libsrc/uartlite_v3_3/src"

TRACE::2020-05-16.18:32:31::SCWMssOS::make -C microblaze_0/libsrc/uartlite_v3_3/src -s include  "SHELL=CMD" "COMPILER=mb-gcc" "ASSEMBLER=mb-as" "ARCHIVER=mb-ar" "COM
TRACE::2020-05-16.18:32:31::SCWMssOS::PILER_FLAGS=  -O2 -c -mcpu=v11.0 -mlittle-endian -mno-xl-soft-div -mno-xl-soft-mul -mxl-barrel-shift" "EXTRA_COMPILER_FLAGS=-g 
TRACE::2020-05-16.18:32:31::SCWMssOS::-ffunction-sections -fdata-sections -Wall -Wextra"

TRACE::2020-05-16.18:32:31::SCWMssOS::"Running Make libs in microblaze_0/libsrc/bram_v4_3/src"

TRACE::2020-05-16.18:32:31::SCWMssOS::make -C microblaze_0/libsrc/bram_v4_3/src -s libs  "SHELL=CMD" "COMPILER=mb-gcc" "ASSEMBLER=mb-as" "ARCHIVER=mb-ar" "COMPILER_F
TRACE::2020-05-16.18:32:31::SCWMssOS::LAGS=  -O2 -c -mcpu=v11.0 -mlittle-endian -mno-xl-soft-div -mno-xl-soft-mul -mxl-barrel-shift" "EXTRA_COMPILER_FLAGS=-g -ffunct
TRACE::2020-05-16.18:32:31::SCWMssOS::ion-sections -fdata-sections -Wall -Wextra"

TRACE::2020-05-16.18:32:31::SCWMssOS::"Compiling bram"

TRACE::2020-05-16.18:32:32::SCWMssOS::"Running Make libs in microblaze_0/libsrc/cpu_v2_10/src"

TRACE::2020-05-16.18:32:32::SCWMssOS::make -C microblaze_0/libsrc/cpu_v2_10/src -s libs  "SHELL=CMD" "COMPILER=mb-gcc" "ASSEMBLER=mb-as" "ARCHIVER=mb-ar" "COMPILER_F
TRACE::2020-05-16.18:32:32::SCWMssOS::LAGS=  -O2 -c -mcpu=v11.0 -mlittle-endian -mno-xl-soft-div -mno-xl-soft-mul -mxl-barrel-shift" "EXTRA_COMPILER_FLAGS=-g -ffunct
TRACE::2020-05-16.18:32:32::SCWMssOS::ion-sections -fdata-sections -Wall -Wextra"

TRACE::2020-05-16.18:32:32::SCWMssOS::"Compiling cpu"

TRACE::2020-05-16.18:32:32::SCWMssOS::"Running Make libs in microblaze_0/libsrc/gpio_v4_5/src"

TRACE::2020-05-16.18:32:32::SCWMssOS::make -C microblaze_0/libsrc/gpio_v4_5/src -s libs  "SHELL=CMD" "COMPILER=mb-gcc" "ASSEMBLER=mb-as" "ARCHIVER=mb-ar" "COMPILER_F
TRACE::2020-05-16.18:32:32::SCWMssOS::LAGS=  -O2 -c -mcpu=v11.0 -mlittle-endian -mno-xl-soft-div -mno-xl-soft-mul -mxl-barrel-shift" "EXTRA_COMPILER_FLAGS=-g -ffunct
TRACE::2020-05-16.18:32:32::SCWMssOS::ion-sections -fdata-sections -Wall -Wextra"

TRACE::2020-05-16.18:32:32::SCWMssOS::"Compiling gpio"

TRACE::2020-05-16.18:32:33::SCWMssOS::"Running Make libs in microblaze_0/libsrc/intc_v3_10/src"

TRACE::2020-05-16.18:32:33::SCWMssOS::make -C microblaze_0/libsrc/intc_v3_10/src -s libs  "SHELL=CMD" "COMPILER=mb-gcc" "ASSEMBLER=mb-as" "ARCHIVER=mb-ar" "COMPILER_
TRACE::2020-05-16.18:32:33::SCWMssOS::FLAGS=  -O2 -c -mcpu=v11.0 -mlittle-endian -mno-xl-soft-div -mno-xl-soft-mul -mxl-barrel-shift" "EXTRA_COMPILER_FLAGS=-g -ffunc
TRACE::2020-05-16.18:32:33::SCWMssOS::tion-sections -fdata-sections -Wall -Wextra"

TRACE::2020-05-16.18:32:33::SCWMssOS::"Compiling intc"

TRACE::2020-05-16.18:32:34::SCWMssOS::"Running Make libs in microblaze_0/libsrc/standalone_v7_1/src"

TRACE::2020-05-16.18:32:34::SCWMssOS::make -C microblaze_0/libsrc/standalone_v7_1/src -s libs  "SHELL=CMD" "COMPILER=mb-gcc" "ASSEMBLER=mb-as" "ARCHIVER=mb-ar" "COMP
TRACE::2020-05-16.18:32:34::SCWMssOS::ILER_FLAGS=  -O2 -c -mcpu=v11.0 -mlittle-endian -mno-xl-soft-div -mno-xl-soft-mul -mxl-barrel-shift" "EXTRA_COMPILER_FLAGS=-g -
TRACE::2020-05-16.18:32:34::SCWMssOS::ffunction-sections -fdata-sections -Wall -Wextra"

TRACE::2020-05-16.18:32:34::SCWMssOS::"Compiling standalone";

TRACE::2020-05-16.18:32:38::SCWMssOS::"Running Make libs in microblaze_0/libsrc/tmrctr_v4_5/src"

TRACE::2020-05-16.18:32:38::SCWMssOS::make -C microblaze_0/libsrc/tmrctr_v4_5/src -s libs  "SHELL=CMD" "COMPILER=mb-gcc" "ASSEMBLER=mb-as" "ARCHIVER=mb-ar" "COMPILER
TRACE::2020-05-16.18:32:38::SCWMssOS::_FLAGS=  -O2 -c -mcpu=v11.0 -mlittle-endian -mno-xl-soft-div -mno-xl-soft-mul -mxl-barrel-shift" "EXTRA_COMPILER_FLAGS=-g -ffun
TRACE::2020-05-16.18:32:38::SCWMssOS::ction-sections -fdata-sections -Wall -Wextra"

TRACE::2020-05-16.18:32:38::SCWMssOS::"Compiling tmrctr"

TRACE::2020-05-16.18:32:39::SCWMssOS::"Running Make libs in microblaze_0/libsrc/uartlite_v3_3/src"

TRACE::2020-05-16.18:32:39::SCWMssOS::make -C microblaze_0/libsrc/uartlite_v3_3/src -s libs  "SHELL=CMD" "COMPILER=mb-gcc" "ASSEMBLER=mb-as" "ARCHIVER=mb-ar" "COMPIL
TRACE::2020-05-16.18:32:39::SCWMssOS::ER_FLAGS=  -O2 -c -mcpu=v11.0 -mlittle-endian -mno-xl-soft-div -mno-xl-soft-mul -mxl-barrel-shift" "EXTRA_COMPILER_FLAGS=-g -ff
TRACE::2020-05-16.18:32:39::SCWMssOS::unction-sections -fdata-sections -Wall -Wextra"

TRACE::2020-05-16.18:32:39::SCWMssOS::"Compiling uartlite"

TRACE::2020-05-16.18:32:39::SCWMssOS::'Finished building libraries'

TRACE::2020-05-16.18:32:39::SCWMssOS::Copying to export directory.
TRACE::2020-05-16.18:32:40::SCWMssOS:: Checking if to create the Supporting Applications
TRACE::2020-05-16.18:32:40::SCWMssOS:: No Linux domain exists, trying to generate FSBL 
LOG::2020-05-16.18:32:40::SCWSystem::Completed Processing the domain standalone_domain
LOG::2020-05-16.18:32:40::SCWSystem::Completed Processing the sysconfig mb_design_wrapper
LOG::2020-05-16.18:32:40::SCWPlatform::Completed generating the artifacts for system configuration mb_design_wrapper
TRACE::2020-05-16.18:32:40::SCWPlatform::Started preparing the platform 
TRACE::2020-05-16.18:32:40::SCWSystem::Writing the bif file for system config mb_design_wrapper
TRACE::2020-05-16.18:32:40::SCWSystem::dir created 
TRACE::2020-05-16.18:32:40::SCWSystem::Writing the bif 
TRACE::2020-05-16.18:32:40::SCWPlatform::Started writing the spfm file 
TRACE::2020-05-16.18:32:40::SCWPlatform::Started writing the xpfm file 
TRACE::2020-05-16.18:32:40::SCWPlatform::Completed generating the platform
TRACE::2020-05-16.18:32:40::SCWPlatform::Trying to open the hw design at C:/Users/jcoel/Desktop/CR/pratico7/mb_design_wrapper/hw/mb_design_wrapper.xsa
TRACE::2020-05-16.18:32:40::SCWPlatform::DSA given C:/Users/jcoel/Desktop/CR/pratico7/mb_design_wrapper/hw/mb_design_wrapper.xsa
TRACE::2020-05-16.18:32:40::SCWPlatform::DSA absoulate path C:/Users/jcoel/Desktop/CR/pratico7/mb_design_wrapper/hw/mb_design_wrapper.xsa
TRACE::2020-05-16.18:32:40::SCWPlatform::DSA directory C:/Users/jcoel/Desktop/CR/pratico7/mb_design_wrapper/hw
TRACE::2020-05-16.18:32:40::SCWPlatform:: Platform Path C:/Users/jcoel/Desktop/CR/pratico7/mb_design_wrapper/hw/mb_design_wrapper.xsa
TRACE::2020-05-16.18:32:40::SCWPlatform:: Unique name xilinx:nexys4::0.0
TRACE::2020-05-16.18:32:40::SCWPlatform::Trying to set the existing hwdb with name mb_design_wrapper
TRACE::2020-05-16.18:32:40::SCWPlatform::Opened existing hwdb mb_design_wrapper
TRACE::2020-05-16.18:32:40::SCWPlatform::Found the Hw Db part of the input DSA
TRACE::2020-05-16.18:32:40::SCWMssOS::Checking the sw design at  C:/Users/jcoel/Desktop/CR/pratico7/mb_design_wrapper/microblaze_0/standalone_domain/bsp/system.mss
TRACE::2020-05-16.18:32:40::SCWMssOS::DEBUG:  swdes dump  C:/Users/jcoel/Desktop/CR/pratico7/mb_design_wrapper/microblaze_0/standalone_domain/bsp/system.mss|system||

TRACE::2020-05-16.18:32:40::SCWMssOS::Sw design exists and opened at  C:/Users/jcoel/Desktop/CR/pratico7/mb_design_wrapper/microblaze_0/standalone_domain/bsp/system.mss
TRACE::2020-05-16.18:32:40::SCWWriter::formatted JSON is {
	"platformName":	"mb_design_wrapper",
	"sprVersion":	"2.0",
	"mode":	"gui",
	"dsaType":	"Fixed",
	"platformDesc":	"mb_design_wrapper",
	"platHandOff":	"C:/Users/jcoel/Desktop/CR/pratico7/StreamCopDemo/mb_design_wrapper.xsa",
	"platIntHandOff":	"<platformDir>/hw/mb_design_wrapper.xsa",
	"deviceType":	"FPGA",
	"platIsPrebuiltAutogen":	"false",
	"platIsNoBootBsp":	"false",
	"hasFsblMakeHasChanges":	"false",
	"hasPmufwMakeHasChanges":	"false",
	"platPreBuiltFlag":	false,
	"platformSamplesDir":	"",
	"platActiveSys":	"mb_design_wrapper",
	"systems":	[{
			"systemName":	"mb_design_wrapper",
			"systemDesc":	"mb_design_wrapper",
			"sysIsBootAutoGen":	"true",
			"systemDispName":	"mb_design_wrapper",
			"sysActiveDom":	"standalone_domain",
			"sysDefaultDom":	"standalone_domain",
			"domains":	[{
					"domainName":	"standalone_domain",
					"domainDispName":	"standalone on microblaze_0",
					"domainDesc":	"standalone_domain",
					"processors":	"microblaze_0",
					"os":	"standalone",
					"sdxOs":	"standalone",
					"debugEnable":	"False",
					"domRuntimes":	["cpp"],
					"swRepo":	"",
					"mssOsVer":	"7.1",
					"mssFile":	"",
					"md5Digest":	"7113f232e3cc3394a86b30dc9cc0d771",
					"compatibleApp":	"",
					"domType":	"mssDomain",
					"arch":	"32-bit",
					"appSettings":	{
						"appCompilerFlags":	"",
						"appLinkerFlags":	""
					},
					"addedLibs":	[],
					"libOptions":	{
						"libsContainingOptions":	[]
					},
					"prebuiltLibs":	{
						"prebuiltIncPath":	[],
						"prebuiltLibPath":	[]
					},
					"isolation":	{
					}
				}]
		}]
}
KEYINFO::2020-05-16.18:32:40::SCWPlatform::updated the xpfm file.
TRACE::2020-05-16.18:32:40::SCWPlatform::Trying to open the hw design at C:/Users/jcoel/Desktop/CR/pratico7/mb_design_wrapper/hw/mb_design_wrapper.xsa
TRACE::2020-05-16.18:32:40::SCWPlatform::DSA given C:/Users/jcoel/Desktop/CR/pratico7/mb_design_wrapper/hw/mb_design_wrapper.xsa
TRACE::2020-05-16.18:32:40::SCWPlatform::DSA absoulate path C:/Users/jcoel/Desktop/CR/pratico7/mb_design_wrapper/hw/mb_design_wrapper.xsa
TRACE::2020-05-16.18:32:40::SCWPlatform::DSA directory C:/Users/jcoel/Desktop/CR/pratico7/mb_design_wrapper/hw
TRACE::2020-05-16.18:32:40::SCWPlatform:: Platform Path C:/Users/jcoel/Desktop/CR/pratico7/mb_design_wrapper/hw/mb_design_wrapper.xsa
TRACE::2020-05-16.18:32:40::SCWPlatform:: Unique name xilinx:nexys4::0.0
TRACE::2020-05-16.18:32:40::SCWPlatform::Trying to set the existing hwdb with name mb_design_wrapper
TRACE::2020-05-16.18:32:40::SCWPlatform::Opened existing hwdb mb_design_wrapper
TRACE::2020-05-16.18:32:40::SCWPlatform::Found the Hw Db part of the input DSA
TRACE::2020-05-16.18:32:40::SCWMssOS::Checking the sw design at  C:/Users/jcoel/Desktop/CR/pratico7/mb_design_wrapper/microblaze_0/standalone_domain/bsp/system.mss
TRACE::2020-05-16.18:32:40::SCWMssOS::DEBUG:  swdes dump  C:/Users/jcoel/Desktop/CR/pratico7/mb_design_wrapper/microblaze_0/standalone_domain/bsp/system.mss|system||

TRACE::2020-05-16.18:32:40::SCWMssOS::Sw design exists and opened at  C:/Users/jcoel/Desktop/CR/pratico7/mb_design_wrapper/microblaze_0/standalone_domain/bsp/system.mss
