18:09:02 INFO  : Launching XSCT server: xsct.bat -n  -interactive C:\Users\jcoel\Desktop\CR\pratico7\temp_xsdb_launch_script.tcl
18:09:07 INFO  : XSCT server has started successfully.
18:09:07 INFO  : Successfully done setting XSCT server connection channel  
18:09:08 INFO  : plnx-install-location is set to ''
18:09:08 INFO  : Successfully done query RDI_DATADIR 
18:09:08 INFO  : Successfully done setting workspace for the tool. 
18:09:11 INFO  : Registering command handlers for Vitis TCF services
18:19:47 INFO  : Checking for BSP changes to sync application flags for project 'StreamCopDemo_sw'...
18:20:09 INFO  : Checking for BSP changes to sync application flags for project 'StreamCopDemo_sw'...
18:20:44 INFO  : Bit file 'C:/Users/jcoel/Desktop/CR/pratico7/StreamCopDemo_sw/_ide/bitstream/download.bit' is generated.
18:20:46 INFO  : Connected to target on host '127.0.0.1' and port '3121'.
18:20:48 INFO  : 'targets -set -filter {jtag_cable_name =~ "Digilent Nexys4 210274505280A" && level==0} -index 0' command is executed.
18:20:51 INFO  : FPGA configured successfully with bitstream "C:/Users/jcoel/Desktop/CR/pratico7/StreamCopDemo_sw/_ide/bitstream/download.bit"
18:20:57 INFO  : Connected to target on host '127.0.0.1' and port '3121'.
18:20:57 INFO  : Jtag cable 'Digilent Nexys4 210274505280A' is selected.
18:20:58 INFO  : 'jtag frequency' command is executed.
18:20:58 INFO  : 'targets -set -filter {jtag_cable_name =~ "Digilent Nexys4 210274505280A" && level==0} -index 0' command is executed.
18:21:00 INFO  : FPGA configured successfully with bitstream "C:/Users/jcoel/Desktop/CR/pratico7/StreamCopDemo_sw/_ide/bitstream/download.bit"
18:21:00 INFO  : 'configparams mdm-detect-bscan-mask 2' command is executed.
18:21:00 INFO  : Context for processor 'microblaze_0' is selected.
18:21:00 INFO  : System reset is completed.
18:21:03 INFO  : 'after 3000' command is executed.
18:21:03 INFO  : Context for processor 'microblaze_0' is selected.
18:21:03 INFO  : The application 'C:/Users/jcoel/Desktop/CR/pratico7/StreamCopDemo_sw/Debug/StreamCopDemo_sw.elf' is downloaded to processor 'microblaze_0'.
18:21:03 INFO  : ----------------XSDB Script----------------
connect -url tcp:127.0.0.1:3121
targets -set -filter {jtag_cable_name =~ "Digilent Nexys4 210274505280A" && level==0} -index 0
fpga -file C:/Users/jcoel/Desktop/CR/pratico7/StreamCopDemo_sw/_ide/bitstream/download.bit
configparams mdm-detect-bscan-mask 2
targets -set -nocase -filter {name =~ "*microblaze*#0" && bscan=="USER2" }
rst -system
after 3000
targets -set -nocase -filter {name =~ "*microblaze*#0" && bscan=="USER2" }
dow C:/Users/jcoel/Desktop/CR/pratico7/StreamCopDemo_sw/Debug/StreamCopDemo_sw.elf
----------------End of Script----------------

18:21:03 INFO  : Memory regions updated for context MicroBlaze #0
18:21:03 INFO  : Memory regions updated for context MicroBlaze Debug Module at USER2
18:21:03 INFO  : Context for processor 'microblaze_0' is selected.
18:21:03 INFO  : 'con' command is executed.
18:21:03 INFO  : ----------------XSDB Script (After Launch)----------------
targets -set -nocase -filter {name =~ "*microblaze*#0" && bscan=="USER2" }
con
----------------End of Script----------------

18:21:03 INFO  : Launch script is exported to file 'C:\Users\jcoel\Desktop\CR\pratico7\.sdk\launch_scripts\single_application_debug\systemdebugger_streamcopdemo_sw_system_standalone.tcl'
18:22:09 INFO  : Disconnected from the channel tcfchan#2.
18:22:09 INFO  : Connected to target on host '127.0.0.1' and port '3121'.
18:22:09 INFO  : Jtag cable 'Digilent Nexys4 210274505280A' is selected.
18:22:09 INFO  : 'jtag frequency' command is executed.
18:22:09 INFO  : 'targets -set -filter {jtag_cable_name =~ "Digilent Nexys4 210274505280A" && level==0} -index 0' command is executed.
18:22:12 INFO  : FPGA configured successfully with bitstream "C:/Users/jcoel/Desktop/CR/pratico7/StreamCopDemo_sw/_ide/bitstream/download.bit"
18:22:12 INFO  : 'configparams mdm-detect-bscan-mask 2' command is executed.
18:22:12 INFO  : Context for processor 'microblaze_0' is selected.
18:22:12 INFO  : System reset is completed.
18:22:15 INFO  : 'after 3000' command is executed.
18:22:15 INFO  : Context for processor 'microblaze_0' is selected.
18:22:15 INFO  : The application 'C:/Users/jcoel/Desktop/CR/pratico7/StreamCopDemo_sw/Debug/StreamCopDemo_sw.elf' is downloaded to processor 'microblaze_0'.
18:22:15 INFO  : ----------------XSDB Script----------------
connect -url tcp:127.0.0.1:3121
targets -set -filter {jtag_cable_name =~ "Digilent Nexys4 210274505280A" && level==0} -index 0
fpga -file C:/Users/jcoel/Desktop/CR/pratico7/StreamCopDemo_sw/_ide/bitstream/download.bit
configparams mdm-detect-bscan-mask 2
targets -set -nocase -filter {name =~ "*microblaze*#0" && bscan=="USER2" }
rst -system
after 3000
targets -set -nocase -filter {name =~ "*microblaze*#0" && bscan=="USER2" }
dow C:/Users/jcoel/Desktop/CR/pratico7/StreamCopDemo_sw/Debug/StreamCopDemo_sw.elf
----------------End of Script----------------

18:22:15 INFO  : Memory regions updated for context MicroBlaze #0
18:22:15 INFO  : Memory regions updated for context MicroBlaze Debug Module at USER2
18:22:15 INFO  : Context for processor 'microblaze_0' is selected.
18:22:15 INFO  : 'con' command is executed.
18:22:15 INFO  : ----------------XSDB Script (After Launch)----------------
targets -set -nocase -filter {name =~ "*microblaze*#0" && bscan=="USER2" }
con
----------------End of Script----------------

18:22:15 INFO  : Launch script is exported to file 'C:\Users\jcoel\Desktop\CR\pratico7\.sdk\launch_scripts\single_application_debug\systemdebugger_streamcopdemo_sw_system_standalone.tcl'
18:27:53 INFO  : Launching XSCT server: xsct.bat -n  -interactive C:\Users\jcoel\Desktop\CR\pratico7\temp_xsdb_launch_script.tcl
18:27:56 INFO  : XSCT server has started successfully.
18:27:56 INFO  : plnx-install-location is set to ''
18:27:56 INFO  : Successfully done setting XSCT server connection channel  
18:27:56 INFO  : Successfully done setting workspace for the tool. 
18:27:57 INFO  : Registering command handlers for Vitis TCF services
18:28:00 INFO  : Successfully done query RDI_DATADIR 
18:32:40 INFO  : Checking for BSP changes to sync application flags for project 'StreamCopDemo_sw'...
18:32:50 INFO  : Connected to target on host '127.0.0.1' and port '3121'.
18:32:51 INFO  : Jtag cable 'Digilent Nexys4 210274505280A' is selected.
18:32:51 INFO  : 'jtag frequency' command is executed.
18:32:52 INFO  : 'targets -set -filter {jtag_cable_name =~ "Digilent Nexys4 210274505280A" && level==0} -index 0' command is executed.
18:32:55 INFO  : FPGA configured successfully with bitstream "C:/Users/jcoel/Desktop/CR/pratico7/StreamCopDemo_sw/_ide/bitstream/download.bit"
18:32:55 INFO  : 'configparams mdm-detect-bscan-mask 2' command is executed.
18:32:56 INFO  : Context for processor 'microblaze_0' is selected.
18:32:56 INFO  : System reset is completed.
18:32:59 INFO  : 'after 3000' command is executed.
18:33:00 INFO  : Context for processor 'microblaze_0' is selected.
18:33:00 INFO  : The application 'C:/Users/jcoel/Desktop/CR/pratico7/StreamCopDemo_sw/Debug/StreamCopDemo_sw.elf' is downloaded to processor 'microblaze_0'.
18:33:00 INFO  : ----------------XSDB Script----------------
connect -url tcp:127.0.0.1:3121
targets -set -filter {jtag_cable_name =~ "Digilent Nexys4 210274505280A" && level==0} -index 0
fpga -file C:/Users/jcoel/Desktop/CR/pratico7/StreamCopDemo_sw/_ide/bitstream/download.bit
configparams mdm-detect-bscan-mask 2
targets -set -nocase -filter {name =~ "*microblaze*#0" && bscan=="USER2" }
rst -system
after 3000
targets -set -nocase -filter {name =~ "*microblaze*#0" && bscan=="USER2" }
dow C:/Users/jcoel/Desktop/CR/pratico7/StreamCopDemo_sw/Debug/StreamCopDemo_sw.elf
----------------End of Script----------------

18:33:00 INFO  : Memory regions updated for context MicroBlaze #0
18:33:00 INFO  : Memory regions updated for context MicroBlaze Debug Module at USER2
18:33:01 INFO  : Context for processor 'microblaze_0' is selected.
18:33:01 INFO  : 'con' command is executed.
18:33:01 INFO  : ----------------XSDB Script (After Launch)----------------
targets -set -nocase -filter {name =~ "*microblaze*#0" && bscan=="USER2" }
con
----------------End of Script----------------

18:33:01 INFO  : Launch script is exported to file 'C:\Users\jcoel\Desktop\CR\pratico7\.sdk\launch_scripts\single_application_debug\systemdebugger_streamcopdemo_sw_system_standalone.tcl'
18:33:08 INFO  : Disconnected from the channel tcfchan#2.
18:33:08 INFO  : Connected to target on host '127.0.0.1' and port '3121'.
18:33:08 INFO  : Jtag cable 'Digilent Nexys4 210274505280A' is selected.
18:33:08 INFO  : 'jtag frequency' command is executed.
18:33:08 INFO  : 'targets -set -filter {jtag_cable_name =~ "Digilent Nexys4 210274505280A" && level==0} -index 0' command is executed.
18:33:11 INFO  : FPGA configured successfully with bitstream "C:/Users/jcoel/Desktop/CR/pratico7/StreamCopDemo_sw/_ide/bitstream/download.bit"
18:33:11 INFO  : 'configparams mdm-detect-bscan-mask 2' command is executed.
18:33:11 INFO  : Context for processor 'microblaze_0' is selected.
18:33:11 INFO  : System reset is completed.
18:33:14 INFO  : 'after 3000' command is executed.
18:33:14 INFO  : Context for processor 'microblaze_0' is selected.
18:33:14 INFO  : The application 'C:/Users/jcoel/Desktop/CR/pratico7/StreamCopDemo_sw/Debug/StreamCopDemo_sw.elf' is downloaded to processor 'microblaze_0'.
18:33:14 INFO  : ----------------XSDB Script----------------
connect -url tcp:127.0.0.1:3121
targets -set -filter {jtag_cable_name =~ "Digilent Nexys4 210274505280A" && level==0} -index 0
fpga -file C:/Users/jcoel/Desktop/CR/pratico7/StreamCopDemo_sw/_ide/bitstream/download.bit
configparams mdm-detect-bscan-mask 2
targets -set -nocase -filter {name =~ "*microblaze*#0" && bscan=="USER2" }
rst -system
after 3000
targets -set -nocase -filter {name =~ "*microblaze*#0" && bscan=="USER2" }
dow C:/Users/jcoel/Desktop/CR/pratico7/StreamCopDemo_sw/Debug/StreamCopDemo_sw.elf
----------------End of Script----------------

18:33:14 INFO  : Memory regions updated for context MicroBlaze #0
18:33:14 INFO  : Memory regions updated for context MicroBlaze Debug Module at USER2
18:33:14 INFO  : Context for processor 'microblaze_0' is selected.
18:33:15 INFO  : 'con' command is executed.
18:33:15 INFO  : ----------------XSDB Script (After Launch)----------------
targets -set -nocase -filter {name =~ "*microblaze*#0" && bscan=="USER2" }
con
----------------End of Script----------------

18:33:15 INFO  : Launch script is exported to file 'C:\Users\jcoel\Desktop\CR\pratico7\.sdk\launch_scripts\single_application_debug\systemdebugger_streamcopdemo_sw_system_standalone.tcl'
18:33:53 INFO  : Disconnected from the channel tcfchan#3.
18:33:53 INFO  : Connected to target on host '127.0.0.1' and port '3121'.
18:33:53 INFO  : Jtag cable 'Digilent Nexys4 210274505280A' is selected.
18:33:53 INFO  : 'jtag frequency' command is executed.
18:33:53 INFO  : 'targets -set -filter {jtag_cable_name =~ "Digilent Nexys4 210274505280A" && level==0} -index 0' command is executed.
18:33:55 INFO  : FPGA configured successfully with bitstream "C:/Users/jcoel/Desktop/CR/pratico7/StreamCopDemo_sw/_ide/bitstream/download.bit"
18:33:55 INFO  : 'configparams mdm-detect-bscan-mask 2' command is executed.
18:33:55 INFO  : Context for processor 'microblaze_0' is selected.
18:33:55 INFO  : System reset is completed.
18:33:58 INFO  : 'after 3000' command is executed.
18:33:58 INFO  : Context for processor 'microblaze_0' is selected.
18:33:59 INFO  : The application 'C:/Users/jcoel/Desktop/CR/pratico7/StreamCopDemo_sw/Debug/StreamCopDemo_sw.elf' is downloaded to processor 'microblaze_0'.
18:33:59 INFO  : ----------------XSDB Script----------------
connect -url tcp:127.0.0.1:3121
targets -set -filter {jtag_cable_name =~ "Digilent Nexys4 210274505280A" && level==0} -index 0
fpga -file C:/Users/jcoel/Desktop/CR/pratico7/StreamCopDemo_sw/_ide/bitstream/download.bit
configparams mdm-detect-bscan-mask 2
targets -set -nocase -filter {name =~ "*microblaze*#0" && bscan=="USER2" }
rst -system
after 3000
targets -set -nocase -filter {name =~ "*microblaze*#0" && bscan=="USER2" }
dow C:/Users/jcoel/Desktop/CR/pratico7/StreamCopDemo_sw/Debug/StreamCopDemo_sw.elf
----------------End of Script----------------

18:33:59 INFO  : Memory regions updated for context MicroBlaze #0
18:33:59 INFO  : Memory regions updated for context MicroBlaze Debug Module at USER2
18:33:59 INFO  : Context for processor 'microblaze_0' is selected.
18:33:59 INFO  : 'con' command is executed.
18:33:59 INFO  : ----------------XSDB Script (After Launch)----------------
targets -set -nocase -filter {name =~ "*microblaze*#0" && bscan=="USER2" }
con
----------------End of Script----------------

18:33:59 INFO  : Launch script is exported to file 'C:\Users\jcoel\Desktop\CR\pratico7\.sdk\launch_scripts\single_application_debug\systemdebugger_streamcopdemo_sw_system_standalone.tcl'
18:34:28 INFO  : Bit file 'C:/Users/jcoel/Desktop/CR/pratico7/StreamCopDemo_sw/_ide/bitstream/download.bit' is generated.
18:34:28 INFO  : Connected to target on host '127.0.0.1' and port '3121'.
18:34:28 INFO  : 'targets -set -filter {jtag_cable_name =~ "Digilent Nexys4 210274505280A" && level==0} -index 0' command is executed.
18:34:31 INFO  : FPGA configured successfully with bitstream "C:/Users/jcoel/Desktop/CR/pratico7/StreamCopDemo_sw/_ide/bitstream/download.bit"
18:34:47 INFO  : Disconnected from the channel tcfchan#4.
18:34:47 INFO  : Connected to target on host '127.0.0.1' and port '3121'.
18:34:48 INFO  : Jtag cable 'Digilent Nexys4 210274505280A' is selected.
18:34:48 INFO  : 'jtag frequency' command is executed.
18:34:48 INFO  : 'targets -set -filter {jtag_cable_name =~ "Digilent Nexys4 210274505280A" && level==0} -index 0' command is executed.
18:34:50 INFO  : FPGA configured successfully with bitstream "C:/Users/jcoel/Desktop/CR/pratico7/StreamCopDemo_sw/_ide/bitstream/download.bit"
18:34:50 INFO  : 'configparams mdm-detect-bscan-mask 2' command is executed.
18:34:50 INFO  : Context for processor 'microblaze_0' is selected.
18:34:50 INFO  : System reset is completed.
18:34:53 INFO  : 'after 3000' command is executed.
18:34:53 INFO  : Context for processor 'microblaze_0' is selected.
18:34:53 INFO  : The application 'C:/Users/jcoel/Desktop/CR/pratico7/StreamCopDemo_sw/Debug/StreamCopDemo_sw.elf' is downloaded to processor 'microblaze_0'.
18:34:53 INFO  : ----------------XSDB Script----------------
connect -url tcp:127.0.0.1:3121
targets -set -filter {jtag_cable_name =~ "Digilent Nexys4 210274505280A" && level==0} -index 0
fpga -file C:/Users/jcoel/Desktop/CR/pratico7/StreamCopDemo_sw/_ide/bitstream/download.bit
configparams mdm-detect-bscan-mask 2
targets -set -nocase -filter {name =~ "*microblaze*#0" && bscan=="USER2" }
rst -system
after 3000
targets -set -nocase -filter {name =~ "*microblaze*#0" && bscan=="USER2" }
dow C:/Users/jcoel/Desktop/CR/pratico7/StreamCopDemo_sw/Debug/StreamCopDemo_sw.elf
----------------End of Script----------------

18:34:53 INFO  : Memory regions updated for context MicroBlaze #0
18:34:53 INFO  : Memory regions updated for context MicroBlaze Debug Module at USER2
18:34:54 INFO  : Context for processor 'microblaze_0' is selected.
18:34:54 INFO  : 'con' command is executed.
18:34:54 INFO  : ----------------XSDB Script (After Launch)----------------
targets -set -nocase -filter {name =~ "*microblaze*#0" && bscan=="USER2" }
con
----------------End of Script----------------

18:34:54 INFO  : Launch script is exported to file 'C:\Users\jcoel\Desktop\CR\pratico7\.sdk\launch_scripts\single_application_debug\systemdebugger_streamcopdemo_sw_system_standalone.tcl'
18:35:36 INFO  : Bit file 'C:/Users/jcoel/Desktop/CR/pratico7/StreamCopDemo_sw/_ide/bitstream/download.bit' is generated.
18:35:36 INFO  : Connected to target on host '127.0.0.1' and port '3121'.
18:35:36 INFO  : 'targets -set -filter {jtag_cable_name =~ "Digilent Nexys4 210274505280A" && level==0} -index 0' command is executed.
18:35:39 INFO  : FPGA configured successfully with bitstream "C:/Users/jcoel/Desktop/CR/pratico7/StreamCopDemo_sw/_ide/bitstream/download.bit"
18:41:58 INFO  : Checking for BSP changes to sync application flags for project 'StreamCopDemo_sw'...
18:47:10 INFO  : Checking for BSP changes to sync application flags for project 'StreamCopDemo_sw'...
18:47:28 INFO  : Disconnected from the channel tcfchan#5.
18:47:28 INFO  : Connected to target on host '127.0.0.1' and port '3121'.
18:47:29 INFO  : Jtag cable 'Digilent Nexys4 210274505280A' is selected.
18:47:29 INFO  : 'jtag frequency' command is executed.
18:47:29 INFO  : 'targets -set -filter {jtag_cable_name =~ "Digilent Nexys4 210274505280A" && level==0} -index 0' command is executed.
18:47:31 INFO  : FPGA configured successfully with bitstream "C:/Users/jcoel/Desktop/CR/pratico7/StreamCopDemo_sw/_ide/bitstream/download.bit"
18:47:31 INFO  : 'configparams mdm-detect-bscan-mask 2' command is executed.
18:47:31 INFO  : Context for processor 'microblaze_0' is selected.
18:47:31 INFO  : System reset is completed.
18:47:34 INFO  : 'after 3000' command is executed.
18:47:34 INFO  : Context for processor 'microblaze_0' is selected.
18:47:34 INFO  : The application 'C:/Users/jcoel/Desktop/CR/pratico7/StreamCopDemo_sw/Debug/StreamCopDemo_sw.elf' is downloaded to processor 'microblaze_0'.
18:47:34 INFO  : ----------------XSDB Script----------------
connect -url tcp:127.0.0.1:3121
targets -set -filter {jtag_cable_name =~ "Digilent Nexys4 210274505280A" && level==0} -index 0
fpga -file C:/Users/jcoel/Desktop/CR/pratico7/StreamCopDemo_sw/_ide/bitstream/download.bit
configparams mdm-detect-bscan-mask 2
targets -set -nocase -filter {name =~ "*microblaze*#0" && bscan=="USER2" }
rst -system
after 3000
targets -set -nocase -filter {name =~ "*microblaze*#0" && bscan=="USER2" }
dow C:/Users/jcoel/Desktop/CR/pratico7/StreamCopDemo_sw/Debug/StreamCopDemo_sw.elf
----------------End of Script----------------

18:47:34 INFO  : Memory regions updated for context MicroBlaze #0
18:47:34 INFO  : Memory regions updated for context MicroBlaze Debug Module at USER2
18:47:35 INFO  : Context for processor 'microblaze_0' is selected.
18:47:35 INFO  : 'con' command is executed.
18:47:35 INFO  : ----------------XSDB Script (After Launch)----------------
targets -set -nocase -filter {name =~ "*microblaze*#0" && bscan=="USER2" }
con
----------------End of Script----------------

18:47:35 INFO  : Launch script is exported to file 'C:\Users\jcoel\Desktop\CR\pratico7\.sdk\launch_scripts\single_application_debug\systemdebugger_streamcopdemo_sw_system_standalone.tcl'
18:48:19 INFO  : Checking for BSP changes to sync application flags for project 'StreamCopDemo_sw'...
18:48:27 INFO  : Disconnected from the channel tcfchan#6.
18:48:27 INFO  : Connected to target on host '127.0.0.1' and port '3121'.
18:48:28 INFO  : Jtag cable 'Digilent Nexys4 210274505280A' is selected.
18:48:28 INFO  : 'jtag frequency' command is executed.
18:48:28 INFO  : 'targets -set -filter {jtag_cable_name =~ "Digilent Nexys4 210274505280A" && level==0} -index 0' command is executed.
18:48:30 INFO  : FPGA configured successfully with bitstream "C:/Users/jcoel/Desktop/CR/pratico7/StreamCopDemo_sw/_ide/bitstream/download.bit"
18:48:30 INFO  : 'configparams mdm-detect-bscan-mask 2' command is executed.
18:48:30 INFO  : Context for processor 'microblaze_0' is selected.
18:48:30 INFO  : System reset is completed.
18:48:33 INFO  : 'after 3000' command is executed.
18:48:33 INFO  : Context for processor 'microblaze_0' is selected.
18:48:33 INFO  : The application 'C:/Users/jcoel/Desktop/CR/pratico7/StreamCopDemo_sw/Debug/StreamCopDemo_sw.elf' is downloaded to processor 'microblaze_0'.
18:48:33 INFO  : ----------------XSDB Script----------------
connect -url tcp:127.0.0.1:3121
targets -set -filter {jtag_cable_name =~ "Digilent Nexys4 210274505280A" && level==0} -index 0
fpga -file C:/Users/jcoel/Desktop/CR/pratico7/StreamCopDemo_sw/_ide/bitstream/download.bit
configparams mdm-detect-bscan-mask 2
targets -set -nocase -filter {name =~ "*microblaze*#0" && bscan=="USER2" }
rst -system
after 3000
targets -set -nocase -filter {name =~ "*microblaze*#0" && bscan=="USER2" }
dow C:/Users/jcoel/Desktop/CR/pratico7/StreamCopDemo_sw/Debug/StreamCopDemo_sw.elf
----------------End of Script----------------

18:48:33 INFO  : Memory regions updated for context MicroBlaze #0
18:48:33 INFO  : Memory regions updated for context MicroBlaze Debug Module at USER2
18:48:34 INFO  : Context for processor 'microblaze_0' is selected.
18:48:34 INFO  : 'con' command is executed.
18:48:34 INFO  : ----------------XSDB Script (After Launch)----------------
targets -set -nocase -filter {name =~ "*microblaze*#0" && bscan=="USER2" }
con
----------------End of Script----------------

18:48:34 INFO  : Launch script is exported to file 'C:\Users\jcoel\Desktop\CR\pratico7\.sdk\launch_scripts\single_application_debug\systemdebugger_streamcopdemo_sw_system_standalone.tcl'
18:48:53 INFO  : Checking for BSP changes to sync application flags for project 'StreamCopDemo_sw'...
18:49:23 INFO  : Disconnected from the channel tcfchan#7.
18:49:23 INFO  : Connected to target on host '127.0.0.1' and port '3121'.
18:49:23 INFO  : Jtag cable 'Digilent Nexys4 210274505280A' is selected.
18:49:23 INFO  : 'jtag frequency' command is executed.
18:49:23 INFO  : 'targets -set -filter {jtag_cable_name =~ "Digilent Nexys4 210274505280A" && level==0} -index 0' command is executed.
18:49:25 INFO  : FPGA configured successfully with bitstream "C:/Users/jcoel/Desktop/CR/pratico7/StreamCopDemo_sw/_ide/bitstream/download.bit"
18:49:25 INFO  : 'configparams mdm-detect-bscan-mask 2' command is executed.
18:49:25 INFO  : Context for processor 'microblaze_0' is selected.
18:49:25 INFO  : System reset is completed.
18:49:28 INFO  : 'after 3000' command is executed.
18:49:28 INFO  : Context for processor 'microblaze_0' is selected.
18:49:29 INFO  : The application 'C:/Users/jcoel/Desktop/CR/pratico7/StreamCopDemo_sw/Debug/StreamCopDemo_sw.elf' is downloaded to processor 'microblaze_0'.
18:49:29 INFO  : ----------------XSDB Script----------------
connect -url tcp:127.0.0.1:3121
targets -set -filter {jtag_cable_name =~ "Digilent Nexys4 210274505280A" && level==0} -index 0
fpga -file C:/Users/jcoel/Desktop/CR/pratico7/StreamCopDemo_sw/_ide/bitstream/download.bit
configparams mdm-detect-bscan-mask 2
targets -set -nocase -filter {name =~ "*microblaze*#0" && bscan=="USER2" }
rst -system
after 3000
targets -set -nocase -filter {name =~ "*microblaze*#0" && bscan=="USER2" }
dow C:/Users/jcoel/Desktop/CR/pratico7/StreamCopDemo_sw/Debug/StreamCopDemo_sw.elf
----------------End of Script----------------

18:49:29 INFO  : Memory regions updated for context MicroBlaze #0
18:49:29 INFO  : Memory regions updated for context MicroBlaze Debug Module at USER2
18:49:29 INFO  : Context for processor 'microblaze_0' is selected.
18:49:29 INFO  : 'con' command is executed.
18:49:29 INFO  : ----------------XSDB Script (After Launch)----------------
targets -set -nocase -filter {name =~ "*microblaze*#0" && bscan=="USER2" }
con
----------------End of Script----------------

18:49:29 INFO  : Launch script is exported to file 'C:\Users\jcoel\Desktop\CR\pratico7\.sdk\launch_scripts\single_application_debug\systemdebugger_streamcopdemo_sw_system_standalone.tcl'
18:49:42 INFO  : Checking for BSP changes to sync application flags for project 'StreamCopDemo_sw'...
18:49:52 INFO  : Checking for BSP changes to sync application flags for project 'StreamCopDemo_sw'...
18:49:59 INFO  : Checking for BSP changes to sync application flags for project 'StreamCopDemo_sw'...
18:50:09 INFO  : Disconnected from the channel tcfchan#8.
18:50:09 INFO  : Connected to target on host '127.0.0.1' and port '3121'.
18:50:10 INFO  : Jtag cable 'Digilent Nexys4 210274505280A' is selected.
18:50:10 INFO  : 'jtag frequency' command is executed.
18:50:10 INFO  : 'targets -set -filter {jtag_cable_name =~ "Digilent Nexys4 210274505280A" && level==0} -index 0' command is executed.
18:50:12 INFO  : FPGA configured successfully with bitstream "C:/Users/jcoel/Desktop/CR/pratico7/StreamCopDemo_sw/_ide/bitstream/download.bit"
18:50:12 INFO  : 'configparams mdm-detect-bscan-mask 2' command is executed.
18:50:12 INFO  : Context for processor 'microblaze_0' is selected.
18:50:12 INFO  : System reset is completed.
18:50:15 INFO  : 'after 3000' command is executed.
18:50:15 INFO  : Context for processor 'microblaze_0' is selected.
18:50:15 INFO  : The application 'C:/Users/jcoel/Desktop/CR/pratico7/StreamCopDemo_sw/Debug/StreamCopDemo_sw.elf' is downloaded to processor 'microblaze_0'.
18:50:15 INFO  : ----------------XSDB Script----------------
connect -url tcp:127.0.0.1:3121
targets -set -filter {jtag_cable_name =~ "Digilent Nexys4 210274505280A" && level==0} -index 0
fpga -file C:/Users/jcoel/Desktop/CR/pratico7/StreamCopDemo_sw/_ide/bitstream/download.bit
configparams mdm-detect-bscan-mask 2
targets -set -nocase -filter {name =~ "*microblaze*#0" && bscan=="USER2" }
rst -system
after 3000
targets -set -nocase -filter {name =~ "*microblaze*#0" && bscan=="USER2" }
dow C:/Users/jcoel/Desktop/CR/pratico7/StreamCopDemo_sw/Debug/StreamCopDemo_sw.elf
----------------End of Script----------------

18:50:15 INFO  : Memory regions updated for context MicroBlaze #0
18:50:15 INFO  : Memory regions updated for context MicroBlaze Debug Module at USER2
18:50:16 INFO  : Context for processor 'microblaze_0' is selected.
18:50:16 INFO  : 'con' command is executed.
18:50:16 INFO  : ----------------XSDB Script (After Launch)----------------
targets -set -nocase -filter {name =~ "*microblaze*#0" && bscan=="USER2" }
con
----------------End of Script----------------

18:50:16 INFO  : Launch script is exported to file 'C:\Users\jcoel\Desktop\CR\pratico7\.sdk\launch_scripts\single_application_debug\systemdebugger_streamcopdemo_sw_system_standalone.tcl'
18:50:24 INFO  : Disconnected from the channel tcfchan#9.
18:50:24 INFO  : Connected to target on host '127.0.0.1' and port '3121'.
18:50:24 INFO  : Jtag cable 'Digilent Nexys4 210274505280A' is selected.
18:50:24 INFO  : 'jtag frequency' command is executed.
18:50:24 INFO  : 'targets -set -filter {jtag_cable_name =~ "Digilent Nexys4 210274505280A" && level==0} -index 0' command is executed.
18:50:26 INFO  : FPGA configured successfully with bitstream "C:/Users/jcoel/Desktop/CR/pratico7/StreamCopDemo_sw/_ide/bitstream/download.bit"
18:50:26 INFO  : 'configparams mdm-detect-bscan-mask 2' command is executed.
18:50:26 INFO  : Context for processor 'microblaze_0' is selected.
18:50:27 INFO  : System reset is completed.
18:50:30 INFO  : 'after 3000' command is executed.
18:50:30 INFO  : Context for processor 'microblaze_0' is selected.
18:50:30 INFO  : The application 'C:/Users/jcoel/Desktop/CR/pratico7/StreamCopDemo_sw/Debug/StreamCopDemo_sw.elf' is downloaded to processor 'microblaze_0'.
18:50:30 INFO  : ----------------XSDB Script----------------
connect -url tcp:127.0.0.1:3121
targets -set -filter {jtag_cable_name =~ "Digilent Nexys4 210274505280A" && level==0} -index 0
fpga -file C:/Users/jcoel/Desktop/CR/pratico7/StreamCopDemo_sw/_ide/bitstream/download.bit
configparams mdm-detect-bscan-mask 2
targets -set -nocase -filter {name =~ "*microblaze*#0" && bscan=="USER2" }
rst -system
after 3000
targets -set -nocase -filter {name =~ "*microblaze*#0" && bscan=="USER2" }
dow C:/Users/jcoel/Desktop/CR/pratico7/StreamCopDemo_sw/Debug/StreamCopDemo_sw.elf
----------------End of Script----------------

18:50:30 INFO  : Memory regions updated for context MicroBlaze #0
18:50:30 INFO  : Memory regions updated for context MicroBlaze Debug Module at USER2
18:50:30 INFO  : Context for processor 'microblaze_0' is selected.
18:50:30 INFO  : 'con' command is executed.
18:50:30 INFO  : ----------------XSDB Script (After Launch)----------------
targets -set -nocase -filter {name =~ "*microblaze*#0" && bscan=="USER2" }
con
----------------End of Script----------------

18:50:30 INFO  : Launch script is exported to file 'C:\Users\jcoel\Desktop\CR\pratico7\.sdk\launch_scripts\single_application_debug\systemdebugger_streamcopdemo_sw_system_standalone.tcl'
18:57:25 INFO  : Bit file 'C:/Users/jcoel/Desktop/CR/pratico7/StreamCopDemo/download.bit' is generated.
18:57:25 INFO  : Connected to target on host '127.0.0.1' and port '3121'.
18:57:25 INFO  : 'targets -set -filter {jtag_cable_name =~ "Digilent Nexys4 210274505280A" && level==0} -index 0' command is executed.
18:57:28 INFO  : FPGA configured successfully with bitstream "C:/Users/jcoel/Desktop/CR/pratico7/StreamCopDemo/download.bit"
18:57:37 INFO  : Disconnected from the channel tcfchan#10.
18:57:37 INFO  : Connected to target on host '127.0.0.1' and port '3121'.
18:57:37 INFO  : Jtag cable 'Digilent Nexys4 210274505280A' is selected.
18:57:37 INFO  : 'jtag frequency' command is executed.
18:57:38 INFO  : 'targets -set -filter {jtag_cable_name =~ "Digilent Nexys4 210274505280A" && level==0} -index 0' command is executed.
18:57:40 INFO  : FPGA configured successfully with bitstream "C:/Users/jcoel/Desktop/CR/pratico7/StreamCopDemo_sw/_ide/bitstream/download.bit"
18:57:40 INFO  : 'configparams mdm-detect-bscan-mask 2' command is executed.
18:57:40 INFO  : Context for processor 'microblaze_0' is selected.
18:57:40 INFO  : System reset is completed.
18:57:43 INFO  : 'after 3000' command is executed.
18:57:43 INFO  : Context for processor 'microblaze_0' is selected.
18:57:43 INFO  : The application 'C:/Users/jcoel/Desktop/CR/pratico7/StreamCopDemo_sw/Debug/StreamCopDemo_sw.elf' is downloaded to processor 'microblaze_0'.
18:57:43 INFO  : ----------------XSDB Script----------------
connect -url tcp:127.0.0.1:3121
targets -set -filter {jtag_cable_name =~ "Digilent Nexys4 210274505280A" && level==0} -index 0
fpga -file C:/Users/jcoel/Desktop/CR/pratico7/StreamCopDemo_sw/_ide/bitstream/download.bit
configparams mdm-detect-bscan-mask 2
targets -set -nocase -filter {name =~ "*microblaze*#0" && bscan=="USER2" }
rst -system
after 3000
targets -set -nocase -filter {name =~ "*microblaze*#0" && bscan=="USER2" }
dow C:/Users/jcoel/Desktop/CR/pratico7/StreamCopDemo_sw/Debug/StreamCopDemo_sw.elf
----------------End of Script----------------

18:57:43 INFO  : Memory regions updated for context MicroBlaze #0
18:57:43 INFO  : Memory regions updated for context MicroBlaze Debug Module at USER2
18:57:44 INFO  : Context for processor 'microblaze_0' is selected.
18:57:44 INFO  : 'con' command is executed.
18:57:44 INFO  : ----------------XSDB Script (After Launch)----------------
targets -set -nocase -filter {name =~ "*microblaze*#0" && bscan=="USER2" }
con
----------------End of Script----------------

18:57:44 INFO  : Launch script is exported to file 'C:\Users\jcoel\Desktop\CR\pratico7\.sdk\launch_scripts\single_application_debug\systemdebugger_streamcopdemo_sw_system_standalone.tcl'
18:58:02 INFO  : Checking for BSP changes to sync application flags for project 'StreamCopDemo_sw'...
19:00:11 INFO  : Checking for BSP changes to sync application flags for project 'StreamCopDemo_sw'...
19:00:20 INFO  : Disconnected from the channel tcfchan#11.
19:00:20 INFO  : Connected to target on host '127.0.0.1' and port '3121'.
19:00:20 INFO  : Jtag cable 'Digilent Nexys4 210274505280A' is selected.
19:00:20 INFO  : 'jtag frequency' command is executed.
19:00:20 INFO  : 'targets -set -filter {jtag_cable_name =~ "Digilent Nexys4 210274505280A" && level==0} -index 0' command is executed.
19:00:22 INFO  : FPGA configured successfully with bitstream "C:/Users/jcoel/Desktop/CR/pratico7/StreamCopDemo_sw/_ide/bitstream/download.bit"
19:00:22 INFO  : 'configparams mdm-detect-bscan-mask 2' command is executed.
19:00:22 INFO  : Context for processor 'microblaze_0' is selected.
19:00:22 INFO  : System reset is completed.
19:00:25 INFO  : 'after 3000' command is executed.
19:00:25 INFO  : Context for processor 'microblaze_0' is selected.
19:00:25 INFO  : The application 'C:/Users/jcoel/Desktop/CR/pratico7/StreamCopDemo_sw/Debug/StreamCopDemo_sw.elf' is downloaded to processor 'microblaze_0'.
19:00:25 INFO  : ----------------XSDB Script----------------
connect -url tcp:127.0.0.1:3121
targets -set -filter {jtag_cable_name =~ "Digilent Nexys4 210274505280A" && level==0} -index 0
fpga -file C:/Users/jcoel/Desktop/CR/pratico7/StreamCopDemo_sw/_ide/bitstream/download.bit
configparams mdm-detect-bscan-mask 2
targets -set -nocase -filter {name =~ "*microblaze*#0" && bscan=="USER2" }
rst -system
after 3000
targets -set -nocase -filter {name =~ "*microblaze*#0" && bscan=="USER2" }
dow C:/Users/jcoel/Desktop/CR/pratico7/StreamCopDemo_sw/Debug/StreamCopDemo_sw.elf
----------------End of Script----------------

19:00:26 INFO  : Memory regions updated for context MicroBlaze #0
19:00:26 INFO  : Memory regions updated for context MicroBlaze Debug Module at USER2
19:00:26 INFO  : Context for processor 'microblaze_0' is selected.
19:00:26 INFO  : 'con' command is executed.
19:00:26 INFO  : ----------------XSDB Script (After Launch)----------------
targets -set -nocase -filter {name =~ "*microblaze*#0" && bscan=="USER2" }
con
----------------End of Script----------------

19:00:26 INFO  : Launch script is exported to file 'C:\Users\jcoel\Desktop\CR\pratico7\.sdk\launch_scripts\single_application_debug\systemdebugger_streamcopdemo_sw_system_standalone.tcl'
19:02:12 INFO  : Disconnected from the channel tcfchan#12.
19:02:12 INFO  : Connected to target on host '127.0.0.1' and port '3121'.
19:02:12 INFO  : Jtag cable 'Digilent Nexys4 210274505280A' is selected.
19:02:12 INFO  : 'jtag frequency' command is executed.
19:02:12 INFO  : 'targets -set -filter {jtag_cable_name =~ "Digilent Nexys4 210274505280A" && level==0} -index 0' command is executed.
19:02:14 INFO  : FPGA configured successfully with bitstream "C:/Users/jcoel/Desktop/CR/pratico7/StreamCopDemo_sw/_ide/bitstream/download.bit"
19:02:14 INFO  : 'configparams mdm-detect-bscan-mask 2' command is executed.
19:02:14 INFO  : Context for processor 'microblaze_0' is selected.
19:02:14 INFO  : System reset is completed.
19:02:17 INFO  : 'after 3000' command is executed.
19:02:17 INFO  : Context for processor 'microblaze_0' is selected.
19:02:18 INFO  : The application 'C:/Users/jcoel/Desktop/CR/pratico7/StreamCopDemo_sw/Debug/StreamCopDemo_sw.elf' is downloaded to processor 'microblaze_0'.
19:02:18 INFO  : ----------------XSDB Script----------------
connect -url tcp:127.0.0.1:3121
targets -set -filter {jtag_cable_name =~ "Digilent Nexys4 210274505280A" && level==0} -index 0
fpga -file C:/Users/jcoel/Desktop/CR/pratico7/StreamCopDemo_sw/_ide/bitstream/download.bit
configparams mdm-detect-bscan-mask 2
targets -set -nocase -filter {name =~ "*microblaze*#0" && bscan=="USER2" }
rst -system
after 3000
targets -set -nocase -filter {name =~ "*microblaze*#0" && bscan=="USER2" }
dow C:/Users/jcoel/Desktop/CR/pratico7/StreamCopDemo_sw/Debug/StreamCopDemo_sw.elf
----------------End of Script----------------

19:02:18 INFO  : Memory regions updated for context MicroBlaze #0
19:02:18 INFO  : Memory regions updated for context MicroBlaze Debug Module at USER2
19:02:18 INFO  : Context for processor 'microblaze_0' is selected.
19:02:18 INFO  : 'con' command is executed.
19:02:18 INFO  : ----------------XSDB Script (After Launch)----------------
targets -set -nocase -filter {name =~ "*microblaze*#0" && bscan=="USER2" }
con
----------------End of Script----------------

19:02:18 INFO  : Launch script is exported to file 'C:\Users\jcoel\Desktop\CR\pratico7\.sdk\launch_scripts\single_application_debug\systemdebugger_streamcopdemo_sw_system_standalone.tcl'
19:02:44 INFO  : Checking for BSP changes to sync application flags for project 'StreamCopDemo_sw'...
19:02:51 INFO  : Disconnected from the channel tcfchan#13.
19:02:51 INFO  : Connected to target on host '127.0.0.1' and port '3121'.
19:02:52 INFO  : Jtag cable 'Digilent Nexys4 210274505280A' is selected.
19:02:52 INFO  : 'jtag frequency' command is executed.
19:02:52 INFO  : 'targets -set -filter {jtag_cable_name =~ "Digilent Nexys4 210274505280A" && level==0} -index 0' command is executed.
19:02:54 INFO  : FPGA configured successfully with bitstream "C:/Users/jcoel/Desktop/CR/pratico7/StreamCopDemo_sw/_ide/bitstream/download.bit"
19:02:54 INFO  : 'configparams mdm-detect-bscan-mask 2' command is executed.
19:02:54 INFO  : Context for processor 'microblaze_0' is selected.
19:02:54 INFO  : System reset is completed.
19:02:57 INFO  : 'after 3000' command is executed.
19:02:57 INFO  : Context for processor 'microblaze_0' is selected.
19:02:57 INFO  : The application 'C:/Users/jcoel/Desktop/CR/pratico7/StreamCopDemo_sw/Debug/StreamCopDemo_sw.elf' is downloaded to processor 'microblaze_0'.
19:02:57 INFO  : ----------------XSDB Script----------------
connect -url tcp:127.0.0.1:3121
targets -set -filter {jtag_cable_name =~ "Digilent Nexys4 210274505280A" && level==0} -index 0
fpga -file C:/Users/jcoel/Desktop/CR/pratico7/StreamCopDemo_sw/_ide/bitstream/download.bit
configparams mdm-detect-bscan-mask 2
targets -set -nocase -filter {name =~ "*microblaze*#0" && bscan=="USER2" }
rst -system
after 3000
targets -set -nocase -filter {name =~ "*microblaze*#0" && bscan=="USER2" }
dow C:/Users/jcoel/Desktop/CR/pratico7/StreamCopDemo_sw/Debug/StreamCopDemo_sw.elf
----------------End of Script----------------

19:02:57 INFO  : Memory regions updated for context MicroBlaze #0
19:02:57 INFO  : Memory regions updated for context MicroBlaze Debug Module at USER2
19:02:58 INFO  : Context for processor 'microblaze_0' is selected.
19:02:58 INFO  : 'con' command is executed.
19:02:58 INFO  : ----------------XSDB Script (After Launch)----------------
targets -set -nocase -filter {name =~ "*microblaze*#0" && bscan=="USER2" }
con
----------------End of Script----------------

19:02:58 INFO  : Launch script is exported to file 'C:\Users\jcoel\Desktop\CR\pratico7\.sdk\launch_scripts\single_application_debug\systemdebugger_streamcopdemo_sw_system_standalone.tcl'
19:15:00 INFO  : Checking for BSP changes to sync application flags for project 'StreamCopDemo_sw'...
19:17:11 INFO  : Disconnected from the channel tcfchan#14.
13:43:56 INFO  : Launching XSCT server: xsct.bat -n  -interactive C:\Users\jcoel\Desktop\CR\pratico7\temp_xsdb_launch_script.tcl
13:44:00 INFO  : XSCT server has started successfully.
13:44:01 INFO  : plnx-install-location is set to ''
13:44:01 INFO  : Successfully done setting XSCT server connection channel  
13:44:01 INFO  : Successfully done setting workspace for the tool. 
13:44:02 INFO  : Registering command handlers for Vitis TCF services
13:44:06 INFO  : Successfully done query RDI_DATADIR 
14:38:51 INFO  : Checking for BSP changes to sync application flags for project 'StreamCopDemo_sw'...
14:39:00 INFO  : Checking for BSP changes to sync application flags for project 'StreamCopDemo_sw'...
14:39:33 INFO  : Bit file 'C:/Users/jcoel/Desktop/CR/pratico7/StreamCopDemo/download.bit' is generated.
14:39:35 INFO  : Connected to target on host '127.0.0.1' and port '3121'.
14:39:43 INFO  : 'targets -set -filter {jtag_cable_name =~ "Digilent Nexys4 210274505280A" && level==0} -index 0' command is executed.
14:39:45 INFO  : FPGA configured successfully with bitstream "C:/Users/jcoel/Desktop/CR/pratico7/StreamCopDemo/download.bit"
14:40:00 INFO  : Connected to target on host '127.0.0.1' and port '3121'.
14:40:01 INFO  : Jtag cable 'Digilent Nexys4 210274505280A' is selected.
14:40:01 INFO  : 'jtag frequency' command is executed.
14:40:01 INFO  : 'targets -set -filter {jtag_cable_name =~ "Digilent Nexys4 210274505280A" && level==0} -index 0' command is executed.
14:40:03 INFO  : FPGA configured successfully with bitstream "C:/Users/jcoel/Desktop/CR/pratico7/StreamCopDemo_sw/_ide/bitstream/download.bit"
14:40:03 INFO  : 'configparams mdm-detect-bscan-mask 2' command is executed.
14:40:03 INFO  : Context for processor 'microblaze_0' is selected.
14:40:03 INFO  : System reset is completed.
14:40:06 INFO  : 'after 3000' command is executed.
14:40:06 INFO  : Context for processor 'microblaze_0' is selected.
14:40:06 INFO  : The application 'C:/Users/jcoel/Desktop/CR/pratico7/StreamCopDemo_sw/Debug/StreamCopDemo_sw.elf' is downloaded to processor 'microblaze_0'.
14:40:06 INFO  : ----------------XSDB Script----------------
connect -url tcp:127.0.0.1:3121
targets -set -filter {jtag_cable_name =~ "Digilent Nexys4 210274505280A" && level==0} -index 0
fpga -file C:/Users/jcoel/Desktop/CR/pratico7/StreamCopDemo_sw/_ide/bitstream/download.bit
configparams mdm-detect-bscan-mask 2
targets -set -nocase -filter {name =~ "*microblaze*#0" && bscan=="USER2" }
rst -system
after 3000
targets -set -nocase -filter {name =~ "*microblaze*#0" && bscan=="USER2" }
dow C:/Users/jcoel/Desktop/CR/pratico7/StreamCopDemo_sw/Debug/StreamCopDemo_sw.elf
----------------End of Script----------------

14:40:06 INFO  : Memory regions updated for context MicroBlaze #0
14:40:06 INFO  : Memory regions updated for context MicroBlaze Debug Module at USER2
14:40:07 INFO  : Context for processor 'microblaze_0' is selected.
14:40:07 INFO  : 'con' command is executed.
14:40:07 INFO  : ----------------XSDB Script (After Launch)----------------
targets -set -nocase -filter {name =~ "*microblaze*#0" && bscan=="USER2" }
con
----------------End of Script----------------

14:40:07 INFO  : Launch script is exported to file 'C:\Users\jcoel\Desktop\CR\pratico7\.sdk\launch_scripts\single_application_debug\systemdebugger_streamcopdemo_sw_system_standalone.tcl'
14:40:14 INFO  : Disconnected from the channel tcfchan#1.
14:40:14 INFO  : Connected to target on host '127.0.0.1' and port '3121'.
14:40:14 INFO  : Jtag cable 'Digilent Nexys4 210274505280A' is selected.
14:40:14 INFO  : 'jtag frequency' command is executed.
14:40:14 INFO  : 'targets -set -filter {jtag_cable_name =~ "Digilent Nexys4 210274505280A" && level==0} -index 0' command is executed.
14:40:16 INFO  : FPGA configured successfully with bitstream "C:/Users/jcoel/Desktop/CR/pratico7/StreamCopDemo_sw/_ide/bitstream/download.bit"
14:40:16 INFO  : 'configparams mdm-detect-bscan-mask 2' command is executed.
14:40:16 INFO  : Context for processor 'microblaze_0' is selected.
14:40:16 INFO  : System reset is completed.
14:40:19 INFO  : 'after 3000' command is executed.
14:40:19 INFO  : Context for processor 'microblaze_0' is selected.
14:40:19 INFO  : The application 'C:/Users/jcoel/Desktop/CR/pratico7/StreamCopDemo_sw/Debug/StreamCopDemo_sw.elf' is downloaded to processor 'microblaze_0'.
14:40:19 INFO  : ----------------XSDB Script----------------
connect -url tcp:127.0.0.1:3121
targets -set -filter {jtag_cable_name =~ "Digilent Nexys4 210274505280A" && level==0} -index 0
fpga -file C:/Users/jcoel/Desktop/CR/pratico7/StreamCopDemo_sw/_ide/bitstream/download.bit
configparams mdm-detect-bscan-mask 2
targets -set -nocase -filter {name =~ "*microblaze*#0" && bscan=="USER2" }
rst -system
after 3000
targets -set -nocase -filter {name =~ "*microblaze*#0" && bscan=="USER2" }
dow C:/Users/jcoel/Desktop/CR/pratico7/StreamCopDemo_sw/Debug/StreamCopDemo_sw.elf
----------------End of Script----------------

14:40:20 INFO  : Memory regions updated for context MicroBlaze #0
14:40:20 INFO  : Memory regions updated for context MicroBlaze Debug Module at USER2
14:40:20 INFO  : Context for processor 'microblaze_0' is selected.
14:40:20 INFO  : 'con' command is executed.
14:40:20 INFO  : ----------------XSDB Script (After Launch)----------------
targets -set -nocase -filter {name =~ "*microblaze*#0" && bscan=="USER2" }
con
----------------End of Script----------------

14:40:20 INFO  : Launch script is exported to file 'C:\Users\jcoel\Desktop\CR\pratico7\.sdk\launch_scripts\single_application_debug\systemdebugger_streamcopdemo_sw_system_standalone.tcl'
14:42:29 INFO  : Checking for BSP changes to sync application flags for project 'StreamCopDemo_sw'...
14:42:36 INFO  : Disconnected from the channel tcfchan#2.
14:42:36 INFO  : Connected to target on host '127.0.0.1' and port '3121'.
14:42:37 INFO  : Jtag cable 'Digilent Nexys4 210274505280A' is selected.
14:42:37 INFO  : 'jtag frequency' command is executed.
14:42:37 INFO  : 'targets -set -filter {jtag_cable_name =~ "Digilent Nexys4 210274505280A" && level==0} -index 0' command is executed.
14:42:39 INFO  : FPGA configured successfully with bitstream "C:/Users/jcoel/Desktop/CR/pratico7/StreamCopDemo_sw/_ide/bitstream/download.bit"
14:42:39 INFO  : 'configparams mdm-detect-bscan-mask 2' command is executed.
14:42:39 INFO  : Context for processor 'microblaze_0' is selected.
14:42:39 INFO  : System reset is completed.
14:42:42 INFO  : 'after 3000' command is executed.
14:42:42 INFO  : Context for processor 'microblaze_0' is selected.
14:42:42 INFO  : The application 'C:/Users/jcoel/Desktop/CR/pratico7/StreamCopDemo_sw/Debug/StreamCopDemo_sw.elf' is downloaded to processor 'microblaze_0'.
14:42:42 INFO  : ----------------XSDB Script----------------
connect -url tcp:127.0.0.1:3121
targets -set -filter {jtag_cable_name =~ "Digilent Nexys4 210274505280A" && level==0} -index 0
fpga -file C:/Users/jcoel/Desktop/CR/pratico7/StreamCopDemo_sw/_ide/bitstream/download.bit
configparams mdm-detect-bscan-mask 2
targets -set -nocase -filter {name =~ "*microblaze*#0" && bscan=="USER2" }
rst -system
after 3000
targets -set -nocase -filter {name =~ "*microblaze*#0" && bscan=="USER2" }
dow C:/Users/jcoel/Desktop/CR/pratico7/StreamCopDemo_sw/Debug/StreamCopDemo_sw.elf
----------------End of Script----------------

14:42:42 INFO  : Memory regions updated for context MicroBlaze #0
14:42:42 INFO  : Memory regions updated for context MicroBlaze Debug Module at USER2
14:42:42 INFO  : Context for processor 'microblaze_0' is selected.
14:42:42 INFO  : 'con' command is executed.
14:42:42 INFO  : ----------------XSDB Script (After Launch)----------------
targets -set -nocase -filter {name =~ "*microblaze*#0" && bscan=="USER2" }
con
----------------End of Script----------------

14:42:42 INFO  : Launch script is exported to file 'C:\Users\jcoel\Desktop\CR\pratico7\.sdk\launch_scripts\single_application_debug\systemdebugger_streamcopdemo_sw_system_standalone.tcl'
14:43:01 INFO  : Checking for BSP changes to sync application flags for project 'StreamCopDemo_sw'...
14:48:24 INFO  : Checking for BSP changes to sync application flags for project 'StreamCopDemo_sw'...
14:48:43 INFO  : Disconnected from the channel tcfchan#3.
14:48:43 INFO  : Connected to target on host '127.0.0.1' and port '3121'.
14:48:44 INFO  : Jtag cable 'Digilent Nexys4 210274505280A' is selected.
14:48:44 INFO  : 'jtag frequency' command is executed.
14:48:44 INFO  : 'targets -set -filter {jtag_cable_name =~ "Digilent Nexys4 210274505280A" && level==0} -index 0' command is executed.
14:48:46 INFO  : FPGA configured successfully with bitstream "C:/Users/jcoel/Desktop/CR/pratico7/StreamCopDemo_sw/_ide/bitstream/download.bit"
14:48:46 INFO  : 'configparams mdm-detect-bscan-mask 2' command is executed.
14:48:46 INFO  : Context for processor 'microblaze_0' is selected.
14:48:46 INFO  : System reset is completed.
14:48:49 INFO  : 'after 3000' command is executed.
14:48:49 INFO  : Context for processor 'microblaze_0' is selected.
14:48:49 INFO  : The application 'C:/Users/jcoel/Desktop/CR/pratico7/StreamCopDemo_sw/Debug/StreamCopDemo_sw.elf' is downloaded to processor 'microblaze_0'.
14:48:49 INFO  : ----------------XSDB Script----------------
connect -url tcp:127.0.0.1:3121
targets -set -filter {jtag_cable_name =~ "Digilent Nexys4 210274505280A" && level==0} -index 0
fpga -file C:/Users/jcoel/Desktop/CR/pratico7/StreamCopDemo_sw/_ide/bitstream/download.bit
configparams mdm-detect-bscan-mask 2
targets -set -nocase -filter {name =~ "*microblaze*#0" && bscan=="USER2" }
rst -system
after 3000
targets -set -nocase -filter {name =~ "*microblaze*#0" && bscan=="USER2" }
dow C:/Users/jcoel/Desktop/CR/pratico7/StreamCopDemo_sw/Debug/StreamCopDemo_sw.elf
----------------End of Script----------------

14:48:49 INFO  : Memory regions updated for context MicroBlaze #0
14:48:49 INFO  : Memory regions updated for context MicroBlaze Debug Module at USER2
14:48:50 INFO  : Context for processor 'microblaze_0' is selected.
14:48:50 INFO  : 'con' command is executed.
14:48:50 INFO  : ----------------XSDB Script (After Launch)----------------
targets -set -nocase -filter {name =~ "*microblaze*#0" && bscan=="USER2" }
con
----------------End of Script----------------

14:48:50 INFO  : Launch script is exported to file 'C:\Users\jcoel\Desktop\CR\pratico7\.sdk\launch_scripts\single_application_debug\systemdebugger_streamcopdemo_sw_system_standalone.tcl'
14:49:39 INFO  : Disconnected from the channel tcfchan#4.
14:49:39 INFO  : Connected to target on host '127.0.0.1' and port '3121'.
14:49:39 INFO  : Jtag cable 'Digilent Nexys4 210274505280A' is selected.
14:49:39 INFO  : 'jtag frequency' command is executed.
14:49:40 INFO  : 'targets -set -filter {jtag_cable_name =~ "Digilent Nexys4 210274505280A" && level==0} -index 0' command is executed.
14:49:42 INFO  : FPGA configured successfully with bitstream "C:/Users/jcoel/Desktop/CR/pratico7/StreamCopDemo_sw/_ide/bitstream/download.bit"
14:49:42 INFO  : 'configparams mdm-detect-bscan-mask 2' command is executed.
14:49:42 INFO  : Context for processor 'microblaze_0' is selected.
14:49:42 INFO  : System reset is completed.
14:49:45 INFO  : 'after 3000' command is executed.
14:49:45 INFO  : Context for processor 'microblaze_0' is selected.
14:49:45 INFO  : The application 'C:/Users/jcoel/Desktop/CR/pratico7/StreamCopDemo_sw/Debug/StreamCopDemo_sw.elf' is downloaded to processor 'microblaze_0'.
14:49:45 INFO  : ----------------XSDB Script----------------
connect -url tcp:127.0.0.1:3121
targets -set -filter {jtag_cable_name =~ "Digilent Nexys4 210274505280A" && level==0} -index 0
fpga -file C:/Users/jcoel/Desktop/CR/pratico7/StreamCopDemo_sw/_ide/bitstream/download.bit
configparams mdm-detect-bscan-mask 2
targets -set -nocase -filter {name =~ "*microblaze*#0" && bscan=="USER2" }
rst -system
after 3000
targets -set -nocase -filter {name =~ "*microblaze*#0" && bscan=="USER2" }
dow C:/Users/jcoel/Desktop/CR/pratico7/StreamCopDemo_sw/Debug/StreamCopDemo_sw.elf
----------------End of Script----------------

14:49:45 INFO  : Memory regions updated for context MicroBlaze #0
14:49:45 INFO  : Memory regions updated for context MicroBlaze Debug Module at USER2
14:49:46 INFO  : Context for processor 'microblaze_0' is selected.
14:49:46 INFO  : 'con' command is executed.
14:49:46 INFO  : ----------------XSDB Script (After Launch)----------------
targets -set -nocase -filter {name =~ "*microblaze*#0" && bscan=="USER2" }
con
----------------End of Script----------------

14:49:46 INFO  : Launch script is exported to file 'C:\Users\jcoel\Desktop\CR\pratico7\.sdk\launch_scripts\single_application_debug\systemdebugger_streamcopdemo_sw_system_standalone.tcl'
16:06:31 INFO  : Disconnected from the channel tcfchan#5.
15:42:15 INFO  : Launching XSCT server: xsct.bat -n  -interactive C:\Users\jcoel\Desktop\CR\pratico7\temp_xsdb_launch_script.tcl
15:42:20 INFO  : XSCT server has started successfully.
15:42:20 INFO  : plnx-install-location is set to ''
15:42:20 INFO  : Successfully done setting XSCT server connection channel  
15:42:20 INFO  : Successfully done setting workspace for the tool. 
15:42:20 INFO  : Registering command handlers for Vitis TCF services
15:42:26 INFO  : Successfully done query RDI_DATADIR 
14:03:13 INFO  : Launching XSCT server: xsct.bat -n  -interactive C:\Users\jcoel\Desktop\CR\pratico7\temp_xsdb_launch_script.tcl
14:03:17 INFO  : XSCT server has started successfully.
14:03:17 INFO  : plnx-install-location is set to ''
14:03:17 INFO  : Successfully done setting XSCT server connection channel  
14:03:17 INFO  : Successfully done setting workspace for the tool. 
14:03:17 INFO  : Registering command handlers for Vitis TCF services
14:03:23 INFO  : Successfully done query RDI_DATADIR 
