Copyright 1986-2019 Xilinx, Inc. All Rights Reserved.
------------------------------------------------------------------------------------
| Tool Version : Vivado v.2019.2 (win64) Build 2708876 Wed Nov  6 21:40:23 MST 2019
| Date         : Wed Jun 17 10:19:44 2020
| Host         : DESKTOP-T839HQ8 running 64-bit major release  (build 9200)
| Command      : upgrade_ip
| Device       : xc7a100tcsg324-1
------------------------------------------------------------------------------------

Upgrade Log for IP 'mb_design_DistanciaEuclidiana_0_0'

1. Summary
----------

CAUTION (success, with warnings) in the upgrade of mb_design_DistanciaEuclidiana_0_0 (xilinx.com:user:DistanciaEuclidiana:1.1) from (Rev. 3) to (Rev. 4)

After upgrade, an IP may have parameter and port differences compared to the original customization. Please review the parameters within the IP customization GUI to ensure proper functionality. Also, please review the updated IP instantiation template to ensure proper connectivity, and update your design if required.

2. Connection Warnings
----------------------

Detected external port differences while upgrading 'mb_design_DistanciaEuclidiana_0_0'. These changes may impact your design.


-Upgraded port order differs after port 's00_axi_aclk'







Copyright 1986-2019 Xilinx, Inc. All Rights Reserved.
------------------------------------------------------------------------------------
| Tool Version : Vivado v.2019.2 (win64) Build 2708876 Wed Nov  6 21:40:23 MST 2019
| Date         : Mon Jun 15 21:13:57 2020
| Host         : DESKTOP-T839HQ8 running 64-bit major release  (build 9200)
| Command      : upgrade_ip
| Device       : xc7a100tcsg324-1
------------------------------------------------------------------------------------

Upgrade Log for IP 'mb_design_DistanciaEuclidiana_0_0'

1. Summary
----------

SUCCESS in the conversion of mb_design_DistanciaEuclidiana_0_0 (xilinx.com:user:DistanciaEuclidiana:1.1 (Rev. 3)) to Vivado generation flows.






Copyright 1986-2019 Xilinx, Inc. All Rights Reserved.
------------------------------------------------------------------------------------
| Tool Version : Vivado v.2019.2 (win64) Build 2708876 Wed Nov  6 21:40:23 MST 2019
| Date         : Mon Jun 15 21:12:27 2020
| Host         : DESKTOP-T839HQ8 running 64-bit major release  (build 9200)
| Command      : upgrade_ip
| Device       : xc7a100tcsg324-1
------------------------------------------------------------------------------------

Upgrade Log for IP 'mb_design_DistanciaEuclidiana_0_0'

1. Summary
----------

SUCCESS in the upgrade of mb_design_DistanciaEuclidiana_0_0 (xilinx.com:user:DistanciaEuclidiana:1.1) from (Rev. 2) to (Rev. 3)

