#
# A fatal error has been detected by the Java Runtime Environment:
#
#  EXCEPTION_ACCESS_VIOLATION (0xc0000005) at pc=0x00007fff7acaae7f, pid=13040, tid=2616
#
# JRE version: Java(TM) SE Runtime Environment (9.0+11) (build 9.0.4+11)
# Java VM: Java HotSpot(TM) 64-Bit Server VM (9.0.4+11, mixed mode, tiered, compressed oops, g1 gc, windows-amd64)
# Problematic frame:
# C  [librdi_device.dll+0x64ae7f]
#
# No core dump will be written. Minidumps are not enabled by default on client versions of Windows
#
# If you would like to submit a bug report, please visit:
#   http://bugreport.java.com/bugreport/crash.jsp
# The crash happened outside the Java Virtual Machine in native code.
# See problematic frame for where to report the bug.
#

---------------  S U M M A R Y ------------

Command Line: -Dsun.java2d.pmoffscreen=false -Dsun.java2d.xrender=false -Dsun.java2d.d3d=false -Dsun.awt.nopixfmt=true -Dsun.java2d.dpiaware=true -Dsun.java2d.uiScale.enabled=false -Xverify:none -Dswing.aatext=true -XX:-UsePerfData -Djdk.map.althashing.threshold=512 -XX:StringTableSize=4072 --add-opens=java.base/java.nio=ALL-UNNAMED --add-opens=java.desktop/sun.swing=ALL-UNNAMED --add-opens=java.desktop/javax.swing=ALL-UNNAMED --add-opens=java.desktop/javax.swing.tree=ALL-UNNAMED --add-opens=java.desktop/javax.swing.plaf.basic=ALL-UNNAMED --add-opens=java.desktop/javax.swing.plaf.synth=ALL-UNNAMED --add-opens=java.desktop/com.sun.awt=ALL-UNNAMED -XX:NewSize=60m -XX:MaxNewSize=60m -Xms128m -Xmx3072m -Xss5m 

Host: Intel(R) Core(TM) i7-4700MQ CPU @ 2.40GHz, 8 cores, 7G,  Windows 10 , 64 bit Build 18362 (10.0.18362.778)
Time: Tue May 19 17:36:15 2020 GMT Daylight Time elapsed time: 4916 seconds (0d 1h 21m 56s)

---------------  T H R E A D  ---------------

Current thread (0x00000195659bb000):  JavaThread "AWT-EventQueue-1" [_thread_in_native, id=2616, stack(0x0000003949700000,0x0000003949c00000)]

Stack: [0x0000003949700000,0x0000003949c00000],  sp=0x0000003949bfaf80,  free space=5099k
Native frames: (J=compiled Java code, j=interpreted, Vv=VM code, C=native code)

Java frames: (J=compiled Java code, j=interpreted, Vv=VM code)
j  ui.frmwork.tcltasksi.abortNow()V+0
j  ui.bo.b(Ljava/awt/Component;)Z+69
j  ui.cf.windowClosing(Ljava/awt/event/WindowEvent;)V+79
j  java.awt.AWTEventMulticaster.windowClosing(Ljava/awt/event/WindowEvent;)V+21 java.desktop@9.0.4
j  java.awt.AWTEventMulticaster.windowClosing(Ljava/awt/event/WindowEvent;)V+8 java.desktop@9.0.4
j  java.awt.AWTEventMulticaster.windowClosing(Ljava/awt/event/WindowEvent;)V+8 java.desktop@9.0.4
j  java.awt.Window.processWindowEvent(Ljava/awt/event/WindowEvent;)V+68 java.desktop@9.0.4
j  javax.swing.JFrame.processWindowEvent(Ljava/awt/event/WindowEvent;)V+2 java.desktop@9.0.4
J 23096 c1 java.awt.Window.processEvent(Ljava/awt/AWTEvent;)V java.desktop@9.0.4 (101 bytes) @ 0x0000019550e50b54 [0x0000019550e50460+0x00000000000006f4]
J 23588 c2 java.awt.Component.dispatchEventImpl(Ljava/awt/AWTEvent;)V java.desktop@9.0.4 (739 bytes) @ 0x0000019557b1bce8 [0x0000019557b1b420+0x00000000000008c8]
J 23478 c2 java.awt.Window.dispatchEventImpl(Ljava/awt/AWTEvent;)V java.desktop@9.0.4 (23 bytes) @ 0x00000195578a6ca0 [0x00000195578a6ba0+0x0000000000000100]
J 14711 c2 java.awt.EventQueue$3.run()Ljava/lang/Object; java.desktop@9.0.4 (5 bytes) @ 0x000001955709fbd4 [0x000001955709fa20+0x00000000000001b4]
v  ~StubRoutines::call_stub
J 3776  java.security.AccessController.doPrivileged(Ljava/security/PrivilegedAction;Ljava/security/AccessControlContext;)Ljava/lang/Object; java.base@9.0.4 (0 bytes) @ 0x0000019556797fc6 [0x0000019556797f60+0x0000000000000066]
J 15766 c2 java.awt.EventQueue$4.run()Ljava/lang/Object; java.desktop@9.0.4 (5 bytes) @ 0x0000019556f18458 [0x0000019556f183e0+0x0000000000000078]
v  ~StubRoutines::call_stub
J 3776  java.security.AccessController.doPrivileged(Ljava/security/PrivilegedAction;Ljava/security/AccessControlContext;)Ljava/lang/Object; java.base@9.0.4 (0 bytes) @ 0x0000019556797fc6 [0x0000019556797f60+0x0000000000000066]
J 14632 c2 ui.frmwork.b.d.dispatchEvent(Ljava/awt/AWTEvent;)V (34 bytes) @ 0x0000019557097028 [0x0000019557096c00+0x0000000000000428]
J 22097 c2 java.awt.EventDispatchThread.pumpOneEventForFilters(I)V java.desktop@9.0.4 (218 bytes) @ 0x000001955750bd04 [0x000001955750ba80+0x0000000000000284]
J 22155% c2 java.awt.EventDispatchThread.pumpEventsForFilter(ILjava/awt/Conditional;Ljava/awt/EventFilter;)V java.desktop@9.0.4 (47 bytes) @ 0x0000019556b5e8f8 [0x0000019556b5e7e0+0x0000000000000118]
j  java.awt.EventDispatchThread.pumpEventsForHierarchy(ILjava/awt/Conditional;Ljava/awt/Component;)V+11 java.desktop@9.0.4
j  java.awt.EventDispatchThread.pumpEvents(ILjava/awt/Conditional;)V+4 java.desktop@9.0.4
j  java.awt.EventDispatchThread.pumpEvents(Ljava/awt/Conditional;)V+3 java.desktop@9.0.4
j  java.awt.EventDispatchThread.run()V+9 java.desktop@9.0.4
v  ~StubRoutines::call_stub

siginfo: EXCEPTION_ACCESS_VIOLATION (0xc0000005), reading address 0x0000000000000020


Register to memory mapping:

RIP=0x00007fff7acaae7f librdi_device.dll
RAX=0x00007fff8e6fde50 librdi_device.dll
RBX=0x000001953b956ad0 is an unknown value
RCX=0x0000000000000002 is an unknown value
RDX=0x00007fff8e6fde50 librdi_device.dll
RSP=0x0000003949bfaf80 is pointing into the stack for thread: 0x00000195659bb000
RBP=0x0000000000000000 is an unknown value
RSI=0x000001953e3ee7a0 is an unknown value
RDI=0x0000000000000004 is an unknown value
R8 =0x0000000000000000 is an unknown value
R9 =0x0000000000000018 is an unknown value
R10=0x0000000000008000 is an unknown value
R11=0x0000003949bfb1d0 is pointing into the stack for thread: 0x00000195659bb000
R12=0x00007fff86225660 librdi_device.dll
R13={method} {0x0000019566cb2dc8} 'abortNow' '()V' in 'ui/frmwork/tcltasksi'
R14=0x0000003949bfb338 is pointing into the stack for thread: 0x00000195659bb000
R15=0x000001953b8ca1b0 is an unknown value


Registers:
RAX=0x00007fff8e6fde50, RBX=0x000001953b956ad0, RCX=0x0000000000000002, RDX=0x00007fff8e6fde50
RSP=0x0000003949bfaf80, RBP=0x0000000000000000, RSI=0x000001953e3ee7a0, RDI=0x0000000000000004
R8 =0x0000000000000000, R9 =0x0000000000000018, R10=0x0000000000008000, R11=0x0000003949bfb1d0
R12=0x00007fff86225660, R13=0x0000019566cb2dc0, R14=0x0000003949bfb338, R15=0x000001953b8ca1b0
RIP=0x00007fff7acaae7f, EFLAGS=0x0000000000010202

Top of Stack: (sp=0x0000003949bfaf80)
0x0000003949bfaf80:   0000000000000000 0000019547088040
0x0000003949bfaf90:   0000000000000000 0000000000000001
0x0000003949bfafa0:   fffffffffffffffe 0000019547008010
0x0000003949bfafb0:   0000003949bfb338 000001953b956ad0
0x0000003949bfafc0:   000001953e3ee7a0 00007fff7ac87332
0x0000003949bfafd0:   000001953b956ad0 000001953e55a000
0x0000003949bfafe0:   0000000000000000 00007ffff61407bd
0x0000003949bfaff0:   fffffffffffffffe 0000022a86225660
0x0000003949bfb000:   0000003949bfb338 00007fff7ac879d9
0x0000003949bfb010:   000001953e3ee7a0 00007fff7acad392
0x0000003949bfb020:   000001953e53a420 0000022800000001
0x0000003949bfb030:   fffffffffffffffe 000001953e55a010
0x0000003949bfb040:   000001953e3ee7a0 000001953e3ee7a0
0x0000003949bfb050:   000001953b956ad0 00007fff7acad5ce
0x0000003949bfb060:   000001953e893240 000001953e55a010
0x0000003949bfb070:   0000000000000000 0000003949bfb338 

Instructions: (pc=0x00007fff7acaae7f)
0x00007fff7acaae5f:   e8 1c fa ff ff 48 8b d0 48 8b cb 48 c1 e9 03 48
0x00007fff7acaae6f:   03 cb 48 23 48 30 4c 8b 40 18 48 8b f9 48 03 ff
0x00007fff7acaae7f:   49 8b 3c f8 48 03 c9 4c 8d 0c cd 08 00 00 00 4d
0x00007fff7acaae8f:   8b 14 c8 4c 3b 52 08 75 06 48 8b 42 08 eb 07 4b 



---------------  P R O C E S S  ---------------

Java Threads: ( => current thread )
  0x00000195084c3800 JavaThread "Image Fetcher 0" daemon [_thread_blocked, id=8656, stack(0x000000394ea00000,0x000000394ef00000)]
  0x00000195084ca800 JavaThread "Image Animator 0" daemon [_thread_blocked, id=6904, stack(0x0000003948800000,0x0000003948d00000)]
  0x00000195084c9000 JavaThread "ForkJoinPool.commonPool-worker-9" daemon [_thread_blocked, id=2536, stack(0x000000394f400000,0x000000394f900000)]
  0x00000195084c2000 JavaThread "Image Fetcher 3" daemon [_thread_blocked, id=8932, stack(0x000000394e500000,0x000000394ea00000)]
  0x00000195084c7800 JavaThread "Image Animator 0" daemon [_thread_blocked, id=6596, stack(0x000000394ef00000,0x000000394f400000)]
  0x00000195707a2000 JavaThread "c" [_thread_blocked, id=4256, stack(0x000000394e000000,0x000000394e500000)]
  0x000001957079a800 JavaThread "FileSystemWatchService" daemon [_thread_in_native, id=13420, stack(0x000000394db00000,0x000000394e000000)]
  0x000001957079e000 JavaThread "Update Runs Swing Worker Thread" [_thread_blocked, id=10868, stack(0x000000394d600000,0x000000394db00000)]
  0x000001957079c800 JavaThread "Refresh Filesets Swing Worker Thread" [_thread_blocked, id=4900, stack(0x000000394b800000,0x000000394bd00000)]
  0x0000019570796800 JavaThread "SyntheticaAnimation 50" daemon [_thread_blocked, id=10688, stack(0x000000394c700000,0x000000394cc00000)]
  0x000001957079d800 JavaThread "Update Runs Swing Worker Thread" [_thread_blocked, id=12420, stack(0x000000394d100000,0x000000394d600000)]
  0x0000019570799000 JavaThread "hw_ila_monitor" [_thread_blocked, id=1848, stack(0x000000394c200000,0x000000394c700000)]
  0x0000019570796000 JavaThread "Refresh Filesets Swing Worker Thread" [_thread_blocked, id=7760, stack(0x0000003949c00000,0x000000394a100000)]
  0x000001953eb5d000 JavaThread "SyntheticaAnimation 70" daemon [_thread_blocked, id=9444, stack(0x000000394bd00000,0x000000394c200000)]
  0x000001953eb62000 JavaThread "SyntheticaAnimation 25" daemon [_thread_blocked, id=7080, stack(0x000000394b300000,0x000000394b800000)]
  0x000001953eb5d800 JavaThread "SyntheticaAnimation 50" daemon [_thread_blocked, id=10116, stack(0x000000394ae00000,0x000000394b300000)]
  0x000001953eb60800 JavaThread "Monitor HEventQueue Thread" [_thread_blocked, id=11936, stack(0x000000394a900000,0x000000394ae00000)]
  0x000001953eb60000 JavaThread "SyntheticaCleanerThread" daemon [_thread_blocked, id=11112, stack(0x000000394a100000,0x000000394a600000)]
  0x000001953eb5f000 JavaThread "Batik CleanerThread" daemon [_thread_blocked, id=7872, stack(0x0000003948d00000,0x0000003949200000)]
=>0x00000195659bb000 JavaThread "AWT-EventQueue-1" [_thread_in_native, id=2616, stack(0x0000003949700000,0x0000003949c00000)]
  0x00000195665de800 JavaThread "Process Messages Thread" [_thread_blocked, id=12376, stack(0x0000003949200000,0x0000003949700000)]
  0x0000019540ca0000 JavaThread "Thread-1" [_thread_in_native, id=7828, stack(0x0000003942000000,0x0000003943400000)]
  0x0000019565d74800 JavaThread "TimerQueue" daemon [_thread_blocked, id=5336, stack(0x0000003948300000,0x0000003948800000)]
  0x00000195409c3800 JavaThread "AWT-Windows" daemon [_thread_in_native, id=4572, stack(0x0000003947e00000,0x0000003948300000)]
  0x0000019540717800 JavaThread "AWT-Shutdown" [_thread_blocked, id=13736, stack(0x0000003947900000,0x0000003947e00000)]
  0x0000019540c6b000 JavaThread "Java2D Disposer" daemon [_thread_blocked, id=1648, stack(0x0000003947400000,0x0000003947900000)]
  0x0000019540368800 JavaThread "Service Thread" daemon [_thread_blocked, id=12112, stack(0x0000003946e00000,0x0000003947300000)]
  0x0000019541e4e000 JavaThread "Common-Cleaner" daemon [_thread_blocked, id=10932, stack(0x0000003946900000,0x0000003946e00000)]
  0x000001953eb5e800 JavaThread "Sweeper thread" daemon [_thread_blocked, id=4652, stack(0x0000003946400000,0x0000003946900000)]
  0x0000019541e3a000 JavaThread "C1 CompilerThread3" daemon [_thread_blocked, id=10800, stack(0x0000003946300000,0x0000003946400000)]
  0x0000019541e39800 JavaThread "C2 CompilerThread2" daemon [_thread_blocked, id=10300, stack(0x0000003946200000,0x0000003946300000)]
  0x0000019541e38800 JavaThread "C2 CompilerThread1" daemon [_thread_blocked, id=4920, stack(0x0000003946100000,0x0000003946200000)]
  0x0000019541e38000 JavaThread "C2 CompilerThread0" daemon [_thread_blocked, id=10552, stack(0x0000003946000000,0x0000003946100000)]
  0x000001953e547800 JavaThread "Attach Listener" daemon [_thread_blocked, id=8752, stack(0x0000003945b00000,0x0000003946000000)]
  0x0000019540861800 JavaThread "Signal Dispatcher" daemon [_thread_blocked, id=1780, stack(0x0000003945600000,0x0000003945b00000)]
  0x000001954085e800 JavaThread "Finalizer" daemon [_thread_blocked, id=13604, stack(0x0000003945100000,0x0000003945600000)]
  0x000001954085d800 JavaThread "Reference Handler" daemon [_thread_blocked, id=7072, stack(0x0000003944c00000,0x0000003945100000)]
  0x0000019547555800 JavaThread "main" [_thread_blocked, id=8784, stack(0x0000003941f00000,0x0000003942000000)]

Other Threads:
  0x0000019540851000 VMThread "VM Thread" [stack: 0x0000003944b00000,0x0000003944c00000] [id=13740]
  0x000001954055e000 WatcherThread [stack: 0x0000003947300000,0x0000003947400000] [id=1276]
  0x0000019547b6d800 GCTaskThread "GC Thread#0" [stack: 0x0000003943700000,0x0000003943800000] [id=4520]
  0x000001954213d800 GCTaskThread "GC Thread#1" [stack: 0x0000003943800000,0x0000003943900000] [id=7532]
  0x0000019542144000 GCTaskThread "GC Thread#2" [stack: 0x0000003943900000,0x0000003943a00000] [id=11632]
  0x0000019542143000 GCTaskThread "GC Thread#3" [stack: 0x0000003943a00000,0x0000003943b00000] [id=12060]
  0x000001954213e000 GCTaskThread "GC Thread#4" [stack: 0x0000003943b00000,0x0000003943c00000] [id=9628]
  0x0000019542140800 GCTaskThread "GC Thread#5" [stack: 0x0000003943c00000,0x0000003943d00000] [id=14212]
  0x000001954213e800 GCTaskThread "GC Thread#6" [stack: 0x0000003943d00000,0x0000003943e00000] [id=1660]
  0x000001954213f000 GCTaskThread "GC Thread#7" [stack: 0x0000003943e00000,0x0000003943f00000] [id=5924]
  0x0000019547eb7800 ConcurrentGCThread "G1 Main Marker" [stack: 0x0000003944800000,0x0000003944900000] [id=4540]
  0x0000019542141800 ConcurrentGCThread "G1 Marker#0" [stack: 0x0000003944900000,0x0000003944a00000] [id=6924]
  0x0000019542141000 ConcurrentGCThread "G1 Marker#1" [stack: 0x0000003944a00000,0x0000003944b00000] [id=13468]
  0x0000019547d77800 ConcurrentGCThread "G1 Refine#0" [stack: 0x0000003944600000,0x0000003944700000] [id=14104]
  0x0000019547d74000 ConcurrentGCThread "G1 Refine#1" [stack: 0x0000003944500000,0x0000003944600000] [id=2692]
  0x000001953e480800 ConcurrentGCThread "G1 Refine#2" [stack: 0x0000003944400000,0x0000003944500000] [id=2944]
  0x000001953e47f800 ConcurrentGCThread "G1 Refine#3" [stack: 0x0000003944300000,0x0000003944400000] [id=5944]
  0x000001953e47e800 ConcurrentGCThread "G1 Refine#4" [stack: 0x0000003944200000,0x0000003944300000] [id=13316]
  0x000001953e47d000 ConcurrentGCThread "G1 Refine#5" [stack: 0x0000003944100000,0x0000003944200000] [id=2644]
  0x000001953e766800 ConcurrentGCThread "G1 Refine#6" [stack: 0x0000003944000000,0x0000003944100000] [id=10644]
  0x0000019542166000 ConcurrentGCThread "G1 Refine#7" [stack: 0x0000003943f00000,0x0000003944000000] [id=4476]
  0x0000019547d78000 ConcurrentGCThread "G1 Young RemSet Sampling" [stack: 0x0000003944700000,0x0000003944800000] [id=10504]

Threads with active compile tasks:

VM state:not at safepoint (normal execution)

VM Mutex/Monitor currently owned by a thread: None

Heap address: 0x0000000700000000, size: 3072 MB, Compressed Oops mode: Zero based, Oop shift amount: 3
Narrow klass base: 0x0000000000000000, Narrow klass shift: 3
Compressed class space size: 1073741824 Address: 0x00000007c0000000

Heap:
 garbage-first heap   total 239616K, used 141795K [0x0000000700000000, 0x0000000700100750, 0x00000007c0000000)
  region size 1024K, 33 young (33792K), 1 survivors (1024K)
 Metaspace       used 93202K, capacity 96395K, committed 103256K, reserved 1138688K
  class space    used 12960K, capacity 13580K, committed 14976K, reserved 1048576K
Heap Regions: E=young(eden), S=young(survivor), O=old, HS=humongous(starts), HC=humongous(continues), CS=collection set, F=free, A=archive, TS=gc time stamp, AC=allocation context, TAMS=top-at-mark-start (previous, next)
|   0|0x0000000700000000, 0x00000007000f8f20, 0x0000000700100000| 97%| O|  |TS  0|AC  0|TAMS 0x00000007000f8f20, 0x00000007000f8f20|
|   1|0x0000000700100000, 0x00000007001f8158, 0x0000000700200000| 96%| O|  |TS  0|AC  0|TAMS 0x00000007001f8158, 0x00000007001f8158|
|   2|0x0000000700200000, 0x00000007002fd8d0, 0x0000000700300000| 99%| O|  |TS  0|AC  0|TAMS 0x00000007002fd8d0, 0x00000007002fd8d0|
|   3|0x0000000700300000, 0x0000000700400000, 0x0000000700400000|100%| O|  |TS  0|AC  0|TAMS 0x0000000700400000, 0x0000000700400000|
|   4|0x0000000700400000, 0x0000000700500000, 0x0000000700500000|100%|HS|  |TS  0|AC  0|TAMS 0x0000000700500000, 0x0000000700500000|
|   5|0x0000000700500000, 0x0000000700600000, 0x0000000700600000|100%|HC|  |TS  0|AC  0|TAMS 0x0000000700600000, 0x0000000700600000|
|   6|0x0000000700600000, 0x0000000700700000, 0x0000000700700000|100%|HS|  |TS  0|AC  0|TAMS 0x0000000700700000, 0x0000000700700000|
|   7|0x0000000700700000, 0x00000007007d99d0, 0x0000000700800000| 85%| O|  |TS  0|AC  0|TAMS 0x00000007007d99d0, 0x00000007007d99d0|
|   8|0x0000000700800000, 0x00000007008fd948, 0x0000000700900000| 99%| O|  |TS  0|AC  0|TAMS 0x00000007008fd948, 0x00000007008fd948|
|   9|0x0000000700900000, 0x0000000700a00000, 0x0000000700a00000|100%| O|  |TS  0|AC  0|TAMS 0x0000000700a00000, 0x0000000700a00000|
|  10|0x0000000700a00000, 0x0000000700b00000, 0x0000000700b00000|100%| O|  |TS  0|AC  0|TAMS 0x0000000700b00000, 0x0000000700b00000|
|  11|0x0000000700b00000, 0x0000000700c00000, 0x0000000700c00000|100%| O|  |TS  0|AC  0|TAMS 0x0000000700c00000, 0x0000000700c00000|
|  12|0x0000000700c00000, 0x0000000700cfffe8, 0x0000000700d00000| 99%| O|  |TS  0|AC  0|TAMS 0x0000000700cfffe8, 0x0000000700cfffe8|
|  13|0x0000000700d00000, 0x0000000700e00000, 0x0000000700e00000|100%| O|  |TS  0|AC  0|TAMS 0x0000000700e00000, 0x0000000700e00000|
|  14|0x0000000700e00000, 0x0000000700ef29a8, 0x0000000700f00000| 94%| O|  |TS  0|AC  0|TAMS 0x0000000700ef29a8, 0x0000000700ef29a8|
|  15|0x0000000700f00000, 0x0000000700ffe200, 0x0000000701000000| 99%| O|  |TS  0|AC  0|TAMS 0x0000000700ffe200, 0x0000000700ffe200|
|  16|0x0000000701000000, 0x00000007010f9df8, 0x0000000701100000| 97%| O|  |TS  0|AC  0|TAMS 0x00000007010f9df8, 0x00000007010f9df8|
|  17|0x0000000701100000, 0x00000007011ffb88, 0x0000000701200000| 99%| O|  |TS  0|AC  0|TAMS 0x00000007011ffb88, 0x00000007011ffb88|
|  18|0x0000000701200000, 0x00000007012fff28, 0x0000000701300000| 99%| O|  |TS  0|AC  0|TAMS 0x00000007012fff28, 0x00000007012fff28|
|  19|0x0000000701300000, 0x0000000701400000, 0x0000000701400000|100%| O|  |TS  0|AC  0|TAMS 0x0000000701400000, 0x0000000701400000|
|  20|0x0000000701400000, 0x00000007014ffff8, 0x0000000701500000| 99%| O|  |TS  0|AC  0|TAMS 0x00000007014ffff8, 0x00000007014ffff8|
|  21|0x0000000701500000, 0x0000000701600000, 0x0000000701600000|100%|HS|  |TS  0|AC  0|TAMS 0x0000000701600000, 0x0000000701600000|
|  22|0x0000000701600000, 0x00000007016ffff0, 0x0000000701700000| 99%| O|  |TS  0|AC  0|TAMS 0x00000007016ffff0, 0x00000007016ffff0|
|  23|0x0000000701700000, 0x00000007017fb928, 0x0000000701800000| 98%| O|  |TS  0|AC  0|TAMS 0x00000007017fb928, 0x00000007017fb928|
|  24|0x0000000701800000, 0x00000007018ffda8, 0x0000000701900000| 99%| O|  |TS  0|AC  0|TAMS 0x00000007018ffda8, 0x00000007018ffda8|
|  25|0x0000000701900000, 0x00000007019ffff8, 0x0000000701a00000| 99%| O|  |TS  0|AC  0|TAMS 0x00000007019ffff8, 0x00000007019ffff8|
|  26|0x0000000701a00000, 0x0000000701affff0, 0x0000000701b00000| 99%| O|  |TS  0|AC  0|TAMS 0x0000000701affff0, 0x0000000701affff0|
|  27|0x0000000701b00000, 0x0000000701bfffe8, 0x0000000701c00000| 99%| O|  |TS  0|AC  0|TAMS 0x0000000701bfffe8, 0x0000000701bfffe8|
|  28|0x0000000701c00000, 0x0000000701cfffd8, 0x0000000701d00000| 99%| O|  |TS  0|AC  0|TAMS 0x0000000701cfffd8, 0x0000000701cfffd8|
|  29|0x0000000701d00000, 0x0000000701dffec8, 0x0000000701e00000| 99%| O|  |TS  0|AC  0|TAMS 0x0000000701dffec8, 0x0000000701dffec8|
|  30|0x0000000701e00000, 0x0000000701efffb8, 0x0000000701f00000| 99%| O|  |TS  0|AC  0|TAMS 0x0000000701efffb8, 0x0000000701efffb8|
|  31|0x0000000701f00000, 0x0000000701fffff8, 0x0000000702000000| 99%| O|  |TS  0|AC  0|TAMS 0x0000000701fffff8, 0x0000000701fffff8|
|  32|0x0000000702000000, 0x00000007020fffb8, 0x0000000702100000| 99%| O|  |TS  0|AC  0|TAMS 0x00000007020fffb8, 0x00000007020fffb8|
|  33|0x0000000702100000, 0x00000007021fffc0, 0x0000000702200000| 99%| O|  |TS  0|AC  0|TAMS 0x00000007021fffc0, 0x00000007021fffc0|
|  34|0x0000000702200000, 0x0000000702300000, 0x0000000702300000|100%| O|  |TS  0|AC  0|TAMS 0x0000000702300000, 0x0000000702300000|
|  35|0x0000000702300000, 0x00000007023c0c68, 0x0000000702400000| 75%| O|  |TS  0|AC  0|TAMS 0x00000007023c0c68, 0x00000007023c0c68|
|  36|0x0000000702400000, 0x0000000702500000, 0x0000000702500000|100%| O|  |TS  0|AC  0|TAMS 0x0000000702500000, 0x0000000702500000|
|  37|0x0000000702500000, 0x00000007025ffff8, 0x0000000702600000| 99%| O|  |TS  0|AC  0|TAMS 0x00000007025ffff8, 0x00000007025ffff8|
|  38|0x0000000702600000, 0x00000007026ffff0, 0x0000000702700000| 99%| O|  |TS  0|AC  0|TAMS 0x00000007026ffff0, 0x00000007026ffff0|
|  39|0x0000000702700000, 0x00000007027f8450, 0x0000000702800000| 96%| O|  |TS  0|AC  0|TAMS 0x00000007027f8450, 0x00000007027f8450|
|  40|0x0000000702800000, 0x0000000702900000, 0x0000000702900000|100%| O|  |TS  0|AC  0|TAMS 0x0000000702900000, 0x0000000702900000|
|  41|0x0000000702900000, 0x0000000702a00000, 0x0000000702a00000|100%| O|  |TS  0|AC  0|TAMS 0x0000000702a00000, 0x0000000702a00000|
|  42|0x0000000702a00000, 0x0000000702affff0, 0x0000000702b00000| 99%| O|  |TS  0|AC  0|TAMS 0x0000000702affff0, 0x0000000702affff0|
|  43|0x0000000702b00000, 0x0000000702c00000, 0x0000000702c00000|100%|HS|  |TS  0|AC  0|TAMS 0x0000000702c00000, 0x0000000702c00000|
|  44|0x0000000702c00000, 0x0000000702cffff0, 0x0000000702d00000| 99%| O|  |TS  0|AC  0|TAMS 0x0000000702cffff0, 0x0000000702cffff0|
|  45|0x0000000702d00000, 0x0000000702dfffd0, 0x0000000702e00000| 99%| O|  |TS  0|AC  0|TAMS 0x0000000702dfffd0, 0x0000000702dfffd0|
|  46|0x0000000702e00000, 0x0000000702effe50, 0x0000000702f00000| 99%| O|  |TS  0|AC  0|TAMS 0x0000000702effe50, 0x0000000702effe50|
|  47|0x0000000702f00000, 0x0000000702ffffe8, 0x0000000703000000| 99%| O|  |TS  0|AC  0|TAMS 0x0000000702ffffe8, 0x0000000702ffffe8|
|  48|0x0000000703000000, 0x0000000703100000, 0x0000000703100000|100%|HS|  |TS  0|AC  0|TAMS 0x0000000703100000, 0x0000000703100000|
|  49|0x0000000703100000, 0x0000000703200000, 0x0000000703200000|100%|HC|  |TS  0|AC  0|TAMS 0x0000000703200000, 0x0000000703200000|
|  50|0x0000000703200000, 0x0000000703300000, 0x0000000703300000|100%|HC|  |TS  0|AC  0|TAMS 0x0000000703300000, 0x0000000703300000|
|  51|0x0000000703300000, 0x0000000703400000, 0x0000000703400000|100%|HC|  |TS  0|AC  0|TAMS 0x0000000703400000, 0x0000000703400000|
|  52|0x0000000703400000, 0x0000000703500000, 0x0000000703500000|100%|HC|  |TS  0|AC  0|TAMS 0x0000000703500000, 0x0000000703500000|
|  53|0x0000000703500000, 0x0000000703600000, 0x0000000703600000|100%|HC|  |TS  0|AC  0|TAMS 0x0000000703600000, 0x0000000703600000|
|  54|0x0000000703600000, 0x0000000703700000, 0x0000000703700000|100%|HC|  |TS  0|AC  0|TAMS 0x0000000703700000, 0x0000000703700000|
|  55|0x0000000703700000, 0x0000000703800000, 0x0000000703800000|100%|HC|  |TS  0|AC  0|TAMS 0x0000000703800000, 0x0000000703800000|
|  56|0x0000000703800000, 0x00000007038fe7b8, 0x0000000703900000| 99%| O|  |TS  0|AC  0|TAMS 0x00000007038fe7b8, 0x00000007038fe7b8|
|  57|0x0000000703900000, 0x00000007039fff90, 0x0000000703a00000| 99%| O|  |TS  0|AC  0|TAMS 0x00000007039fff90, 0x00000007039fff90|
|  58|0x0000000703a00000, 0x0000000703affff8, 0x0000000703b00000| 99%| O|  |TS  0|AC  0|TAMS 0x0000000703affff8, 0x0000000703affff8|
|  59|0x0000000703b00000, 0x0000000703c00000, 0x0000000703c00000|100%| O|  |TS  0|AC  0|TAMS 0x0000000703c00000, 0x0000000703c00000|
|  60|0x0000000703c00000, 0x0000000703cfff00, 0x0000000703d00000| 99%| O|  |TS  0|AC  0|TAMS 0x0000000703cfff00, 0x0000000703cfff00|
|  61|0x0000000703d00000, 0x0000000703dfffe0, 0x0000000703e00000| 99%| O|  |TS  0|AC  0|TAMS 0x0000000703dfffe0, 0x0000000703dfffe0|
|  62|0x0000000703e00000, 0x0000000703effff8, 0x0000000703f00000| 99%| O|  |TS  0|AC  0|TAMS 0x0000000703effff8, 0x0000000703effff8|
|  63|0x0000000703f00000, 0x0000000703fffff8, 0x0000000704000000| 99%| O|  |TS  0|AC  0|TAMS 0x0000000703fffff8, 0x0000000703fffff8|
|  64|0x0000000704000000, 0x00000007040ffff8, 0x0000000704100000| 99%| O|  |TS  0|AC  0|TAMS 0x00000007040ffff8, 0x00000007040ffff8|
|  65|0x0000000704100000, 0x00000007041ffff0, 0x0000000704200000| 99%| O|  |TS  0|AC  0|TAMS 0x00000007041ffff0, 0x00000007041ffff0|
|  66|0x0000000704200000, 0x00000007042fffe0, 0x0000000704300000| 99%| O|  |TS  0|AC  0|TAMS 0x00000007042fffe0, 0x00000007042fffe0|
|  67|0x0000000704300000, 0x00000007043ffff8, 0x0000000704400000| 99%| O|  |TS  0|AC  0|TAMS 0x00000007043ffff8, 0x00000007043ffff8|
|  68|0x0000000704400000, 0x00000007044ffd20, 0x0000000704500000| 99%| O|  |TS  0|AC  0|TAMS 0x00000007044ffd20, 0x00000007044ffd20|
|  69|0x0000000704500000, 0x00000007045ffff0, 0x0000000704600000| 99%| O|  |TS  0|AC  0|TAMS 0x00000007045ffff0, 0x00000007045ffff0|
|  70|0x0000000704600000, 0x0000000704700000, 0x0000000704700000|100%| O|  |TS  0|AC  0|TAMS 0x0000000704700000, 0x0000000704700000|
|  71|0x0000000704700000, 0x00000007047ffff8, 0x0000000704800000| 99%| O|  |TS  0|AC  0|TAMS 0x00000007047ffff8, 0x00000007047ffff8|
|  72|0x0000000704800000, 0x00000007048fffe0, 0x0000000704900000| 99%| O|  |TS  0|AC  0|TAMS 0x00000007048fffe0, 0x00000007048fffe0|
|  73|0x0000000704900000, 0x00000007049ffff0, 0x0000000704a00000| 99%| O|  |TS  0|AC  0|TAMS 0x00000007049ffff0, 0x00000007049ffff0|
|  74|0x0000000704a00000, 0x0000000704b00000, 0x0000000704b00000|100%| O|  |TS  0|AC  0|TAMS 0x0000000704b00000, 0x0000000704b00000|
|  75|0x0000000704b00000, 0x0000000704bffff8, 0x0000000704c00000| 99%| O|  |TS  0|AC  0|TAMS 0x0000000704bffff8, 0x0000000704bffff8|
|  76|0x0000000704c00000, 0x0000000704cfe128, 0x0000000704d00000| 99%| O|  |TS  0|AC  0|TAMS 0x0000000704cfe128, 0x0000000704cfe128|
|  77|0x0000000704d00000, 0x0000000704dfffd8, 0x0000000704e00000| 99%| O|  |TS  0|AC  0|TAMS 0x0000000704dfffd8, 0x0000000704dfffd8|
|  78|0x0000000704e00000, 0x0000000704effdf8, 0x0000000704f00000| 99%| O|  |TS  0|AC  0|TAMS 0x0000000704effdf8, 0x0000000704effdf8|
|  79|0x0000000704f00000, 0x0000000705000000, 0x0000000705000000|100%| O|  |TS  0|AC  0|TAMS 0x0000000705000000, 0x0000000705000000|
|  80|0x0000000705000000, 0x0000000705100000, 0x0000000705100000|100%|HS|  |TS  0|AC  0|TAMS 0x0000000705100000, 0x0000000705100000|
|  81|0x0000000705100000, 0x0000000705200000, 0x0000000705200000|100%| O|  |TS  0|AC  0|TAMS 0x0000000705200000, 0x0000000705200000|
|  82|0x0000000705200000, 0x0000000705300000, 0x0000000705300000|100%| O|  |TS  0|AC  0|TAMS 0x0000000705300000, 0x0000000705300000|
|  83|0x0000000705300000, 0x00000007053f22e0, 0x0000000705400000| 94%| O|  |TS  0|AC  0|TAMS 0x00000007053f22e0, 0x00000007053f22e0|
|  84|0x0000000705400000, 0x00000007054fff60, 0x0000000705500000| 99%| O|  |TS  0|AC  0|TAMS 0x00000007054fff60, 0x00000007054fff60|
|  85|0x0000000705500000, 0x00000007055ffff8, 0x0000000705600000| 99%| O|  |TS  0|AC  0|TAMS 0x00000007055ffff8, 0x00000007055ffff8|
|  86|0x0000000705600000, 0x00000007056fffa0, 0x0000000705700000| 99%| O|  |TS  0|AC  0|TAMS 0x00000007056fffa0, 0x00000007056fffa0|
|  87|0x0000000705700000, 0x00000007057fff00, 0x0000000705800000| 99%| O|  |TS  0|AC  0|TAMS 0x00000007057fff00, 0x00000007057fff00|
|  88|0x0000000705800000, 0x00000007058ffee0, 0x0000000705900000| 99%| O|  |TS  0|AC  0|TAMS 0x00000007058ffee0, 0x00000007058ffee0|
|  89|0x0000000705900000, 0x0000000705a00000, 0x0000000705a00000|100%| O|  |TS  0|AC  0|TAMS 0x0000000705a00000, 0x0000000705a00000|
|  90|0x0000000705a00000, 0x0000000705affea0, 0x0000000705b00000| 99%| O|  |TS  0|AC  0|TAMS 0x0000000705affea0, 0x0000000705affea0|
|  91|0x0000000705b00000, 0x0000000705bfef30, 0x0000000705c00000| 99%| O|  |TS  0|AC  0|TAMS 0x0000000705bfef30, 0x0000000705bfef30|
|  92|0x0000000705c00000, 0x0000000705cfed90, 0x0000000705d00000| 99%| O|  |TS  0|AC  0|TAMS 0x0000000705cfed90, 0x0000000705cfed90|
|  93|0x0000000705d00000, 0x0000000705dfffe0, 0x0000000705e00000| 99%| O|  |TS  0|AC  0|TAMS 0x0000000705dfffe0, 0x0000000705dfffe0|
|  94|0x0000000705e00000, 0x0000000705f00000, 0x0000000705f00000|100%| O|  |TS  0|AC  0|TAMS 0x0000000705f00000, 0x0000000705f00000|
|  95|0x0000000705f00000, 0x0000000705ffe898, 0x0000000706000000| 99%| O|  |TS  0|AC  0|TAMS 0x0000000705ffe898, 0x0000000705ffe898|
|  96|0x0000000706000000, 0x00000007060ffff0, 0x0000000706100000| 99%| O|  |TS  0|AC  0|TAMS 0x00000007060ffff0, 0x00000007060ffff0|
|  97|0x0000000706100000, 0x00000007061fffc8, 0x0000000706200000| 99%| O|  |TS  0|AC  0|TAMS 0x00000007061fffc8, 0x00000007061fffc8|
|  98|0x0000000706200000, 0x00000007062fe4a8, 0x0000000706300000| 99%| O|  |TS  0|AC  0|TAMS 0x00000007062fe4a8, 0x00000007062fe4a8|
|  99|0x0000000706300000, 0x00000007063fffc8, 0x0000000706400000| 99%| O|  |TS  0|AC  0|TAMS 0x00000007063fffc8, 0x00000007063fffc8|
| 100|0x0000000706400000, 0x00000007064ffff8, 0x0000000706500000| 99%| O|  |TS  0|AC  0|TAMS 0x00000007064ffff8, 0x00000007064ffff8|
| 101|0x0000000706500000, 0x00000007065ffff8, 0x0000000706600000| 99%| O|  |TS  0|AC  0|TAMS 0x00000007065ffff8, 0x00000007065ffff8|
| 102|0x0000000706600000, 0x000000070663bb50, 0x0000000706700000| 23%| O|  |TS  0|AC  0|TAMS 0x000000070663bb50, 0x000000070663bb50|
| 103|0x0000000706700000, 0x0000000706800000, 0x0000000706800000|100%| O|  |TS  0|AC  0|TAMS 0x0000000706800000, 0x0000000706800000|
| 104|0x0000000706800000, 0x0000000706900000, 0x0000000706900000|100%| O|  |TS  0|AC  0|TAMS 0x0000000706900000, 0x0000000706900000|
| 105|0x0000000706900000, 0x0000000706a00000, 0x0000000706a00000|100%| O|  |TS  0|AC  0|TAMS 0x0000000706a00000, 0x0000000706a00000|
| 106|0x0000000706a00000, 0x0000000706b00000, 0x0000000706b00000|100%| O|  |TS  0|AC  0|TAMS 0x0000000706b00000, 0x0000000706b00000|
| 107|0x0000000706b00000, 0x0000000706c00000, 0x0000000706c00000|100%| O|  |TS  0|AC  0|TAMS 0x0000000706c00000, 0x0000000706c00000|
| 108|0x0000000706c00000, 0x0000000706c45800, 0x0000000706d00000| 27%| O|  |TS  1|AC  0|TAMS 0x0000000706c44e00, 0x0000000706c44e00|
| 109|0x0000000706d00000, 0x0000000706d00000, 0x0000000706e00000|  0%| F|  |TS  0|AC  0|TAMS 0x0000000706d00000, 0x0000000706d00000|
| 110|0x0000000706e00000, 0x0000000706e00000, 0x0000000706f00000|  0%| F|  |TS  0|AC  0|TAMS 0x0000000706e00000, 0x0000000706e00000|
| 111|0x0000000706f00000, 0x0000000706f00000, 0x0000000707000000|  0%| F|  |TS  0|AC  0|TAMS 0x0000000706f00000, 0x0000000706f00000|
| 112|0x0000000707000000, 0x0000000707000000, 0x0000000707100000|  0%| F|  |TS  0|AC  0|TAMS 0x0000000707000000, 0x0000000707000000|
| 113|0x0000000707100000, 0x0000000707100000, 0x0000000707200000|  0%| F|  |TS  0|AC  0|TAMS 0x0000000707100000, 0x0000000707100000|
| 114|0x0000000707200000, 0x0000000707200000, 0x0000000707300000|  0%| F|  |TS  0|AC  0|TAMS 0x0000000707200000, 0x0000000707200000|
| 115|0x0000000707300000, 0x0000000707300000, 0x0000000707400000|  0%| F|  |TS  0|AC  0|TAMS 0x0000000707300000, 0x0000000707300000|
| 116|0x0000000707400000, 0x0000000707400000, 0x0000000707500000|  0%| F|  |TS  0|AC  0|TAMS 0x0000000707400000, 0x0000000707400000|
| 117|0x0000000707500000, 0x0000000707500000, 0x0000000707600000|  0%| F|  |TS  0|AC  0|TAMS 0x0000000707500000, 0x0000000707500000|
| 118|0x0000000707600000, 0x0000000707600000, 0x0000000707700000|  0%| F|  |TS  0|AC  0|TAMS 0x0000000707600000, 0x0000000707600000|
| 119|0x0000000707700000, 0x0000000707700000, 0x0000000707800000|  0%| F|  |TS  0|AC  0|TAMS 0x0000000707700000, 0x0000000707700000|
| 120|0x0000000707800000, 0x0000000707800000, 0x0000000707900000|  0%| F|  |TS  0|AC  0|TAMS 0x0000000707800000, 0x0000000707800000|
| 121|0x0000000707900000, 0x0000000707900000, 0x0000000707a00000|  0%| F|  |TS  0|AC  0|TAMS 0x0000000707900000, 0x0000000707900000|
| 122|0x0000000707a00000, 0x0000000707a00000, 0x0000000707b00000|  0%| F|  |TS  0|AC  0|TAMS 0x0000000707a00000, 0x0000000707a00000|
| 123|0x0000000707b00000, 0x0000000707b00000, 0x0000000707c00000|  0%| F|  |TS  0|AC  0|TAMS 0x0000000707b00000, 0x0000000707b00000|
| 124|0x0000000707c00000, 0x0000000707c00000, 0x0000000707d00000|  0%| F|  |TS  0|AC  0|TAMS 0x0000000707c00000, 0x0000000707c00000|
| 125|0x0000000707d00000, 0x0000000707d00000, 0x0000000707e00000|  0%| F|  |TS  0|AC  0|TAMS 0x0000000707d00000, 0x0000000707d00000|
| 126|0x0000000707e00000, 0x0000000707e00000, 0x0000000707f00000|  0%| F|  |TS  0|AC  0|TAMS 0x0000000707e00000, 0x0000000707e00000|
| 127|0x0000000707f00000, 0x0000000707f00000, 0x0000000708000000|  0%| F|  |TS  0|AC  0|TAMS 0x0000000707f00000, 0x0000000707f00000|
| 128|0x0000000708000000, 0x0000000708000000, 0x0000000708100000|  0%| F|  |TS  0|AC  0|TAMS 0x0000000708000000, 0x0000000708000000|
| 129|0x0000000708100000, 0x0000000708100000, 0x0000000708200000|  0%| F|  |TS  0|AC  0|TAMS 0x0000000708100000, 0x0000000708100000|
| 130|0x0000000708200000, 0x0000000708200000, 0x0000000708300000|  0%| F|  |TS  0|AC  0|TAMS 0x0000000708200000, 0x0000000708200000|
| 131|0x0000000708300000, 0x0000000708300000, 0x0000000708400000|  0%| F|  |TS  0|AC  0|TAMS 0x0000000708300000, 0x0000000708300000|
| 132|0x0000000708400000, 0x0000000708400000, 0x0000000708500000|  0%| F|  |TS  0|AC  0|TAMS 0x0000000708400000, 0x0000000708400000|
| 133|0x0000000708500000, 0x0000000708500000, 0x0000000708600000|  0%| F|  |TS  0|AC  0|TAMS 0x0000000708500000, 0x0000000708500000|
| 134|0x0000000708600000, 0x0000000708600000, 0x0000000708700000|  0%| F|  |TS  0|AC  0|TAMS 0x0000000708600000, 0x0000000708600000|
| 135|0x0000000708700000, 0x0000000708700000, 0x0000000708800000|  0%| F|  |TS  0|AC  0|TAMS 0x0000000708700000, 0x0000000708700000|
| 136|0x0000000708800000, 0x0000000708800000, 0x0000000708900000|  0%| F|  |TS  0|AC  0|TAMS 0x0000000708800000, 0x0000000708800000|
| 137|0x0000000708900000, 0x0000000708900000, 0x0000000708a00000|  0%| F|  |TS  0|AC  0|TAMS 0x0000000708900000, 0x0000000708900000|
| 138|0x0000000708a00000, 0x0000000708a00000, 0x0000000708b00000|  0%| F|  |TS  0|AC  0|TAMS 0x0000000708a00000, 0x0000000708a00000|
| 139|0x0000000708b00000, 0x0000000708b00000, 0x0000000708c00000|  0%| F|  |TS  0|AC  0|TAMS 0x0000000708b00000, 0x0000000708b00000|
| 140|0x0000000708c00000, 0x0000000708c00000, 0x0000000708d00000|  0%| F|  |TS  0|AC  0|TAMS 0x0000000708c00000, 0x0000000708c00000|
| 141|0x0000000708d00000, 0x0000000708d00000, 0x0000000708e00000|  0%| F|  |TS  0|AC  0|TAMS 0x0000000708d00000, 0x0000000708d00000|
| 142|0x0000000708e00000, 0x0000000708e00000, 0x0000000708f00000|  0%| F|  |TS  0|AC  0|TAMS 0x0000000708e00000, 0x0000000708e00000|
| 143|0x0000000708f00000, 0x0000000708f00000, 0x0000000709000000|  0%| F|  |TS  0|AC  0|TAMS 0x0000000708f00000, 0x0000000708f00000|
| 144|0x0000000709000000, 0x0000000709000000, 0x0000000709100000|  0%| F|  |TS  0|AC  0|TAMS 0x0000000709000000, 0x0000000709000000|
| 145|0x0000000709100000, 0x0000000709100000, 0x0000000709200000|  0%| F|  |TS  0|AC  0|TAMS 0x0000000709100000, 0x0000000709100000|
| 146|0x0000000709200000, 0x0000000709200000, 0x0000000709300000|  0%| F|  |TS  0|AC  0|TAMS 0x0000000709200000, 0x0000000709200000|
| 147|0x0000000709300000, 0x0000000709300000, 0x0000000709400000|  0%| F|  |TS  0|AC  0|TAMS 0x0000000709300000, 0x0000000709300000|
| 148|0x0000000709400000, 0x0000000709400000, 0x0000000709500000|  0%| F|  |TS  0|AC  0|TAMS 0x0000000709400000, 0x0000000709400000|
| 149|0x0000000709500000, 0x0000000709500000, 0x0000000709600000|  0%| F|  |TS  0|AC  0|TAMS 0x0000000709500000, 0x0000000709500000|
| 150|0x0000000709600000, 0x0000000709600000, 0x0000000709700000|  0%| F|  |TS  0|AC  0|TAMS 0x0000000709600000, 0x0000000709600000|
| 151|0x0000000709700000, 0x0000000709700000, 0x0000000709800000|  0%| F|  |TS  0|AC  0|TAMS 0x0000000709700000, 0x0000000709700000|
| 152|0x0000000709800000, 0x0000000709800000, 0x0000000709900000|  0%| F|  |TS  0|AC  0|TAMS 0x0000000709800000, 0x0000000709800000|
| 153|0x0000000709900000, 0x0000000709900000, 0x0000000709a00000|  0%| F|  |TS  0|AC  0|TAMS 0x0000000709900000, 0x0000000709900000|
| 154|0x0000000709a00000, 0x0000000709a00000, 0x0000000709b00000|  0%| F|  |TS  0|AC  0|TAMS 0x0000000709a00000, 0x0000000709a00000|
| 155|0x0000000709b00000, 0x0000000709b00000, 0x0000000709c00000|  0%| F|  |TS  0|AC  0|TAMS 0x0000000709b00000, 0x0000000709b00000|
| 156|0x0000000709c00000, 0x0000000709c00000, 0x0000000709d00000|  0%| F|  |TS  0|AC  0|TAMS 0x0000000709c00000, 0x0000000709c00000|
| 157|0x0000000709d00000, 0x0000000709d00000, 0x0000000709e00000|  0%| F|  |TS  0|AC  0|TAMS 0x0000000709d00000, 0x0000000709d00000|
| 158|0x0000000709e00000, 0x0000000709e00000, 0x0000000709f00000|  0%| F|  |TS  0|AC  0|TAMS 0x0000000709e00000, 0x0000000709e00000|
| 159|0x0000000709f00000, 0x0000000709f00000, 0x000000070a000000|  0%| F|  |TS  0|AC  0|TAMS 0x0000000709f00000, 0x0000000709f00000|
| 160|0x000000070a000000, 0x000000070a000000, 0x000000070a100000|  0%| F|  |TS  0|AC  0|TAMS 0x000000070a000000, 0x000000070a000000|
| 161|0x000000070a100000, 0x000000070a100000, 0x000000070a200000|  0%| F|  |TS  0|AC  0|TAMS 0x000000070a100000, 0x000000070a100000|
| 162|0x000000070a200000, 0x000000070a200000, 0x000000070a300000|  0%| F|  |TS  0|AC  0|TAMS 0x000000070a200000, 0x000000070a200000|
| 163|0x000000070a300000, 0x000000070a300000, 0x000000070a400000|  0%| F|  |TS  0|AC  0|TAMS 0x000000070a300000, 0x000000070a300000|
| 164|0x000000070a400000, 0x000000070a400000, 0x000000070a500000|  0%| F|  |TS  0|AC  0|TAMS 0x000000070a400000, 0x000000070a400000|
| 165|0x000000070a500000, 0x000000070a500000, 0x000000070a600000|  0%| F|  |TS  0|AC  0|TAMS 0x000000070a500000, 0x000000070a500000|
| 166|0x000000070a600000, 0x000000070a600000, 0x000000070a700000|  0%| F|  |TS  0|AC  0|TAMS 0x000000070a600000, 0x000000070a600000|
| 167|0x000000070a700000, 0x000000070a700000, 0x000000070a800000|  0%| F|  |TS  0|AC  0|TAMS 0x000000070a700000, 0x000000070a700000|
| 168|0x000000070a800000, 0x000000070a800000, 0x000000070a900000|  0%| F|  |TS  0|AC  0|TAMS 0x000000070a800000, 0x000000070a800000|
| 169|0x000000070a900000, 0x000000070a900000, 0x000000070aa00000|  0%| F|  |TS  0|AC  0|TAMS 0x000000070a900000, 0x000000070a900000|
| 170|0x000000070aa00000, 0x000000070aa00000, 0x000000070ab00000|  0%| F|  |TS  0|AC  0|TAMS 0x000000070aa00000, 0x000000070aa00000|
| 171|0x000000070ab00000, 0x000000070ab00000, 0x000000070ac00000|  0%| F|  |TS  0|AC  0|TAMS 0x000000070ab00000, 0x000000070ab00000|
| 172|0x000000070ac00000, 0x000000070ac00000, 0x000000070ad00000|  0%| F|  |TS  0|AC  0|TAMS 0x000000070ac00000, 0x000000070ac00000|
| 173|0x000000070ad00000, 0x000000070adaac20, 0x000000070ae00000| 66%| S|CS|TS  1|AC  0|TAMS 0x000000070ad00000, 0x000000070ad00000|
| 174|0x000000070ae00000, 0x000000070ae00000, 0x000000070af00000|  0%| F|  |TS  1|AC  0|TAMS 0x000000070ae00000, 0x000000070ae00000|
| 175|0x000000070af00000, 0x000000070af00000, 0x000000070b000000|  0%| F|  |TS  1|AC  0|TAMS 0x000000070af00000, 0x000000070af00000|
| 176|0x000000070b000000, 0x000000070b000000, 0x000000070b100000|  0%| F|  |TS  1|AC  0|TAMS 0x000000070b000000, 0x000000070b000000|
| 177|0x000000070b100000, 0x000000070b100000, 0x000000070b200000|  0%| F|  |TS  1|AC  0|TAMS 0x000000070b100000, 0x000000070b100000|
| 178|0x000000070b200000, 0x000000070b200000, 0x000000070b300000|  0%| F|  |TS  1|AC  0|TAMS 0x000000070b200000, 0x000000070b200000|
| 179|0x000000070b300000, 0x000000070b300000, 0x000000070b400000|  0%| F|  |TS  1|AC  0|TAMS 0x000000070b300000, 0x000000070b300000|
| 180|0x000000070b400000, 0x000000070b400000, 0x000000070b500000|  0%| F|  |TS  1|AC  0|TAMS 0x000000070b400000, 0x000000070b400000|
| 181|0x000000070b500000, 0x000000070b500000, 0x000000070b600000|  0%| F|  |TS  1|AC  0|TAMS 0x000000070b500000, 0x000000070b500000|
| 182|0x000000070b600000, 0x000000070b600000, 0x000000070b700000|  0%| F|  |TS  1|AC  0|TAMS 0x000000070b600000, 0x000000070b600000|
| 183|0x000000070b700000, 0x000000070b700000, 0x000000070b800000|  0%| F|  |TS  1|AC  0|TAMS 0x000000070b700000, 0x000000070b700000|
| 184|0x000000070b800000, 0x000000070b800000, 0x000000070b900000|  0%| F|  |TS  1|AC  0|TAMS 0x000000070b800000, 0x000000070b800000|
| 185|0x000000070b900000, 0x000000070b900000, 0x000000070ba00000|  0%| F|  |TS  1|AC  0|TAMS 0x000000070b900000, 0x000000070b900000|
| 186|0x000000070ba00000, 0x000000070ba00000, 0x000000070bb00000|  0%| F|  |TS  1|AC  0|TAMS 0x000000070ba00000, 0x000000070ba00000|
| 187|0x000000070bb00000, 0x000000070bb00000, 0x000000070bc00000|  0%| F|  |TS  1|AC  0|TAMS 0x000000070bb00000, 0x000000070bb00000|
| 188|0x000000070bc00000, 0x000000070bc00000, 0x000000070bd00000|  0%| F|  |TS  1|AC  0|TAMS 0x000000070bc00000, 0x000000070bc00000|
| 189|0x000000070bd00000, 0x000000070bd00000, 0x000000070be00000|  0%| F|  |TS  1|AC  0|TAMS 0x000000070bd00000, 0x000000070bd00000|
| 190|0x000000070be00000, 0x000000070be00000, 0x000000070bf00000|  0%| F|  |TS  1|AC  0|TAMS 0x000000070be00000, 0x000000070be00000|
| 191|0x000000070bf00000, 0x000000070bf00000, 0x000000070c000000|  0%| F|  |TS  1|AC  0|TAMS 0x000000070bf00000, 0x000000070bf00000|
| 192|0x000000070c000000, 0x000000070c000000, 0x000000070c100000|  0%| F|  |TS  1|AC  0|TAMS 0x000000070c000000, 0x000000070c000000|
| 193|0x000000070c100000, 0x000000070c100000, 0x000000070c200000|  0%| F|  |TS  1|AC  0|TAMS 0x000000070c100000, 0x000000070c100000|
| 194|0x000000070c200000, 0x000000070c200000, 0x000000070c300000|  0%| F|  |TS  1|AC  0|TAMS 0x000000070c200000, 0x000000070c200000|
| 195|0x000000070c300000, 0x000000070c300000, 0x000000070c400000|  0%| F|  |TS  1|AC  0|TAMS 0x000000070c300000, 0x000000070c300000|
| 196|0x000000070c400000, 0x000000070c400000, 0x000000070c500000|  0%| F|  |TS  1|AC  0|TAMS 0x000000070c400000, 0x000000070c400000|
| 197|0x000000070c500000, 0x000000070c500000, 0x000000070c600000|  0%| F|  |TS  1|AC  0|TAMS 0x000000070c500000, 0x000000070c500000|
| 198|0x000000070c600000, 0x000000070c600000, 0x000000070c700000|  0%| F|  |TS  1|AC  0|TAMS 0x000000070c600000, 0x000000070c600000|
| 199|0x000000070c700000, 0x000000070c700000, 0x000000070c800000|  0%| F|  |TS  1|AC  0|TAMS 0x000000070c700000, 0x000000070c700000|
| 200|0x000000070c800000, 0x000000070c800000, 0x000000070c900000|  0%| F|  |TS  1|AC  0|TAMS 0x000000070c800000, 0x000000070c800000|
| 201|0x000000070c900000, 0x000000070c900000, 0x000000070ca00000|  0%| F|  |TS  1|AC  0|TAMS 0x000000070c900000, 0x000000070c900000|
| 202|0x000000070ca00000, 0x000000070ca81cb8, 0x000000070cb00000| 50%| E|  |TS  1|AC  0|TAMS 0x000000070ca00000, 0x000000070ca00000|
| 203|0x000000070cb00000, 0x000000070cc00000, 0x000000070cc00000|100%| E|CS|TS  1|AC  0|TAMS 0x000000070cb00000, 0x000000070cb00000|
| 204|0x000000070cc00000, 0x000000070cd00000, 0x000000070cd00000|100%| E|CS|TS  1|AC  0|TAMS 0x000000070cc00000, 0x000000070cc00000|
| 205|0x000000070cd00000, 0x000000070ce00000, 0x000000070ce00000|100%| E|CS|TS  1|AC  0|TAMS 0x000000070cd00000, 0x000000070cd00000|
| 206|0x000000070ce00000, 0x000000070cf00000, 0x000000070cf00000|100%| E|CS|TS  1|AC  0|TAMS 0x000000070ce00000, 0x000000070ce00000|
| 207|0x000000070cf00000, 0x000000070d000000, 0x000000070d000000|100%| E|CS|TS  1|AC  0|TAMS 0x000000070cf00000, 0x000000070cf00000|
| 208|0x000000070d000000, 0x000000070d100000, 0x000000070d100000|100%| E|CS|TS  1|AC  0|TAMS 0x000000070d000000, 0x000000070d000000|
| 209|0x000000070d100000, 0x000000070d200000, 0x000000070d200000|100%| E|CS|TS  1|AC  0|TAMS 0x000000070d100000, 0x000000070d100000|
| 210|0x000000070d200000, 0x000000070d300000, 0x000000070d300000|100%| E|CS|TS  1|AC  0|TAMS 0x000000070d200000, 0x000000070d200000|
| 211|0x000000070d300000, 0x000000070d400000, 0x000000070d400000|100%| E|CS|TS  1|AC  0|TAMS 0x000000070d300000, 0x000000070d300000|
| 212|0x000000070d400000, 0x000000070d500000, 0x000000070d500000|100%| E|CS|TS  1|AC  0|TAMS 0x000000070d400000, 0x000000070d400000|
| 213|0x000000070d500000, 0x000000070d600000, 0x000000070d600000|100%| E|CS|TS  1|AC  0|TAMS 0x000000070d500000, 0x000000070d500000|
| 214|0x000000070d600000, 0x000000070d700000, 0x000000070d700000|100%| E|CS|TS  1|AC  0|TAMS 0x000000070d600000, 0x000000070d600000|
| 215|0x000000070d700000, 0x000000070d800000, 0x000000070d800000|100%| E|CS|TS  1|AC  0|TAMS 0x000000070d700000, 0x000000070d700000|
| 216|0x000000070d800000, 0x000000070d900000, 0x000000070d900000|100%| E|CS|TS  1|AC  0|TAMS 0x000000070d800000, 0x000000070d800000|
| 217|0x000000070d900000, 0x000000070da00000, 0x000000070da00000|100%| E|CS|TS  1|AC  0|TAMS 0x000000070d900000, 0x000000070d900000|
| 218|0x000000070da00000, 0x000000070db00000, 0x000000070db00000|100%| E|CS|TS  1|AC  0|TAMS 0x000000070da00000, 0x000000070da00000|
| 219|0x000000070db00000, 0x000000070dc00000, 0x000000070dc00000|100%| E|CS|TS  1|AC  0|TAMS 0x000000070db00000, 0x000000070db00000|
| 220|0x000000070dc00000, 0x000000070dd00000, 0x000000070dd00000|100%| E|CS|TS  1|AC  0|TAMS 0x000000070dc00000, 0x000000070dc00000|
| 221|0x000000070dd00000, 0x000000070de00000, 0x000000070de00000|100%| E|CS|TS  1|AC  0|TAMS 0x000000070dd00000, 0x000000070dd00000|
| 222|0x000000070de00000, 0x000000070df00000, 0x000000070df00000|100%| E|CS|TS  1|AC  0|TAMS 0x000000070de00000, 0x000000070de00000|
| 223|0x000000070df00000, 0x000000070e000000, 0x000000070e000000|100%| E|CS|TS  1|AC  0|TAMS 0x000000070df00000, 0x000000070df00000|
| 224|0x000000070e000000, 0x000000070e100000, 0x000000070e100000|100%| E|CS|TS  1|AC  0|TAMS 0x000000070e000000, 0x000000070e000000|
| 225|0x000000070e100000, 0x000000070e200000, 0x000000070e200000|100%| E|CS|TS  1|AC  0|TAMS 0x000000070e100000, 0x000000070e100000|
| 226|0x000000070e200000, 0x000000070e300000, 0x000000070e300000|100%| E|CS|TS  1|AC  0|TAMS 0x000000070e200000, 0x000000070e200000|
| 227|0x000000070e300000, 0x000000070e400000, 0x000000070e400000|100%| E|CS|TS  1|AC  0|TAMS 0x000000070e300000, 0x000000070e300000|
| 228|0x000000070e400000, 0x000000070e500000, 0x000000070e500000|100%| E|CS|TS  1|AC  0|TAMS 0x000000070e400000, 0x000000070e400000|
| 229|0x000000070e500000, 0x000000070e600000, 0x000000070e600000|100%| E|CS|TS  1|AC  0|TAMS 0x000000070e500000, 0x000000070e500000|
| 230|0x000000070e600000, 0x000000070e700000, 0x000000070e700000|100%| E|CS|TS  1|AC  0|TAMS 0x000000070e600000, 0x000000070e600000|
| 231|0x000000070e700000, 0x000000070e800000, 0x000000070e800000|100%| E|CS|TS  1|AC  0|TAMS 0x000000070e700000, 0x000000070e700000|
| 232|0x000000070e800000, 0x000000070e900000, 0x000000070e900000|100%| E|CS|TS  1|AC  0|TAMS 0x000000070e800000, 0x000000070e800000|
| 233|0x000000070e900000, 0x000000070ea00000, 0x000000070ea00000|100%| E|CS|TS  1|AC  0|TAMS 0x000000070e900000, 0x000000070e900000|

Card table byte_map: [0x0000019544320000,0x0000019544920000] byte_map_base: 0x0000019540b20000

Marking Bits (Prev, Next): (CMBitMap*) 0x0000019542159178, (CMBitMap*) 0x0000019542159140
 Prev Bits: [0x0000019560aa0000, 0x0000019563aa0000)
 Next Bits: [0x000001955daa0000, 0x0000019560aa0000)

Polling page: 0x00000195391d0000

CodeHeap 'non-profiled nmethods': size=120000Kb used=26486Kb max_used=26486Kb free=93513Kb
 bounds [0x0000019556570000, 0x0000019557f60000, 0x000001955daa0000]
CodeHeap 'profiled nmethods': size=120000Kb used=40256Kb max_used=46927Kb free=79743Kb
 bounds [0x000001954f040000, 0x0000019551ea0000, 0x0000019556570000]
CodeHeap 'non-nmethods': size=5760Kb used=1899Kb max_used=1962Kb free=3860Kb
 bounds [0x000001954eaa0000, 0x000001954ed10000, 0x000001954f040000]
 total_blobs=38080 nmethods=18499 adapters=1290
 compilation: enabled

Compilation events (10 events):
Event: 4912.841 Thread 0x0000019541e3a000 nmethod 25717 0x0000019557f35c90 code [0x0000019557f35e40, 0x0000019557f35f58]
Event: 4913.048 Thread 0x0000019541e39800 nmethod 25709 0x0000019557f36010 code [0x0000019557f36b40, 0x0000019557f3f0d0]
Event: 4913.089 Thread 0x0000019541e38000 25718       4       java.util.regex.Pattern$CharPropertyGreedy::match (122 bytes)
Event: 4913.103 Thread 0x0000019541e38000 nmethod 25718 0x0000019557f44d90 code [0x0000019557f44f80, 0x0000019557f457a8]
Event: 4913.158 Thread 0x0000019541e3a000 25719       3       java.awt.image.IndexColorModel::isCompatibleRaster (44 bytes)
Event: 4913.159 Thread 0x0000019541e3a000 nmethod 25719 0x000001954f5a4990 code [0x000001954f5a4b80, 0x000001954f5a5180]
Event: 4913.882 Thread 0x0000019541e38800 25720       4       ui.utils.p.Y::ak (146 bytes)
Event: 4914.447 Thread 0x0000019541e38800 nmethod 25720 0x0000019557f45f90 code [0x0000019557f46540, 0x0000019557f4dd70]
Event: 4916.138 Thread 0x0000019541e39800 25721       4       de.javasoft.plaf.synthetica.painter.ButtonPainter::createSuffix (49 bytes)
Event: 4916.139 Thread 0x0000019541e39800 nmethod 25721 0x00000195571c7910 code [0x00000195571c7aa0, 0x00000195571c7b18]

GC Heap History (10 events):
Event: 4912.250 GC heap before
{Heap before GC invocations=963 (full 8):
 garbage-first heap   total 239616K, used 170338K [0x0000000700000000, 0x0000000700100750, 0x00000007c0000000)
  region size 1024K, 60 young (61440K), 1 survivors (1024K)
 Metaspace       used 93191K, capacity 96325K, committed 103256K, reserved 1138688K
  class space    used 12959K, capacity 13579K, committed 14976K, reserved 1048576K
}
Event: 4912.253 GC heap after
{Heap after GC invocations=964 (full 8):
 garbage-first heap   total 239616K, used 110137K [0x0000000700000000, 0x0000000700100750, 0x00000007c0000000)
  region size 1024K, 1 young (1024K), 1 survivors (1024K)
 Metaspace       used 93191K, capacity 96325K, committed 103256K, reserved 1138688K
  class space    used 12959K, capacity 13579K, committed 14976K, reserved 1048576K
}
Event: 4913.078 GC heap before
{Heap before GC invocations=964 (full 8):
 garbage-first heap   total 239616K, used 170553K [0x0000000700000000, 0x0000000700100750, 0x00000007c0000000)
  region size 1024K, 60 young (61440K), 1 survivors (1024K)
 Metaspace       used 93200K, capacity 96389K, committed 103256K, reserved 1138688K
  class space    used 12959K, capacity 13579K, committed 14976K, reserved 1048576K
}
Event: 4913.080 GC heap after
{Heap after GC invocations=965 (full 8):
 garbage-first heap   total 239616K, used 110060K [0x0000000700000000, 0x0000000700100750, 0x00000007c0000000)
  region size 1024K, 1 young (1024K), 1 survivors (1024K)
 Metaspace       used 93200K, capacity 96389K, committed 103256K, reserved 1138688K
  class space    used 12959K, capacity 13579K, committed 14976K, reserved 1048576K
}
Event: 4914.000 GC heap before
{Heap before GC invocations=966 (full 8):
 garbage-first heap   total 239616K, used 170476K [0x0000000700000000, 0x0000000700100750, 0x00000007c0000000)
  region size 1024K, 60 young (61440K), 1 survivors (1024K)
 Metaspace       used 93200K, capacity 96389K, committed 103256K, reserved 1138688K
  class space    used 12959K, capacity 13579K, committed 14976K, reserved 1048576K
}
Event: 4914.003 GC heap after
{Heap after GC invocations=967 (full 8):
 garbage-first heap   total 239616K, used 110064K [0x0000000700000000, 0x0000000700100750, 0x00000007c0000000)
  region size 1024K, 1 young (1024K), 1 survivors (1024K)
 Metaspace       used 93200K, capacity 96389K, committed 103256K, reserved 1138688K
  class space    used 12959K, capacity 13579K, committed 14976K, reserved 1048576K
}
Event: 4914.889 GC heap before
{Heap before GC invocations=967 (full 8):
 garbage-first heap   total 239616K, used 170480K [0x0000000700000000, 0x0000000700100750, 0x00000007c0000000)
  region size 1024K, 60 young (61440K), 1 survivors (1024K)
 Metaspace       used 93200K, capacity 96389K, committed 103256K, reserved 1138688K
  class space    used 12959K, capacity 13579K, committed 14976K, reserved 1048576K
}
Event: 4914.895 GC heap after
{Heap after GC invocations=968 (full 8):
 garbage-first heap   total 239616K, used 110109K [0x0000000700000000, 0x0000000700100750, 0x00000007c0000000)
  region size 1024K, 1 young (1024K), 1 survivors (1024K)
 Metaspace       used 93200K, capacity 96389K, committed 103256K, reserved 1138688K
  class space    used 12959K, capacity 13579K, committed 14976K, reserved 1048576K
}
Event: 4915.737 GC heap before
{Heap before GC invocations=969 (full 8):
 garbage-first heap   total 239616K, used 170525K [0x0000000700000000, 0x0000000700100750, 0x00000007c0000000)
  region size 1024K, 60 young (61440K), 1 survivors (1024K)
 Metaspace       used 93200K, capacity 96389K, committed 103256K, reserved 1138688K
  class space    used 12959K, capacity 13579K, committed 14976K, reserved 1048576K
}
Event: 4915.740 GC heap after
{Heap after GC invocations=970 (full 8):
 garbage-first heap   total 239616K, used 110051K [0x0000000700000000, 0x0000000700100750, 0x00000007c0000000)
  region size 1024K, 1 young (1024K), 1 survivors (1024K)
 Metaspace       used 93200K, capacity 96389K, committed 103256K, reserved 1138688K
  class space    used 12959K, capacity 13579K, committed 14976K, reserved 1048576K
}

Deoptimization events (10 events):
Event: 4912.174 Thread 0x00000195659bb000 Uncommon trap: reason=bimorphic_or_optimized_type_check action=maybe_recompile pc=0x00000195572efa20 method=javax.swing.text.html.parser.DocumentParser.handleText([C)V @ 61 c2
Event: 4912.174 Thread 0x00000195659bb000 Uncommon trap: reason=bimorphic_or_optimized_type_check action=maybe_recompile pc=0x00000195572efa20 method=javax.swing.text.html.parser.DocumentParser.handleText([C)V @ 61 c2
Event: 4912.174 Thread 0x00000195659bb000 Uncommon trap: reason=bimorphic_or_optimized_type_check action=maybe_recompile pc=0x0000019557317510 method=javax.swing.text.html.parser.DocumentParser.handleEndTag(Ljavax/swing/text/html/parser/TagElement;)V @ 139 c2
Event: 4912.174 Thread 0x00000195659bb000 Uncommon trap: reason=bimorphic_or_optimized_type_check action=maybe_recompile pc=0x0000019557317510 method=javax.swing.text.html.parser.DocumentParser.handleEndTag(Ljavax/swing/text/html/parser/TagElement;)V @ 139 c2
Event: 4912.174 Thread 0x00000195659bb000 Uncommon trap: reason=bimorphic_or_optimized_type_check action=maybe_recompile pc=0x000001955738065c method=javax.swing.text.html.parser.DocumentParser.parse(Ljava/io/Reader;Ljavax/swing/text/html/HTMLEditorKit$ParserCallback;Z)V @ 20 c2
Event: 4912.189 Thread 0x00000195659bb000 Uncommon trap: reason=unstable_if action=reinterpret pc=0x0000019557e39680 method=java.awt.GridBagLayout.GetLayoutInfo(Ljava/awt/Container;I)Ljava/awt/GridBagLayoutInfo; @ 249 c2
Event: 4912.293 Thread 0x00000195659bb000 Uncommon trap: reason=unstable_if action=reinterpret pc=0x00000195575e6800 method=javax.swing.text.Utilities.getTabbedTextOffset(Ljavax/swing/text/View;Ljavax/swing/text/Segment;Ljava/awt/FontMetrics;FFLjavax/swing/text/TabExpander;IZ[IZ)I @ 436 c2
Event: 4912.427 Thread 0x00000195659bb000 Uncommon trap: reason=class_check action=maybe_recompile pc=0x0000019557b1d2e4 method=java.awt.Component.dispatchEventImpl(Ljava/awt/AWTEvent;)V @ 361 c2
Event: 4916.145 Thread 0x00000195659bb000 Uncommon trap: reason=bimorphic_or_optimized_type_check action=maybe_recompile pc=0x00000195575d14e0 method=java.awt.Component.removeNotify()V @ 301 c2
Event: 4916.146 Thread 0x00000195659bb000 Uncommon trap: reason=bimorphic_or_optimized_type_check action=maybe_recompile pc=0x00000195575d14e0 method=java.awt.Component.removeNotify()V @ 301 c2

Classes redefined (0 events):
No events

Internal exceptions (10 events):
Event: 4047.512 Thread 0x00000195659bb000 Implicit null exception at 0x00000195571051ba to 0x000001955710bcf5
Event: 4888.230 Thread 0x00000195659bb000 Implicit null exception at 0x000001955796002c to 0x00000195579600d9
Event: 4888.230 Thread 0x00000195659bb000 Exception <a 'java/lang/NoSuchMethodError'{0x000000070baff0c8}: java.lang.invoke.DelegatingMethodHandle$Holder.reinvoke_L(Ljava/lang/Object;IILjava/lang/Object;Ljava/lang/Object;Ljava/lang/Object;Ljava/lang/Object;)Ljava/lang/Object;> (0x000000070baff0c8)
Event: 4888.238 Thread 0x00000195084c2000 Exception <a 'java/lang/InterruptedException'{0x000000070b980c30}: sleep interrupted> (0x000000070b980c30) thrown at [t:/workspace/hotspot/src/share/vm/prims/jvm.cpp, line 2984]
Event: 4897.090 Thread 0x00000195084c9800 Exception <a 'java/lang/InterruptedException'{0x000000070c488260}: sleep interrupted> (0x000000070c488260) thrown at [t:/workspace/hotspot/src/share/vm/prims/jvm.cpp, line 3023]
Event: 4898.146 Thread 0x00000195084c6800 Exception <a 'java/lang/InterruptedException'{0x000000070e500040}: sleep interrupted> (0x000000070e500040) thrown at [t:/workspace/hotspot/src/share/vm/prims/jvm.cpp, line 3023]
Event: 4900.161 Thread 0x00000195659bb000 Implicit null exception at 0x0000019557559d9c to 0x000001955755b489
Event: 4900.164 Thread 0x00000195659bb000 Exception <a 'java/lang/NoSuchMethodError'{0x000000070b3b5d78}: java.lang.invoke.DelegatingMethodHandle$Holder.reinvoke_L(Ljava/lang/Object;IIILjava/lang/Object;Ljava/lang/Object;I)Ljava/lang/Object;> (0x000000070b3b5d78) thrown at [t:/workspace/hotspot/s
Event: 4912.166 Thread 0x00000195659bb000 Implicit null exception at 0x0000019557e64fa7 to 0x0000019557e654c1
Event: 4912.167 Thread 0x00000195659bb000 Implicit null exception at 0x000001955713060d to 0x0000019557130676

Events (10 events):
Event: 4915.750 Executing VM operation: RevokeBias done
Event: 4915.750 Thread 0x00000195084c4800 Thread exited: 0x00000195084c4800
Event: 4915.846 Thread 0x00000195084c8000 Thread added: 0x00000195084c8000
Event: 4915.849 Thread 0x00000195084c8000 Thread exited: 0x00000195084c8000
Event: 4916.145 Thread 0x00000195659bb000 Uncommon trap: trap_request=0xffffffc6 fr.pc=0x00000195575d14e0 relative=0x00000000000022a0
Event: 4916.145 Thread 0x00000195659bb000 DEOPT PACKING pc=0x00000195575d14e0 sp=0x0000003949bfaaa0
Event: 4916.145 Thread 0x00000195659bb000 DEOPT UNPACKING pc=0x000001954eaedf29 sp=0x0000003949bfaa38 mode 2
Event: 4916.146 Thread 0x00000195659bb000 Uncommon trap: trap_request=0xffffffc6 fr.pc=0x00000195575d14e0 relative=0x00000000000022a0
Event: 4916.146 Thread 0x00000195659bb000 DEOPT PACKING pc=0x00000195575d14e0 sp=0x0000003949bfacf0
Event: 4916.146 Thread 0x00000195659bb000 DEOPT UNPACKING pc=0x000001954eaedf29 sp=0x0000003949bfac88 mode 2


Dynamic libraries:
0x00007ff6f0e00000 - 0x00007ff6f0e30000 	C:\Xilinx\Vivado\2019.2\bin\unwrapped\win64.o\vivado.exe
0x00007ffff6100000 - 0x00007ffff62f0000 	C:\WINDOWS\SYSTEM32\ntdll.dll
0x00007ffff5c50000 - 0x00007ffff5d02000 	C:\WINDOWS\System32\KERNEL32.DLL
0x00007ffff3430000 - 0x00007ffff36d4000 	C:\WINDOWS\System32\KERNELBASE.dll
0x00007ffff3160000 - 0x00007ffff325a000 	C:\WINDOWS\System32\ucrtbase.dll
0x00007fffd1510000 - 0x00007fffd15ab000 	C:\WINDOWS\SYSTEM32\MSVCP140.dll
0x00007fffed550000 - 0x00007fffed564000 	C:\Xilinx\Vivado\2019.2\lib\win64.o\libboost_signals.dll
0x00007fffeed00000 - 0x00007fffeed15000 	C:\WINDOWS\SYSTEM32\VCRUNTIME140.dll
0x00007fffea900000 - 0x00007fffea916000 	C:\Xilinx\Vivado\2019.2\lib\win64.o\librdi_commonmain.dll
0x00007fffe44a0000 - 0x00007fffe44c6000 	C:\Xilinx\Vivado\2019.2\lib\win64.o\libboost_filesystem.dll
0x00007fffef1e0000 - 0x00007fffef1ea000 	C:\Xilinx\Vivado\2019.2\lib\win64.o\librdi_commonversion.dll
0x00007ffff5250000 - 0x00007ffff52f3000 	C:\WINDOWS\System32\ADVAPI32.dll
0x00007ffff4280000 - 0x00007ffff431e000 	C:\WINDOWS\System32\msvcrt.dll
0x00007ffff4320000 - 0x00007ffff43b7000 	C:\WINDOWS\System32\sechost.dll
0x00007fffb82f0000 - 0x00007fffb9233000 	C:\Xilinx\Vivado\2019.2\lib\win64.o\librdi_common.dll
0x00007ffff4d90000 - 0x00007ffff4eb0000 	C:\WINDOWS\System32\RPCRT4.dll
0x00007fffd0560000 - 0x00007fffd0701000 	C:\Xilinx\Vivado\2019.2\lib\win64.o\librdi_commonxillic.dll
0x00007ffff5060000 - 0x00007ffff51f4000 	C:\WINDOWS\System32\USER32.dll
0x00007ffff4180000 - 0x00007ffff41a1000 	C:\WINDOWS\System32\win32u.dll
0x00007ffff5ae0000 - 0x00007ffff5b4f000 	C:\WINDOWS\System32\WS2_32.dll
0x00007ffff37d0000 - 0x00007ffff37f6000 	C:\WINDOWS\System32\bcrypt.dll
0x00007ffff4b10000 - 0x00007ffff4b36000 	C:\WINDOWS\System32\GDI32.dll
0x00007ffff3860000 - 0x00007ffff39f4000 	C:\WINDOWS\System32\gdi32full.dll
0x000000005a920000 - 0x000000005aa4b000 	C:\Xilinx\Vivado\2019.2\lib\win64.o\tcl85t.dll
0x00007ffff3730000 - 0x00007ffff37ce000 	C:\WINDOWS\System32\msvcp_win.dll
0x00007ffff4420000 - 0x00007ffff4b04000 	C:\WINDOWS\System32\SHELL32.dll
0x00007fffea8f0000 - 0x00007fffea8fb000 	C:\Xilinx\Vivado\2019.2\lib\win64.o\libboost_system.dll
0x00007ffff36e0000 - 0x00007ffff372a000 	C:\WINDOWS\System32\cfgmgr32.dll
0x00007fffb7f80000 - 0x00007fffb82ee000 	C:\Xilinx\Vivado\2019.2\lib\win64.o\libCOIN-all.dll
0x00007ffff5a30000 - 0x00007ffff5ad9000 	C:\WINDOWS\System32\shcore.dll
0x00007ffff5d10000 - 0x00007ffff6046000 	C:\WINDOWS\System32\combase.dll
0x00007fffe9a30000 - 0x00007fffe9a44000 	C:\Xilinx\Vivado\2019.2\lib\win64.o\libboost_date_time.dll
0x00007ffff3260000 - 0x00007ffff32e0000 	C:\WINDOWS\System32\bcryptPrimitives.dll
0x00007fffd2610000 - 0x00007fffd268f000 	C:\Xilinx\Vivado\2019.2\lib\win64.o\libboost_program_options.dll
0x00007ffff3a00000 - 0x00007ffff417e000 	C:\WINDOWS\System32\windows.storage.dll
0x00007fffcec40000 - 0x00007fffced54000 	C:\Xilinx\Vivado\2019.2\lib\win64.o\libboost_regex.dll
0x00007ffff3060000 - 0x00007ffff3083000 	C:\WINDOWS\System32\profapi.dll
0x00007ffff3010000 - 0x00007ffff305a000 	C:\WINDOWS\System32\powrprof.dll
0x00007ffff2fc0000 - 0x00007ffff2fd0000 	C:\WINDOWS\System32\UMPDC.dll
0x00007fffd2940000 - 0x00007fffd2961000 	C:\Xilinx\Vivado\2019.2\lib\win64.o\libboost_thread.dll
0x00007fffe77d0000 - 0x00007fffe77df000 	C:\Xilinx\Vivado\2019.2\lib\win64.o\libboost_xilinx.dll
0x00007ffff43c0000 - 0x00007ffff4412000 	C:\WINDOWS\System32\shlwapi.dll
0x00007ffff2fd0000 - 0x00007ffff2fe1000 	C:\WINDOWS\System32\kernel.appcore.dll
0x00007fffd0330000 - 0x00007fffd03b2000 	C:\Xilinx\Vivado\2019.2\lib\win64.o\libhdlpsolve.dll
0x00007ffff3140000 - 0x00007ffff3157000 	C:\WINDOWS\System32\cryptsp.dll
0x00007fffceb90000 - 0x00007fffcec35000 	C:\Xilinx\Vivado\2019.2\lib\win64.o\libhdxml.dll
0x00007fff9ac80000 - 0x00007fff9b87c200 	C:\Xilinx\Vivado\2019.2\lib\win64.o\libisl_iostreams.dll
0x00007fffd26e0000 - 0x00007fffd270e000 	C:\Xilinx\Vivado\2019.2\lib\win64.o\libisl_sysinfo.dll
0x00007fffceb20000 - 0x00007fffceb85000 	C:\Xilinx\Vivado\2019.2\lib\win64.o\liblmx6.0.dll
0x00007fffe7780000 - 0x00007fffe779a000 	C:\Xilinx\Vivado\2019.2\lib\win64.o\pthreadVC2.dll
0x00007fffd0530000 - 0x00007fffd0551000 	C:\Xilinx\Vivado\2019.2\lib\win64.o\librdizlib.dll
0x00007fffe5f90000 - 0x00007fffe5fac000 	C:\Xilinx\Vivado\2019.2\lib\win64.o\librdiconfig.dll
0x0000000012000000 - 0x0000000012270000 	C:\Xilinx\Vivado\2019.2\lib\win64.o\xerces-c_3_1.dll
0x00007fffb7ca0000 - 0x00007fffb7f7b000 	C:\Xilinx\Vivado\2019.2\lib\win64.o\libXil_lmgr11.dll
0x00007ffff4ca0000 - 0x00007ffff4d70000 	C:\WINDOWS\System32\COMDLG32.dll
0x00007ffff41b0000 - 0x00007ffff4274000 	C:\WINDOWS\System32\OLEAUT32.dll
0x00007fffe45b0000 - 0x00007fffe45c7000 	C:\WINDOWS\SYSTEM32\NETAPI32.dll
0x00007ffff4b40000 - 0x00007ffff4c97000 	C:\WINDOWS\System32\ole32.dll
0x00007fffeac50000 - 0x00007fffead40000 	C:\WINDOWS\SYSTEM32\WINHTTP.dll
0x00007fffe2490000 - 0x00007fffe2965000 	C:\WINDOWS\SYSTEM32\WININET.dll
0x00007ffff3800000 - 0x00007ffff385c000 	C:\WINDOWS\System32\WINTRUST.dll
0x00007fffe6ed0000 - 0x00007fffe70a6000 	C:\WINDOWS\SYSTEM32\urlmon.dll
0x00007ffff2ff0000 - 0x00007ffff3002000 	C:\WINDOWS\System32\MSASN1.dll
0x00007ffff32e0000 - 0x00007ffff3429000 	C:\WINDOWS\System32\CRYPT32.dll
0x00007fffe7750000 - 0x00007fffe775d000 	C:\Xilinx\Vivado\2019.2\lib\win64.o\libboost_chrono.dll
0x00007fffe5ff0000 - 0x00007fffe5ff9000 	C:\WINDOWS\SYSTEM32\WSOCK32.dll
0x00007fffce240000 - 0x00007fffce267000 	C:\WINDOWS\SYSTEM32\VCOMP140.DLL
0x00007fff99de0000 - 0x00007fff9ac71000 	C:\Xilinx\Vivado\2019.2\lib\win64.o\gurobi65.dll
0x00007fffe56e0000 - 0x00007fffe56fb000 	C:\Xilinx\Vivado\2019.2\lib\win64.o\libboost_iostreams.dll
0x00007fffce210000 - 0x00007fffce235000 	C:\Xilinx\Vivado\2019.2\lib\win64.o\libisl_iosutils.dll
0x00007fffd1290000 - 0x00007fffd1339000 	C:\WINDOWS\WinSxS\amd64_microsoft.windows.common-controls_6595b64144ccf1df_5.82.18362.836_none_2a2600ea466b531c\COMCTL32.dll
0x00007fffecb10000 - 0x00007fffecb2c000 	C:\WINDOWS\SYSTEM32\dhcpcsvc.DLL
0x00007fffe6c20000 - 0x00007fffe6ec6000 	C:\WINDOWS\SYSTEM32\iertutil.dll
0x00007ffff5240000 - 0x00007ffff5248000 	C:\WINDOWS\System32\NSI.dll
0x00007ffff2a00000 - 0x00007ffff2a0c000 	C:\WINDOWS\SYSTEM32\CRYPTBASE.DLL
0x00007ffff2650000 - 0x00007ffff265c000 	C:\WINDOWS\SYSTEM32\NETUTILS.DLL
0x00007ffff5200000 - 0x00007ffff522e000 	C:\WINDOWS\System32\IMM32.DLL
0x00007fffb7780000 - 0x00007fffb7c97000 	C:\Xilinx\Vivado\2019.2\lib\win64.o\librdi_commontasks.dll
0x00007fffe7d60000 - 0x00007fffe7d6a000 	C:\WINDOWS\SYSTEM32\VERSION.dll
0x00007fffb4b60000 - 0x00007fffb4e43000 	C:\Xilinx\Vivado\2019.2\lib\win64.o\librdi_sio.dll
0x0000000059ef0000 - 0x000000005a915000 	C:\Xilinx\Vivado\2019.2\tps\win64\jre9.0.4\bin\server\jvm.dll
0x00007ffff5410000 - 0x00007ffff5418000 	C:\WINDOWS\System32\PSAPI.DLL
0x00007ffff2540000 - 0x00007ffff257a000 	C:\WINDOWS\SYSTEM32\IPHLPAPI.DLL
0x00007fffef6b0000 - 0x00007fffef6d4000 	C:\WINDOWS\SYSTEM32\WINMM.dll
0x00007fffe31e0000 - 0x00007fffe32cf000 	C:\WINDOWS\SYSTEM32\MSVCR120.dll
0x00007fffef680000 - 0x00007fffef6ad000 	C:\WINDOWS\SYSTEM32\WINMMBASE.dll
0x00007ffff2830000 - 0x00007ffff2897000 	C:\WINDOWS\SYSTEM32\MSWSOCK.DLL
0x00007fff97690000 - 0x00007fff99dd5000 	C:\Xilinx\Vivado\2019.2\lib\win64.o\librdi_tcltasks.dll
0x00007fff9d0f0000 - 0x00007fff9d5a4000 	C:\Xilinx\Vivado\2019.2\lib\win64.o\librdi_bitstream.dll
0x00007fffbac70000 - 0x00007fffbae0d000 	C:\Xilinx\Vivado\2019.2\lib\win64.o\librdi_board.dll
0x00007fffce190000 - 0x00007fffce20b000 	C:\Xilinx\Vivado\2019.2\lib\win64.o\librdi_boarddep.dll
0x00007fffb4a00000 - 0x00007fffb4b52000 	C:\Xilinx\Vivado\2019.2\lib\win64.o\librdi_cd_client.dll
0x00007fffb4730000 - 0x00007fffb48f0000 	C:\Xilinx\Vivado\2019.2\lib\win64.o\librdi_chipscopeimpl.dll
0x00007fffce0a0000 - 0x00007fffce18f000 	C:\Xilinx\Vivado\2019.2\lib\win64.o\librdi_chipscope.dll
0x00007fff9c840000 - 0x00007fff9cb64000 	C:\Xilinx\Vivado\2019.2\lib\win64.o\librdi_containers.dll
0x00007fff95bb0000 - 0x00007fff9768a000 	C:\Xilinx\Vivado\2019.2\lib\win64.o\librdi_constraints.dll
0x00007fff8f210000 - 0x00007fff8f8e9000 	C:\Xilinx\Vivado\2019.2\lib\win64.o\librdi_coregenipxact.dll
0x00007fff8f8f0000 - 0x00007fff93bbb000 	C:\Xilinx\Vivado\2019.2\lib\win64.o\librdi_designutils.dll
0x00007fff7a310000 - 0x00007fff7a65a000 	C:\Xilinx\Vivado\2019.2\lib\win64.o\librdi_dlyest.dll
0x00007fffb95d0000 - 0x00007fffb9694000 	C:\Xilinx\Vivado\2019.2\lib\win64.o\librdi_dsp.dll
0x00007fff79d40000 - 0x00007fff7a30d000 	C:\Xilinx\Vivado\2019.2\lib\win64.o\librdi_drc.dll
0x00007fff93bc0000 - 0x00007fff95bb0000 	C:\Xilinx\Vivado\2019.2\lib\win64.o\librdi_coregen.dll
0x00007fff9d9b0000 - 0x00007fff9dcc0000 	C:\Xilinx\Vivado\2019.2\lib\win64.o\librdi_guitools.dll
0x00007fff796d0000 - 0x00007fff79d3b000 	C:\Xilinx\Vivado\2019.2\lib\win64.o\librdi_filemgmt.dll
0x00007fffbf900000 - 0x00007fffbf96a000 	C:\Xilinx\Vivado\2019.2\lib\win64.o\librdi_hdf.dll
0x00007fffae5b0000 - 0x00007fffae6f8000 	C:\Xilinx\Vivado\2019.2\lib\win64.o\librdi_hip_perf_analysis.dll
0x00007fffa91c0000 - 0x00007fffa93e0000 	C:\Xilinx\Vivado\2019.2\lib\win64.o\librdi_hip_devdesign.dll
0x00007fffbb800000 - 0x00007fffbb874000 	C:\Xilinx\Vivado\2019.2\lib\win64.o\librdi_memoryarray.dll
0x00007fff77920000 - 0x00007fff77f51000 	C:\Xilinx\Vivado\2019.2\lib\win64.o\librdi_memdata.dll
0x00007fff7a660000 - 0x00007fff8f20b000 	C:\Xilinx\Vivado\2019.2\lib\win64.o\librdi_device.dll
0x00007fff77f60000 - 0x00007fff796cd000 	C:\Xilinx\Vivado\2019.2\lib\win64.o\librdi_implflow.dll
0x00007fffcdcd0000 - 0x00007fffcdd1c000 	C:\Xilinx\Vivado\2019.2\lib\win64.o\librdi_pfi.dll
0x00007fff74460000 - 0x00007fff74b43000 	C:\Xilinx\Vivado\2019.2\lib\win64.o\librdi_netlist.dll
0x00007fff71870000 - 0x00007fff71b8b000 	C:\Xilinx\Vivado\2019.2\lib\win64.o\librdi_platform.dll
0x00007fff71060000 - 0x00007fff7186b000 	C:\Xilinx\Vivado\2019.2\lib\win64.o\librdi_power.dll
0x00007fff70aa0000 - 0x00007fff7105a000 	C:\Xilinx\Vivado\2019.2\lib\win64.o\librdi_project.dll
0x00007fff70360000 - 0x00007fff70a93000 	C:\Xilinx\Vivado\2019.2\lib\win64.o\librdi_psta.dll
0x00007fff71b90000 - 0x00007fff74457000 	C:\Xilinx\Vivado\2019.2\lib\win64.o\librdi_place.dll
0x00007fff6f860000 - 0x00007fff6fc83000 	C:\Xilinx\Vivado\2019.2\lib\win64.o\librdi_runs.dll
0x00007fffb7670000 - 0x00007fffb7778000 	C:\Xilinx\Vivado\2019.2\lib\win64.o\librdi_runsbase.dll
0x00007fff6fc90000 - 0x00007fff70351000 	C:\Xilinx\Vivado\2019.2\lib\win64.o\librdi_rsb.dll
0x00007fff6e750000 - 0x00007fff6e9c5000 	C:\Xilinx\Vivado\2019.2\lib\win64.o\librdi_simdata.dll
0x00007fff6e9d0000 - 0x00007fff6f85d000 	C:\Xilinx\Vivado\2019.2\lib\win64.o\librdi_timing.dll
0x00007fffa9ef0000 - 0x00007fffaa090000 	C:\Xilinx\Vivado\2019.2\lib\win64.o\librdi_cd_protocol.dll
0x00007fff74b50000 - 0x00007fff7791b000 	C:\Xilinx\Vivado\2019.2\lib\win64.o\librdi_mig.dll
0x00007fff6e5a0000 - 0x00007fff6e741000 	C:\Xilinx\Vivado\2019.2\lib\win64.o\librdi_advchipscopeimpl.dll
0x00007fffc3b40000 - 0x00007fffc3b8c000 	C:\Xilinx\Vivado\2019.2\lib\win64.o\libboost_serialization.dll
0x00007fffb68c0000 - 0x00007fffb6997000 	C:\Xilinx\Vivado\2019.2\lib\win64.o\librdi_ipconfig_readwrite.dll

VM Arguments:
jvm_args: -Dsun.java2d.pmoffscreen=false -Dsun.java2d.xrender=false -Dsun.java2d.d3d=false -Dsun.awt.nopixfmt=true -Dsun.java2d.dpiaware=true -Dsun.java2d.uiScale.enabled=false -Xverify:none -Dswing.aatext=true -XX:-UsePerfData -Djdk.map.althashing.threshold=512 -XX:StringTableSize=4072 --add-opens=java.base/java.nio=ALL-UNNAMED --add-opens=java.desktop/sun.swing=ALL-UNNAMED --add-opens=java.desktop/javax.swing=ALL-UNNAMED --add-opens=java.desktop/javax.swing.tree=ALL-UNNAMED --add-opens=java.desktop/javax.swing.plaf.basic=ALL-UNNAMED --add-opens=java.desktop/javax.swing.plaf.synth=ALL-UNNAMED --add-opens=java.desktop/com.sun.awt=ALL-UNNAMED -XX:NewSize=60m -XX:MaxNewSize=60m -Xms128m -Xmx3072m -Xss5m 
java_command: <unknown>
java_class_path (initial): C:/Xilinx/Vivado/2019.2\lib\classes\alloy.jar;C:/Xilinx/Vivado/2019.2\lib\classes\autoesl-common.jar;C:/Xilinx/Vivado/2019.2\lib\classes\autoesl-models.jar;C:/Xilinx/Vivado/2019.2\lib\classes\autoesl-report.jar;C:/Xilinx/Vivado/2019.2\lib\classes\autopilot.scelaborator.jar;C:/Xilinx/Vivado/2019.2\lib\classes\autopilot.sourceprocessor.jar;C:/Xilinx/Vivado/2019.2\lib\classes\autopilot.tbprocessor.jar;C:/Xilinx/Vivado/2019.2\lib\classes\batik-anim.jar;C:/Xilinx/Vivado/2019.2\lib\classes\batik-awt-util.jar;C:/Xilinx/Vivado/2019.2\lib\classes\batik-bridge.jar;C:/Xilinx/Vivado/2019.2\lib\classes\batik-codec.jar;C:/Xilinx/Vivado/2019.2\lib\classes\batik-css.jar;C:/Xilinx/Vivado/2019.2\lib\classes\batik-dom.jar;C:/Xilinx/Vivado/2019.2\lib\classes\batik-ext.jar;C:/Xilinx/Vivado/2019.2\lib\classes\batik-gui-util.jar;C:/Xilinx/Vivado/2019.2\lib\classes\batik-gvt.jar;C:/Xilinx/Vivado/2019.2\lib\classes\batik-parser.jar;C:/Xilinx/Vivado/2019.2\lib\classes\batik-script.jar;C:/Xilinx/Vivado/2019.2\lib\classes\batik-svg-dom.jar;C:/Xilinx/Vivado/2019.2\lib\classes\batik-swing.jar;C:/Xilinx/Vivado/2019.2\lib\classes\batik-transcoder.jar;C:/Xilinx/Vivado/2019.2\lib\classes\batik-util.jar;C:/Xilinx/Vivado/2019.2\lib\classes\batik-xml.jar;C:/Xilinx/Vivado/2019.2\lib\classes\com.google.gson_2.7.0.v20170129-0911.jar;C:/Xilinx/Vivado/2019.2\lib\classes\com.google.guava_21.0.0.v20170206-1425.jar;C:/Xilinx/Vivado/2019.2\lib\classes\com.ibm.icu_4.4.2.v20110208.jar;C:/Xilinx/Vivado/2019.2\lib\classes\com.sigasi.hdt.connection_4.5.0.201909241521.jar;C:/Xilinx/Vivado/2019.2\lib\classes\com.sigasi.hdt.epl_4.5.0.201909241521.jar;C:/Xilinx/Vivado/2019.2\lib\classes\com.sigasi.hdt.project_4.5.0.201909241521.jar;C:/Xilinx/Vivado/2019.2\lib\classes\com.sigasi.hdt.readonlyfilesystem_4.5.0.201909241521.jar;C:/Xilinx/Vivado/2019.2\lib\classes\com.sigasi.lcm_4.5.0.201909241521.jar;C:/Xilinx/Vivado/2019.2\lib\classes\com.sigasi.sdk.client_4.5.0.201909241521.jar;C:/Xilinx/Vivado
Launcher Type: generic

Logging:
Log output configuration:
#0: stdout all=warning uptime,level,tags
#1: stderr all=off uptime,level,tags

Environment Variables:
PATH=C:/Xilinx/Vivado/2019.2\gnuwin\bin;C:/Xilinx/Vivado/2019.2\gnu\microblaze\nt\bin;C:/Xilinx/Vivado/2019.2/bin;C:/Xilinx/Vivado/2019.2/lib/win64.o;C:/Xilinx/Vivado/2019.2/tps/win64/jre9.0.4/bin/server;C:/Xilinx/Vivado/2019.2/tps/win64/jre9.0.4/bin;C:/Xilinx/Vitis/2019.2/bin;C:/Xilinx/Vivado/2019.2/ids_lite/ISE/bin/nt64;C:/Xilinx/Vivado/2019.2/ids_lite/ISE/lib/nt64;C:\Program Files (x86)\CSR\BlueSuite 2.5.0\DFU Tools;C:\Program Files (x86)\Common Files\Oracle\Java\javapath;C:\WINDOWS\system32;C:\WINDOWS;C:\WINDOWS\System32\Wbem;C:\WINDOWS\System32\WindowsPowerShell\v1.0\;C:\WINDOWS\System32\OpenSSH\;C:\Program Files\Microsoft SQL Server\Client SDK\ODBC\130\Tools\Binn\;C:\Program Files (x86)\Microsoft SQL Server\140\Tools\Binn\;C:\Program Files\Microsoft SQL Server\140\Tools\Binn\;C:\Program Files\Microsoft SQL Server\140\DTS\Binn\;C:\Program Files (x86)\NoteBook FanControl\;C:\Program Files\Git\cmd;C:\Program Files (x86)\Windows Kits\10\Windows Performance Toolkit\;C:\Program Files\PuTTY\;C:\Users\jcoel\AppData\Local\Programs\Python\Python37\Scripts\;C:\Users\jcoel\AppData\Local\Programs\Python\Python37\;C:\Users\jcoel\AppData\Local\Microsoft\WindowsApps;C:\Users\jcoel\AppData\Local\Programs\MiKTeX 2.9\miktex\bin\x64\;C:\Users\jcoel\AppData\Local\GitHubDesktop\bin;C:\Users\jcoel\AppData\Local\Programs\Microsoft VS Code\bin;;C:/Xilinx/Vivado/2019.2\tps\mingw\6.2.0\win64.o\nt\bin;C:/Xilinx/Vivado/2019.2\tps\mingw\6.2.0\win64.o\nt\libexec\gcc\x86_64-w64-mingw32\6.2.0;C:/Xilinx/Vivado/2019.2\tps\win64\python-2.7.5;C:/Xilinx/Vivado/2019.2\tps\win64\python-2.7.5\bin;C:/Xilinx/Vivado/2019.2\tps\win64\python-2.7.5\lib;C:/Xilinx/Vivado/2019.2\tps\win64\python-2.7.5\Lib\lib-tk;C:/Xilinx/Vivado/2019.2\tps\win64\python-2.7.5\lib\site-packages
USERNAME=jcoel
OS=Windows_NT
PROCESSOR_IDENTIFIER=Intel64 Family 6 Model 60 Stepping 3, GenuineIntel



---------------  S Y S T E M  ---------------

OS: Windows 10 , 64 bit Build 18362 (10.0.18362.778)

CPU:total 8 (initial active 8) (4 cores per cpu, 2 threads per core) family 6 model 60 stepping 3, cmov, cx8, fxsr, mmx, sse, sse2, sse3, ssse3, sse4.1, sse4.2, popcnt, avx, avx2, aes, clmul, erms, lzcnt, ht, tsc, tscinvbit, bmi1, bmi2, fma

Memory: 4k page, physical 8298384k(3232172k free), swap 15900560k(8482800k free)

vm_info: Java HotSpot(TM) 64-Bit Server VM (9.0.4+11) for windows-amd64 JRE (9.0.4+11), built on Dec 20 2017 02:18:54 by "mach5one" with MS VC++ 12.0 (VS2013)

END.
