Copyright 1986-2019 Xilinx, Inc. All Rights Reserved.
------------------------------------------------------------------------------------
| Tool Version : Vivado v.2019.2 (win64) Build 2708876 Wed Nov  6 21:40:23 MST 2019
| Date         : Mon May 25 16:40:52 2020
| Host         : DESKTOP-T839HQ8 running 64-bit major release  (build 9200)
| Command      : upgrade_ip
| Device       : xc7a100tcsg324-1
------------------------------------------------------------------------------------

Upgrade Log for IP 'mb_design_PopulationCount_0_0'

1. Summary
----------

SUCCESS in the upgrade of mb_design_PopulationCount_0_0 (xilinx.com:user:PopulationCount:1.0) from (Rev. 4) to (Rev. 5)






Copyright 1986-2019 Xilinx, Inc. All Rights Reserved.
------------------------------------------------------------------------------------
| Tool Version : Vivado v.2019.2 (win64) Build 2708876 Wed Nov  6 21:40:23 MST 2019
| Date         : Mon May 25 15:59:04 2020
| Host         : DESKTOP-T839HQ8 running 64-bit major release  (build 9200)
| Command      : upgrade_ip
| Device       : xc7a100tcsg324-1
------------------------------------------------------------------------------------

Upgrade Log for IP 'mb_design_PopulationCount_0_0'

1. Summary
----------

SUCCESS in the upgrade of mb_design_PopulationCount_0_0 (xilinx.com:user:PopulationCount:1.0) from (Rev. 3) to (Rev. 4)






Copyright 1986-2019 Xilinx, Inc. All Rights Reserved.
------------------------------------------------------------------------------------
| Tool Version : Vivado v.2019.2 (win64) Build 2708876 Wed Nov  6 21:40:23 MST 2019
| Date         : Sat May 16 14:43:01 2020
| Host         : DESKTOP-T839HQ8 running 64-bit major release  (build 9200)
| Command      : upgrade_ip
| Device       : xc7a100tcsg324-1
------------------------------------------------------------------------------------

Upgrade Log for IP 'mb_design_ReverseEndianessCop_0_0'

1. Summary
----------

CAUTION (success, with warnings) in the upgrade of mb_design_ReverseEndianessCop_0_0 (xilinx.com:user:ReverseEndianessCop:1.0) from (Rev. 1) to (Rev. 2)

After upgrade, an IP may have parameter and port differences compared to the original customization. Please review the parameters within the IP customization GUI to ensure proper functionality. Also, please review the updated IP instantiation template to ensure proper connectivity, and update your design if required.

2. Connection Warnings
----------------------

Detected external port differences while upgrading 'mb_design_ReverseEndianessCop_0_0'. These changes may impact your design.


-Upgraded port order differs after port 's00_axis_aclk'


