#-----------------------------------------------------------
# Vivado v2019.2 (64-bit)
# SW Build 2708876 on Wed Nov  6 21:40:23 MST 2019
# IP Build 2700528 on Thu Nov  7 00:09:20 MST 2019
# Start of session at: Tue May 19 16:14:16 2020
# Process ID: 13040
# Current directory: C:/Users/jcoel/Desktop/CR/pratico7/StreamCopDemo
# Command line: vivado.exe -gui_launcher_event rodinguilauncherevent9412 C:\Users\jcoel\Desktop\CR\pratico7\StreamCopDemo\StreamCopDemo.xpr
# Log file: C:/Users/jcoel/Desktop/CR/pratico7/StreamCopDemo/vivado.log
# Journal file: C:/Users/jcoel/Desktop/CR/pratico7/StreamCopDemo\vivado.jou
#-----------------------------------------------------------
start_gui
open_project C:/Users/jcoel/Desktop/CR/pratico7/StreamCopDemo/StreamCopDemo.xpr
Scanning sources...
Finished scanning sources
INFO: [IP_Flow 19-234] Refreshing IP repositories
INFO: [IP_Flow 19-1700] Loaded user IP repository 'c:/Users/jcoel/Desktop/CR/pratico7/ip_repo/ReverseEndianessCop_1.0'.
INFO: [IP_Flow 19-2313] Loaded Vivado IP repository 'C:/Xilinx/Vivado/2019.2/data/ip'.
open_project: Time (s): cpu = 00:00:26 ; elapsed = 00:00:10 . Memory (MB): peak = 804.023 ; gain = 132.383
update_compile_order -fileset sources_1
open_bd_design {C:/Users/jcoel/Desktop/CR/pratico7/StreamCopDemo/StreamCopDemo.srcs/sources_1/bd/mb_design/mb_design.bd}
Adding component instance block -- xilinx.com:ip:microblaze:11.0 - microblaze_0
Adding component instance block -- xilinx.com:ip:lmb_v10:3.0 - dlmb_v10
Adding component instance block -- xilinx.com:ip:lmb_v10:3.0 - ilmb_v10
Adding component instance block -- xilinx.com:ip:lmb_bram_if_cntlr:4.0 - dlmb_bram_if_cntlr
Adding component instance block -- xilinx.com:ip:lmb_bram_if_cntlr:4.0 - ilmb_bram_if_cntlr
Adding component instance block -- xilinx.com:ip:blk_mem_gen:8.4 - lmb_bram
Adding component instance block -- xilinx.com:ip:axi_interconnect:2.1 - microblaze_0_axi_periph
Adding component instance block -- xilinx.com:ip:axi_crossbar:2.1 - xbar
Adding component instance block -- xilinx.com:ip:axi_intc:4.1 - microblaze_0_axi_intc
Adding component instance block -- xilinx.com:ip:xlconcat:2.1 - microblaze_0_xlconcat
Adding component instance block -- xilinx.com:ip:mdm:3.2 - mdm_1
Adding component instance block -- xilinx.com:ip:clk_wiz:6.0 - clk_wiz_1
Adding component instance block -- xilinx.com:ip:proc_sys_reset:5.0 - rst_clk_wiz_1_100M
Adding component instance block -- xilinx.com:ip:axi_gpio:2.0 - axi_gpio_buttons
Adding component instance block -- xilinx.com:ip:axi_gpio:2.0 - axi_gpio_switches
Adding component instance block -- xilinx.com:ip:axi_gpio:2.0 - axi_gpio_leds
Adding component instance block -- xilinx.com:ip:axi_gpio:2.0 - axi_gpio_display
Adding component instance block -- xilinx.com:ip:axi_uartlite:2.0 - axi_uartlite_0
Adding component instance block -- xilinx.com:ip:axi_timer:2.0 - axi_timer_0
Adding component instance block -- xilinx.com:ip:fit_timer:2.0 - fit_timer_0
Adding component instance block -- xilinx.com:user:ReverseEndianessCop:1.0 - ReverseEndianessCop_0
Successfully read diagram <mb_design> from BD file <C:/Users/jcoel/Desktop/CR/pratico7/StreamCopDemo/StreamCopDemo.srcs/sources_1/bd/mb_design/mb_design.bd>
open_bd_design: Time (s): cpu = 00:00:15 ; elapsed = 00:00:11 . Memory (MB): peak = 938.020 ; gain = 0.000
create_peripheral xilinx.com user PopulationCount 1.0 -dir C:/Users/jcoel/Desktop/CR/pratico7/StreamCopDemo/../ip_repo
add_peripheral_interface S00_AXIS -interface_mode slave -axi_type stream [ipx::find_open_core xilinx.com:user:PopulationCount:1.0]
add_peripheral_interface M00_AXIS -interface_mode master -axi_type stream [ipx::find_open_core xilinx.com:user:PopulationCount:1.0]
generate_peripheral [ipx::find_open_core xilinx.com:user:PopulationCount:1.0]
write_peripheral [ipx::find_open_core xilinx.com:user:PopulationCount:1.0]
set_property  ip_repo_paths  {C:/Users/jcoel/Desktop/CR/pratico7/StreamCopDemo/../ip_repo/PopulationCount_1.0 C:/Users/jcoel/Desktop/CR/pratico7/ip_repo/ReverseEndianessCop_1.0} [current_project]
update_ip_catalog -rebuild
INFO: [IP_Flow 19-234] Refreshing IP repositories
INFO: [IP_Flow 19-1700] Loaded user IP repository 'c:/Users/jcoel/Desktop/CR/pratico7/ip_repo/PopulationCount_1.0'.
INFO: [IP_Flow 19-1700] Loaded user IP repository 'c:/Users/jcoel/Desktop/CR/pratico7/ip_repo/ReverseEndianessCop_1.0'.
startgroup
create_bd_cell -type ip -vlnv xilinx.com:user:PopulationCount:1.0 PopulationCount_0
endgroup
startgroup
set_property -dict [list CONFIG.C_FSL_LINKS {2}] [get_bd_cells microblaze_0]
endgroup
regenerate_bd_layout
connect_bd_intf_net [get_bd_intf_pins PopulationCount_0/M00_AXIS] [get_bd_intf_pins microblaze_0/S1_AXIS]
apply_bd_automation -rule xilinx.com:bd_rule:clkrst -config { Clk {/clk_wiz_1/clk_out1 (100 MHz)} Freq {100} Ref_Clk0 {} Ref_Clk1 {} Ref_Clk2 {}}  [get_bd_pins PopulationCount_0/m00_axis_aclk]
regenerate_bd_layout
connect_bd_intf_net [get_bd_intf_pins PopulationCount_0/S00_AXIS] [get_bd_intf_pins microblaze_0/M1_AXIS]
apply_bd_automation -rule xilinx.com:bd_rule:clkrst -config { Clk {/clk_wiz_1/clk_out1 (100 MHz)} Freq {100} Ref_Clk0 {} Ref_Clk1 {} Ref_Clk2 {}}  [get_bd_pins PopulationCount_0/s00_axis_aclk]
ipx::edit_ip_in_project -upgrade true -name PopulationCount_v1_0_project -directory C:/Users/jcoel/Desktop/CR/pratico7/StreamCopDemo/StreamCopDemo.tmp/PopulationCount_v1_0_project c:/Users/jcoel/Desktop/CR/pratico7/ip_repo/PopulationCount_1.0/component.xml
INFO: [ProjectBase 1-489] The host OS only allows 260 characters in a normal path. The project is stored in a path with more than 80 characters. If you experience issues with IP, Block Designs, or files not being found, please consider moving the project to a location with a shorter path. Alternately consider using the OS subst command to map part of the path to a drive letter.
Current project path is 'c:/users/jcoel/desktop/cr/pratico7/streamcopdemo/streamcopdemo.tmp/populationcount_v1_0_project'
INFO: [IP_Flow 19-234] Refreshing IP repositories
INFO: [IP_Flow 19-1704] No user IP repositories specified
INFO: [IP_Flow 19-2313] Loaded Vivado IP repository 'C:/Xilinx/Vivado/2019.2/data/ip'.
create_project: Time (s): cpu = 00:00:09 ; elapsed = 00:00:06 . Memory (MB): peak = 1056.191 ; gain = 0.000
INFO: [IP_Flow 19-234] Refreshing IP repositories
INFO: [IP_Flow 19-1700] Loaded user IP repository 'c:/Users/jcoel/Desktop/CR/pratico7/ip_repo/PopulationCount_1.0'.
INFO: [IP_Flow 19-1700] Loaded user IP repository 'c:/Users/jcoel/Desktop/CR/pratico7/ip_repo/ReverseEndianessCop_1.0'.
INFO: [IP_Flow 19-795] Syncing license key meta-data
ipx::edit_ip_in_project: Time (s): cpu = 00:00:12 ; elapsed = 00:00:08 . Memory (MB): peak = 1056.191 ; gain = 0.000
update_compile_order -fileset sources_1
current_project StreamCopDemo
current_project PopulationCount_v1_0_project
